[2024-11-29T18:09:07.052+0000] {local_task_job_runner.py:123} INFO - ::group::Pre task execution logs
[2024-11-29T18:09:07.141+0000] {taskinstance.py:2613} INFO - Dependencies all met for dep_context=non-requeueable deps ti=<TaskInstance: demo.print_the_hi scheduled__2023-11-03T00:00:00+00:00 [queued]>
[2024-11-29T18:09:07.161+0000] {taskinstance.py:2613} INFO - Dependencies all met for dep_context=requeueable deps ti=<TaskInstance: demo.print_the_hi scheduled__2023-11-03T00:00:00+00:00 [queued]>
[2024-11-29T18:09:07.164+0000] {taskinstance.py:2866} INFO - Starting attempt 1 of 1
[2024-11-29T18:09:07.206+0000] {taskinstance.py:2889} INFO - Executing <Task(PythonOperator): print_the_hi> on 2023-11-03 00:00:00+00:00
[2024-11-29T18:09:07.216+0000] {warnings.py:112} WARNING - /home/***/.local/lib/python3.12/site-packages/***/task/task_runner/standard_task_runner.py:70: DeprecationWarning: This process (pid=2880) is multi-threaded, use of fork() may lead to deadlocks in the child.
  pid = os.fork()

[2024-11-29T18:09:07.226+0000] {standard_task_runner.py:72} INFO - Started process 2892 to run task
[2024-11-29T18:09:07.224+0000] {standard_task_runner.py:104} INFO - Running: ['***', 'tasks', 'run', 'demo', 'print_the_hi', 'scheduled__2023-11-03T00:00:00+00:00', '--job-id', '1019', '--raw', '--subdir', 'DAGS_FOLDER/zAGI/hello.py', '--cfg-path', '/tmp/tmpkczdzn2p']
[2024-11-29T18:09:07.230+0000] {standard_task_runner.py:105} INFO - Job 1019: Subtask print_the_hi
[2024-11-29T18:09:07.325+0000] {task_command.py:467} INFO - Running <TaskInstance: demo.print_the_hi scheduled__2023-11-03T00:00:00+00:00 [running]> on host 080dcf124ece
[2024-11-29T18:09:07.448+0000] {taskinstance.py:3132} INFO - Exporting env vars: AIRFLOW_CTX_DAG_OWNER='***' AIRFLOW_CTX_DAG_ID='demo' AIRFLOW_CTX_TASK_ID='print_the_hi' AIRFLOW_CTX_EXECUTION_DATE='2023-11-03T00:00:00+00:00' AIRFLOW_CTX_TRY_NUMBER='1' AIRFLOW_CTX_DAG_RUN_ID='scheduled__2023-11-03T00:00:00+00:00'
[2024-11-29T18:09:07.450+0000] {taskinstance.py:731} INFO - ::endgroup::
[2024-11-29T18:09:07.454+0000] {logging_mixin.py:190} INFO - hello world
[2024-11-29T18:09:07.458+0000] {python.py:240} INFO - Done. Returned value was: None
[2024-11-29T18:09:07.471+0000] {taskinstance.py:340} INFO - ::group::Post task execution logs
[2024-11-29T18:09:07.472+0000] {taskinstance.py:352} INFO - Marking task as SUCCESS. dag_id=demo, task_id=print_the_hi, run_id=scheduled__2023-11-03T00:00:00+00:00, execution_date=20231103T000000, start_date=20241129T180907, end_date=20241129T180907
[2024-11-29T18:09:07.499+0000] {local_task_job_runner.py:266} INFO - Task exited with return code 0
[2024-11-29T18:09:07.527+0000] {taskinstance.py:3895} INFO - 0 downstream tasks scheduled from follow-on schedule check
[2024-11-29T18:09:07.529+0000] {local_task_job_runner.py:245} INFO - ::endgroup::
