[2024-11-29T18:05:24.551+0000] {local_task_job_runner.py:123} INFO - ::group::Pre task execution logs
[2024-11-29T18:05:24.677+0000] {taskinstance.py:2613} INFO - Dependencies all met for dep_context=non-requeueable deps ti=<TaskInstance: demo.print_the_hi scheduled__2022-10-21T00:00:00+00:00 [queued]>
[2024-11-29T18:05:24.686+0000] {taskinstance.py:2613} INFO - Dependencies all met for dep_context=requeueable deps ti=<TaskInstance: demo.print_the_hi scheduled__2022-10-21T00:00:00+00:00 [queued]>
[2024-11-29T18:05:24.687+0000] {taskinstance.py:2866} INFO - Starting attempt 1 of 1
[2024-11-29T18:05:24.871+0000] {taskinstance.py:2889} INFO - Executing <Task(PythonOperator): print_the_hi> on 2022-10-21 00:00:00+00:00
[2024-11-29T18:05:25.114+0000] {warnings.py:112} WARNING - /home/***/.local/lib/python3.12/site-packages/***/task/task_runner/standard_task_runner.py:70: DeprecationWarning: This process (pid=1705) is multi-threaded, use of fork() may lead to deadlocks in the child.
  pid = os.fork()

[2024-11-29T18:05:25.131+0000] {standard_task_runner.py:72} INFO - Started process 1720 to run task
[2024-11-29T18:05:25.171+0000] {standard_task_runner.py:104} INFO - Running: ['***', 'tasks', 'run', 'demo', 'print_the_hi', 'scheduled__2022-10-21T00:00:00+00:00', '--job-id', '640', '--raw', '--subdir', 'DAGS_FOLDER/zAGI/hello.py', '--cfg-path', '/tmp/tmp3b6a0v0q']
[2024-11-29T18:05:25.181+0000] {standard_task_runner.py:105} INFO - Job 640: Subtask print_the_hi
[2024-11-29T18:05:25.541+0000] {task_command.py:467} INFO - Running <TaskInstance: demo.print_the_hi scheduled__2022-10-21T00:00:00+00:00 [running]> on host 080dcf124ece
[2024-11-29T18:05:26.074+0000] {taskinstance.py:3132} INFO - Exporting env vars: AIRFLOW_CTX_DAG_OWNER='***' AIRFLOW_CTX_DAG_ID='demo' AIRFLOW_CTX_TASK_ID='print_the_hi' AIRFLOW_CTX_EXECUTION_DATE='2022-10-21T00:00:00+00:00' AIRFLOW_CTX_TRY_NUMBER='1' AIRFLOW_CTX_DAG_RUN_ID='scheduled__2022-10-21T00:00:00+00:00'
[2024-11-29T18:05:26.149+0000] {taskinstance.py:731} INFO - ::endgroup::
[2024-11-29T18:05:26.183+0000] {logging_mixin.py:190} INFO - hello world
[2024-11-29T18:05:26.194+0000] {python.py:240} INFO - Done. Returned value was: None
[2024-11-29T18:05:26.284+0000] {taskinstance.py:340} INFO - ::group::Post task execution logs
[2024-11-29T18:05:26.289+0000] {taskinstance.py:352} INFO - Marking task as SUCCESS. dag_id=demo, task_id=print_the_hi, run_id=scheduled__2022-10-21T00:00:00+00:00, execution_date=20221021T000000, start_date=20241129T180524, end_date=20241129T180526
[2024-11-29T18:05:26.356+0000] {local_task_job_runner.py:266} INFO - Task exited with return code 0
[2024-11-29T18:05:26.432+0000] {taskinstance.py:3895} INFO - 0 downstream tasks scheduled from follow-on schedule check
[2024-11-29T18:05:26.439+0000] {local_task_job_runner.py:245} INFO - ::endgroup::
