[2024-11-29T18:02:58.389+0000] {local_task_job_runner.py:123} INFO - ::group::Pre task execution logs
[2024-11-29T18:02:58.421+0000] {taskinstance.py:2613} INFO - Dependencies all met for dep_context=non-requeueable deps ti=<TaskInstance: demo.print_the_hi scheduled__2022-03-25T00:00:00+00:00 [queued]>
[2024-11-29T18:02:58.480+0000] {taskinstance.py:2613} INFO - Dependencies all met for dep_context=requeueable deps ti=<TaskInstance: demo.print_the_hi scheduled__2022-03-25T00:00:00+00:00 [queued]>
[2024-11-29T18:02:58.488+0000] {taskinstance.py:2866} INFO - Starting attempt 1 of 1
[2024-11-29T18:02:58.555+0000] {taskinstance.py:2889} INFO - Executing <Task(PythonOperator): print_the_hi> on 2022-03-25 00:00:00+00:00
[2024-11-29T18:02:58.571+0000] {warnings.py:112} WARNING - /home/***/.local/lib/python3.12/site-packages/***/task/task_runner/standard_task_runner.py:70: DeprecationWarning: This process (pid=1049) is multi-threaded, use of fork() may lead to deadlocks in the child.
  pid = os.fork()

[2024-11-29T18:02:58.576+0000] {standard_task_runner.py:72} INFO - Started process 1058 to run task
[2024-11-29T18:02:58.575+0000] {standard_task_runner.py:104} INFO - Running: ['***', 'tasks', 'run', 'demo', 'print_the_hi', 'scheduled__2022-03-25T00:00:00+00:00', '--job-id', '430', '--raw', '--subdir', 'DAGS_FOLDER/zAGI/hello.py', '--cfg-path', '/tmp/tmpiafbnfmo']
[2024-11-29T18:02:58.588+0000] {standard_task_runner.py:105} INFO - Job 430: Subtask print_the_hi
[2024-11-29T18:02:58.746+0000] {task_command.py:467} INFO - Running <TaskInstance: demo.print_the_hi scheduled__2022-03-25T00:00:00+00:00 [running]> on host 080dcf124ece
[2024-11-29T18:02:59.110+0000] {taskinstance.py:3132} INFO - Exporting env vars: AIRFLOW_CTX_DAG_OWNER='***' AIRFLOW_CTX_DAG_ID='demo' AIRFLOW_CTX_TASK_ID='print_the_hi' AIRFLOW_CTX_EXECUTION_DATE='2022-03-25T00:00:00+00:00' AIRFLOW_CTX_TRY_NUMBER='1' AIRFLOW_CTX_DAG_RUN_ID='scheduled__2022-03-25T00:00:00+00:00'
[2024-11-29T18:02:59.119+0000] {taskinstance.py:731} INFO - ::endgroup::
[2024-11-29T18:02:59.126+0000] {logging_mixin.py:190} INFO - hello world
[2024-11-29T18:02:59.156+0000] {python.py:240} INFO - Done. Returned value was: None
[2024-11-29T18:02:59.195+0000] {taskinstance.py:340} INFO - ::group::Post task execution logs
[2024-11-29T18:02:59.196+0000] {taskinstance.py:352} INFO - Marking task as SUCCESS. dag_id=demo, task_id=print_the_hi, run_id=scheduled__2022-03-25T00:00:00+00:00, execution_date=20220325T000000, start_date=20241129T180258, end_date=20241129T180259
[2024-11-29T18:02:59.229+0000] {local_task_job_runner.py:266} INFO - Task exited with return code 0
[2024-11-29T18:02:59.320+0000] {taskinstance.py:3895} INFO - 0 downstream tasks scheduled from follow-on schedule check
[2024-11-29T18:02:59.327+0000] {local_task_job_runner.py:245} INFO - ::endgroup::
