[2024-11-29T18:04:45.517+0000] {local_task_job_runner.py:123} INFO - ::group::Pre task execution logs
[2024-11-29T18:04:45.541+0000] {taskinstance.py:2613} INFO - Dependencies all met for dep_context=non-requeueable deps ti=<TaskInstance: demo.print_the_hi scheduled__2022-08-18T00:00:00+00:00 [queued]>
[2024-11-29T18:04:45.548+0000] {taskinstance.py:2613} INFO - Dependencies all met for dep_context=requeueable deps ti=<TaskInstance: demo.print_the_hi scheduled__2022-08-18T00:00:00+00:00 [queued]>
[2024-11-29T18:04:45.548+0000] {taskinstance.py:2866} INFO - Starting attempt 1 of 1
[2024-11-29T18:04:45.559+0000] {taskinstance.py:2889} INFO - Executing <Task(PythonOperator): print_the_hi> on 2022-08-18 00:00:00+00:00
[2024-11-29T18:04:45.566+0000] {warnings.py:112} WARNING - /home/***/.local/lib/python3.12/site-packages/***/task/task_runner/standard_task_runner.py:70: DeprecationWarning: This process (pid=1498) is multi-threaded, use of fork() may lead to deadlocks in the child.
  pid = os.fork()

[2024-11-29T18:04:45.569+0000] {standard_task_runner.py:72} INFO - Started process 1507 to run task
[2024-11-29T18:04:45.570+0000] {standard_task_runner.py:104} INFO - Running: ['***', 'tasks', 'run', 'demo', 'print_the_hi', 'scheduled__2022-08-18T00:00:00+00:00', '--job-id', '576', '--raw', '--subdir', 'DAGS_FOLDER/zAGI/hello.py', '--cfg-path', '/tmp/tmplrv0zdqf']
[2024-11-29T18:04:45.572+0000] {standard_task_runner.py:105} INFO - Job 576: Subtask print_the_hi
[2024-11-29T18:04:45.623+0000] {task_command.py:467} INFO - Running <TaskInstance: demo.print_the_hi scheduled__2022-08-18T00:00:00+00:00 [running]> on host 080dcf124ece
[2024-11-29T18:04:45.783+0000] {taskinstance.py:3132} INFO - Exporting env vars: AIRFLOW_CTX_DAG_OWNER='***' AIRFLOW_CTX_DAG_ID='demo' AIRFLOW_CTX_TASK_ID='print_the_hi' AIRFLOW_CTX_EXECUTION_DATE='2022-08-18T00:00:00+00:00' AIRFLOW_CTX_TRY_NUMBER='1' AIRFLOW_CTX_DAG_RUN_ID='scheduled__2022-08-18T00:00:00+00:00'
[2024-11-29T18:04:45.786+0000] {taskinstance.py:731} INFO - ::endgroup::
[2024-11-29T18:04:45.788+0000] {logging_mixin.py:190} INFO - hello world
[2024-11-29T18:04:45.790+0000] {python.py:240} INFO - Done. Returned value was: None
[2024-11-29T18:04:45.818+0000] {taskinstance.py:340} INFO - ::group::Post task execution logs
[2024-11-29T18:04:45.826+0000] {taskinstance.py:352} INFO - Marking task as SUCCESS. dag_id=demo, task_id=print_the_hi, run_id=scheduled__2022-08-18T00:00:00+00:00, execution_date=20220818T000000, start_date=20241129T180445, end_date=20241129T180445
[2024-11-29T18:04:45.886+0000] {local_task_job_runner.py:266} INFO - Task exited with return code 0
[2024-11-29T18:04:45.899+0000] {taskinstance.py:3895} INFO - 0 downstream tasks scheduled from follow-on schedule check
[2024-11-29T18:04:45.900+0000] {local_task_job_runner.py:245} INFO - ::endgroup::
