[2024-11-29T18:01:19.435+0000] {processor.py:186} INFO - Started process (PID=85) to work on /opt/airflow/dags/zAGI/hello.py
[2024-11-29T18:01:19.439+0000] {processor.py:914} INFO - Processing file /opt/airflow/dags/zAGI/hello.py for tasks to queue
[2024-11-29T18:01:19.445+0000] {logging_mixin.py:190} INFO - [2024-11-29T18:01:19.444+0000] {dagbag.py:588} INFO - Filling up the DagBag from /opt/airflow/dags/zAGI/hello.py
[2024-11-29T18:01:19.485+0000] {processor.py:925} INFO - DAG(s) 'demo' retrieved from /opt/airflow/dags/zAGI/hello.py
[2024-11-29T18:01:19.876+0000] {logging_mixin.py:190} INFO - [2024-11-29T18:01:19.874+0000] {override.py:1911} INFO - Created Permission View: can read on DAG:demo
[2024-11-29T18:01:19.909+0000] {logging_mixin.py:190} INFO - [2024-11-29T18:01:19.908+0000] {override.py:1911} INFO - Created Permission View: can delete on DAG:demo
[2024-11-29T18:01:20.220+0000] {logging_mixin.py:190} INFO - [2024-11-29T18:01:20.220+0000] {override.py:1911} INFO - Created Permission View: can edit on DAG:demo
[2024-11-29T18:01:20.243+0000] {logging_mixin.py:190} INFO - [2024-11-29T18:01:20.243+0000] {override.py:1911} INFO - Created Permission View: can create on DAG Run:demo
[2024-11-29T18:01:20.256+0000] {logging_mixin.py:190} INFO - [2024-11-29T18:01:20.256+0000] {override.py:1911} INFO - Created Permission View: menu access on DAG Run:demo
[2024-11-29T18:01:20.270+0000] {logging_mixin.py:190} INFO - [2024-11-29T18:01:20.270+0000] {override.py:1911} INFO - Created Permission View: can read on DAG Run:demo
[2024-11-29T18:01:20.289+0000] {logging_mixin.py:190} INFO - [2024-11-29T18:01:20.288+0000] {override.py:1911} INFO - Created Permission View: can delete on DAG Run:demo
[2024-11-29T18:01:20.290+0000] {logging_mixin.py:190} INFO - [2024-11-29T18:01:20.290+0000] {dag.py:3239} INFO - Sync 1 DAGs
[2024-11-29T18:01:20.312+0000] {logging_mixin.py:190} INFO - [2024-11-29T18:01:20.312+0000] {dag.py:3262} INFO - Creating ORM DAG for demo
[2024-11-29T18:01:20.334+0000] {logging_mixin.py:190} INFO - [2024-11-29T18:01:20.333+0000] {dag.py:4180} INFO - Setting next_dagrun for demo to 2022-01-01 00:00:00+00:00, run_after=2022-01-02 00:00:00+00:00
[2024-11-29T18:01:20.388+0000] {processor.py:208} INFO - Processing /opt/airflow/dags/zAGI/hello.py took 0.963 seconds
[2024-11-29T18:01:50.978+0000] {processor.py:186} INFO - Started process (PID=93) to work on /opt/airflow/dags/zAGI/hello.py
[2024-11-29T18:01:50.980+0000] {processor.py:914} INFO - Processing file /opt/airflow/dags/zAGI/hello.py for tasks to queue
[2024-11-29T18:01:50.987+0000] {logging_mixin.py:190} INFO - [2024-11-29T18:01:50.985+0000] {dagbag.py:588} INFO - Filling up the DagBag from /opt/airflow/dags/zAGI/hello.py
[2024-11-29T18:01:51.033+0000] {processor.py:925} INFO - DAG(s) 'demo' retrieved from /opt/airflow/dags/zAGI/hello.py
[2024-11-29T18:01:51.103+0000] {logging_mixin.py:190} INFO - [2024-11-29T18:01:51.103+0000] {dag.py:3239} INFO - Sync 1 DAGs
[2024-11-29T18:01:51.512+0000] {logging_mixin.py:190} INFO - [2024-11-29T18:01:51.512+0000] {dag.py:4180} INFO - Setting next_dagrun for demo to 2022-01-02 00:00:00+00:00, run_after=2022-01-03 00:00:00+00:00
[2024-11-29T18:01:51.541+0000] {processor.py:208} INFO - Processing /opt/airflow/dags/zAGI/hello.py took 0.584 seconds
[2024-11-29T18:02:21.978+0000] {processor.py:186} INFO - Started process (PID=102) to work on /opt/airflow/dags/zAGI/hello.py
[2024-11-29T18:02:21.979+0000] {processor.py:914} INFO - Processing file /opt/airflow/dags/zAGI/hello.py for tasks to queue
[2024-11-29T18:02:21.982+0000] {logging_mixin.py:190} INFO - [2024-11-29T18:02:21.982+0000] {dagbag.py:588} INFO - Filling up the DagBag from /opt/airflow/dags/zAGI/hello.py
[2024-11-29T18:02:22.009+0000] {processor.py:925} INFO - DAG(s) 'demo' retrieved from /opt/airflow/dags/zAGI/hello.py
[2024-11-29T18:02:22.066+0000] {logging_mixin.py:190} INFO - [2024-11-29T18:02:22.065+0000] {dag.py:3239} INFO - Sync 1 DAGs
[2024-11-29T18:02:22.096+0000] {logging_mixin.py:190} INFO - [2024-11-29T18:02:22.095+0000] {dag.py:4180} INFO - Setting next_dagrun for demo to 2022-02-07 00:00:00+00:00, run_after=2022-02-08 00:00:00+00:00
[2024-11-29T18:02:22.121+0000] {processor.py:208} INFO - Processing /opt/airflow/dags/zAGI/hello.py took 0.150 seconds
[2024-11-29T18:02:52.458+0000] {processor.py:186} INFO - Started process (PID=113) to work on /opt/airflow/dags/zAGI/hello.py
[2024-11-29T18:02:52.459+0000] {processor.py:914} INFO - Processing file /opt/airflow/dags/zAGI/hello.py for tasks to queue
[2024-11-29T18:02:52.472+0000] {logging_mixin.py:190} INFO - [2024-11-29T18:02:52.472+0000] {dagbag.py:588} INFO - Filling up the DagBag from /opt/airflow/dags/zAGI/hello.py
[2024-11-29T18:02:52.573+0000] {processor.py:925} INFO - DAG(s) 'demo' retrieved from /opt/airflow/dags/zAGI/hello.py
[2024-11-29T18:02:52.655+0000] {logging_mixin.py:190} INFO - [2024-11-29T18:02:52.654+0000] {dag.py:3239} INFO - Sync 1 DAGs
[2024-11-29T18:02:52.720+0000] {logging_mixin.py:190} INFO - [2024-11-29T18:02:52.720+0000] {dag.py:4180} INFO - Setting next_dagrun for demo to 2022-03-23 00:00:00+00:00, run_after=2022-03-24 00:00:00+00:00
[2024-11-29T18:02:52.826+0000] {processor.py:208} INFO - Processing /opt/airflow/dags/zAGI/hello.py took 0.419 seconds
[2024-11-29T18:03:23.243+0000] {processor.py:186} INFO - Started process (PID=120) to work on /opt/airflow/dags/zAGI/hello.py
[2024-11-29T18:03:23.246+0000] {processor.py:914} INFO - Processing file /opt/airflow/dags/zAGI/hello.py for tasks to queue
[2024-11-29T18:03:23.260+0000] {logging_mixin.py:190} INFO - [2024-11-29T18:03:23.255+0000] {dagbag.py:588} INFO - Filling up the DagBag from /opt/airflow/dags/zAGI/hello.py
[2024-11-29T18:03:23.326+0000] {processor.py:925} INFO - DAG(s) 'demo' retrieved from /opt/airflow/dags/zAGI/hello.py
[2024-11-29T18:03:23.392+0000] {logging_mixin.py:190} INFO - [2024-11-29T18:03:23.392+0000] {dag.py:3239} INFO - Sync 1 DAGs
[2024-11-29T18:03:23.427+0000] {logging_mixin.py:190} INFO - [2024-11-29T18:03:23.427+0000] {dag.py:4180} INFO - Setting next_dagrun for demo to 2022-04-30 00:00:00+00:00, run_after=2022-05-01 00:00:00+00:00
[2024-11-29T18:03:23.467+0000] {processor.py:208} INFO - Processing /opt/airflow/dags/zAGI/hello.py took 0.244 seconds
[2024-11-29T18:03:54.647+0000] {processor.py:186} INFO - Started process (PID=128) to work on /opt/airflow/dags/zAGI/hello.py
[2024-11-29T18:03:54.657+0000] {processor.py:914} INFO - Processing file /opt/airflow/dags/zAGI/hello.py for tasks to queue
[2024-11-29T18:03:54.685+0000] {logging_mixin.py:190} INFO - [2024-11-29T18:03:54.684+0000] {dagbag.py:588} INFO - Filling up the DagBag from /opt/airflow/dags/zAGI/hello.py
[2024-11-29T18:03:54.747+0000] {processor.py:925} INFO - DAG(s) 'demo' retrieved from /opt/airflow/dags/zAGI/hello.py
[2024-11-29T18:03:54.864+0000] {logging_mixin.py:190} INFO - [2024-11-29T18:03:54.858+0000] {dag.py:3239} INFO - Sync 1 DAGs
[2024-11-29T18:03:55.064+0000] {logging_mixin.py:190} INFO - [2024-11-29T18:03:55.063+0000] {dag.py:4180} INFO - Setting next_dagrun for demo to 2022-06-09 00:00:00+00:00, run_after=2022-06-10 00:00:00+00:00
[2024-11-29T18:03:55.185+0000] {processor.py:208} INFO - Processing /opt/airflow/dags/zAGI/hello.py took 0.590 seconds
[2024-11-29T18:04:26.104+0000] {processor.py:186} INFO - Started process (PID=136) to work on /opt/airflow/dags/zAGI/hello.py
[2024-11-29T18:04:26.111+0000] {processor.py:914} INFO - Processing file /opt/airflow/dags/zAGI/hello.py for tasks to queue
[2024-11-29T18:04:26.165+0000] {logging_mixin.py:190} INFO - [2024-11-29T18:04:26.165+0000] {dagbag.py:588} INFO - Filling up the DagBag from /opt/airflow/dags/zAGI/hello.py
[2024-11-29T18:04:26.261+0000] {processor.py:925} INFO - DAG(s) 'demo' retrieved from /opt/airflow/dags/zAGI/hello.py
[2024-11-29T18:04:26.344+0000] {logging_mixin.py:190} INFO - [2024-11-29T18:04:26.344+0000] {dag.py:3239} INFO - Sync 1 DAGs
[2024-11-29T18:04:26.390+0000] {logging_mixin.py:190} INFO - [2024-11-29T18:04:26.390+0000] {dag.py:4180} INFO - Setting next_dagrun for demo to 2022-07-19 00:00:00+00:00, run_after=2022-07-20 00:00:00+00:00
[2024-11-29T18:04:26.421+0000] {processor.py:208} INFO - Processing /opt/airflow/dags/zAGI/hello.py took 0.363 seconds
[2024-11-29T18:04:57.001+0000] {processor.py:186} INFO - Started process (PID=143) to work on /opt/airflow/dags/zAGI/hello.py
[2024-11-29T18:04:57.005+0000] {processor.py:914} INFO - Processing file /opt/airflow/dags/zAGI/hello.py for tasks to queue
[2024-11-29T18:04:57.022+0000] {logging_mixin.py:190} INFO - [2024-11-29T18:04:57.021+0000] {dagbag.py:588} INFO - Filling up the DagBag from /opt/airflow/dags/zAGI/hello.py
[2024-11-29T18:04:57.099+0000] {processor.py:925} INFO - DAG(s) 'demo' retrieved from /opt/airflow/dags/zAGI/hello.py
[2024-11-29T18:04:57.220+0000] {logging_mixin.py:190} INFO - [2024-11-29T18:04:57.219+0000] {dag.py:3239} INFO - Sync 1 DAGs
[2024-11-29T18:04:57.327+0000] {logging_mixin.py:190} INFO - [2024-11-29T18:04:57.326+0000] {dag.py:4180} INFO - Setting next_dagrun for demo to 2022-09-11 00:00:00+00:00, run_after=2022-09-12 00:00:00+00:00
[2024-11-29T18:04:57.364+0000] {processor.py:208} INFO - Processing /opt/airflow/dags/zAGI/hello.py took 0.396 seconds
[2024-11-29T18:05:27.542+0000] {processor.py:186} INFO - Started process (PID=150) to work on /opt/airflow/dags/zAGI/hello.py
[2024-11-29T18:05:27.545+0000] {processor.py:914} INFO - Processing file /opt/airflow/dags/zAGI/hello.py for tasks to queue
[2024-11-29T18:05:27.553+0000] {logging_mixin.py:190} INFO - [2024-11-29T18:05:27.552+0000] {dagbag.py:588} INFO - Filling up the DagBag from /opt/airflow/dags/zAGI/hello.py
[2024-11-29T18:05:27.595+0000] {processor.py:925} INFO - DAG(s) 'demo' retrieved from /opt/airflow/dags/zAGI/hello.py
[2024-11-29T18:05:27.649+0000] {logging_mixin.py:190} INFO - [2024-11-29T18:05:27.649+0000] {dag.py:3239} INFO - Sync 1 DAGs
[2024-11-29T18:05:27.686+0000] {logging_mixin.py:190} INFO - [2024-11-29T18:05:27.685+0000] {dag.py:4180} INFO - Setting next_dagrun for demo to 2022-10-29 00:00:00+00:00, run_after=2022-10-30 00:00:00+00:00
[2024-11-29T18:05:27.738+0000] {processor.py:208} INFO - Processing /opt/airflow/dags/zAGI/hello.py took 0.214 seconds
[2024-11-29T18:05:58.095+0000] {processor.py:186} INFO - Started process (PID=158) to work on /opt/airflow/dags/zAGI/hello.py
[2024-11-29T18:05:58.098+0000] {processor.py:914} INFO - Processing file /opt/airflow/dags/zAGI/hello.py for tasks to queue
[2024-11-29T18:05:58.107+0000] {logging_mixin.py:190} INFO - [2024-11-29T18:05:58.106+0000] {dagbag.py:588} INFO - Filling up the DagBag from /opt/airflow/dags/zAGI/hello.py
[2024-11-29T18:05:58.155+0000] {processor.py:925} INFO - DAG(s) 'demo' retrieved from /opt/airflow/dags/zAGI/hello.py
[2024-11-29T18:05:58.246+0000] {logging_mixin.py:190} INFO - [2024-11-29T18:05:58.246+0000] {dag.py:3239} INFO - Sync 1 DAGs
[2024-11-29T18:05:58.297+0000] {logging_mixin.py:190} INFO - [2024-11-29T18:05:58.296+0000] {dag.py:4180} INFO - Setting next_dagrun for demo to 2022-11-30 00:00:00+00:00, run_after=2022-12-01 00:00:00+00:00
[2024-11-29T18:05:58.386+0000] {processor.py:208} INFO - Processing /opt/airflow/dags/zAGI/hello.py took 0.312 seconds
[2024-11-29T18:06:28.501+0000] {processor.py:186} INFO - Started process (PID=166) to work on /opt/airflow/dags/zAGI/hello.py
[2024-11-29T18:06:28.502+0000] {processor.py:914} INFO - Processing file /opt/airflow/dags/zAGI/hello.py for tasks to queue
[2024-11-29T18:06:28.506+0000] {logging_mixin.py:190} INFO - [2024-11-29T18:06:28.506+0000] {dagbag.py:588} INFO - Filling up the DagBag from /opt/airflow/dags/zAGI/hello.py
[2024-11-29T18:06:28.524+0000] {processor.py:925} INFO - DAG(s) 'demo' retrieved from /opt/airflow/dags/zAGI/hello.py
[2024-11-29T18:06:28.548+0000] {logging_mixin.py:190} INFO - [2024-11-29T18:06:28.548+0000] {dag.py:3239} INFO - Sync 1 DAGs
[2024-11-29T18:06:28.569+0000] {logging_mixin.py:190} INFO - [2024-11-29T18:06:28.569+0000] {dag.py:4180} INFO - Setting next_dagrun for demo to 2023-01-24 00:00:00+00:00, run_after=2023-01-25 00:00:00+00:00
[2024-11-29T18:06:28.596+0000] {processor.py:208} INFO - Processing /opt/airflow/dags/zAGI/hello.py took 0.105 seconds
[2024-11-29T18:06:59.022+0000] {processor.py:186} INFO - Started process (PID=174) to work on /opt/airflow/dags/zAGI/hello.py
[2024-11-29T18:06:59.025+0000] {processor.py:914} INFO - Processing file /opt/airflow/dags/zAGI/hello.py for tasks to queue
[2024-11-29T18:06:59.032+0000] {logging_mixin.py:190} INFO - [2024-11-29T18:06:59.031+0000] {dagbag.py:588} INFO - Filling up the DagBag from /opt/airflow/dags/zAGI/hello.py
[2024-11-29T18:06:59.090+0000] {processor.py:925} INFO - DAG(s) 'demo' retrieved from /opt/airflow/dags/zAGI/hello.py
[2024-11-29T18:06:59.177+0000] {logging_mixin.py:190} INFO - [2024-11-29T18:06:59.177+0000] {dag.py:3239} INFO - Sync 1 DAGs
[2024-11-29T18:06:59.231+0000] {logging_mixin.py:190} INFO - [2024-11-29T18:06:59.230+0000] {dag.py:4180} INFO - Setting next_dagrun for demo to 2023-03-31 00:00:00+00:00, run_after=2023-04-01 00:00:00+00:00
[2024-11-29T18:06:59.261+0000] {processor.py:208} INFO - Processing /opt/airflow/dags/zAGI/hello.py took 0.262 seconds
[2024-11-29T18:07:29.747+0000] {processor.py:186} INFO - Started process (PID=182) to work on /opt/airflow/dags/zAGI/hello.py
[2024-11-29T18:07:29.750+0000] {processor.py:914} INFO - Processing file /opt/airflow/dags/zAGI/hello.py for tasks to queue
[2024-11-29T18:07:29.758+0000] {logging_mixin.py:190} INFO - [2024-11-29T18:07:29.757+0000] {dagbag.py:588} INFO - Filling up the DagBag from /opt/airflow/dags/zAGI/hello.py
[2024-11-29T18:07:29.806+0000] {processor.py:925} INFO - DAG(s) 'demo' retrieved from /opt/airflow/dags/zAGI/hello.py
[2024-11-29T18:07:29.861+0000] {logging_mixin.py:190} INFO - [2024-11-29T18:07:29.861+0000] {dag.py:3239} INFO - Sync 1 DAGs
[2024-11-29T18:07:29.912+0000] {logging_mixin.py:190} INFO - [2024-11-29T18:07:29.911+0000] {dag.py:4180} INFO - Setting next_dagrun for demo to 2023-05-31 00:00:00+00:00, run_after=2023-06-01 00:00:00+00:00
[2024-11-29T18:07:29.949+0000] {processor.py:208} INFO - Processing /opt/airflow/dags/zAGI/hello.py took 0.218 seconds
[2024-11-29T18:08:00.273+0000] {processor.py:186} INFO - Started process (PID=190) to work on /opt/airflow/dags/zAGI/hello.py
[2024-11-29T18:08:00.275+0000] {processor.py:914} INFO - Processing file /opt/airflow/dags/zAGI/hello.py for tasks to queue
[2024-11-29T18:08:00.286+0000] {logging_mixin.py:190} INFO - [2024-11-29T18:08:00.285+0000] {dagbag.py:588} INFO - Filling up the DagBag from /opt/airflow/dags/zAGI/hello.py
[2024-11-29T18:08:00.341+0000] {processor.py:925} INFO - DAG(s) 'demo' retrieved from /opt/airflow/dags/zAGI/hello.py
[2024-11-29T18:08:00.433+0000] {logging_mixin.py:190} INFO - [2024-11-29T18:08:00.433+0000] {dag.py:3239} INFO - Sync 1 DAGs
[2024-11-29T18:08:00.479+0000] {logging_mixin.py:190} INFO - [2024-11-29T18:08:00.478+0000] {dag.py:4180} INFO - Setting next_dagrun for demo to 2023-07-23 00:00:00+00:00, run_after=2023-07-24 00:00:00+00:00
[2024-11-29T18:08:00.520+0000] {processor.py:208} INFO - Processing /opt/airflow/dags/zAGI/hello.py took 0.278 seconds
[2024-11-29T18:08:31.140+0000] {processor.py:186} INFO - Started process (PID=197) to work on /opt/airflow/dags/zAGI/hello.py
[2024-11-29T18:08:31.152+0000] {processor.py:914} INFO - Processing file /opt/airflow/dags/zAGI/hello.py for tasks to queue
[2024-11-29T18:08:31.194+0000] {logging_mixin.py:190} INFO - [2024-11-29T18:08:31.192+0000] {dagbag.py:588} INFO - Filling up the DagBag from /opt/airflow/dags/zAGI/hello.py
[2024-11-29T18:08:31.354+0000] {processor.py:925} INFO - DAG(s) 'demo' retrieved from /opt/airflow/dags/zAGI/hello.py
[2024-11-29T18:08:31.481+0000] {logging_mixin.py:190} INFO - [2024-11-29T18:08:31.480+0000] {dag.py:3239} INFO - Sync 1 DAGs
[2024-11-29T18:08:31.535+0000] {logging_mixin.py:190} INFO - [2024-11-29T18:08:31.534+0000] {dag.py:4180} INFO - Setting next_dagrun for demo to 2023-09-15 00:00:00+00:00, run_after=2023-09-16 00:00:00+00:00
[2024-11-29T18:08:31.610+0000] {processor.py:208} INFO - Processing /opt/airflow/dags/zAGI/hello.py took 0.528 seconds
[2024-11-29T18:09:03.545+0000] {processor.py:186} INFO - Started process (PID=204) to work on /opt/airflow/dags/zAGI/hello.py
[2024-11-29T18:09:03.648+0000] {processor.py:914} INFO - Processing file /opt/airflow/dags/zAGI/hello.py for tasks to queue
[2024-11-29T18:09:03.724+0000] {logging_mixin.py:190} INFO - [2024-11-29T18:09:03.722+0000] {dagbag.py:588} INFO - Filling up the DagBag from /opt/airflow/dags/zAGI/hello.py
[2024-11-29T18:09:04.258+0000] {processor.py:925} INFO - DAG(s) 'demo' retrieved from /opt/airflow/dags/zAGI/hello.py
[2024-11-29T18:09:05.814+0000] {logging_mixin.py:190} INFO - [2024-11-29T18:09:05.796+0000] {dag.py:3239} INFO - Sync 1 DAGs
[2024-11-29T18:09:06.190+0000] {logging_mixin.py:190} INFO - [2024-11-29T18:09:06.184+0000] {dag.py:4180} INFO - Setting next_dagrun for demo to 2023-11-05 00:00:00+00:00, run_after=2023-11-06 00:00:00+00:00
[2024-11-29T18:09:06.437+0000] {processor.py:208} INFO - Processing /opt/airflow/dags/zAGI/hello.py took 3.126 seconds
[2024-11-29T18:09:36.756+0000] {processor.py:186} INFO - Started process (PID=212) to work on /opt/airflow/dags/zAGI/hello.py
[2024-11-29T18:09:36.758+0000] {processor.py:914} INFO - Processing file /opt/airflow/dags/zAGI/hello.py for tasks to queue
[2024-11-29T18:09:36.766+0000] {logging_mixin.py:190} INFO - [2024-11-29T18:09:36.765+0000] {dagbag.py:588} INFO - Filling up the DagBag from /opt/airflow/dags/zAGI/hello.py
[2024-11-29T18:09:36.807+0000] {processor.py:925} INFO - DAG(s) 'demo' retrieved from /opt/airflow/dags/zAGI/hello.py
[2024-11-29T18:09:36.857+0000] {logging_mixin.py:190} INFO - [2024-11-29T18:09:36.856+0000] {dag.py:3239} INFO - Sync 1 DAGs
[2024-11-29T18:09:36.882+0000] {logging_mixin.py:190} INFO - [2024-11-29T18:09:36.882+0000] {dag.py:4180} INFO - Setting next_dagrun for demo to 2023-12-25 00:00:00+00:00, run_after=2023-12-26 00:00:00+00:00
[2024-11-29T18:09:36.919+0000] {processor.py:208} INFO - Processing /opt/airflow/dags/zAGI/hello.py took 0.192 seconds
[2024-11-29T18:10:07.344+0000] {processor.py:186} INFO - Started process (PID=220) to work on /opt/airflow/dags/zAGI/hello.py
[2024-11-29T18:10:07.346+0000] {processor.py:914} INFO - Processing file /opt/airflow/dags/zAGI/hello.py for tasks to queue
[2024-11-29T18:10:07.349+0000] {logging_mixin.py:190} INFO - [2024-11-29T18:10:07.349+0000] {dagbag.py:588} INFO - Filling up the DagBag from /opt/airflow/dags/zAGI/hello.py
[2024-11-29T18:10:07.368+0000] {processor.py:925} INFO - DAG(s) 'demo' retrieved from /opt/airflow/dags/zAGI/hello.py
[2024-11-29T18:10:07.405+0000] {logging_mixin.py:190} INFO - [2024-11-29T18:10:07.405+0000] {dag.py:3239} INFO - Sync 1 DAGs
[2024-11-29T18:10:07.430+0000] {logging_mixin.py:190} INFO - [2024-11-29T18:10:07.430+0000] {dag.py:4180} INFO - Setting next_dagrun for demo to 2024-02-11 00:00:00+00:00, run_after=2024-02-12 00:00:00+00:00
[2024-11-29T18:10:07.446+0000] {processor.py:208} INFO - Processing /opt/airflow/dags/zAGI/hello.py took 0.114 seconds
[2024-11-29T18:10:37.884+0000] {processor.py:186} INFO - Started process (PID=228) to work on /opt/airflow/dags/zAGI/hello.py
[2024-11-29T18:10:37.888+0000] {processor.py:914} INFO - Processing file /opt/airflow/dags/zAGI/hello.py for tasks to queue
[2024-11-29T18:10:37.890+0000] {logging_mixin.py:190} INFO - [2024-11-29T18:10:37.890+0000] {dagbag.py:588} INFO - Filling up the DagBag from /opt/airflow/dags/zAGI/hello.py
[2024-11-29T18:10:37.910+0000] {processor.py:925} INFO - DAG(s) 'demo' retrieved from /opt/airflow/dags/zAGI/hello.py
[2024-11-29T18:10:37.940+0000] {logging_mixin.py:190} INFO - [2024-11-29T18:10:37.940+0000] {dag.py:3239} INFO - Sync 1 DAGs
[2024-11-29T18:10:37.962+0000] {logging_mixin.py:190} INFO - [2024-11-29T18:10:37.961+0000] {dag.py:4180} INFO - Setting next_dagrun for demo to 2024-04-25 00:00:00+00:00, run_after=2024-04-26 00:00:00+00:00
[2024-11-29T18:10:37.989+0000] {processor.py:208} INFO - Processing /opt/airflow/dags/zAGI/hello.py took 0.131 seconds
[2024-11-29T18:11:08.466+0000] {processor.py:186} INFO - Started process (PID=236) to work on /opt/airflow/dags/zAGI/hello.py
[2024-11-29T18:11:08.467+0000] {processor.py:914} INFO - Processing file /opt/airflow/dags/zAGI/hello.py for tasks to queue
[2024-11-29T18:11:08.473+0000] {logging_mixin.py:190} INFO - [2024-11-29T18:11:08.473+0000] {dagbag.py:588} INFO - Filling up the DagBag from /opt/airflow/dags/zAGI/hello.py
[2024-11-29T18:11:08.486+0000] {processor.py:925} INFO - DAG(s) 'demo' retrieved from /opt/airflow/dags/zAGI/hello.py
[2024-11-29T18:11:08.529+0000] {logging_mixin.py:190} INFO - [2024-11-29T18:11:08.529+0000] {dag.py:3239} INFO - Sync 1 DAGs
[2024-11-29T18:11:08.548+0000] {logging_mixin.py:190} INFO - [2024-11-29T18:11:08.548+0000] {dag.py:4180} INFO - Setting next_dagrun for demo to 2024-06-24 00:00:00+00:00, run_after=2024-06-25 00:00:00+00:00
[2024-11-29T18:11:08.562+0000] {processor.py:208} INFO - Processing /opt/airflow/dags/zAGI/hello.py took 0.103 seconds
