[2024-11-28T15:05:29.164+0000] {local_task_job_runner.py:123} INFO - ::group::Pre task execution logs
[2024-11-28T15:05:29.919+0000] {taskinstance.py:2613} INFO - Dependencies all met for dep_context=non-requeueable deps ti=<TaskInstance: github_repo_check.check_repo scheduled__2024-04-30T00:00:00+00:00 [queued]>
[2024-11-28T15:05:33.170+0000] {taskinstance.py:2613} INFO - Dependencies all met for dep_context=requeueable deps ti=<TaskInstance: github_repo_check.check_repo scheduled__2024-04-30T00:00:00+00:00 [queued]>
[2024-11-28T15:05:33.666+0000] {taskinstance.py:2866} INFO - Starting attempt 1 of 1
[2024-11-28T15:05:35.771+0000] {taskinstance.py:2889} INFO - Executing <Task(GithubOperator): check_repo> on 2024-04-30 00:00:00+00:00
[2024-11-28T15:05:36.615+0000] {warnings.py:112} WARNING - /home/***/.local/lib/python3.12/site-packages/***/task/task_runner/standard_task_runner.py:70: DeprecationWarning: This process (pid=571) is multi-threaded, use of fork() may lead to deadlocks in the child.
  pid = os.fork()

[2024-11-28T15:05:36.711+0000] {standard_task_runner.py:72} INFO - Started process 599 to run task
[2024-11-28T15:05:36.704+0000] {standard_task_runner.py:104} INFO - Running: ['***', 'tasks', 'run', 'github_repo_check', 'check_repo', 'scheduled__2024-04-30T00:00:00+00:00', '--job-id', '128', '--raw', '--subdir', 'DAGS_FOLDER/github.py', '--cfg-path', '/tmp/tmpstt3zrp3']
[2024-11-28T15:05:36.806+0000] {standard_task_runner.py:105} INFO - Job 128: Subtask check_repo
[2024-11-28T15:05:39.052+0000] {task_command.py:467} INFO - Running <TaskInstance: github_repo_check.check_repo scheduled__2024-04-30T00:00:00+00:00 [running]> on host 080dcf124ece
[2024-11-28T15:05:41.834+0000] {taskinstance.py:3132} INFO - Exporting env vars: AIRFLOW_CTX_DAG_OWNER='***' AIRFLOW_CTX_DAG_ID='github_repo_check' AIRFLOW_CTX_TASK_ID='check_repo' AIRFLOW_CTX_EXECUTION_DATE='2024-04-30T00:00:00+00:00' AIRFLOW_CTX_TRY_NUMBER='1' AIRFLOW_CTX_DAG_RUN_ID='scheduled__2024-04-30T00:00:00+00:00'
[2024-11-28T15:05:41.916+0000] {taskinstance.py:731} INFO - ::endgroup::
[2024-11-28T15:05:42.629+0000] {base.py:84} INFO - Retrieving connection 'GitHub'
[2024-11-28T15:05:42.790+0000] {job.py:229} INFO - Heartbeat recovered after 14.44 seconds
[2024-11-28T15:05:42.897+0000] {taskinstance.py:3311} ERROR - Task failed with exception
Traceback (most recent call last):
  File "/home/airflow/.local/lib/python3.12/site-packages/airflow/providers/github/operators/github.py", line 71, in execute
    github_result = getattr(resource, self.method_name)(**self.github_method_args)
                    ^^^^^^^^^^^^^^^^^^^^^^^^^^^^^^^^^^^^^^^^^^^^^^^^^^^^^^^^^^^^^^
TypeError: Github.get_repo() got an unexpected keyword argument 'yahadpas@gmail.com'

During handling of the above exception, another exception occurred:

Traceback (most recent call last):
  File "/home/airflow/.local/lib/python3.12/site-packages/airflow/models/taskinstance.py", line 767, in _execute_task
    result = _execute_callable(context=context, **execute_callable_kwargs)
             ^^^^^^^^^^^^^^^^^^^^^^^^^^^^^^^^^^^^^^^^^^^^^^^^^^^^^^^^^^^^^
  File "/home/airflow/.local/lib/python3.12/site-packages/airflow/models/taskinstance.py", line 733, in _execute_callable
    return ExecutionCallableRunner(
           ^^^^^^^^^^^^^^^^^^^^^^^^
  File "/home/airflow/.local/lib/python3.12/site-packages/airflow/utils/operator_helpers.py", line 252, in run
    return self.func(*args, **kwargs)
           ^^^^^^^^^^^^^^^^^^^^^^^^^^
  File "/home/airflow/.local/lib/python3.12/site-packages/airflow/models/baseoperator.py", line 417, in wrapper
    return func(self, *args, **kwargs)
           ^^^^^^^^^^^^^^^^^^^^^^^^^^^
  File "/home/airflow/.local/lib/python3.12/site-packages/airflow/providers/github/operators/github.py", line 80, in execute
    raise AirflowException(f"GitHub operator error: {e}")
airflow.exceptions.AirflowException: GitHub operator error: Github.get_repo() got an unexpected keyword argument 'yahadpas@gmail.com'
[2024-11-28T15:05:43.186+0000] {taskinstance.py:1225} INFO - Marking task as FAILED. dag_id=github_repo_check, task_id=check_repo, run_id=scheduled__2024-04-30T00:00:00+00:00, execution_date=20240430T000000, start_date=20241128T150530, end_date=20241128T150543
[2024-11-28T15:05:43.444+0000] {taskinstance.py:340} INFO - ::group::Post task execution logs
[2024-11-28T15:05:43.453+0000] {standard_task_runner.py:124} ERROR - Failed to execute job 128 for task check_repo (GitHub operator error: Github.get_repo() got an unexpected keyword argument 'yahadpas@gmail.com'; 599)
Traceback (most recent call last):
  File "/home/airflow/.local/lib/python3.12/site-packages/airflow/providers/github/operators/github.py", line 71, in execute
    github_result = getattr(resource, self.method_name)(**self.github_method_args)
                    ^^^^^^^^^^^^^^^^^^^^^^^^^^^^^^^^^^^^^^^^^^^^^^^^^^^^^^^^^^^^^^
TypeError: Github.get_repo() got an unexpected keyword argument 'yahadpas@gmail.com'

During handling of the above exception, another exception occurred:

Traceback (most recent call last):
  File "/home/airflow/.local/lib/python3.12/site-packages/airflow/task/task_runner/standard_task_runner.py", line 117, in _start_by_fork
    ret = args.func(args, dag=self.dag)
          ^^^^^^^^^^^^^^^^^^^^^^^^^^^^^
  File "/home/airflow/.local/lib/python3.12/site-packages/airflow/cli/cli_config.py", line 49, in command
    return func(*args, **kwargs)
           ^^^^^^^^^^^^^^^^^^^^^
  File "/home/airflow/.local/lib/python3.12/site-packages/airflow/utils/cli.py", line 116, in wrapper
    return f(*args, **kwargs)
           ^^^^^^^^^^^^^^^^^^
  File "/home/airflow/.local/lib/python3.12/site-packages/airflow/cli/commands/task_command.py", line 483, in task_run
    task_return_code = _run_task_by_selected_method(args, _dag, ti)
                       ^^^^^^^^^^^^^^^^^^^^^^^^^^^^^^^^^^^^^^^^^^^^
  File "/home/airflow/.local/lib/python3.12/site-packages/airflow/cli/commands/task_command.py", line 256, in _run_task_by_selected_method
    return _run_raw_task(args, ti)
           ^^^^^^^^^^^^^^^^^^^^^^^
  File "/home/airflow/.local/lib/python3.12/site-packages/airflow/cli/commands/task_command.py", line 341, in _run_raw_task
    return ti._run_raw_task(
           ^^^^^^^^^^^^^^^^^
  File "/home/airflow/.local/lib/python3.12/site-packages/airflow/utils/session.py", line 97, in wrapper
    return func(*args, session=session, **kwargs)
           ^^^^^^^^^^^^^^^^^^^^^^^^^^^^^^^^^^^^^^
  File "/home/airflow/.local/lib/python3.12/site-packages/airflow/models/taskinstance.py", line 3005, in _run_raw_task
    return _run_raw_task(
           ^^^^^^^^^^^^^^
  File "/home/airflow/.local/lib/python3.12/site-packages/airflow/models/taskinstance.py", line 273, in _run_raw_task
    TaskInstance._execute_task_with_callbacks(
  File "/home/airflow/.local/lib/python3.12/site-packages/airflow/models/taskinstance.py", line 3159, in _execute_task_with_callbacks
    result = self._execute_task(context, task_orig)
             ^^^^^^^^^^^^^^^^^^^^^^^^^^^^^^^^^^^^^^
  File "/home/airflow/.local/lib/python3.12/site-packages/airflow/models/taskinstance.py", line 3183, in _execute_task
    return _execute_task(self, context, task_orig)
           ^^^^^^^^^^^^^^^^^^^^^^^^^^^^^^^^^^^^^^^
  File "/home/airflow/.local/lib/python3.12/site-packages/airflow/models/taskinstance.py", line 767, in _execute_task
    result = _execute_callable(context=context, **execute_callable_kwargs)
             ^^^^^^^^^^^^^^^^^^^^^^^^^^^^^^^^^^^^^^^^^^^^^^^^^^^^^^^^^^^^^
  File "/home/airflow/.local/lib/python3.12/site-packages/airflow/models/taskinstance.py", line 733, in _execute_callable
    return ExecutionCallableRunner(
           ^^^^^^^^^^^^^^^^^^^^^^^^
  File "/home/airflow/.local/lib/python3.12/site-packages/airflow/utils/operator_helpers.py", line 252, in run
    return self.func(*args, **kwargs)
           ^^^^^^^^^^^^^^^^^^^^^^^^^^
  File "/home/airflow/.local/lib/python3.12/site-packages/airflow/models/baseoperator.py", line 417, in wrapper
    return func(self, *args, **kwargs)
           ^^^^^^^^^^^^^^^^^^^^^^^^^^^
  File "/home/airflow/.local/lib/python3.12/site-packages/airflow/providers/github/operators/github.py", line 80, in execute
    raise AirflowException(f"GitHub operator error: {e}")
airflow.exceptions.AirflowException: GitHub operator error: Github.get_repo() got an unexpected keyword argument 'yahadpas@gmail.com'
[2024-11-28T15:05:43.785+0000] {local_task_job_runner.py:266} INFO - Task exited with return code 1
[2024-11-28T15:05:44.043+0000] {local_task_job_runner.py:245} INFO - ::endgroup::
