[2024-11-28T14:22:11.237+0000] {processor.py:186} INFO - Started process (PID=81) to work on /home/airflow/.local/lib/python3.12/site-packages/airflow/example_dags/example_python_decorator.py
[2024-11-28T14:22:11.238+0000] {processor.py:914} INFO - Processing file /home/airflow/.local/lib/python3.12/site-packages/airflow/example_dags/example_python_decorator.py for tasks to queue
[2024-11-28T14:22:11.241+0000] {logging_mixin.py:190} INFO - [2024-11-28T14:22:11.240+0000] {dagbag.py:588} INFO - Filling up the DagBag from /home/airflow/.local/lib/python3.12/site-packages/airflow/example_dags/example_python_decorator.py
[2024-11-28T14:22:11.257+0000] {processor.py:925} INFO - DAG(s) 'example_python_decorator' retrieved from /home/airflow/.local/lib/python3.12/site-packages/airflow/example_dags/example_python_decorator.py
[2024-11-28T14:22:11.370+0000] {logging_mixin.py:190} INFO - [2024-11-28T14:22:11.369+0000] {override.py:1911} INFO - Created Permission View: can delete on DAG:example_python_decorator
[2024-11-28T14:22:11.387+0000] {logging_mixin.py:190} INFO - [2024-11-28T14:22:11.386+0000] {override.py:1911} INFO - Created Permission View: can read on DAG:example_python_decorator
[2024-11-28T14:22:11.393+0000] {logging_mixin.py:190} INFO - [2024-11-28T14:22:11.393+0000] {override.py:1911} INFO - Created Permission View: can edit on DAG:example_python_decorator
[2024-11-28T14:22:11.402+0000] {logging_mixin.py:190} INFO - [2024-11-28T14:22:11.401+0000] {override.py:1911} INFO - Created Permission View: can delete on DAG Run:example_python_decorator
[2024-11-28T14:22:11.409+0000] {logging_mixin.py:190} INFO - [2024-11-28T14:22:11.408+0000] {override.py:1911} INFO - Created Permission View: can read on DAG Run:example_python_decorator
[2024-11-28T14:22:11.413+0000] {logging_mixin.py:190} INFO - [2024-11-28T14:22:11.413+0000] {override.py:1911} INFO - Created Permission View: can create on DAG Run:example_python_decorator
[2024-11-28T14:22:11.419+0000] {logging_mixin.py:190} INFO - [2024-11-28T14:22:11.419+0000] {override.py:1911} INFO - Created Permission View: menu access on DAG Run:example_python_decorator
[2024-11-28T14:22:11.419+0000] {logging_mixin.py:190} INFO - [2024-11-28T14:22:11.419+0000] {dag.py:3239} INFO - Sync 1 DAGs
[2024-11-28T14:22:11.433+0000] {logging_mixin.py:190} INFO - [2024-11-28T14:22:11.433+0000] {dag.py:3262} INFO - Creating ORM DAG for example_python_decorator
[2024-11-28T14:22:11.434+0000] {logging_mixin.py:190} INFO - [2024-11-28T14:22:11.434+0000] {dag.py:4180} INFO - Setting next_dagrun for example_python_decorator to None, run_after=None
[2024-11-28T14:22:11.460+0000] {processor.py:208} INFO - Processing /home/airflow/.local/lib/python3.12/site-packages/airflow/example_dags/example_python_decorator.py took 0.230 seconds
[2024-11-28T14:22:42.012+0000] {processor.py:186} INFO - Started process (PID=142) to work on /home/airflow/.local/lib/python3.12/site-packages/airflow/example_dags/example_python_decorator.py
[2024-11-28T14:22:42.014+0000] {processor.py:914} INFO - Processing file /home/airflow/.local/lib/python3.12/site-packages/airflow/example_dags/example_python_decorator.py for tasks to queue
[2024-11-28T14:22:42.017+0000] {logging_mixin.py:190} INFO - [2024-11-28T14:22:42.016+0000] {dagbag.py:588} INFO - Filling up the DagBag from /home/airflow/.local/lib/python3.12/site-packages/airflow/example_dags/example_python_decorator.py
[2024-11-28T14:22:42.032+0000] {processor.py:925} INFO - DAG(s) 'example_python_decorator' retrieved from /home/airflow/.local/lib/python3.12/site-packages/airflow/example_dags/example_python_decorator.py
[2024-11-28T14:22:42.049+0000] {logging_mixin.py:190} INFO - [2024-11-28T14:22:42.049+0000] {dag.py:3239} INFO - Sync 1 DAGs
[2024-11-28T14:22:42.058+0000] {logging_mixin.py:190} INFO - [2024-11-28T14:22:42.057+0000] {dag.py:4180} INFO - Setting next_dagrun for example_python_decorator to None, run_after=None
[2024-11-28T14:22:42.070+0000] {processor.py:208} INFO - Processing /home/airflow/.local/lib/python3.12/site-packages/airflow/example_dags/example_python_decorator.py took 0.066 seconds
[2024-11-28T14:23:12.936+0000] {processor.py:186} INFO - Started process (PID=205) to work on /home/airflow/.local/lib/python3.12/site-packages/airflow/example_dags/example_python_decorator.py
[2024-11-28T14:23:12.937+0000] {processor.py:914} INFO - Processing file /home/airflow/.local/lib/python3.12/site-packages/airflow/example_dags/example_python_decorator.py for tasks to queue
[2024-11-28T14:23:12.939+0000] {logging_mixin.py:190} INFO - [2024-11-28T14:23:12.938+0000] {dagbag.py:588} INFO - Filling up the DagBag from /home/airflow/.local/lib/python3.12/site-packages/airflow/example_dags/example_python_decorator.py
[2024-11-28T14:23:12.950+0000] {processor.py:925} INFO - DAG(s) 'example_python_decorator' retrieved from /home/airflow/.local/lib/python3.12/site-packages/airflow/example_dags/example_python_decorator.py
[2024-11-28T14:23:12.968+0000] {logging_mixin.py:190} INFO - [2024-11-28T14:23:12.967+0000] {dag.py:3239} INFO - Sync 1 DAGs
[2024-11-28T14:23:12.978+0000] {logging_mixin.py:190} INFO - [2024-11-28T14:23:12.978+0000] {dag.py:4180} INFO - Setting next_dagrun for example_python_decorator to None, run_after=None
[2024-11-28T14:23:12.994+0000] {processor.py:208} INFO - Processing /home/airflow/.local/lib/python3.12/site-packages/airflow/example_dags/example_python_decorator.py took 0.064 seconds
[2024-11-28T14:23:43.779+0000] {processor.py:186} INFO - Started process (PID=268) to work on /home/airflow/.local/lib/python3.12/site-packages/airflow/example_dags/example_python_decorator.py
[2024-11-28T14:23:43.780+0000] {processor.py:914} INFO - Processing file /home/airflow/.local/lib/python3.12/site-packages/airflow/example_dags/example_python_decorator.py for tasks to queue
[2024-11-28T14:23:43.782+0000] {logging_mixin.py:190} INFO - [2024-11-28T14:23:43.781+0000] {dagbag.py:588} INFO - Filling up the DagBag from /home/airflow/.local/lib/python3.12/site-packages/airflow/example_dags/example_python_decorator.py
[2024-11-28T14:23:43.793+0000] {processor.py:925} INFO - DAG(s) 'example_python_decorator' retrieved from /home/airflow/.local/lib/python3.12/site-packages/airflow/example_dags/example_python_decorator.py
[2024-11-28T14:23:43.811+0000] {logging_mixin.py:190} INFO - [2024-11-28T14:23:43.811+0000] {dag.py:3239} INFO - Sync 1 DAGs
[2024-11-28T14:23:43.821+0000] {logging_mixin.py:190} INFO - [2024-11-28T14:23:43.821+0000] {dag.py:4180} INFO - Setting next_dagrun for example_python_decorator to None, run_after=None
[2024-11-28T14:23:43.834+0000] {processor.py:208} INFO - Processing /home/airflow/.local/lib/python3.12/site-packages/airflow/example_dags/example_python_decorator.py took 0.060 seconds
[2024-11-28T14:24:13.988+0000] {processor.py:186} INFO - Started process (PID=330) to work on /home/airflow/.local/lib/python3.12/site-packages/airflow/example_dags/example_python_decorator.py
[2024-11-28T14:24:13.993+0000] {processor.py:914} INFO - Processing file /home/airflow/.local/lib/python3.12/site-packages/airflow/example_dags/example_python_decorator.py for tasks to queue
[2024-11-28T14:24:13.997+0000] {logging_mixin.py:190} INFO - [2024-11-28T14:24:13.997+0000] {dagbag.py:588} INFO - Filling up the DagBag from /home/airflow/.local/lib/python3.12/site-packages/airflow/example_dags/example_python_decorator.py
[2024-11-28T14:24:14.017+0000] {processor.py:925} INFO - DAG(s) 'example_python_decorator' retrieved from /home/airflow/.local/lib/python3.12/site-packages/airflow/example_dags/example_python_decorator.py
[2024-11-28T14:24:14.055+0000] {logging_mixin.py:190} INFO - [2024-11-28T14:24:14.054+0000] {dag.py:3239} INFO - Sync 1 DAGs
[2024-11-28T14:24:14.077+0000] {logging_mixin.py:190} INFO - [2024-11-28T14:24:14.076+0000] {dag.py:4180} INFO - Setting next_dagrun for example_python_decorator to None, run_after=None
[2024-11-28T14:24:14.110+0000] {processor.py:208} INFO - Processing /home/airflow/.local/lib/python3.12/site-packages/airflow/example_dags/example_python_decorator.py took 0.136 seconds
[2024-11-28T14:24:44.485+0000] {processor.py:186} INFO - Started process (PID=393) to work on /home/airflow/.local/lib/python3.12/site-packages/airflow/example_dags/example_python_decorator.py
[2024-11-28T14:24:44.489+0000] {processor.py:914} INFO - Processing file /home/airflow/.local/lib/python3.12/site-packages/airflow/example_dags/example_python_decorator.py for tasks to queue
[2024-11-28T14:24:44.491+0000] {logging_mixin.py:190} INFO - [2024-11-28T14:24:44.491+0000] {dagbag.py:588} INFO - Filling up the DagBag from /home/airflow/.local/lib/python3.12/site-packages/airflow/example_dags/example_python_decorator.py
[2024-11-28T14:24:44.512+0000] {processor.py:925} INFO - DAG(s) 'example_python_decorator' retrieved from /home/airflow/.local/lib/python3.12/site-packages/airflow/example_dags/example_python_decorator.py
[2024-11-28T14:24:44.566+0000] {logging_mixin.py:190} INFO - [2024-11-28T14:24:44.566+0000] {dag.py:3239} INFO - Sync 1 DAGs
[2024-11-28T14:24:44.604+0000] {logging_mixin.py:190} INFO - [2024-11-28T14:24:44.603+0000] {dag.py:4180} INFO - Setting next_dagrun for example_python_decorator to None, run_after=None
[2024-11-28T14:24:44.636+0000] {processor.py:208} INFO - Processing /home/airflow/.local/lib/python3.12/site-packages/airflow/example_dags/example_python_decorator.py took 0.156 seconds
