[2024-11-28T14:22:16.455+0000] {processor.py:186} INFO - Started process (PID=111) to work on /home/airflow/.local/lib/python3.12/site-packages/airflow/example_dags/example_skip_dag.py
[2024-11-28T14:22:16.456+0000] {processor.py:914} INFO - Processing file /home/airflow/.local/lib/python3.12/site-packages/airflow/example_dags/example_skip_dag.py for tasks to queue
[2024-11-28T14:22:16.457+0000] {logging_mixin.py:190} INFO - [2024-11-28T14:22:16.457+0000] {dagbag.py:588} INFO - Filling up the DagBag from /home/airflow/.local/lib/python3.12/site-packages/airflow/example_dags/example_skip_dag.py
[2024-11-28T14:22:16.467+0000] {processor.py:925} INFO - DAG(s) 'example_skip_dag' retrieved from /home/airflow/.local/lib/python3.12/site-packages/airflow/example_dags/example_skip_dag.py
[2024-11-28T14:22:16.555+0000] {logging_mixin.py:190} INFO - [2024-11-28T14:22:16.555+0000] {override.py:1911} INFO - Created Permission View: can delete on DAG:example_skip_dag
[2024-11-28T14:22:16.563+0000] {logging_mixin.py:190} INFO - [2024-11-28T14:22:16.562+0000] {override.py:1911} INFO - Created Permission View: can read on DAG:example_skip_dag
[2024-11-28T14:22:16.568+0000] {logging_mixin.py:190} INFO - [2024-11-28T14:22:16.568+0000] {override.py:1911} INFO - Created Permission View: can edit on DAG:example_skip_dag
[2024-11-28T14:22:16.578+0000] {logging_mixin.py:190} INFO - [2024-11-28T14:22:16.577+0000] {override.py:1911} INFO - Created Permission View: can delete on DAG Run:example_skip_dag
[2024-11-28T14:22:16.582+0000] {logging_mixin.py:190} INFO - [2024-11-28T14:22:16.582+0000] {override.py:1911} INFO - Created Permission View: can read on DAG Run:example_skip_dag
[2024-11-28T14:22:16.587+0000] {logging_mixin.py:190} INFO - [2024-11-28T14:22:16.586+0000] {override.py:1911} INFO - Created Permission View: can create on DAG Run:example_skip_dag
[2024-11-28T14:22:16.592+0000] {logging_mixin.py:190} INFO - [2024-11-28T14:22:16.591+0000] {override.py:1911} INFO - Created Permission View: menu access on DAG Run:example_skip_dag
[2024-11-28T14:22:16.592+0000] {logging_mixin.py:190} INFO - [2024-11-28T14:22:16.592+0000] {dag.py:3239} INFO - Sync 1 DAGs
[2024-11-28T14:22:16.603+0000] {logging_mixin.py:190} INFO - [2024-11-28T14:22:16.603+0000] {dag.py:3262} INFO - Creating ORM DAG for example_skip_dag
[2024-11-28T14:22:16.611+0000] {logging_mixin.py:190} INFO - [2024-11-28T14:22:16.611+0000] {dag.py:4180} INFO - Setting next_dagrun for example_skip_dag to 2024-11-27 00:00:00+00:00, run_after=2024-11-28 00:00:00+00:00
[2024-11-28T14:22:16.622+0000] {processor.py:208} INFO - Processing /home/airflow/.local/lib/python3.12/site-packages/airflow/example_dags/example_skip_dag.py took 0.173 seconds
[2024-11-28T14:22:46.743+0000] {processor.py:186} INFO - Started process (PID=173) to work on /home/airflow/.local/lib/python3.12/site-packages/airflow/example_dags/example_skip_dag.py
[2024-11-28T14:22:46.744+0000] {processor.py:914} INFO - Processing file /home/airflow/.local/lib/python3.12/site-packages/airflow/example_dags/example_skip_dag.py for tasks to queue
[2024-11-28T14:22:46.746+0000] {logging_mixin.py:190} INFO - [2024-11-28T14:22:46.746+0000] {dagbag.py:588} INFO - Filling up the DagBag from /home/airflow/.local/lib/python3.12/site-packages/airflow/example_dags/example_skip_dag.py
[2024-11-28T14:22:46.754+0000] {processor.py:925} INFO - DAG(s) 'example_skip_dag' retrieved from /home/airflow/.local/lib/python3.12/site-packages/airflow/example_dags/example_skip_dag.py
[2024-11-28T14:22:46.773+0000] {logging_mixin.py:190} INFO - [2024-11-28T14:22:46.773+0000] {dag.py:3239} INFO - Sync 1 DAGs
[2024-11-28T14:22:46.794+0000] {logging_mixin.py:190} INFO - [2024-11-28T14:22:46.794+0000] {dag.py:4180} INFO - Setting next_dagrun for example_skip_dag to 2024-11-27 00:00:00+00:00, run_after=2024-11-28 00:00:00+00:00
[2024-11-28T14:22:46.809+0000] {processor.py:208} INFO - Processing /home/airflow/.local/lib/python3.12/site-packages/airflow/example_dags/example_skip_dag.py took 0.072 seconds
[2024-11-28T14:23:17.958+0000] {processor.py:186} INFO - Started process (PID=236) to work on /home/airflow/.local/lib/python3.12/site-packages/airflow/example_dags/example_skip_dag.py
[2024-11-28T14:23:17.963+0000] {processor.py:914} INFO - Processing file /home/airflow/.local/lib/python3.12/site-packages/airflow/example_dags/example_skip_dag.py for tasks to queue
[2024-11-28T14:23:17.966+0000] {logging_mixin.py:190} INFO - [2024-11-28T14:23:17.966+0000] {dagbag.py:588} INFO - Filling up the DagBag from /home/airflow/.local/lib/python3.12/site-packages/airflow/example_dags/example_skip_dag.py
[2024-11-28T14:23:17.974+0000] {processor.py:925} INFO - DAG(s) 'example_skip_dag' retrieved from /home/airflow/.local/lib/python3.12/site-packages/airflow/example_dags/example_skip_dag.py
[2024-11-28T14:23:18.103+0000] {logging_mixin.py:190} INFO - [2024-11-28T14:23:18.103+0000] {dag.py:3239} INFO - Sync 1 DAGs
[2024-11-28T14:23:18.189+0000] {logging_mixin.py:190} INFO - [2024-11-28T14:23:18.188+0000] {dag.py:4180} INFO - Setting next_dagrun for example_skip_dag to 2024-11-27 00:00:00+00:00, run_after=2024-11-28 00:00:00+00:00
[2024-11-28T14:23:18.230+0000] {processor.py:208} INFO - Processing /home/airflow/.local/lib/python3.12/site-packages/airflow/example_dags/example_skip_dag.py took 0.277 seconds
[2024-11-28T14:23:48.826+0000] {processor.py:186} INFO - Started process (PID=299) to work on /home/airflow/.local/lib/python3.12/site-packages/airflow/example_dags/example_skip_dag.py
[2024-11-28T14:23:48.828+0000] {processor.py:914} INFO - Processing file /home/airflow/.local/lib/python3.12/site-packages/airflow/example_dags/example_skip_dag.py for tasks to queue
[2024-11-28T14:23:48.830+0000] {logging_mixin.py:190} INFO - [2024-11-28T14:23:48.830+0000] {dagbag.py:588} INFO - Filling up the DagBag from /home/airflow/.local/lib/python3.12/site-packages/airflow/example_dags/example_skip_dag.py
[2024-11-28T14:23:48.838+0000] {processor.py:925} INFO - DAG(s) 'example_skip_dag' retrieved from /home/airflow/.local/lib/python3.12/site-packages/airflow/example_dags/example_skip_dag.py
[2024-11-28T14:23:48.856+0000] {logging_mixin.py:190} INFO - [2024-11-28T14:23:48.855+0000] {dag.py:3239} INFO - Sync 1 DAGs
[2024-11-28T14:23:48.884+0000] {logging_mixin.py:190} INFO - [2024-11-28T14:23:48.884+0000] {dag.py:4180} INFO - Setting next_dagrun for example_skip_dag to 2024-11-27 00:00:00+00:00, run_after=2024-11-28 00:00:00+00:00
[2024-11-28T14:23:48.905+0000] {processor.py:208} INFO - Processing /home/airflow/.local/lib/python3.12/site-packages/airflow/example_dags/example_skip_dag.py took 0.083 seconds
[2024-11-28T14:24:22.385+0000] {processor.py:186} INFO - Started process (PID=362) to work on /home/airflow/.local/lib/python3.12/site-packages/airflow/example_dags/example_skip_dag.py
[2024-11-28T14:24:22.388+0000] {processor.py:914} INFO - Processing file /home/airflow/.local/lib/python3.12/site-packages/airflow/example_dags/example_skip_dag.py for tasks to queue
[2024-11-28T14:24:22.392+0000] {logging_mixin.py:190} INFO - [2024-11-28T14:24:22.391+0000] {dagbag.py:588} INFO - Filling up the DagBag from /home/airflow/.local/lib/python3.12/site-packages/airflow/example_dags/example_skip_dag.py
[2024-11-28T14:24:22.410+0000] {processor.py:925} INFO - DAG(s) 'example_skip_dag' retrieved from /home/airflow/.local/lib/python3.12/site-packages/airflow/example_dags/example_skip_dag.py
[2024-11-28T14:24:22.447+0000] {logging_mixin.py:190} INFO - [2024-11-28T14:24:22.446+0000] {dag.py:3239} INFO - Sync 1 DAGs
[2024-11-28T14:24:22.514+0000] {logging_mixin.py:190} INFO - [2024-11-28T14:24:22.514+0000] {dag.py:4180} INFO - Setting next_dagrun for example_skip_dag to 2024-11-27 00:00:00+00:00, run_after=2024-11-28 00:00:00+00:00
[2024-11-28T14:24:22.572+0000] {processor.py:208} INFO - Processing /home/airflow/.local/lib/python3.12/site-packages/airflow/example_dags/example_skip_dag.py took 0.198 seconds
[2024-11-28T14:24:53.813+0000] {processor.py:186} INFO - Started process (PID=431) to work on /home/airflow/.local/lib/python3.12/site-packages/airflow/example_dags/example_skip_dag.py
[2024-11-28T14:24:53.814+0000] {processor.py:914} INFO - Processing file /home/airflow/.local/lib/python3.12/site-packages/airflow/example_dags/example_skip_dag.py for tasks to queue
[2024-11-28T14:24:53.817+0000] {logging_mixin.py:190} INFO - [2024-11-28T14:24:53.817+0000] {dagbag.py:588} INFO - Filling up the DagBag from /home/airflow/.local/lib/python3.12/site-packages/airflow/example_dags/example_skip_dag.py
[2024-11-28T14:24:53.834+0000] {processor.py:925} INFO - DAG(s) 'example_skip_dag' retrieved from /home/airflow/.local/lib/python3.12/site-packages/airflow/example_dags/example_skip_dag.py
[2024-11-28T14:24:53.856+0000] {logging_mixin.py:190} INFO - [2024-11-28T14:24:53.856+0000] {dag.py:3239} INFO - Sync 1 DAGs
[2024-11-28T14:24:53.886+0000] {logging_mixin.py:190} INFO - [2024-11-28T14:24:53.886+0000] {dag.py:4180} INFO - Setting next_dagrun for example_skip_dag to 2024-11-27 00:00:00+00:00, run_after=2024-11-28 00:00:00+00:00
[2024-11-28T14:24:53.939+0000] {processor.py:208} INFO - Processing /home/airflow/.local/lib/python3.12/site-packages/airflow/example_dags/example_skip_dag.py took 0.133 seconds
