[2024-11-28T14:22:08.769+0000] {processor.py:186} INFO - Started process (PID=74) to work on /home/airflow/.local/lib/python3.12/site-packages/airflow/example_dags/example_branch_operator.py
[2024-11-28T14:22:08.771+0000] {processor.py:914} INFO - Processing file /home/airflow/.local/lib/python3.12/site-packages/airflow/example_dags/example_branch_operator.py for tasks to queue
[2024-11-28T14:22:08.782+0000] {logging_mixin.py:190} INFO - [2024-11-28T14:22:08.781+0000] {dagbag.py:588} INFO - Filling up the DagBag from /home/airflow/.local/lib/python3.12/site-packages/airflow/example_dags/example_branch_operator.py
[2024-11-28T14:22:08.882+0000] {processor.py:925} INFO - DAG(s) 'example_branch_operator' retrieved from /home/airflow/.local/lib/python3.12/site-packages/airflow/example_dags/example_branch_operator.py
[2024-11-28T14:22:09.097+0000] {logging_mixin.py:190} INFO - [2024-11-28T14:22:09.096+0000] {override.py:1911} INFO - Created Permission View: can delete on DAG:example_branch_operator
[2024-11-28T14:22:09.105+0000] {logging_mixin.py:190} INFO - [2024-11-28T14:22:09.105+0000] {override.py:1911} INFO - Created Permission View: can read on DAG:example_branch_operator
[2024-11-28T14:22:09.109+0000] {logging_mixin.py:190} INFO - [2024-11-28T14:22:09.109+0000] {override.py:1911} INFO - Created Permission View: can edit on DAG:example_branch_operator
[2024-11-28T14:22:09.113+0000] {logging_mixin.py:190} INFO - [2024-11-28T14:22:09.113+0000] {override.py:1911} INFO - Created Permission View: can delete on DAG Run:example_branch_operator
[2024-11-28T14:22:09.117+0000] {logging_mixin.py:190} INFO - [2024-11-28T14:22:09.117+0000] {override.py:1911} INFO - Created Permission View: can read on DAG Run:example_branch_operator
[2024-11-28T14:22:09.121+0000] {logging_mixin.py:190} INFO - [2024-11-28T14:22:09.121+0000] {override.py:1911} INFO - Created Permission View: can create on DAG Run:example_branch_operator
[2024-11-28T14:22:09.125+0000] {logging_mixin.py:190} INFO - [2024-11-28T14:22:09.125+0000] {override.py:1911} INFO - Created Permission View: menu access on DAG Run:example_branch_operator
[2024-11-28T14:22:09.126+0000] {logging_mixin.py:190} INFO - [2024-11-28T14:22:09.125+0000] {dag.py:3239} INFO - Sync 1 DAGs
[2024-11-28T14:22:09.149+0000] {logging_mixin.py:190} INFO - [2024-11-28T14:22:09.148+0000] {dag.py:3262} INFO - Creating ORM DAG for example_branch_operator
[2024-11-28T14:22:09.167+0000] {logging_mixin.py:190} INFO - [2024-11-28T14:22:09.167+0000] {dag.py:4180} INFO - Setting next_dagrun for example_branch_operator to 2024-11-27 00:00:00+00:00, run_after=2024-11-28 00:00:00+00:00
[2024-11-28T14:22:09.190+0000] {processor.py:208} INFO - Processing /home/airflow/.local/lib/python3.12/site-packages/airflow/example_dags/example_branch_operator.py took 0.471 seconds
[2024-11-28T14:22:39.859+0000] {processor.py:186} INFO - Started process (PID=135) to work on /home/airflow/.local/lib/python3.12/site-packages/airflow/example_dags/example_branch_operator.py
[2024-11-28T14:22:39.860+0000] {processor.py:914} INFO - Processing file /home/airflow/.local/lib/python3.12/site-packages/airflow/example_dags/example_branch_operator.py for tasks to queue
[2024-11-28T14:22:39.863+0000] {logging_mixin.py:190} INFO - [2024-11-28T14:22:39.863+0000] {dagbag.py:588} INFO - Filling up the DagBag from /home/airflow/.local/lib/python3.12/site-packages/airflow/example_dags/example_branch_operator.py
[2024-11-28T14:22:39.884+0000] {processor.py:925} INFO - DAG(s) 'example_branch_operator' retrieved from /home/airflow/.local/lib/python3.12/site-packages/airflow/example_dags/example_branch_operator.py
[2024-11-28T14:22:39.909+0000] {logging_mixin.py:190} INFO - [2024-11-28T14:22:39.908+0000] {dag.py:3239} INFO - Sync 1 DAGs
[2024-11-28T14:22:39.927+0000] {logging_mixin.py:190} INFO - [2024-11-28T14:22:39.927+0000] {dag.py:4180} INFO - Setting next_dagrun for example_branch_operator to 2024-11-27 00:00:00+00:00, run_after=2024-11-28 00:00:00+00:00
[2024-11-28T14:22:39.943+0000] {processor.py:208} INFO - Processing /home/airflow/.local/lib/python3.12/site-packages/airflow/example_dags/example_branch_operator.py took 0.092 seconds
[2024-11-28T14:23:10.676+0000] {processor.py:186} INFO - Started process (PID=198) to work on /home/airflow/.local/lib/python3.12/site-packages/airflow/example_dags/example_branch_operator.py
[2024-11-28T14:23:10.678+0000] {processor.py:914} INFO - Processing file /home/airflow/.local/lib/python3.12/site-packages/airflow/example_dags/example_branch_operator.py for tasks to queue
[2024-11-28T14:23:10.681+0000] {logging_mixin.py:190} INFO - [2024-11-28T14:23:10.680+0000] {dagbag.py:588} INFO - Filling up the DagBag from /home/airflow/.local/lib/python3.12/site-packages/airflow/example_dags/example_branch_operator.py
[2024-11-28T14:23:10.699+0000] {processor.py:925} INFO - DAG(s) 'example_branch_operator' retrieved from /home/airflow/.local/lib/python3.12/site-packages/airflow/example_dags/example_branch_operator.py
[2024-11-28T14:23:10.721+0000] {logging_mixin.py:190} INFO - [2024-11-28T14:23:10.720+0000] {dag.py:3239} INFO - Sync 1 DAGs
[2024-11-28T14:23:10.740+0000] {logging_mixin.py:190} INFO - [2024-11-28T14:23:10.740+0000] {dag.py:4180} INFO - Setting next_dagrun for example_branch_operator to 2024-11-27 00:00:00+00:00, run_after=2024-11-28 00:00:00+00:00
[2024-11-28T14:23:10.754+0000] {processor.py:208} INFO - Processing /home/airflow/.local/lib/python3.12/site-packages/airflow/example_dags/example_branch_operator.py took 0.085 seconds
[2024-11-28T14:23:41.249+0000] {processor.py:186} INFO - Started process (PID=261) to work on /home/airflow/.local/lib/python3.12/site-packages/airflow/example_dags/example_branch_operator.py
[2024-11-28T14:23:41.254+0000] {processor.py:914} INFO - Processing file /home/airflow/.local/lib/python3.12/site-packages/airflow/example_dags/example_branch_operator.py for tasks to queue
[2024-11-28T14:23:41.262+0000] {logging_mixin.py:190} INFO - [2024-11-28T14:23:41.261+0000] {dagbag.py:588} INFO - Filling up the DagBag from /home/airflow/.local/lib/python3.12/site-packages/airflow/example_dags/example_branch_operator.py
[2024-11-28T14:23:41.329+0000] {processor.py:925} INFO - DAG(s) 'example_branch_operator' retrieved from /home/airflow/.local/lib/python3.12/site-packages/airflow/example_dags/example_branch_operator.py
[2024-11-28T14:23:41.396+0000] {logging_mixin.py:190} INFO - [2024-11-28T14:23:41.396+0000] {dag.py:3239} INFO - Sync 1 DAGs
[2024-11-28T14:23:41.469+0000] {logging_mixin.py:190} INFO - [2024-11-28T14:23:41.468+0000] {dag.py:4180} INFO - Setting next_dagrun for example_branch_operator to 2024-11-27 00:00:00+00:00, run_after=2024-11-28 00:00:00+00:00
[2024-11-28T14:23:41.525+0000] {processor.py:208} INFO - Processing /home/airflow/.local/lib/python3.12/site-packages/airflow/example_dags/example_branch_operator.py took 0.285 seconds
[2024-11-28T14:24:12.007+0000] {processor.py:186} INFO - Started process (PID=324) to work on /home/airflow/.local/lib/python3.12/site-packages/airflow/example_dags/example_branch_operator.py
[2024-11-28T14:24:12.028+0000] {processor.py:914} INFO - Processing file /home/airflow/.local/lib/python3.12/site-packages/airflow/example_dags/example_branch_operator.py for tasks to queue
[2024-11-28T14:24:12.046+0000] {logging_mixin.py:190} INFO - [2024-11-28T14:24:12.045+0000] {dagbag.py:588} INFO - Filling up the DagBag from /home/airflow/.local/lib/python3.12/site-packages/airflow/example_dags/example_branch_operator.py
[2024-11-28T14:24:12.140+0000] {processor.py:925} INFO - DAG(s) 'example_branch_operator' retrieved from /home/airflow/.local/lib/python3.12/site-packages/airflow/example_dags/example_branch_operator.py
[2024-11-28T14:24:12.233+0000] {logging_mixin.py:190} INFO - [2024-11-28T14:24:12.233+0000] {dag.py:3239} INFO - Sync 1 DAGs
[2024-11-28T14:24:12.319+0000] {logging_mixin.py:190} INFO - [2024-11-28T14:24:12.318+0000] {dag.py:4180} INFO - Setting next_dagrun for example_branch_operator to 2024-11-27 00:00:00+00:00, run_after=2024-11-28 00:00:00+00:00
[2024-11-28T14:24:12.379+0000] {processor.py:208} INFO - Processing /home/airflow/.local/lib/python3.12/site-packages/airflow/example_dags/example_branch_operator.py took 0.403 seconds
[2024-11-28T14:24:43.243+0000] {processor.py:186} INFO - Started process (PID=387) to work on /home/airflow/.local/lib/python3.12/site-packages/airflow/example_dags/example_branch_operator.py
[2024-11-28T14:24:43.244+0000] {processor.py:914} INFO - Processing file /home/airflow/.local/lib/python3.12/site-packages/airflow/example_dags/example_branch_operator.py for tasks to queue
[2024-11-28T14:24:43.246+0000] {logging_mixin.py:190} INFO - [2024-11-28T14:24:43.246+0000] {dagbag.py:588} INFO - Filling up the DagBag from /home/airflow/.local/lib/python3.12/site-packages/airflow/example_dags/example_branch_operator.py
[2024-11-28T14:24:43.267+0000] {processor.py:925} INFO - DAG(s) 'example_branch_operator' retrieved from /home/airflow/.local/lib/python3.12/site-packages/airflow/example_dags/example_branch_operator.py
[2024-11-28T14:24:43.289+0000] {logging_mixin.py:190} INFO - [2024-11-28T14:24:43.289+0000] {dag.py:3239} INFO - Sync 1 DAGs
[2024-11-28T14:24:43.308+0000] {logging_mixin.py:190} INFO - [2024-11-28T14:24:43.308+0000] {dag.py:4180} INFO - Setting next_dagrun for example_branch_operator to 2024-11-27 00:00:00+00:00, run_after=2024-11-28 00:00:00+00:00
[2024-11-28T14:24:43.323+0000] {processor.py:208} INFO - Processing /home/airflow/.local/lib/python3.12/site-packages/airflow/example_dags/example_branch_operator.py took 0.088 seconds
