[2024-11-28T14:22:11.021+0000] {processor.py:186} INFO - Started process (PID=80) to work on /home/airflow/.local/lib/python3.12/site-packages/airflow/example_dags/example_trigger_target_dag.py
[2024-11-28T14:22:11.022+0000] {processor.py:914} INFO - Processing file /home/airflow/.local/lib/python3.12/site-packages/airflow/example_dags/example_trigger_target_dag.py for tasks to queue
[2024-11-28T14:22:11.025+0000] {logging_mixin.py:190} INFO - [2024-11-28T14:22:11.025+0000] {dagbag.py:588} INFO - Filling up the DagBag from /home/airflow/.local/lib/python3.12/site-packages/airflow/example_dags/example_trigger_target_dag.py
[2024-11-28T14:22:11.036+0000] {processor.py:925} INFO - DAG(s) 'example_trigger_target_dag' retrieved from /home/airflow/.local/lib/python3.12/site-packages/airflow/example_dags/example_trigger_target_dag.py
[2024-11-28T14:22:11.152+0000] {logging_mixin.py:190} INFO - [2024-11-28T14:22:11.152+0000] {override.py:1911} INFO - Created Permission View: can delete on DAG:example_trigger_target_dag
[2024-11-28T14:22:11.160+0000] {logging_mixin.py:190} INFO - [2024-11-28T14:22:11.159+0000] {override.py:1911} INFO - Created Permission View: can read on DAG:example_trigger_target_dag
[2024-11-28T14:22:11.164+0000] {logging_mixin.py:190} INFO - [2024-11-28T14:22:11.164+0000] {override.py:1911} INFO - Created Permission View: can edit on DAG:example_trigger_target_dag
[2024-11-28T14:22:11.169+0000] {logging_mixin.py:190} INFO - [2024-11-28T14:22:11.169+0000] {override.py:1911} INFO - Created Permission View: can delete on DAG Run:example_trigger_target_dag
[2024-11-28T14:22:11.174+0000] {logging_mixin.py:190} INFO - [2024-11-28T14:22:11.174+0000] {override.py:1911} INFO - Created Permission View: can read on DAG Run:example_trigger_target_dag
[2024-11-28T14:22:11.178+0000] {logging_mixin.py:190} INFO - [2024-11-28T14:22:11.178+0000] {override.py:1911} INFO - Created Permission View: can create on DAG Run:example_trigger_target_dag
[2024-11-28T14:22:11.183+0000] {logging_mixin.py:190} INFO - [2024-11-28T14:22:11.183+0000] {override.py:1911} INFO - Created Permission View: menu access on DAG Run:example_trigger_target_dag
[2024-11-28T14:22:11.184+0000] {logging_mixin.py:190} INFO - [2024-11-28T14:22:11.184+0000] {dag.py:3239} INFO - Sync 1 DAGs
[2024-11-28T14:22:11.194+0000] {logging_mixin.py:190} INFO - [2024-11-28T14:22:11.194+0000] {dag.py:3262} INFO - Creating ORM DAG for example_trigger_target_dag
[2024-11-28T14:22:11.195+0000] {logging_mixin.py:190} INFO - [2024-11-28T14:22:11.194+0000] {dag.py:4180} INFO - Setting next_dagrun for example_trigger_target_dag to None, run_after=None
[2024-11-28T14:22:11.208+0000] {processor.py:208} INFO - Processing /home/airflow/.local/lib/python3.12/site-packages/airflow/example_dags/example_trigger_target_dag.py took 0.197 seconds
[2024-11-28T14:22:42.012+0000] {processor.py:186} INFO - Started process (PID=141) to work on /home/airflow/.local/lib/python3.12/site-packages/airflow/example_dags/example_trigger_target_dag.py
[2024-11-28T14:22:42.013+0000] {processor.py:914} INFO - Processing file /home/airflow/.local/lib/python3.12/site-packages/airflow/example_dags/example_trigger_target_dag.py for tasks to queue
[2024-11-28T14:22:42.017+0000] {logging_mixin.py:190} INFO - [2024-11-28T14:22:42.017+0000] {dagbag.py:588} INFO - Filling up the DagBag from /home/airflow/.local/lib/python3.12/site-packages/airflow/example_dags/example_trigger_target_dag.py
[2024-11-28T14:22:42.028+0000] {processor.py:925} INFO - DAG(s) 'example_trigger_target_dag' retrieved from /home/airflow/.local/lib/python3.12/site-packages/airflow/example_dags/example_trigger_target_dag.py
[2024-11-28T14:22:42.045+0000] {logging_mixin.py:190} INFO - [2024-11-28T14:22:42.045+0000] {dag.py:3239} INFO - Sync 1 DAGs
[2024-11-28T14:22:42.058+0000] {logging_mixin.py:190} INFO - [2024-11-28T14:22:42.057+0000] {dag.py:4180} INFO - Setting next_dagrun for example_trigger_target_dag to None, run_after=None
[2024-11-28T14:22:42.070+0000] {processor.py:208} INFO - Processing /home/airflow/.local/lib/python3.12/site-packages/airflow/example_dags/example_trigger_target_dag.py took 0.077 seconds
[2024-11-28T14:23:12.861+0000] {processor.py:186} INFO - Started process (PID=204) to work on /home/airflow/.local/lib/python3.12/site-packages/airflow/example_dags/example_trigger_target_dag.py
[2024-11-28T14:23:12.863+0000] {processor.py:914} INFO - Processing file /home/airflow/.local/lib/python3.12/site-packages/airflow/example_dags/example_trigger_target_dag.py for tasks to queue
[2024-11-28T14:23:12.866+0000] {logging_mixin.py:190} INFO - [2024-11-28T14:23:12.865+0000] {dagbag.py:588} INFO - Filling up the DagBag from /home/airflow/.local/lib/python3.12/site-packages/airflow/example_dags/example_trigger_target_dag.py
[2024-11-28T14:23:12.873+0000] {processor.py:925} INFO - DAG(s) 'example_trigger_target_dag' retrieved from /home/airflow/.local/lib/python3.12/site-packages/airflow/example_dags/example_trigger_target_dag.py
[2024-11-28T14:23:12.891+0000] {logging_mixin.py:190} INFO - [2024-11-28T14:23:12.891+0000] {dag.py:3239} INFO - Sync 1 DAGs
[2024-11-28T14:23:12.903+0000] {logging_mixin.py:190} INFO - [2024-11-28T14:23:12.902+0000] {dag.py:4180} INFO - Setting next_dagrun for example_trigger_target_dag to None, run_after=None
[2024-11-28T14:23:12.916+0000] {processor.py:208} INFO - Processing /home/airflow/.local/lib/python3.12/site-packages/airflow/example_dags/example_trigger_target_dag.py took 0.059 seconds
[2024-11-28T14:23:43.701+0000] {processor.py:186} INFO - Started process (PID=267) to work on /home/airflow/.local/lib/python3.12/site-packages/airflow/example_dags/example_trigger_target_dag.py
[2024-11-28T14:23:43.702+0000] {processor.py:914} INFO - Processing file /home/airflow/.local/lib/python3.12/site-packages/airflow/example_dags/example_trigger_target_dag.py for tasks to queue
[2024-11-28T14:23:43.704+0000] {logging_mixin.py:190} INFO - [2024-11-28T14:23:43.704+0000] {dagbag.py:588} INFO - Filling up the DagBag from /home/airflow/.local/lib/python3.12/site-packages/airflow/example_dags/example_trigger_target_dag.py
[2024-11-28T14:23:43.713+0000] {processor.py:925} INFO - DAG(s) 'example_trigger_target_dag' retrieved from /home/airflow/.local/lib/python3.12/site-packages/airflow/example_dags/example_trigger_target_dag.py
[2024-11-28T14:23:43.733+0000] {logging_mixin.py:190} INFO - [2024-11-28T14:23:43.733+0000] {dag.py:3239} INFO - Sync 1 DAGs
[2024-11-28T14:23:43.745+0000] {logging_mixin.py:190} INFO - [2024-11-28T14:23:43.745+0000] {dag.py:4180} INFO - Setting next_dagrun for example_trigger_target_dag to None, run_after=None
[2024-11-28T14:23:43.760+0000] {processor.py:208} INFO - Processing /home/airflow/.local/lib/python3.12/site-packages/airflow/example_dags/example_trigger_target_dag.py took 0.066 seconds
[2024-11-28T14:24:13.818+0000] {processor.py:186} INFO - Started process (PID=329) to work on /home/airflow/.local/lib/python3.12/site-packages/airflow/example_dags/example_trigger_target_dag.py
[2024-11-28T14:24:13.820+0000] {processor.py:914} INFO - Processing file /home/airflow/.local/lib/python3.12/site-packages/airflow/example_dags/example_trigger_target_dag.py for tasks to queue
[2024-11-28T14:24:13.823+0000] {logging_mixin.py:190} INFO - [2024-11-28T14:24:13.823+0000] {dagbag.py:588} INFO - Filling up the DagBag from /home/airflow/.local/lib/python3.12/site-packages/airflow/example_dags/example_trigger_target_dag.py
[2024-11-28T14:24:13.839+0000] {processor.py:925} INFO - DAG(s) 'example_trigger_target_dag' retrieved from /home/airflow/.local/lib/python3.12/site-packages/airflow/example_dags/example_trigger_target_dag.py
[2024-11-28T14:24:13.874+0000] {logging_mixin.py:190} INFO - [2024-11-28T14:24:13.874+0000] {dag.py:3239} INFO - Sync 1 DAGs
[2024-11-28T14:24:13.905+0000] {logging_mixin.py:190} INFO - [2024-11-28T14:24:13.904+0000] {dag.py:4180} INFO - Setting next_dagrun for example_trigger_target_dag to None, run_after=None
[2024-11-28T14:24:13.943+0000] {processor.py:208} INFO - Processing /home/airflow/.local/lib/python3.12/site-packages/airflow/example_dags/example_trigger_target_dag.py took 0.137 seconds
[2024-11-28T14:24:44.465+0000] {processor.py:186} INFO - Started process (PID=392) to work on /home/airflow/.local/lib/python3.12/site-packages/airflow/example_dags/example_trigger_target_dag.py
[2024-11-28T14:24:44.469+0000] {processor.py:914} INFO - Processing file /home/airflow/.local/lib/python3.12/site-packages/airflow/example_dags/example_trigger_target_dag.py for tasks to queue
[2024-11-28T14:24:44.476+0000] {logging_mixin.py:190} INFO - [2024-11-28T14:24:44.476+0000] {dagbag.py:588} INFO - Filling up the DagBag from /home/airflow/.local/lib/python3.12/site-packages/airflow/example_dags/example_trigger_target_dag.py
[2024-11-28T14:24:44.485+0000] {processor.py:925} INFO - DAG(s) 'example_trigger_target_dag' retrieved from /home/airflow/.local/lib/python3.12/site-packages/airflow/example_dags/example_trigger_target_dag.py
[2024-11-28T14:24:44.507+0000] {logging_mixin.py:190} INFO - [2024-11-28T14:24:44.506+0000] {dag.py:3239} INFO - Sync 1 DAGs
[2024-11-28T14:24:44.547+0000] {logging_mixin.py:190} INFO - [2024-11-28T14:24:44.547+0000] {dag.py:4180} INFO - Setting next_dagrun for example_trigger_target_dag to None, run_after=None
[2024-11-28T14:24:44.573+0000] {processor.py:208} INFO - Processing /home/airflow/.local/lib/python3.12/site-packages/airflow/example_dags/example_trigger_target_dag.py took 0.112 seconds
