[2024-11-28T14:22:14.197+0000] {processor.py:186} INFO - Started process (PID=93) to work on /home/airflow/.local/lib/python3.12/site-packages/airflow/example_dags/example_setup_teardown_taskflow.py
[2024-11-28T14:22:14.198+0000] {processor.py:914} INFO - Processing file /home/airflow/.local/lib/python3.12/site-packages/airflow/example_dags/example_setup_teardown_taskflow.py for tasks to queue
[2024-11-28T14:22:14.200+0000] {logging_mixin.py:190} INFO - [2024-11-28T14:22:14.200+0000] {dagbag.py:588} INFO - Filling up the DagBag from /home/airflow/.local/lib/python3.12/site-packages/airflow/example_dags/example_setup_teardown_taskflow.py
[2024-11-28T14:22:14.210+0000] {processor.py:925} INFO - DAG(s) 'example_setup_teardown_taskflow' retrieved from /home/airflow/.local/lib/python3.12/site-packages/airflow/example_dags/example_setup_teardown_taskflow.py
[2024-11-28T14:22:14.298+0000] {logging_mixin.py:190} INFO - [2024-11-28T14:22:14.298+0000] {override.py:1911} INFO - Created Permission View: can delete on DAG:example_setup_teardown_taskflow
[2024-11-28T14:22:14.309+0000] {logging_mixin.py:190} INFO - [2024-11-28T14:22:14.309+0000] {override.py:1911} INFO - Created Permission View: can read on DAG:example_setup_teardown_taskflow
[2024-11-28T14:22:14.316+0000] {logging_mixin.py:190} INFO - [2024-11-28T14:22:14.316+0000] {override.py:1911} INFO - Created Permission View: can edit on DAG:example_setup_teardown_taskflow
[2024-11-28T14:22:14.322+0000] {logging_mixin.py:190} INFO - [2024-11-28T14:22:14.321+0000] {override.py:1911} INFO - Created Permission View: can delete on DAG Run:example_setup_teardown_taskflow
[2024-11-28T14:22:14.326+0000] {logging_mixin.py:190} INFO - [2024-11-28T14:22:14.326+0000] {override.py:1911} INFO - Created Permission View: can read on DAG Run:example_setup_teardown_taskflow
[2024-11-28T14:22:14.331+0000] {logging_mixin.py:190} INFO - [2024-11-28T14:22:14.331+0000] {override.py:1911} INFO - Created Permission View: can create on DAG Run:example_setup_teardown_taskflow
[2024-11-28T14:22:14.345+0000] {logging_mixin.py:190} INFO - [2024-11-28T14:22:14.344+0000] {override.py:1911} INFO - Created Permission View: menu access on DAG Run:example_setup_teardown_taskflow
[2024-11-28T14:22:14.345+0000] {logging_mixin.py:190} INFO - [2024-11-28T14:22:14.345+0000] {dag.py:3239} INFO - Sync 1 DAGs
[2024-11-28T14:22:14.357+0000] {logging_mixin.py:190} INFO - [2024-11-28T14:22:14.357+0000] {dag.py:3262} INFO - Creating ORM DAG for example_setup_teardown_taskflow
[2024-11-28T14:22:14.358+0000] {logging_mixin.py:190} INFO - [2024-11-28T14:22:14.358+0000] {dag.py:4180} INFO - Setting next_dagrun for example_setup_teardown_taskflow to None, run_after=None
[2024-11-28T14:22:14.371+0000] {processor.py:208} INFO - Processing /home/airflow/.local/lib/python3.12/site-packages/airflow/example_dags/example_setup_teardown_taskflow.py took 0.178 seconds
[2024-11-28T14:22:44.597+0000] {processor.py:186} INFO - Started process (PID=155) to work on /home/airflow/.local/lib/python3.12/site-packages/airflow/example_dags/example_setup_teardown_taskflow.py
[2024-11-28T14:22:44.598+0000] {processor.py:914} INFO - Processing file /home/airflow/.local/lib/python3.12/site-packages/airflow/example_dags/example_setup_teardown_taskflow.py for tasks to queue
[2024-11-28T14:22:44.600+0000] {logging_mixin.py:190} INFO - [2024-11-28T14:22:44.600+0000] {dagbag.py:588} INFO - Filling up the DagBag from /home/airflow/.local/lib/python3.12/site-packages/airflow/example_dags/example_setup_teardown_taskflow.py
[2024-11-28T14:22:44.611+0000] {processor.py:925} INFO - DAG(s) 'example_setup_teardown_taskflow' retrieved from /home/airflow/.local/lib/python3.12/site-packages/airflow/example_dags/example_setup_teardown_taskflow.py
[2024-11-28T14:22:44.629+0000] {logging_mixin.py:190} INFO - [2024-11-28T14:22:44.629+0000] {dag.py:3239} INFO - Sync 1 DAGs
[2024-11-28T14:22:44.639+0000] {logging_mixin.py:190} INFO - [2024-11-28T14:22:44.639+0000] {dag.py:4180} INFO - Setting next_dagrun for example_setup_teardown_taskflow to None, run_after=None
[2024-11-28T14:22:44.651+0000] {processor.py:208} INFO - Processing /home/airflow/.local/lib/python3.12/site-packages/airflow/example_dags/example_setup_teardown_taskflow.py took 0.058 seconds
[2024-11-28T14:23:15.893+0000] {processor.py:186} INFO - Started process (PID=218) to work on /home/airflow/.local/lib/python3.12/site-packages/airflow/example_dags/example_setup_teardown_taskflow.py
[2024-11-28T14:23:15.899+0000] {processor.py:914} INFO - Processing file /home/airflow/.local/lib/python3.12/site-packages/airflow/example_dags/example_setup_teardown_taskflow.py for tasks to queue
[2024-11-28T14:23:15.903+0000] {logging_mixin.py:190} INFO - [2024-11-28T14:23:15.902+0000] {dagbag.py:588} INFO - Filling up the DagBag from /home/airflow/.local/lib/python3.12/site-packages/airflow/example_dags/example_setup_teardown_taskflow.py
[2024-11-28T14:23:15.921+0000] {processor.py:925} INFO - DAG(s) 'example_setup_teardown_taskflow' retrieved from /home/airflow/.local/lib/python3.12/site-packages/airflow/example_dags/example_setup_teardown_taskflow.py
[2024-11-28T14:23:15.955+0000] {logging_mixin.py:190} INFO - [2024-11-28T14:23:15.954+0000] {dag.py:3239} INFO - Sync 1 DAGs
[2024-11-28T14:23:15.976+0000] {logging_mixin.py:190} INFO - [2024-11-28T14:23:15.976+0000] {dag.py:4180} INFO - Setting next_dagrun for example_setup_teardown_taskflow to None, run_after=None
[2024-11-28T14:23:15.998+0000] {processor.py:208} INFO - Processing /home/airflow/.local/lib/python3.12/site-packages/airflow/example_dags/example_setup_teardown_taskflow.py took 0.122 seconds
[2024-11-28T14:23:47.484+0000] {processor.py:186} INFO - Started process (PID=281) to work on /home/airflow/.local/lib/python3.12/site-packages/airflow/example_dags/example_setup_teardown_taskflow.py
[2024-11-28T14:23:47.486+0000] {processor.py:914} INFO - Processing file /home/airflow/.local/lib/python3.12/site-packages/airflow/example_dags/example_setup_teardown_taskflow.py for tasks to queue
[2024-11-28T14:23:47.489+0000] {logging_mixin.py:190} INFO - [2024-11-28T14:23:47.489+0000] {dagbag.py:588} INFO - Filling up the DagBag from /home/airflow/.local/lib/python3.12/site-packages/airflow/example_dags/example_setup_teardown_taskflow.py
[2024-11-28T14:23:47.503+0000] {processor.py:925} INFO - DAG(s) 'example_setup_teardown_taskflow' retrieved from /home/airflow/.local/lib/python3.12/site-packages/airflow/example_dags/example_setup_teardown_taskflow.py
[2024-11-28T14:23:47.540+0000] {logging_mixin.py:190} INFO - [2024-11-28T14:23:47.539+0000] {dag.py:3239} INFO - Sync 1 DAGs
[2024-11-28T14:23:47.556+0000] {logging_mixin.py:190} INFO - [2024-11-28T14:23:47.556+0000] {dag.py:4180} INFO - Setting next_dagrun for example_setup_teardown_taskflow to None, run_after=None
[2024-11-28T14:23:47.578+0000] {processor.py:208} INFO - Processing /home/airflow/.local/lib/python3.12/site-packages/airflow/example_dags/example_setup_teardown_taskflow.py took 0.102 seconds
[2024-11-28T14:24:19.722+0000] {processor.py:186} INFO - Started process (PID=344) to work on /home/airflow/.local/lib/python3.12/site-packages/airflow/example_dags/example_setup_teardown_taskflow.py
[2024-11-28T14:24:19.725+0000] {processor.py:914} INFO - Processing file /home/airflow/.local/lib/python3.12/site-packages/airflow/example_dags/example_setup_teardown_taskflow.py for tasks to queue
[2024-11-28T14:24:19.727+0000] {logging_mixin.py:190} INFO - [2024-11-28T14:24:19.727+0000] {dagbag.py:588} INFO - Filling up the DagBag from /home/airflow/.local/lib/python3.12/site-packages/airflow/example_dags/example_setup_teardown_taskflow.py
[2024-11-28T14:24:19.738+0000] {processor.py:925} INFO - DAG(s) 'example_setup_teardown_taskflow' retrieved from /home/airflow/.local/lib/python3.12/site-packages/airflow/example_dags/example_setup_teardown_taskflow.py
[2024-11-28T14:24:19.765+0000] {logging_mixin.py:190} INFO - [2024-11-28T14:24:19.765+0000] {dag.py:3239} INFO - Sync 1 DAGs
[2024-11-28T14:24:19.777+0000] {logging_mixin.py:190} INFO - [2024-11-28T14:24:19.777+0000] {dag.py:4180} INFO - Setting next_dagrun for example_setup_teardown_taskflow to None, run_after=None
[2024-11-28T14:24:19.797+0000] {processor.py:208} INFO - Processing /home/airflow/.local/lib/python3.12/site-packages/airflow/example_dags/example_setup_teardown_taskflow.py took 0.081 seconds
[2024-11-28T14:24:51.749+0000] {processor.py:186} INFO - Started process (PID=407) to work on /home/airflow/.local/lib/python3.12/site-packages/airflow/example_dags/example_setup_teardown_taskflow.py
[2024-11-28T14:24:51.750+0000] {processor.py:914} INFO - Processing file /home/airflow/.local/lib/python3.12/site-packages/airflow/example_dags/example_setup_teardown_taskflow.py for tasks to queue
[2024-11-28T14:24:51.757+0000] {logging_mixin.py:190} INFO - [2024-11-28T14:24:51.757+0000] {dagbag.py:588} INFO - Filling up the DagBag from /home/airflow/.local/lib/python3.12/site-packages/airflow/example_dags/example_setup_teardown_taskflow.py
[2024-11-28T14:24:51.775+0000] {processor.py:925} INFO - DAG(s) 'example_setup_teardown_taskflow' retrieved from /home/airflow/.local/lib/python3.12/site-packages/airflow/example_dags/example_setup_teardown_taskflow.py
[2024-11-28T14:24:51.810+0000] {logging_mixin.py:190} INFO - [2024-11-28T14:24:51.809+0000] {dag.py:3239} INFO - Sync 1 DAGs
[2024-11-28T14:24:51.831+0000] {logging_mixin.py:190} INFO - [2024-11-28T14:24:51.831+0000] {dag.py:4180} INFO - Setting next_dagrun for example_setup_teardown_taskflow to None, run_after=None
[2024-11-28T14:24:51.858+0000] {processor.py:208} INFO - Processing /home/airflow/.local/lib/python3.12/site-packages/airflow/example_dags/example_setup_teardown_taskflow.py took 0.120 seconds
