[2024-11-28T14:22:11.960+0000] {processor.py:186} INFO - Started process (PID=83) to work on /home/airflow/.local/lib/python3.12/site-packages/airflow/example_dags/example_outlet_event_extra.py
[2024-11-28T14:22:11.961+0000] {processor.py:914} INFO - Processing file /home/airflow/.local/lib/python3.12/site-packages/airflow/example_dags/example_outlet_event_extra.py for tasks to queue
[2024-11-28T14:22:11.966+0000] {logging_mixin.py:190} INFO - [2024-11-28T14:22:11.965+0000] {dagbag.py:588} INFO - Filling up the DagBag from /home/airflow/.local/lib/python3.12/site-packages/airflow/example_dags/example_outlet_event_extra.py
[2024-11-28T14:22:13.050+0000] {processor.py:925} INFO - DAG(s) 'dataset_with_extra_from_classic_operator', 'dataset_with_extra_by_yield', 'dataset_with_extra_by_context' retrieved from /home/airflow/.local/lib/python3.12/site-packages/airflow/example_dags/example_outlet_event_extra.py
[2024-11-28T14:22:13.200+0000] {logging_mixin.py:190} INFO - [2024-11-28T14:22:13.199+0000] {override.py:1911} INFO - Created Permission View: can delete on DAG:dataset_with_extra_from_classic_operator
[2024-11-28T14:22:13.209+0000] {logging_mixin.py:190} INFO - [2024-11-28T14:22:13.209+0000] {override.py:1911} INFO - Created Permission View: can read on DAG:dataset_with_extra_from_classic_operator
[2024-11-28T14:22:13.219+0000] {logging_mixin.py:190} INFO - [2024-11-28T14:22:13.218+0000] {override.py:1911} INFO - Created Permission View: can edit on DAG:dataset_with_extra_from_classic_operator
[2024-11-28T14:22:13.225+0000] {logging_mixin.py:190} INFO - [2024-11-28T14:22:13.224+0000] {override.py:1911} INFO - Created Permission View: can delete on DAG Run:dataset_with_extra_from_classic_operator
[2024-11-28T14:22:13.230+0000] {logging_mixin.py:190} INFO - [2024-11-28T14:22:13.229+0000] {override.py:1911} INFO - Created Permission View: can read on DAG Run:dataset_with_extra_from_classic_operator
[2024-11-28T14:22:13.235+0000] {logging_mixin.py:190} INFO - [2024-11-28T14:22:13.235+0000] {override.py:1911} INFO - Created Permission View: can create on DAG Run:dataset_with_extra_from_classic_operator
[2024-11-28T14:22:13.240+0000] {logging_mixin.py:190} INFO - [2024-11-28T14:22:13.240+0000] {override.py:1911} INFO - Created Permission View: menu access on DAG Run:dataset_with_extra_from_classic_operator
[2024-11-28T14:22:13.252+0000] {logging_mixin.py:190} INFO - [2024-11-28T14:22:13.251+0000] {override.py:1911} INFO - Created Permission View: can delete on DAG:dataset_with_extra_by_yield
[2024-11-28T14:22:13.258+0000] {logging_mixin.py:190} INFO - [2024-11-28T14:22:13.257+0000] {override.py:1911} INFO - Created Permission View: can read on DAG:dataset_with_extra_by_yield
[2024-11-28T14:22:13.263+0000] {logging_mixin.py:190} INFO - [2024-11-28T14:22:13.263+0000] {override.py:1911} INFO - Created Permission View: can edit on DAG:dataset_with_extra_by_yield
[2024-11-28T14:22:13.269+0000] {logging_mixin.py:190} INFO - [2024-11-28T14:22:13.269+0000] {override.py:1911} INFO - Created Permission View: can delete on DAG Run:dataset_with_extra_by_yield
[2024-11-28T14:22:13.275+0000] {logging_mixin.py:190} INFO - [2024-11-28T14:22:13.275+0000] {override.py:1911} INFO - Created Permission View: can read on DAG Run:dataset_with_extra_by_yield
[2024-11-28T14:22:13.281+0000] {logging_mixin.py:190} INFO - [2024-11-28T14:22:13.280+0000] {override.py:1911} INFO - Created Permission View: can create on DAG Run:dataset_with_extra_by_yield
[2024-11-28T14:22:13.287+0000] {logging_mixin.py:190} INFO - [2024-11-28T14:22:13.287+0000] {override.py:1911} INFO - Created Permission View: menu access on DAG Run:dataset_with_extra_by_yield
[2024-11-28T14:22:13.298+0000] {logging_mixin.py:190} INFO - [2024-11-28T14:22:13.297+0000] {override.py:1911} INFO - Created Permission View: can delete on DAG:dataset_with_extra_by_context
[2024-11-28T14:22:13.304+0000] {logging_mixin.py:190} INFO - [2024-11-28T14:22:13.304+0000] {override.py:1911} INFO - Created Permission View: can read on DAG:dataset_with_extra_by_context
[2024-11-28T14:22:13.309+0000] {logging_mixin.py:190} INFO - [2024-11-28T14:22:13.309+0000] {override.py:1911} INFO - Created Permission View: can edit on DAG:dataset_with_extra_by_context
[2024-11-28T14:22:13.317+0000] {logging_mixin.py:190} INFO - [2024-11-28T14:22:13.316+0000] {override.py:1911} INFO - Created Permission View: can delete on DAG Run:dataset_with_extra_by_context
[2024-11-28T14:22:13.322+0000] {logging_mixin.py:190} INFO - [2024-11-28T14:22:13.322+0000] {override.py:1911} INFO - Created Permission View: can read on DAG Run:dataset_with_extra_by_context
[2024-11-28T14:22:13.328+0000] {logging_mixin.py:190} INFO - [2024-11-28T14:22:13.328+0000] {override.py:1911} INFO - Created Permission View: can create on DAG Run:dataset_with_extra_by_context
[2024-11-28T14:22:13.334+0000] {logging_mixin.py:190} INFO - [2024-11-28T14:22:13.334+0000] {override.py:1911} INFO - Created Permission View: menu access on DAG Run:dataset_with_extra_by_context
[2024-11-28T14:22:13.335+0000] {logging_mixin.py:190} INFO - [2024-11-28T14:22:13.335+0000] {dag.py:3239} INFO - Sync 3 DAGs
[2024-11-28T14:22:13.348+0000] {logging_mixin.py:190} INFO - [2024-11-28T14:22:13.348+0000] {dag.py:3262} INFO - Creating ORM DAG for dataset_with_extra_by_yield
[2024-11-28T14:22:13.349+0000] {logging_mixin.py:190} INFO - [2024-11-28T14:22:13.349+0000] {dag.py:3262} INFO - Creating ORM DAG for dataset_with_extra_by_context
[2024-11-28T14:22:13.350+0000] {logging_mixin.py:190} INFO - [2024-11-28T14:22:13.350+0000] {dag.py:3262} INFO - Creating ORM DAG for dataset_with_extra_from_classic_operator
[2024-11-28T14:22:13.363+0000] {logging_mixin.py:190} INFO - [2024-11-28T14:22:13.362+0000] {dag.py:4180} INFO - Setting next_dagrun for dataset_with_extra_by_context to 2024-11-27 00:00:00+00:00, run_after=2024-11-28 00:00:00+00:00
[2024-11-28T14:22:13.365+0000] {logging_mixin.py:190} INFO - [2024-11-28T14:22:13.365+0000] {dag.py:4180} INFO - Setting next_dagrun for dataset_with_extra_by_yield to 2024-11-27 00:00:00+00:00, run_after=2024-11-28 00:00:00+00:00
[2024-11-28T14:22:13.367+0000] {logging_mixin.py:190} INFO - [2024-11-28T14:22:13.367+0000] {dag.py:4180} INFO - Setting next_dagrun for dataset_with_extra_from_classic_operator to 2024-11-27 00:00:00+00:00, run_after=2024-11-28 00:00:00+00:00
[2024-11-28T14:22:13.394+0000] {processor.py:208} INFO - Processing /home/airflow/.local/lib/python3.12/site-packages/airflow/example_dags/example_outlet_event_extra.py took 1.443 seconds
[2024-11-28T14:22:43.814+0000] {processor.py:186} INFO - Started process (PID=146) to work on /home/airflow/.local/lib/python3.12/site-packages/airflow/example_dags/example_outlet_event_extra.py
[2024-11-28T14:22:43.816+0000] {processor.py:914} INFO - Processing file /home/airflow/.local/lib/python3.12/site-packages/airflow/example_dags/example_outlet_event_extra.py for tasks to queue
[2024-11-28T14:22:43.818+0000] {logging_mixin.py:190} INFO - [2024-11-28T14:22:43.818+0000] {dagbag.py:588} INFO - Filling up the DagBag from /home/airflow/.local/lib/python3.12/site-packages/airflow/example_dags/example_outlet_event_extra.py
[2024-11-28T14:22:44.482+0000] {processor.py:925} INFO - DAG(s) 'dataset_with_extra_from_classic_operator', 'dataset_with_extra_by_context', 'dataset_with_extra_by_yield' retrieved from /home/airflow/.local/lib/python3.12/site-packages/airflow/example_dags/example_outlet_event_extra.py
[2024-11-28T14:22:44.500+0000] {logging_mixin.py:190} INFO - [2024-11-28T14:22:44.500+0000] {dag.py:3239} INFO - Sync 3 DAGs
[2024-11-28T14:22:44.523+0000] {logging_mixin.py:190} INFO - [2024-11-28T14:22:44.522+0000] {dag.py:4180} INFO - Setting next_dagrun for dataset_with_extra_by_context to 2024-11-27 00:00:00+00:00, run_after=2024-11-28 00:00:00+00:00
[2024-11-28T14:22:44.527+0000] {logging_mixin.py:190} INFO - [2024-11-28T14:22:44.527+0000] {dag.py:4180} INFO - Setting next_dagrun for dataset_with_extra_by_yield to 2024-11-27 00:00:00+00:00, run_after=2024-11-28 00:00:00+00:00
[2024-11-28T14:22:44.530+0000] {logging_mixin.py:190} INFO - [2024-11-28T14:22:44.530+0000] {dag.py:4180} INFO - Setting next_dagrun for dataset_with_extra_from_classic_operator to 2024-11-27 00:00:00+00:00, run_after=2024-11-28 00:00:00+00:00
[2024-11-28T14:22:44.546+0000] {processor.py:208} INFO - Processing /home/airflow/.local/lib/python3.12/site-packages/airflow/example_dags/example_outlet_event_extra.py took 0.737 seconds
[2024-11-28T14:23:14.641+0000] {processor.py:186} INFO - Started process (PID=209) to work on /home/airflow/.local/lib/python3.12/site-packages/airflow/example_dags/example_outlet_event_extra.py
[2024-11-28T14:23:14.642+0000] {processor.py:914} INFO - Processing file /home/airflow/.local/lib/python3.12/site-packages/airflow/example_dags/example_outlet_event_extra.py for tasks to queue
[2024-11-28T14:23:14.645+0000] {logging_mixin.py:190} INFO - [2024-11-28T14:23:14.645+0000] {dagbag.py:588} INFO - Filling up the DagBag from /home/airflow/.local/lib/python3.12/site-packages/airflow/example_dags/example_outlet_event_extra.py
[2024-11-28T14:23:15.150+0000] {processor.py:925} INFO - DAG(s) 'dataset_with_extra_by_yield', 'dataset_with_extra_from_classic_operator', 'dataset_with_extra_by_context' retrieved from /home/airflow/.local/lib/python3.12/site-packages/airflow/example_dags/example_outlet_event_extra.py
[2024-11-28T14:23:15.173+0000] {logging_mixin.py:190} INFO - [2024-11-28T14:23:15.173+0000] {dag.py:3239} INFO - Sync 3 DAGs
[2024-11-28T14:23:15.192+0000] {logging_mixin.py:190} INFO - [2024-11-28T14:23:15.191+0000] {dag.py:4180} INFO - Setting next_dagrun for dataset_with_extra_by_context to 2024-11-27 00:00:00+00:00, run_after=2024-11-28 00:00:00+00:00
[2024-11-28T14:23:15.196+0000] {logging_mixin.py:190} INFO - [2024-11-28T14:23:15.196+0000] {dag.py:4180} INFO - Setting next_dagrun for dataset_with_extra_by_yield to 2024-11-27 00:00:00+00:00, run_after=2024-11-28 00:00:00+00:00
[2024-11-28T14:23:15.198+0000] {logging_mixin.py:190} INFO - [2024-11-28T14:23:15.198+0000] {dag.py:4180} INFO - Setting next_dagrun for dataset_with_extra_from_classic_operator to 2024-11-27 00:00:00+00:00, run_after=2024-11-28 00:00:00+00:00
[2024-11-28T14:23:15.214+0000] {processor.py:208} INFO - Processing /home/airflow/.local/lib/python3.12/site-packages/airflow/example_dags/example_outlet_event_extra.py took 0.579 seconds
[2024-11-28T14:23:45.527+0000] {processor.py:186} INFO - Started process (PID=272) to work on /home/airflow/.local/lib/python3.12/site-packages/airflow/example_dags/example_outlet_event_extra.py
[2024-11-28T14:23:45.530+0000] {processor.py:914} INFO - Processing file /home/airflow/.local/lib/python3.12/site-packages/airflow/example_dags/example_outlet_event_extra.py for tasks to queue
[2024-11-28T14:23:45.538+0000] {logging_mixin.py:190} INFO - [2024-11-28T14:23:45.537+0000] {dagbag.py:588} INFO - Filling up the DagBag from /home/airflow/.local/lib/python3.12/site-packages/airflow/example_dags/example_outlet_event_extra.py
[2024-11-28T14:23:46.244+0000] {processor.py:925} INFO - DAG(s) 'dataset_with_extra_by_yield', 'dataset_with_extra_from_classic_operator', 'dataset_with_extra_by_context' retrieved from /home/airflow/.local/lib/python3.12/site-packages/airflow/example_dags/example_outlet_event_extra.py
[2024-11-28T14:23:46.289+0000] {logging_mixin.py:190} INFO - [2024-11-28T14:23:46.288+0000] {dag.py:3239} INFO - Sync 3 DAGs
[2024-11-28T14:23:46.330+0000] {logging_mixin.py:190} INFO - [2024-11-28T14:23:46.329+0000] {dag.py:4180} INFO - Setting next_dagrun for dataset_with_extra_by_context to 2024-11-27 00:00:00+00:00, run_after=2024-11-28 00:00:00+00:00
[2024-11-28T14:23:46.338+0000] {logging_mixin.py:190} INFO - [2024-11-28T14:23:46.337+0000] {dag.py:4180} INFO - Setting next_dagrun for dataset_with_extra_by_yield to 2024-11-27 00:00:00+00:00, run_after=2024-11-28 00:00:00+00:00
[2024-11-28T14:23:46.340+0000] {logging_mixin.py:190} INFO - [2024-11-28T14:23:46.340+0000] {dag.py:4180} INFO - Setting next_dagrun for dataset_with_extra_from_classic_operator to 2024-11-27 00:00:00+00:00, run_after=2024-11-28 00:00:00+00:00
[2024-11-28T14:23:46.398+0000] {processor.py:208} INFO - Processing /home/airflow/.local/lib/python3.12/site-packages/airflow/example_dags/example_outlet_event_extra.py took 0.880 seconds
[2024-11-28T14:24:17.581+0000] {processor.py:186} INFO - Started process (PID=335) to work on /home/airflow/.local/lib/python3.12/site-packages/airflow/example_dags/example_outlet_event_extra.py
[2024-11-28T14:24:17.583+0000] {processor.py:914} INFO - Processing file /home/airflow/.local/lib/python3.12/site-packages/airflow/example_dags/example_outlet_event_extra.py for tasks to queue
[2024-11-28T14:24:17.586+0000] {logging_mixin.py:190} INFO - [2024-11-28T14:24:17.585+0000] {dagbag.py:588} INFO - Filling up the DagBag from /home/airflow/.local/lib/python3.12/site-packages/airflow/example_dags/example_outlet_event_extra.py
[2024-11-28T14:24:18.931+0000] {processor.py:925} INFO - DAG(s) 'dataset_with_extra_from_classic_operator', 'dataset_with_extra_by_context', 'dataset_with_extra_by_yield' retrieved from /home/airflow/.local/lib/python3.12/site-packages/airflow/example_dags/example_outlet_event_extra.py
[2024-11-28T14:24:19.016+0000] {logging_mixin.py:190} INFO - [2024-11-28T14:24:19.015+0000] {dag.py:3239} INFO - Sync 3 DAGs
[2024-11-28T14:24:19.060+0000] {logging_mixin.py:190} INFO - [2024-11-28T14:24:19.059+0000] {dag.py:4180} INFO - Setting next_dagrun for dataset_with_extra_by_context to 2024-11-27 00:00:00+00:00, run_after=2024-11-28 00:00:00+00:00
[2024-11-28T14:24:19.068+0000] {logging_mixin.py:190} INFO - [2024-11-28T14:24:19.068+0000] {dag.py:4180} INFO - Setting next_dagrun for dataset_with_extra_by_yield to 2024-11-27 00:00:00+00:00, run_after=2024-11-28 00:00:00+00:00
[2024-11-28T14:24:19.072+0000] {logging_mixin.py:190} INFO - [2024-11-28T14:24:19.072+0000] {dag.py:4180} INFO - Setting next_dagrun for dataset_with_extra_from_classic_operator to 2024-11-27 00:00:00+00:00, run_after=2024-11-28 00:00:00+00:00
[2024-11-28T14:24:19.095+0000] {processor.py:208} INFO - Processing /home/airflow/.local/lib/python3.12/site-packages/airflow/example_dags/example_outlet_event_extra.py took 1.530 seconds
[2024-11-28T14:24:49.497+0000] {processor.py:186} INFO - Started process (PID=398) to work on /home/airflow/.local/lib/python3.12/site-packages/airflow/example_dags/example_outlet_event_extra.py
[2024-11-28T14:24:49.498+0000] {processor.py:914} INFO - Processing file /home/airflow/.local/lib/python3.12/site-packages/airflow/example_dags/example_outlet_event_extra.py for tasks to queue
[2024-11-28T14:24:49.502+0000] {logging_mixin.py:190} INFO - [2024-11-28T14:24:49.502+0000] {dagbag.py:588} INFO - Filling up the DagBag from /home/airflow/.local/lib/python3.12/site-packages/airflow/example_dags/example_outlet_event_extra.py
[2024-11-28T14:24:50.875+0000] {processor.py:925} INFO - DAG(s) 'dataset_with_extra_by_yield', 'dataset_with_extra_from_classic_operator', 'dataset_with_extra_by_context' retrieved from /home/airflow/.local/lib/python3.12/site-packages/airflow/example_dags/example_outlet_event_extra.py
[2024-11-28T14:24:50.909+0000] {logging_mixin.py:190} INFO - [2024-11-28T14:24:50.908+0000] {dag.py:3239} INFO - Sync 3 DAGs
[2024-11-28T14:24:50.940+0000] {logging_mixin.py:190} INFO - [2024-11-28T14:24:50.939+0000] {dag.py:4180} INFO - Setting next_dagrun for dataset_with_extra_by_context to 2024-11-27 00:00:00+00:00, run_after=2024-11-28 00:00:00+00:00
[2024-11-28T14:24:50.946+0000] {logging_mixin.py:190} INFO - [2024-11-28T14:24:50.946+0000] {dag.py:4180} INFO - Setting next_dagrun for dataset_with_extra_by_yield to 2024-11-27 00:00:00+00:00, run_after=2024-11-28 00:00:00+00:00
[2024-11-28T14:24:50.950+0000] {logging_mixin.py:190} INFO - [2024-11-28T14:24:50.949+0000] {dag.py:4180} INFO - Setting next_dagrun for dataset_with_extra_from_classic_operator to 2024-11-27 00:00:00+00:00, run_after=2024-11-28 00:00:00+00:00
[2024-11-28T14:24:50.975+0000] {processor.py:208} INFO - Processing /home/airflow/.local/lib/python3.12/site-packages/airflow/example_dags/example_outlet_event_extra.py took 1.490 seconds
