[2024-11-28T14:22:05.516+0000] {processor.py:186} INFO - Started process (PID=71) to work on /home/airflow/.local/lib/python3.12/site-packages/airflow/example_dags/example_dataset_alias_with_no_taskflow.py
[2024-11-28T14:22:05.518+0000] {processor.py:914} INFO - Processing file /home/airflow/.local/lib/python3.12/site-packages/airflow/example_dags/example_dataset_alias_with_no_taskflow.py for tasks to queue
[2024-11-28T14:22:05.525+0000] {logging_mixin.py:190} INFO - [2024-11-28T14:22:05.524+0000] {dagbag.py:588} INFO - Filling up the DagBag from /home/airflow/.local/lib/python3.12/site-packages/airflow/example_dags/example_dataset_alias_with_no_taskflow.py
[2024-11-28T14:22:10.419+0000] {processor.py:925} INFO - DAG(s) 'dataset_alias_example_alias_producer_with_no_taskflow', 'dataset_s3_bucket_consumer_with_no_taskflow', 'dataset_s3_bucket_producer_with_no_taskflow', 'dataset_alias_example_alias_consumer_with_no_taskflow' retrieved from /home/airflow/.local/lib/python3.12/site-packages/airflow/example_dags/example_dataset_alias_with_no_taskflow.py
[2024-11-28T14:22:10.595+0000] {logging_mixin.py:190} INFO - [2024-11-28T14:22:10.594+0000] {override.py:1911} INFO - Created Permission View: can delete on DAG:dataset_alias_example_alias_producer_with_no_taskflow
[2024-11-28T14:22:10.614+0000] {logging_mixin.py:190} INFO - [2024-11-28T14:22:10.614+0000] {override.py:1911} INFO - Created Permission View: can read on DAG:dataset_alias_example_alias_producer_with_no_taskflow
[2024-11-28T14:22:10.628+0000] {logging_mixin.py:190} INFO - [2024-11-28T14:22:10.628+0000] {override.py:1911} INFO - Created Permission View: can edit on DAG:dataset_alias_example_alias_producer_with_no_taskflow
[2024-11-28T14:22:10.657+0000] {logging_mixin.py:190} INFO - [2024-11-28T14:22:10.656+0000] {override.py:1911} INFO - Created Permission View: can delete on DAG Run:dataset_alias_example_alias_producer_with_no_taskflow
[2024-11-28T14:22:10.675+0000] {logging_mixin.py:190} INFO - [2024-11-28T14:22:10.674+0000] {override.py:1911} INFO - Created Permission View: can read on DAG Run:dataset_alias_example_alias_producer_with_no_taskflow
[2024-11-28T14:22:10.689+0000] {logging_mixin.py:190} INFO - [2024-11-28T14:22:10.689+0000] {override.py:1911} INFO - Created Permission View: can create on DAG Run:dataset_alias_example_alias_producer_with_no_taskflow
[2024-11-28T14:22:10.700+0000] {logging_mixin.py:190} INFO - [2024-11-28T14:22:10.699+0000] {override.py:1911} INFO - Created Permission View: menu access on DAG Run:dataset_alias_example_alias_producer_with_no_taskflow
[2024-11-28T14:22:10.735+0000] {logging_mixin.py:190} INFO - [2024-11-28T14:22:10.734+0000] {override.py:1911} INFO - Created Permission View: can delete on DAG:dataset_s3_bucket_consumer_with_no_taskflow
[2024-11-28T14:22:10.746+0000] {logging_mixin.py:190} INFO - [2024-11-28T14:22:10.745+0000] {override.py:1911} INFO - Created Permission View: can read on DAG:dataset_s3_bucket_consumer_with_no_taskflow
[2024-11-28T14:22:10.756+0000] {logging_mixin.py:190} INFO - [2024-11-28T14:22:10.756+0000] {override.py:1911} INFO - Created Permission View: can edit on DAG:dataset_s3_bucket_consumer_with_no_taskflow
[2024-11-28T14:22:10.763+0000] {logging_mixin.py:190} INFO - [2024-11-28T14:22:10.763+0000] {override.py:1911} INFO - Created Permission View: can delete on DAG Run:dataset_s3_bucket_consumer_with_no_taskflow
[2024-11-28T14:22:10.772+0000] {logging_mixin.py:190} INFO - [2024-11-28T14:22:10.771+0000] {override.py:1911} INFO - Created Permission View: can read on DAG Run:dataset_s3_bucket_consumer_with_no_taskflow
[2024-11-28T14:22:10.779+0000] {logging_mixin.py:190} INFO - [2024-11-28T14:22:10.779+0000] {override.py:1911} INFO - Created Permission View: can create on DAG Run:dataset_s3_bucket_consumer_with_no_taskflow
[2024-11-28T14:22:10.787+0000] {logging_mixin.py:190} INFO - [2024-11-28T14:22:10.787+0000] {override.py:1911} INFO - Created Permission View: menu access on DAG Run:dataset_s3_bucket_consumer_with_no_taskflow
[2024-11-28T14:22:10.801+0000] {logging_mixin.py:190} INFO - [2024-11-28T14:22:10.800+0000] {override.py:1911} INFO - Created Permission View: can delete on DAG:dataset_s3_bucket_producer_with_no_taskflow
[2024-11-28T14:22:10.810+0000] {logging_mixin.py:190} INFO - [2024-11-28T14:22:10.810+0000] {override.py:1911} INFO - Created Permission View: can read on DAG:dataset_s3_bucket_producer_with_no_taskflow
[2024-11-28T14:22:10.817+0000] {logging_mixin.py:190} INFO - [2024-11-28T14:22:10.817+0000] {override.py:1911} INFO - Created Permission View: can edit on DAG:dataset_s3_bucket_producer_with_no_taskflow
[2024-11-28T14:22:10.832+0000] {logging_mixin.py:190} INFO - [2024-11-28T14:22:10.832+0000] {override.py:1911} INFO - Created Permission View: can delete on DAG Run:dataset_s3_bucket_producer_with_no_taskflow
[2024-11-28T14:22:10.850+0000] {logging_mixin.py:190} INFO - [2024-11-28T14:22:10.849+0000] {override.py:1911} INFO - Created Permission View: can read on DAG Run:dataset_s3_bucket_producer_with_no_taskflow
[2024-11-28T14:22:10.864+0000] {logging_mixin.py:190} INFO - [2024-11-28T14:22:10.864+0000] {override.py:1911} INFO - Created Permission View: can create on DAG Run:dataset_s3_bucket_producer_with_no_taskflow
[2024-11-28T14:22:10.871+0000] {logging_mixin.py:190} INFO - [2024-11-28T14:22:10.871+0000] {override.py:1911} INFO - Created Permission View: menu access on DAG Run:dataset_s3_bucket_producer_with_no_taskflow
[2024-11-28T14:22:10.885+0000] {logging_mixin.py:190} INFO - [2024-11-28T14:22:10.885+0000] {override.py:1911} INFO - Created Permission View: can delete on DAG:dataset_alias_example_alias_consumer_with_no_taskflow
[2024-11-28T14:22:10.891+0000] {logging_mixin.py:190} INFO - [2024-11-28T14:22:10.891+0000] {override.py:1911} INFO - Created Permission View: can read on DAG:dataset_alias_example_alias_consumer_with_no_taskflow
[2024-11-28T14:22:10.897+0000] {logging_mixin.py:190} INFO - [2024-11-28T14:22:10.897+0000] {override.py:1911} INFO - Created Permission View: can edit on DAG:dataset_alias_example_alias_consumer_with_no_taskflow
[2024-11-28T14:22:10.903+0000] {logging_mixin.py:190} INFO - [2024-11-28T14:22:10.903+0000] {override.py:1911} INFO - Created Permission View: can delete on DAG Run:dataset_alias_example_alias_consumer_with_no_taskflow
[2024-11-28T14:22:10.910+0000] {logging_mixin.py:190} INFO - [2024-11-28T14:22:10.910+0000] {override.py:1911} INFO - Created Permission View: can read on DAG Run:dataset_alias_example_alias_consumer_with_no_taskflow
[2024-11-28T14:22:10.915+0000] {logging_mixin.py:190} INFO - [2024-11-28T14:22:10.915+0000] {override.py:1911} INFO - Created Permission View: can create on DAG Run:dataset_alias_example_alias_consumer_with_no_taskflow
[2024-11-28T14:22:10.921+0000] {logging_mixin.py:190} INFO - [2024-11-28T14:22:10.921+0000] {override.py:1911} INFO - Created Permission View: menu access on DAG Run:dataset_alias_example_alias_consumer_with_no_taskflow
[2024-11-28T14:22:10.922+0000] {logging_mixin.py:190} INFO - [2024-11-28T14:22:10.921+0000] {dag.py:3239} INFO - Sync 4 DAGs
[2024-11-28T14:22:10.934+0000] {logging_mixin.py:190} INFO - [2024-11-28T14:22:10.934+0000] {dag.py:3262} INFO - Creating ORM DAG for dataset_s3_bucket_producer_with_no_taskflow
[2024-11-28T14:22:10.935+0000] {logging_mixin.py:190} INFO - [2024-11-28T14:22:10.935+0000] {dag.py:3262} INFO - Creating ORM DAG for dataset_alias_example_alias_consumer_with_no_taskflow
[2024-11-28T14:22:10.936+0000] {logging_mixin.py:190} INFO - [2024-11-28T14:22:10.936+0000] {dag.py:3262} INFO - Creating ORM DAG for dataset_alias_example_alias_producer_with_no_taskflow
[2024-11-28T14:22:10.936+0000] {logging_mixin.py:190} INFO - [2024-11-28T14:22:10.936+0000] {dag.py:3262} INFO - Creating ORM DAG for dataset_s3_bucket_consumer_with_no_taskflow
[2024-11-28T14:22:10.947+0000] {logging_mixin.py:190} INFO - [2024-11-28T14:22:10.947+0000] {dag.py:4180} INFO - Setting next_dagrun for dataset_alias_example_alias_consumer_with_no_taskflow to None, run_after=None
[2024-11-28T14:22:10.948+0000] {logging_mixin.py:190} INFO - [2024-11-28T14:22:10.948+0000] {dag.py:4180} INFO - Setting next_dagrun for dataset_alias_example_alias_producer_with_no_taskflow to None, run_after=None
[2024-11-28T14:22:10.949+0000] {logging_mixin.py:190} INFO - [2024-11-28T14:22:10.948+0000] {dag.py:4180} INFO - Setting next_dagrun for dataset_s3_bucket_consumer_with_no_taskflow to None, run_after=None
[2024-11-28T14:22:10.949+0000] {logging_mixin.py:190} INFO - [2024-11-28T14:22:10.949+0000] {dag.py:4180} INFO - Setting next_dagrun for dataset_s3_bucket_producer_with_no_taskflow to None, run_after=None
[2024-11-28T14:22:10.974+0000] {processor.py:208} INFO - Processing /home/airflow/.local/lib/python3.12/site-packages/airflow/example_dags/example_dataset_alias_with_no_taskflow.py took 5.495 seconds
[2024-11-28T14:22:41.082+0000] {processor.py:186} INFO - Started process (PID=140) to work on /home/airflow/.local/lib/python3.12/site-packages/airflow/example_dags/example_dataset_alias_with_no_taskflow.py
[2024-11-28T14:22:41.083+0000] {processor.py:914} INFO - Processing file /home/airflow/.local/lib/python3.12/site-packages/airflow/example_dags/example_dataset_alias_with_no_taskflow.py for tasks to queue
[2024-11-28T14:22:41.086+0000] {logging_mixin.py:190} INFO - [2024-11-28T14:22:41.085+0000] {dagbag.py:588} INFO - Filling up the DagBag from /home/airflow/.local/lib/python3.12/site-packages/airflow/example_dags/example_dataset_alias_with_no_taskflow.py
[2024-11-28T14:22:41.868+0000] {processor.py:925} INFO - DAG(s) 'dataset_alias_example_alias_producer_with_no_taskflow', 'dataset_alias_example_alias_consumer_with_no_taskflow', 'dataset_s3_bucket_consumer_with_no_taskflow', 'dataset_s3_bucket_producer_with_no_taskflow' retrieved from /home/airflow/.local/lib/python3.12/site-packages/airflow/example_dags/example_dataset_alias_with_no_taskflow.py
[2024-11-28T14:22:41.897+0000] {logging_mixin.py:190} INFO - [2024-11-28T14:22:41.896+0000] {dag.py:3239} INFO - Sync 4 DAGs
[2024-11-28T14:22:41.934+0000] {logging_mixin.py:190} INFO - [2024-11-28T14:22:41.933+0000] {dag.py:4180} INFO - Setting next_dagrun for dataset_alias_example_alias_consumer_with_no_taskflow to None, run_after=None
[2024-11-28T14:22:41.936+0000] {logging_mixin.py:190} INFO - [2024-11-28T14:22:41.936+0000] {dag.py:4180} INFO - Setting next_dagrun for dataset_alias_example_alias_producer_with_no_taskflow to None, run_after=None
[2024-11-28T14:22:41.938+0000] {logging_mixin.py:190} INFO - [2024-11-28T14:22:41.938+0000] {dag.py:4180} INFO - Setting next_dagrun for dataset_s3_bucket_consumer_with_no_taskflow to None, run_after=None
[2024-11-28T14:22:41.939+0000] {logging_mixin.py:190} INFO - [2024-11-28T14:22:41.939+0000] {dag.py:4180} INFO - Setting next_dagrun for dataset_s3_bucket_producer_with_no_taskflow to None, run_after=None
[2024-11-28T14:22:41.960+0000] {processor.py:208} INFO - Processing /home/airflow/.local/lib/python3.12/site-packages/airflow/example_dags/example_dataset_alias_with_no_taskflow.py took 0.883 seconds
[2024-11-28T14:23:12.858+0000] {processor.py:186} INFO - Started process (PID=203) to work on /home/airflow/.local/lib/python3.12/site-packages/airflow/example_dags/example_dataset_alias_with_no_taskflow.py
[2024-11-28T14:23:12.861+0000] {processor.py:914} INFO - Processing file /home/airflow/.local/lib/python3.12/site-packages/airflow/example_dags/example_dataset_alias_with_no_taskflow.py for tasks to queue
[2024-11-28T14:23:12.863+0000] {logging_mixin.py:190} INFO - [2024-11-28T14:23:12.863+0000] {dagbag.py:588} INFO - Filling up the DagBag from /home/airflow/.local/lib/python3.12/site-packages/airflow/example_dags/example_dataset_alias_with_no_taskflow.py
[2024-11-28T14:23:13.539+0000] {processor.py:925} INFO - DAG(s) 'dataset_s3_bucket_consumer_with_no_taskflow', 'dataset_alias_example_alias_producer_with_no_taskflow', 'dataset_alias_example_alias_consumer_with_no_taskflow', 'dataset_s3_bucket_producer_with_no_taskflow' retrieved from /home/airflow/.local/lib/python3.12/site-packages/airflow/example_dags/example_dataset_alias_with_no_taskflow.py
[2024-11-28T14:23:13.556+0000] {logging_mixin.py:190} INFO - [2024-11-28T14:23:13.555+0000] {dag.py:3239} INFO - Sync 4 DAGs
[2024-11-28T14:23:13.574+0000] {logging_mixin.py:190} INFO - [2024-11-28T14:23:13.573+0000] {dag.py:4180} INFO - Setting next_dagrun for dataset_alias_example_alias_consumer_with_no_taskflow to None, run_after=None
[2024-11-28T14:23:13.576+0000] {logging_mixin.py:190} INFO - [2024-11-28T14:23:13.575+0000] {dag.py:4180} INFO - Setting next_dagrun for dataset_alias_example_alias_producer_with_no_taskflow to None, run_after=None
[2024-11-28T14:23:13.577+0000] {logging_mixin.py:190} INFO - [2024-11-28T14:23:13.576+0000] {dag.py:4180} INFO - Setting next_dagrun for dataset_s3_bucket_consumer_with_no_taskflow to None, run_after=None
[2024-11-28T14:23:13.577+0000] {logging_mixin.py:190} INFO - [2024-11-28T14:23:13.577+0000] {dag.py:4180} INFO - Setting next_dagrun for dataset_s3_bucket_producer_with_no_taskflow to None, run_after=None
[2024-11-28T14:23:13.591+0000] {processor.py:208} INFO - Processing /home/airflow/.local/lib/python3.12/site-packages/airflow/example_dags/example_dataset_alias_with_no_taskflow.py took 0.737 seconds
[2024-11-28T14:23:43.696+0000] {processor.py:186} INFO - Started process (PID=266) to work on /home/airflow/.local/lib/python3.12/site-packages/airflow/example_dags/example_dataset_alias_with_no_taskflow.py
[2024-11-28T14:23:43.698+0000] {processor.py:914} INFO - Processing file /home/airflow/.local/lib/python3.12/site-packages/airflow/example_dags/example_dataset_alias_with_no_taskflow.py for tasks to queue
[2024-11-28T14:23:43.700+0000] {logging_mixin.py:190} INFO - [2024-11-28T14:23:43.700+0000] {dagbag.py:588} INFO - Filling up the DagBag from /home/airflow/.local/lib/python3.12/site-packages/airflow/example_dags/example_dataset_alias_with_no_taskflow.py
[2024-11-28T14:23:44.426+0000] {processor.py:925} INFO - DAG(s) 'dataset_alias_example_alias_consumer_with_no_taskflow', 'dataset_s3_bucket_producer_with_no_taskflow', 'dataset_alias_example_alias_producer_with_no_taskflow', 'dataset_s3_bucket_consumer_with_no_taskflow' retrieved from /home/airflow/.local/lib/python3.12/site-packages/airflow/example_dags/example_dataset_alias_with_no_taskflow.py
[2024-11-28T14:23:44.439+0000] {logging_mixin.py:190} INFO - [2024-11-28T14:23:44.439+0000] {dag.py:3239} INFO - Sync 4 DAGs
[2024-11-28T14:23:44.459+0000] {logging_mixin.py:190} INFO - [2024-11-28T14:23:44.459+0000] {dag.py:4180} INFO - Setting next_dagrun for dataset_alias_example_alias_consumer_with_no_taskflow to None, run_after=None
[2024-11-28T14:23:44.460+0000] {logging_mixin.py:190} INFO - [2024-11-28T14:23:44.460+0000] {dag.py:4180} INFO - Setting next_dagrun for dataset_alias_example_alias_producer_with_no_taskflow to None, run_after=None
[2024-11-28T14:23:44.461+0000] {logging_mixin.py:190} INFO - [2024-11-28T14:23:44.461+0000] {dag.py:4180} INFO - Setting next_dagrun for dataset_s3_bucket_consumer_with_no_taskflow to None, run_after=None
[2024-11-28T14:23:44.462+0000] {logging_mixin.py:190} INFO - [2024-11-28T14:23:44.462+0000] {dag.py:4180} INFO - Setting next_dagrun for dataset_s3_bucket_producer_with_no_taskflow to None, run_after=None
[2024-11-28T14:23:44.474+0000] {processor.py:208} INFO - Processing /home/airflow/.local/lib/python3.12/site-packages/airflow/example_dags/example_dataset_alias_with_no_taskflow.py took 0.786 seconds
[2024-11-28T14:24:15.196+0000] {processor.py:186} INFO - Started process (PID=333) to work on /home/airflow/.local/lib/python3.12/site-packages/airflow/example_dags/example_dataset_alias_with_no_taskflow.py
[2024-11-28T14:24:15.197+0000] {processor.py:914} INFO - Processing file /home/airflow/.local/lib/python3.12/site-packages/airflow/example_dags/example_dataset_alias_with_no_taskflow.py for tasks to queue
[2024-11-28T14:24:15.199+0000] {logging_mixin.py:190} INFO - [2024-11-28T14:24:15.199+0000] {dagbag.py:588} INFO - Filling up the DagBag from /home/airflow/.local/lib/python3.12/site-packages/airflow/example_dags/example_dataset_alias_with_no_taskflow.py
[2024-11-28T14:24:17.299+0000] {processor.py:925} INFO - DAG(s) 'dataset_s3_bucket_consumer_with_no_taskflow', 'dataset_alias_example_alias_producer_with_no_taskflow', 'dataset_s3_bucket_producer_with_no_taskflow', 'dataset_alias_example_alias_consumer_with_no_taskflow' retrieved from /home/airflow/.local/lib/python3.12/site-packages/airflow/example_dags/example_dataset_alias_with_no_taskflow.py
[2024-11-28T14:24:17.354+0000] {logging_mixin.py:190} INFO - [2024-11-28T14:24:17.353+0000] {dag.py:3239} INFO - Sync 4 DAGs
[2024-11-28T14:24:17.422+0000] {logging_mixin.py:190} INFO - [2024-11-28T14:24:17.422+0000] {dag.py:4180} INFO - Setting next_dagrun for dataset_alias_example_alias_consumer_with_no_taskflow to None, run_after=None
[2024-11-28T14:24:17.427+0000] {logging_mixin.py:190} INFO - [2024-11-28T14:24:17.427+0000] {dag.py:4180} INFO - Setting next_dagrun for dataset_alias_example_alias_producer_with_no_taskflow to None, run_after=None
[2024-11-28T14:24:17.430+0000] {logging_mixin.py:190} INFO - [2024-11-28T14:24:17.429+0000] {dag.py:4180} INFO - Setting next_dagrun for dataset_s3_bucket_consumer_with_no_taskflow to None, run_after=None
[2024-11-28T14:24:17.432+0000] {logging_mixin.py:190} INFO - [2024-11-28T14:24:17.431+0000] {dag.py:4180} INFO - Setting next_dagrun for dataset_s3_bucket_producer_with_no_taskflow to None, run_after=None
[2024-11-28T14:24:17.504+0000] {processor.py:208} INFO - Processing /home/airflow/.local/lib/python3.12/site-packages/airflow/example_dags/example_dataset_alias_with_no_taskflow.py took 2.319 seconds
[2024-11-28T14:24:47.785+0000] {processor.py:186} INFO - Started process (PID=396) to work on /home/airflow/.local/lib/python3.12/site-packages/airflow/example_dags/example_dataset_alias_with_no_taskflow.py
[2024-11-28T14:24:47.786+0000] {processor.py:914} INFO - Processing file /home/airflow/.local/lib/python3.12/site-packages/airflow/example_dags/example_dataset_alias_with_no_taskflow.py for tasks to queue
[2024-11-28T14:24:47.794+0000] {logging_mixin.py:190} INFO - [2024-11-28T14:24:47.794+0000] {dagbag.py:588} INFO - Filling up the DagBag from /home/airflow/.local/lib/python3.12/site-packages/airflow/example_dags/example_dataset_alias_with_no_taskflow.py
[2024-11-28T14:24:48.384+0000] {processor.py:925} INFO - DAG(s) 'dataset_alias_example_alias_consumer_with_no_taskflow', 'dataset_alias_example_alias_producer_with_no_taskflow', 'dataset_s3_bucket_producer_with_no_taskflow', 'dataset_s3_bucket_consumer_with_no_taskflow' retrieved from /home/airflow/.local/lib/python3.12/site-packages/airflow/example_dags/example_dataset_alias_with_no_taskflow.py
[2024-11-28T14:24:48.398+0000] {logging_mixin.py:190} INFO - [2024-11-28T14:24:48.397+0000] {dag.py:3239} INFO - Sync 4 DAGs
[2024-11-28T14:24:48.413+0000] {logging_mixin.py:190} INFO - [2024-11-28T14:24:48.413+0000] {dag.py:4180} INFO - Setting next_dagrun for dataset_alias_example_alias_consumer_with_no_taskflow to None, run_after=None
[2024-11-28T14:24:48.415+0000] {logging_mixin.py:190} INFO - [2024-11-28T14:24:48.415+0000] {dag.py:4180} INFO - Setting next_dagrun for dataset_alias_example_alias_producer_with_no_taskflow to None, run_after=None
[2024-11-28T14:24:48.417+0000] {logging_mixin.py:190} INFO - [2024-11-28T14:24:48.417+0000] {dag.py:4180} INFO - Setting next_dagrun for dataset_s3_bucket_consumer_with_no_taskflow to None, run_after=None
[2024-11-28T14:24:48.418+0000] {logging_mixin.py:190} INFO - [2024-11-28T14:24:48.418+0000] {dag.py:4180} INFO - Setting next_dagrun for dataset_s3_bucket_producer_with_no_taskflow to None, run_after=None
[2024-11-28T14:24:48.431+0000] {processor.py:208} INFO - Processing /home/airflow/.local/lib/python3.12/site-packages/airflow/example_dags/example_dataset_alias_with_no_taskflow.py took 0.655 seconds
