[2024-11-28T14:22:14.394+0000] {processor.py:186} INFO - Started process (PID=95) to work on /home/airflow/.local/lib/python3.12/site-packages/airflow/example_dags/example_dataset_alias.py
[2024-11-28T14:22:14.395+0000] {processor.py:914} INFO - Processing file /home/airflow/.local/lib/python3.12/site-packages/airflow/example_dags/example_dataset_alias.py for tasks to queue
[2024-11-28T14:22:14.396+0000] {logging_mixin.py:190} INFO - [2024-11-28T14:22:14.396+0000] {dagbag.py:588} INFO - Filling up the DagBag from /home/airflow/.local/lib/python3.12/site-packages/airflow/example_dags/example_dataset_alias.py
[2024-11-28T14:22:15.067+0000] {processor.py:925} INFO - DAG(s) 'dataset_alias_example_alias_consumer', 'dataset_s3_bucket_consumer', 'dataset_s3_bucket_producer', 'dataset_alias_example_alias_producer' retrieved from /home/airflow/.local/lib/python3.12/site-packages/airflow/example_dags/example_dataset_alias.py
[2024-11-28T14:22:15.136+0000] {logging_mixin.py:190} INFO - [2024-11-28T14:22:15.135+0000] {override.py:1911} INFO - Created Permission View: can delete on DAG:dataset_alias_example_alias_consumer
[2024-11-28T14:22:15.146+0000] {logging_mixin.py:190} INFO - [2024-11-28T14:22:15.146+0000] {override.py:1911} INFO - Created Permission View: can read on DAG:dataset_alias_example_alias_consumer
[2024-11-28T14:22:15.150+0000] {logging_mixin.py:190} INFO - [2024-11-28T14:22:15.150+0000] {override.py:1911} INFO - Created Permission View: can edit on DAG:dataset_alias_example_alias_consumer
[2024-11-28T14:22:15.154+0000] {logging_mixin.py:190} INFO - [2024-11-28T14:22:15.153+0000] {override.py:1911} INFO - Created Permission View: can delete on DAG Run:dataset_alias_example_alias_consumer
[2024-11-28T14:22:15.157+0000] {logging_mixin.py:190} INFO - [2024-11-28T14:22:15.157+0000] {override.py:1911} INFO - Created Permission View: can read on DAG Run:dataset_alias_example_alias_consumer
[2024-11-28T14:22:15.160+0000] {logging_mixin.py:190} INFO - [2024-11-28T14:22:15.160+0000] {override.py:1911} INFO - Created Permission View: can create on DAG Run:dataset_alias_example_alias_consumer
[2024-11-28T14:22:15.164+0000] {logging_mixin.py:190} INFO - [2024-11-28T14:22:15.163+0000] {override.py:1911} INFO - Created Permission View: menu access on DAG Run:dataset_alias_example_alias_consumer
[2024-11-28T14:22:15.171+0000] {logging_mixin.py:190} INFO - [2024-11-28T14:22:15.170+0000] {override.py:1911} INFO - Created Permission View: can delete on DAG:dataset_s3_bucket_consumer
[2024-11-28T14:22:15.175+0000] {logging_mixin.py:190} INFO - [2024-11-28T14:22:15.175+0000] {override.py:1911} INFO - Created Permission View: can read on DAG:dataset_s3_bucket_consumer
[2024-11-28T14:22:15.179+0000] {logging_mixin.py:190} INFO - [2024-11-28T14:22:15.179+0000] {override.py:1911} INFO - Created Permission View: can edit on DAG:dataset_s3_bucket_consumer
[2024-11-28T14:22:15.184+0000] {logging_mixin.py:190} INFO - [2024-11-28T14:22:15.184+0000] {override.py:1911} INFO - Created Permission View: can delete on DAG Run:dataset_s3_bucket_consumer
[2024-11-28T14:22:15.190+0000] {logging_mixin.py:190} INFO - [2024-11-28T14:22:15.190+0000] {override.py:1911} INFO - Created Permission View: can read on DAG Run:dataset_s3_bucket_consumer
[2024-11-28T14:22:15.195+0000] {logging_mixin.py:190} INFO - [2024-11-28T14:22:15.195+0000] {override.py:1911} INFO - Created Permission View: can create on DAG Run:dataset_s3_bucket_consumer
[2024-11-28T14:22:15.199+0000] {logging_mixin.py:190} INFO - [2024-11-28T14:22:15.199+0000] {override.py:1911} INFO - Created Permission View: menu access on DAG Run:dataset_s3_bucket_consumer
[2024-11-28T14:22:15.207+0000] {logging_mixin.py:190} INFO - [2024-11-28T14:22:15.207+0000] {override.py:1911} INFO - Created Permission View: can delete on DAG:dataset_s3_bucket_producer
[2024-11-28T14:22:15.212+0000] {logging_mixin.py:190} INFO - [2024-11-28T14:22:15.212+0000] {override.py:1911} INFO - Created Permission View: can read on DAG:dataset_s3_bucket_producer
[2024-11-28T14:22:15.217+0000] {logging_mixin.py:190} INFO - [2024-11-28T14:22:15.216+0000] {override.py:1911} INFO - Created Permission View: can edit on DAG:dataset_s3_bucket_producer
[2024-11-28T14:22:15.222+0000] {logging_mixin.py:190} INFO - [2024-11-28T14:22:15.222+0000] {override.py:1911} INFO - Created Permission View: can delete on DAG Run:dataset_s3_bucket_producer
[2024-11-28T14:22:15.226+0000] {logging_mixin.py:190} INFO - [2024-11-28T14:22:15.226+0000] {override.py:1911} INFO - Created Permission View: can read on DAG Run:dataset_s3_bucket_producer
[2024-11-28T14:22:15.231+0000] {logging_mixin.py:190} INFO - [2024-11-28T14:22:15.231+0000] {override.py:1911} INFO - Created Permission View: can create on DAG Run:dataset_s3_bucket_producer
[2024-11-28T14:22:15.235+0000] {logging_mixin.py:190} INFO - [2024-11-28T14:22:15.235+0000] {override.py:1911} INFO - Created Permission View: menu access on DAG Run:dataset_s3_bucket_producer
[2024-11-28T14:22:15.245+0000] {logging_mixin.py:190} INFO - [2024-11-28T14:22:15.245+0000] {override.py:1911} INFO - Created Permission View: can delete on DAG:dataset_alias_example_alias_producer
[2024-11-28T14:22:15.253+0000] {logging_mixin.py:190} INFO - [2024-11-28T14:22:15.253+0000] {override.py:1911} INFO - Created Permission View: can read on DAG:dataset_alias_example_alias_producer
[2024-11-28T14:22:15.258+0000] {logging_mixin.py:190} INFO - [2024-11-28T14:22:15.258+0000] {override.py:1911} INFO - Created Permission View: can edit on DAG:dataset_alias_example_alias_producer
[2024-11-28T14:22:15.265+0000] {logging_mixin.py:190} INFO - [2024-11-28T14:22:15.264+0000] {override.py:1911} INFO - Created Permission View: can delete on DAG Run:dataset_alias_example_alias_producer
[2024-11-28T14:22:15.270+0000] {logging_mixin.py:190} INFO - [2024-11-28T14:22:15.269+0000] {override.py:1911} INFO - Created Permission View: can read on DAG Run:dataset_alias_example_alias_producer
[2024-11-28T14:22:15.273+0000] {logging_mixin.py:190} INFO - [2024-11-28T14:22:15.273+0000] {override.py:1911} INFO - Created Permission View: can create on DAG Run:dataset_alias_example_alias_producer
[2024-11-28T14:22:15.277+0000] {logging_mixin.py:190} INFO - [2024-11-28T14:22:15.277+0000] {override.py:1911} INFO - Created Permission View: menu access on DAG Run:dataset_alias_example_alias_producer
[2024-11-28T14:22:15.278+0000] {logging_mixin.py:190} INFO - [2024-11-28T14:22:15.277+0000] {dag.py:3239} INFO - Sync 4 DAGs
[2024-11-28T14:22:15.288+0000] {logging_mixin.py:190} INFO - [2024-11-28T14:22:15.288+0000] {dag.py:3262} INFO - Creating ORM DAG for dataset_alias_example_alias_consumer
[2024-11-28T14:22:15.289+0000] {logging_mixin.py:190} INFO - [2024-11-28T14:22:15.289+0000] {dag.py:3262} INFO - Creating ORM DAG for dataset_alias_example_alias_producer
[2024-11-28T14:22:15.290+0000] {logging_mixin.py:190} INFO - [2024-11-28T14:22:15.289+0000] {dag.py:3262} INFO - Creating ORM DAG for dataset_s3_bucket_consumer
[2024-11-28T14:22:15.290+0000] {logging_mixin.py:190} INFO - [2024-11-28T14:22:15.290+0000] {dag.py:3262} INFO - Creating ORM DAG for dataset_s3_bucket_producer
[2024-11-28T14:22:15.298+0000] {logging_mixin.py:190} INFO - [2024-11-28T14:22:15.297+0000] {dag.py:4180} INFO - Setting next_dagrun for dataset_alias_example_alias_consumer to None, run_after=None
[2024-11-28T14:22:15.298+0000] {logging_mixin.py:190} INFO - [2024-11-28T14:22:15.298+0000] {dag.py:4180} INFO - Setting next_dagrun for dataset_alias_example_alias_producer to None, run_after=None
[2024-11-28T14:22:15.299+0000] {logging_mixin.py:190} INFO - [2024-11-28T14:22:15.299+0000] {dag.py:4180} INFO - Setting next_dagrun for dataset_s3_bucket_consumer to None, run_after=None
[2024-11-28T14:22:15.299+0000] {logging_mixin.py:190} INFO - [2024-11-28T14:22:15.299+0000] {dag.py:4180} INFO - Setting next_dagrun for dataset_s3_bucket_producer to None, run_after=None
[2024-11-28T14:22:15.323+0000] {processor.py:208} INFO - Processing /home/airflow/.local/lib/python3.12/site-packages/airflow/example_dags/example_dataset_alias.py took 0.934 seconds
[2024-11-28T14:22:45.691+0000] {processor.py:186} INFO - Started process (PID=157) to work on /home/airflow/.local/lib/python3.12/site-packages/airflow/example_dags/example_dataset_alias.py
[2024-11-28T14:22:45.696+0000] {processor.py:914} INFO - Processing file /home/airflow/.local/lib/python3.12/site-packages/airflow/example_dags/example_dataset_alias.py for tasks to queue
[2024-11-28T14:22:45.698+0000] {logging_mixin.py:190} INFO - [2024-11-28T14:22:45.698+0000] {dagbag.py:588} INFO - Filling up the DagBag from /home/airflow/.local/lib/python3.12/site-packages/airflow/example_dags/example_dataset_alias.py
[2024-11-28T14:22:46.231+0000] {processor.py:925} INFO - DAG(s) 'dataset_s3_bucket_producer', 'dataset_s3_bucket_consumer', 'dataset_alias_example_alias_consumer', 'dataset_alias_example_alias_producer' retrieved from /home/airflow/.local/lib/python3.12/site-packages/airflow/example_dags/example_dataset_alias.py
[2024-11-28T14:22:46.246+0000] {logging_mixin.py:190} INFO - [2024-11-28T14:22:46.246+0000] {dag.py:3239} INFO - Sync 4 DAGs
[2024-11-28T14:22:46.265+0000] {logging_mixin.py:190} INFO - [2024-11-28T14:22:46.264+0000] {dag.py:4180} INFO - Setting next_dagrun for dataset_alias_example_alias_consumer to None, run_after=None
[2024-11-28T14:22:46.270+0000] {logging_mixin.py:190} INFO - [2024-11-28T14:22:46.270+0000] {dag.py:4180} INFO - Setting next_dagrun for dataset_alias_example_alias_producer to None, run_after=None
[2024-11-28T14:22:46.274+0000] {logging_mixin.py:190} INFO - [2024-11-28T14:22:46.274+0000] {dag.py:4180} INFO - Setting next_dagrun for dataset_s3_bucket_consumer to None, run_after=None
[2024-11-28T14:22:46.276+0000] {logging_mixin.py:190} INFO - [2024-11-28T14:22:46.276+0000] {dag.py:4180} INFO - Setting next_dagrun for dataset_s3_bucket_producer to None, run_after=None
[2024-11-28T14:22:46.292+0000] {processor.py:208} INFO - Processing /home/airflow/.local/lib/python3.12/site-packages/airflow/example_dags/example_dataset_alias.py took 0.608 seconds
[2024-11-28T14:23:16.356+0000] {processor.py:186} INFO - Started process (PID=226) to work on /home/airflow/.local/lib/python3.12/site-packages/airflow/example_dags/example_dataset_alias.py
[2024-11-28T14:23:16.357+0000] {processor.py:914} INFO - Processing file /home/airflow/.local/lib/python3.12/site-packages/airflow/example_dags/example_dataset_alias.py for tasks to queue
[2024-11-28T14:23:16.359+0000] {logging_mixin.py:190} INFO - [2024-11-28T14:23:16.359+0000] {dagbag.py:588} INFO - Filling up the DagBag from /home/airflow/.local/lib/python3.12/site-packages/airflow/example_dags/example_dataset_alias.py
[2024-11-28T14:23:17.745+0000] {processor.py:925} INFO - DAG(s) 'dataset_s3_bucket_producer', 'dataset_s3_bucket_consumer', 'dataset_alias_example_alias_consumer', 'dataset_alias_example_alias_producer' retrieved from /home/airflow/.local/lib/python3.12/site-packages/airflow/example_dags/example_dataset_alias.py
[2024-11-28T14:23:17.770+0000] {logging_mixin.py:190} INFO - [2024-11-28T14:23:17.769+0000] {dag.py:3239} INFO - Sync 4 DAGs
[2024-11-28T14:23:17.799+0000] {logging_mixin.py:190} INFO - [2024-11-28T14:23:17.798+0000] {dag.py:4180} INFO - Setting next_dagrun for dataset_alias_example_alias_consumer to None, run_after=None
[2024-11-28T14:23:17.804+0000] {logging_mixin.py:190} INFO - [2024-11-28T14:23:17.803+0000] {dag.py:4180} INFO - Setting next_dagrun for dataset_alias_example_alias_producer to None, run_after=None
[2024-11-28T14:23:17.805+0000] {logging_mixin.py:190} INFO - [2024-11-28T14:23:17.805+0000] {dag.py:4180} INFO - Setting next_dagrun for dataset_s3_bucket_consumer to None, run_after=None
[2024-11-28T14:23:17.807+0000] {logging_mixin.py:190} INFO - [2024-11-28T14:23:17.806+0000] {dag.py:4180} INFO - Setting next_dagrun for dataset_s3_bucket_producer to None, run_after=None
[2024-11-28T14:23:17.828+0000] {processor.py:208} INFO - Processing /home/airflow/.local/lib/python3.12/site-packages/airflow/example_dags/example_dataset_alias.py took 1.478 seconds
[2024-11-28T14:23:48.094+0000] {processor.py:186} INFO - Started process (PID=290) to work on /home/airflow/.local/lib/python3.12/site-packages/airflow/example_dags/example_dataset_alias.py
[2024-11-28T14:23:48.096+0000] {processor.py:914} INFO - Processing file /home/airflow/.local/lib/python3.12/site-packages/airflow/example_dags/example_dataset_alias.py for tasks to queue
[2024-11-28T14:23:48.098+0000] {logging_mixin.py:190} INFO - [2024-11-28T14:23:48.097+0000] {dagbag.py:588} INFO - Filling up the DagBag from /home/airflow/.local/lib/python3.12/site-packages/airflow/example_dags/example_dataset_alias.py
[2024-11-28T14:23:48.750+0000] {processor.py:925} INFO - DAG(s) 'dataset_alias_example_alias_producer', 'dataset_alias_example_alias_consumer', 'dataset_s3_bucket_producer', 'dataset_s3_bucket_consumer' retrieved from /home/airflow/.local/lib/python3.12/site-packages/airflow/example_dags/example_dataset_alias.py
[2024-11-28T14:23:48.764+0000] {logging_mixin.py:190} INFO - [2024-11-28T14:23:48.763+0000] {dag.py:3239} INFO - Sync 4 DAGs
[2024-11-28T14:23:48.780+0000] {logging_mixin.py:190} INFO - [2024-11-28T14:23:48.780+0000] {dag.py:4180} INFO - Setting next_dagrun for dataset_alias_example_alias_consumer to None, run_after=None
[2024-11-28T14:23:48.782+0000] {logging_mixin.py:190} INFO - [2024-11-28T14:23:48.782+0000] {dag.py:4180} INFO - Setting next_dagrun for dataset_alias_example_alias_producer to None, run_after=None
[2024-11-28T14:23:48.783+0000] {logging_mixin.py:190} INFO - [2024-11-28T14:23:48.783+0000] {dag.py:4180} INFO - Setting next_dagrun for dataset_s3_bucket_consumer to None, run_after=None
[2024-11-28T14:23:48.783+0000] {logging_mixin.py:190} INFO - [2024-11-28T14:23:48.783+0000] {dag.py:4180} INFO - Setting next_dagrun for dataset_s3_bucket_producer to None, run_after=None
[2024-11-28T14:23:48.796+0000] {processor.py:208} INFO - Processing /home/airflow/.local/lib/python3.12/site-packages/airflow/example_dags/example_dataset_alias.py took 0.707 seconds
[2024-11-28T14:24:19.838+0000] {processor.py:186} INFO - Started process (PID=346) to work on /home/airflow/.local/lib/python3.12/site-packages/airflow/example_dags/example_dataset_alias.py
[2024-11-28T14:24:19.844+0000] {processor.py:914} INFO - Processing file /home/airflow/.local/lib/python3.12/site-packages/airflow/example_dags/example_dataset_alias.py for tasks to queue
[2024-11-28T14:24:19.849+0000] {logging_mixin.py:190} INFO - [2024-11-28T14:24:19.848+0000] {dagbag.py:588} INFO - Filling up the DagBag from /home/airflow/.local/lib/python3.12/site-packages/airflow/example_dags/example_dataset_alias.py
[2024-11-28T14:24:20.995+0000] {processor.py:925} INFO - DAG(s) 'dataset_s3_bucket_producer', 'dataset_alias_example_alias_consumer', 'dataset_alias_example_alias_producer', 'dataset_s3_bucket_consumer' retrieved from /home/airflow/.local/lib/python3.12/site-packages/airflow/example_dags/example_dataset_alias.py
[2024-11-28T14:24:21.025+0000] {logging_mixin.py:190} INFO - [2024-11-28T14:24:21.024+0000] {dag.py:3239} INFO - Sync 4 DAGs
[2024-11-28T14:24:21.061+0000] {logging_mixin.py:190} INFO - [2024-11-28T14:24:21.060+0000] {dag.py:4180} INFO - Setting next_dagrun for dataset_alias_example_alias_consumer to None, run_after=None
[2024-11-28T14:24:21.070+0000] {logging_mixin.py:190} INFO - [2024-11-28T14:24:21.069+0000] {dag.py:4180} INFO - Setting next_dagrun for dataset_alias_example_alias_producer to None, run_after=None
[2024-11-28T14:24:21.077+0000] {logging_mixin.py:190} INFO - [2024-11-28T14:24:21.077+0000] {dag.py:4180} INFO - Setting next_dagrun for dataset_s3_bucket_consumer to None, run_after=None
[2024-11-28T14:24:21.079+0000] {logging_mixin.py:190} INFO - [2024-11-28T14:24:21.079+0000] {dag.py:4180} INFO - Setting next_dagrun for dataset_s3_bucket_producer to None, run_after=None
[2024-11-28T14:24:21.112+0000] {processor.py:208} INFO - Processing /home/airflow/.local/lib/python3.12/site-packages/airflow/example_dags/example_dataset_alias.py took 1.280 seconds
[2024-11-28T14:24:51.911+0000] {processor.py:186} INFO - Started process (PID=409) to work on /home/airflow/.local/lib/python3.12/site-packages/airflow/example_dags/example_dataset_alias.py
[2024-11-28T14:24:51.914+0000] {processor.py:914} INFO - Processing file /home/airflow/.local/lib/python3.12/site-packages/airflow/example_dags/example_dataset_alias.py for tasks to queue
[2024-11-28T14:24:51.920+0000] {logging_mixin.py:190} INFO - [2024-11-28T14:24:51.920+0000] {dagbag.py:588} INFO - Filling up the DagBag from /home/airflow/.local/lib/python3.12/site-packages/airflow/example_dags/example_dataset_alias.py
[2024-11-28T14:24:53.041+0000] {processor.py:925} INFO - DAG(s) 'dataset_alias_example_alias_consumer', 'dataset_s3_bucket_producer', 'dataset_alias_example_alias_producer', 'dataset_s3_bucket_consumer' retrieved from /home/airflow/.local/lib/python3.12/site-packages/airflow/example_dags/example_dataset_alias.py
[2024-11-28T14:24:53.063+0000] {logging_mixin.py:190} INFO - [2024-11-28T14:24:53.062+0000] {dag.py:3239} INFO - Sync 4 DAGs
[2024-11-28T14:24:53.114+0000] {logging_mixin.py:190} INFO - [2024-11-28T14:24:53.114+0000] {dag.py:4180} INFO - Setting next_dagrun for dataset_alias_example_alias_consumer to None, run_after=None
[2024-11-28T14:24:53.121+0000] {logging_mixin.py:190} INFO - [2024-11-28T14:24:53.121+0000] {dag.py:4180} INFO - Setting next_dagrun for dataset_alias_example_alias_producer to None, run_after=None
[2024-11-28T14:24:53.123+0000] {logging_mixin.py:190} INFO - [2024-11-28T14:24:53.123+0000] {dag.py:4180} INFO - Setting next_dagrun for dataset_s3_bucket_consumer to None, run_after=None
[2024-11-28T14:24:53.125+0000] {logging_mixin.py:190} INFO - [2024-11-28T14:24:53.124+0000] {dag.py:4180} INFO - Setting next_dagrun for dataset_s3_bucket_producer to None, run_after=None
[2024-11-28T14:24:53.145+0000] {processor.py:208} INFO - Processing /home/airflow/.local/lib/python3.12/site-packages/airflow/example_dags/example_dataset_alias.py took 1.243 seconds
