[2024-11-28T14:22:16.053+0000] {processor.py:186} INFO - Started process (PID=107) to work on /home/airflow/.local/lib/python3.12/site-packages/airflow/example_dags/example_task_group.py
[2024-11-28T14:22:16.054+0000] {processor.py:914} INFO - Processing file /home/airflow/.local/lib/python3.12/site-packages/airflow/example_dags/example_task_group.py for tasks to queue
[2024-11-28T14:22:16.058+0000] {logging_mixin.py:190} INFO - [2024-11-28T14:22:16.057+0000] {dagbag.py:588} INFO - Filling up the DagBag from /home/airflow/.local/lib/python3.12/site-packages/airflow/example_dags/example_task_group.py
[2024-11-28T14:22:16.069+0000] {processor.py:925} INFO - DAG(s) 'example_task_group' retrieved from /home/airflow/.local/lib/python3.12/site-packages/airflow/example_dags/example_task_group.py
[2024-11-28T14:22:16.163+0000] {logging_mixin.py:190} INFO - [2024-11-28T14:22:16.162+0000] {override.py:1911} INFO - Created Permission View: can delete on DAG:example_task_group
[2024-11-28T14:22:16.172+0000] {logging_mixin.py:190} INFO - [2024-11-28T14:22:16.172+0000] {override.py:1911} INFO - Created Permission View: can read on DAG:example_task_group
[2024-11-28T14:22:16.176+0000] {logging_mixin.py:190} INFO - [2024-11-28T14:22:16.176+0000] {override.py:1911} INFO - Created Permission View: can edit on DAG:example_task_group
[2024-11-28T14:22:16.181+0000] {logging_mixin.py:190} INFO - [2024-11-28T14:22:16.181+0000] {override.py:1911} INFO - Created Permission View: can delete on DAG Run:example_task_group
[2024-11-28T14:22:16.186+0000] {logging_mixin.py:190} INFO - [2024-11-28T14:22:16.186+0000] {override.py:1911} INFO - Created Permission View: can read on DAG Run:example_task_group
[2024-11-28T14:22:16.191+0000] {logging_mixin.py:190} INFO - [2024-11-28T14:22:16.191+0000] {override.py:1911} INFO - Created Permission View: can create on DAG Run:example_task_group
[2024-11-28T14:22:16.198+0000] {logging_mixin.py:190} INFO - [2024-11-28T14:22:16.198+0000] {override.py:1911} INFO - Created Permission View: menu access on DAG Run:example_task_group
[2024-11-28T14:22:16.199+0000] {logging_mixin.py:190} INFO - [2024-11-28T14:22:16.199+0000] {dag.py:3239} INFO - Sync 1 DAGs
[2024-11-28T14:22:16.210+0000] {logging_mixin.py:190} INFO - [2024-11-28T14:22:16.210+0000] {dag.py:3262} INFO - Creating ORM DAG for example_task_group
[2024-11-28T14:22:16.211+0000] {logging_mixin.py:190} INFO - [2024-11-28T14:22:16.210+0000] {dag.py:4180} INFO - Setting next_dagrun for example_task_group to None, run_after=None
[2024-11-28T14:22:16.223+0000] {processor.py:208} INFO - Processing /home/airflow/.local/lib/python3.12/site-packages/airflow/example_dags/example_task_group.py took 0.181 seconds
[2024-11-28T14:22:46.519+0000] {processor.py:186} INFO - Started process (PID=169) to work on /home/airflow/.local/lib/python3.12/site-packages/airflow/example_dags/example_task_group.py
[2024-11-28T14:22:46.520+0000] {processor.py:914} INFO - Processing file /home/airflow/.local/lib/python3.12/site-packages/airflow/example_dags/example_task_group.py for tasks to queue
[2024-11-28T14:22:46.526+0000] {logging_mixin.py:190} INFO - [2024-11-28T14:22:46.525+0000] {dagbag.py:588} INFO - Filling up the DagBag from /home/airflow/.local/lib/python3.12/site-packages/airflow/example_dags/example_task_group.py
[2024-11-28T14:22:46.536+0000] {processor.py:925} INFO - DAG(s) 'example_task_group' retrieved from /home/airflow/.local/lib/python3.12/site-packages/airflow/example_dags/example_task_group.py
[2024-11-28T14:22:46.561+0000] {logging_mixin.py:190} INFO - [2024-11-28T14:22:46.561+0000] {dag.py:3239} INFO - Sync 1 DAGs
[2024-11-28T14:22:46.582+0000] {logging_mixin.py:190} INFO - [2024-11-28T14:22:46.582+0000] {dag.py:4180} INFO - Setting next_dagrun for example_task_group to None, run_after=None
[2024-11-28T14:22:46.607+0000] {processor.py:208} INFO - Processing /home/airflow/.local/lib/python3.12/site-packages/airflow/example_dags/example_task_group.py took 0.096 seconds
[2024-11-28T14:23:17.674+0000] {processor.py:186} INFO - Started process (PID=232) to work on /home/airflow/.local/lib/python3.12/site-packages/airflow/example_dags/example_task_group.py
[2024-11-28T14:23:17.679+0000] {processor.py:914} INFO - Processing file /home/airflow/.local/lib/python3.12/site-packages/airflow/example_dags/example_task_group.py for tasks to queue
[2024-11-28T14:23:17.686+0000] {logging_mixin.py:190} INFO - [2024-11-28T14:23:17.685+0000] {dagbag.py:588} INFO - Filling up the DagBag from /home/airflow/.local/lib/python3.12/site-packages/airflow/example_dags/example_task_group.py
[2024-11-28T14:23:17.713+0000] {processor.py:925} INFO - DAG(s) 'example_task_group' retrieved from /home/airflow/.local/lib/python3.12/site-packages/airflow/example_dags/example_task_group.py
[2024-11-28T14:23:17.757+0000] {logging_mixin.py:190} INFO - [2024-11-28T14:23:17.756+0000] {dag.py:3239} INFO - Sync 1 DAGs
[2024-11-28T14:23:17.779+0000] {logging_mixin.py:190} INFO - [2024-11-28T14:23:17.778+0000] {dag.py:4180} INFO - Setting next_dagrun for example_task_group to None, run_after=None
[2024-11-28T14:23:17.797+0000] {processor.py:208} INFO - Processing /home/airflow/.local/lib/python3.12/site-packages/airflow/example_dags/example_task_group.py took 0.175 seconds
[2024-11-28T14:23:48.551+0000] {processor.py:186} INFO - Started process (PID=295) to work on /home/airflow/.local/lib/python3.12/site-packages/airflow/example_dags/example_task_group.py
[2024-11-28T14:23:48.552+0000] {processor.py:914} INFO - Processing file /home/airflow/.local/lib/python3.12/site-packages/airflow/example_dags/example_task_group.py for tasks to queue
[2024-11-28T14:23:48.554+0000] {logging_mixin.py:190} INFO - [2024-11-28T14:23:48.553+0000] {dagbag.py:588} INFO - Filling up the DagBag from /home/airflow/.local/lib/python3.12/site-packages/airflow/example_dags/example_task_group.py
[2024-11-28T14:23:48.561+0000] {processor.py:925} INFO - DAG(s) 'example_task_group' retrieved from /home/airflow/.local/lib/python3.12/site-packages/airflow/example_dags/example_task_group.py
[2024-11-28T14:23:48.581+0000] {logging_mixin.py:190} INFO - [2024-11-28T14:23:48.581+0000] {dag.py:3239} INFO - Sync 1 DAGs
[2024-11-28T14:23:48.595+0000] {logging_mixin.py:190} INFO - [2024-11-28T14:23:48.595+0000] {dag.py:4180} INFO - Setting next_dagrun for example_task_group to None, run_after=None
[2024-11-28T14:23:48.612+0000] {processor.py:208} INFO - Processing /home/airflow/.local/lib/python3.12/site-packages/airflow/example_dags/example_task_group.py took 0.066 seconds
[2024-11-28T14:24:21.610+0000] {processor.py:186} INFO - Started process (PID=358) to work on /home/airflow/.local/lib/python3.12/site-packages/airflow/example_dags/example_task_group.py
[2024-11-28T14:24:21.613+0000] {processor.py:914} INFO - Processing file /home/airflow/.local/lib/python3.12/site-packages/airflow/example_dags/example_task_group.py for tasks to queue
[2024-11-28T14:24:21.620+0000] {logging_mixin.py:190} INFO - [2024-11-28T14:24:21.619+0000] {dagbag.py:588} INFO - Filling up the DagBag from /home/airflow/.local/lib/python3.12/site-packages/airflow/example_dags/example_task_group.py
[2024-11-28T14:24:21.645+0000] {processor.py:925} INFO - DAG(s) 'example_task_group' retrieved from /home/airflow/.local/lib/python3.12/site-packages/airflow/example_dags/example_task_group.py
[2024-11-28T14:24:21.694+0000] {logging_mixin.py:190} INFO - [2024-11-28T14:24:21.694+0000] {dag.py:3239} INFO - Sync 1 DAGs
[2024-11-28T14:24:21.723+0000] {logging_mixin.py:190} INFO - [2024-11-28T14:24:21.722+0000] {dag.py:4180} INFO - Setting next_dagrun for example_task_group to None, run_after=None
[2024-11-28T14:24:21.761+0000] {processor.py:208} INFO - Processing /home/airflow/.local/lib/python3.12/site-packages/airflow/example_dags/example_task_group.py took 0.165 seconds
[2024-11-28T14:24:53.409+0000] {processor.py:186} INFO - Started process (PID=421) to work on /home/airflow/.local/lib/python3.12/site-packages/airflow/example_dags/example_task_group.py
[2024-11-28T14:24:53.410+0000] {processor.py:914} INFO - Processing file /home/airflow/.local/lib/python3.12/site-packages/airflow/example_dags/example_task_group.py for tasks to queue
[2024-11-28T14:24:53.413+0000] {logging_mixin.py:190} INFO - [2024-11-28T14:24:53.412+0000] {dagbag.py:588} INFO - Filling up the DagBag from /home/airflow/.local/lib/python3.12/site-packages/airflow/example_dags/example_task_group.py
[2024-11-28T14:24:53.422+0000] {processor.py:925} INFO - DAG(s) 'example_task_group' retrieved from /home/airflow/.local/lib/python3.12/site-packages/airflow/example_dags/example_task_group.py
[2024-11-28T14:24:53.448+0000] {logging_mixin.py:190} INFO - [2024-11-28T14:24:53.448+0000] {dag.py:3239} INFO - Sync 1 DAGs
[2024-11-28T14:24:53.466+0000] {logging_mixin.py:190} INFO - [2024-11-28T14:24:53.466+0000] {dag.py:4180} INFO - Setting next_dagrun for example_task_group to None, run_after=None
[2024-11-28T14:24:53.554+0000] {processor.py:208} INFO - Processing /home/airflow/.local/lib/python3.12/site-packages/airflow/example_dags/example_task_group.py took 0.150 seconds
