[2024-11-28T14:22:15.728+0000] {processor.py:186} INFO - Started process (PID=104) to work on /home/airflow/.local/lib/python3.12/site-packages/airflow/example_dags/example_branch_labels.py
[2024-11-28T14:22:15.728+0000] {processor.py:914} INFO - Processing file /home/airflow/.local/lib/python3.12/site-packages/airflow/example_dags/example_branch_labels.py for tasks to queue
[2024-11-28T14:22:15.730+0000] {logging_mixin.py:190} INFO - [2024-11-28T14:22:15.730+0000] {dagbag.py:588} INFO - Filling up the DagBag from /home/airflow/.local/lib/python3.12/site-packages/airflow/example_dags/example_branch_labels.py
[2024-11-28T14:22:15.739+0000] {processor.py:925} INFO - DAG(s) 'example_branch_labels' retrieved from /home/airflow/.local/lib/python3.12/site-packages/airflow/example_dags/example_branch_labels.py
[2024-11-28T14:22:15.832+0000] {logging_mixin.py:190} INFO - [2024-11-28T14:22:15.831+0000] {override.py:1911} INFO - Created Permission View: can delete on DAG:example_branch_labels
[2024-11-28T14:22:15.841+0000] {logging_mixin.py:190} INFO - [2024-11-28T14:22:15.840+0000] {override.py:1911} INFO - Created Permission View: can read on DAG:example_branch_labels
[2024-11-28T14:22:15.846+0000] {logging_mixin.py:190} INFO - [2024-11-28T14:22:15.845+0000] {override.py:1911} INFO - Created Permission View: can edit on DAG:example_branch_labels
[2024-11-28T14:22:15.851+0000] {logging_mixin.py:190} INFO - [2024-11-28T14:22:15.851+0000] {override.py:1911} INFO - Created Permission View: can delete on DAG Run:example_branch_labels
[2024-11-28T14:22:15.856+0000] {logging_mixin.py:190} INFO - [2024-11-28T14:22:15.856+0000] {override.py:1911} INFO - Created Permission View: can read on DAG Run:example_branch_labels
[2024-11-28T14:22:15.861+0000] {logging_mixin.py:190} INFO - [2024-11-28T14:22:15.860+0000] {override.py:1911} INFO - Created Permission View: can create on DAG Run:example_branch_labels
[2024-11-28T14:22:15.865+0000] {logging_mixin.py:190} INFO - [2024-11-28T14:22:15.865+0000] {override.py:1911} INFO - Created Permission View: menu access on DAG Run:example_branch_labels
[2024-11-28T14:22:15.866+0000] {logging_mixin.py:190} INFO - [2024-11-28T14:22:15.866+0000] {dag.py:3239} INFO - Sync 1 DAGs
[2024-11-28T14:22:15.880+0000] {logging_mixin.py:190} INFO - [2024-11-28T14:22:15.879+0000] {dag.py:3262} INFO - Creating ORM DAG for example_branch_labels
[2024-11-28T14:22:15.891+0000] {logging_mixin.py:190} INFO - [2024-11-28T14:22:15.890+0000] {dag.py:4180} INFO - Setting next_dagrun for example_branch_labels to 2024-11-27 00:00:00+00:00, run_after=2024-11-28 00:00:00+00:00
[2024-11-28T14:22:15.905+0000] {processor.py:208} INFO - Processing /home/airflow/.local/lib/python3.12/site-packages/airflow/example_dags/example_branch_labels.py took 0.182 seconds
[2024-11-28T14:22:46.371+0000] {processor.py:186} INFO - Started process (PID=166) to work on /home/airflow/.local/lib/python3.12/site-packages/airflow/example_dags/example_branch_labels.py
[2024-11-28T14:22:46.372+0000] {processor.py:914} INFO - Processing file /home/airflow/.local/lib/python3.12/site-packages/airflow/example_dags/example_branch_labels.py for tasks to queue
[2024-11-28T14:22:46.378+0000] {logging_mixin.py:190} INFO - [2024-11-28T14:22:46.377+0000] {dagbag.py:588} INFO - Filling up the DagBag from /home/airflow/.local/lib/python3.12/site-packages/airflow/example_dags/example_branch_labels.py
[2024-11-28T14:22:46.389+0000] {processor.py:925} INFO - DAG(s) 'example_branch_labels' retrieved from /home/airflow/.local/lib/python3.12/site-packages/airflow/example_dags/example_branch_labels.py
[2024-11-28T14:22:46.408+0000] {logging_mixin.py:190} INFO - [2024-11-28T14:22:46.408+0000] {dag.py:3239} INFO - Sync 1 DAGs
[2024-11-28T14:22:46.438+0000] {logging_mixin.py:190} INFO - [2024-11-28T14:22:46.438+0000] {dag.py:4180} INFO - Setting next_dagrun for example_branch_labels to 2024-11-27 00:00:00+00:00, run_after=2024-11-28 00:00:00+00:00
[2024-11-28T14:22:46.455+0000] {processor.py:208} INFO - Processing /home/airflow/.local/lib/python3.12/site-packages/airflow/example_dags/example_branch_labels.py took 0.089 seconds
[2024-11-28T14:23:16.920+0000] {processor.py:186} INFO - Started process (PID=229) to work on /home/airflow/.local/lib/python3.12/site-packages/airflow/example_dags/example_branch_labels.py
[2024-11-28T14:23:16.922+0000] {processor.py:914} INFO - Processing file /home/airflow/.local/lib/python3.12/site-packages/airflow/example_dags/example_branch_labels.py for tasks to queue
[2024-11-28T14:23:16.928+0000] {logging_mixin.py:190} INFO - [2024-11-28T14:23:16.927+0000] {dagbag.py:588} INFO - Filling up the DagBag from /home/airflow/.local/lib/python3.12/site-packages/airflow/example_dags/example_branch_labels.py
[2024-11-28T14:23:16.950+0000] {processor.py:925} INFO - DAG(s) 'example_branch_labels' retrieved from /home/airflow/.local/lib/python3.12/site-packages/airflow/example_dags/example_branch_labels.py
[2024-11-28T14:23:17.002+0000] {logging_mixin.py:190} INFO - [2024-11-28T14:23:17.002+0000] {dag.py:3239} INFO - Sync 1 DAGs
[2024-11-28T14:23:17.037+0000] {logging_mixin.py:190} INFO - [2024-11-28T14:23:17.037+0000] {dag.py:4180} INFO - Setting next_dagrun for example_branch_labels to 2024-11-27 00:00:00+00:00, run_after=2024-11-28 00:00:00+00:00
[2024-11-28T14:23:17.055+0000] {processor.py:208} INFO - Processing /home/airflow/.local/lib/python3.12/site-packages/airflow/example_dags/example_branch_labels.py took 0.146 seconds
[2024-11-28T14:23:48.244+0000] {processor.py:186} INFO - Started process (PID=292) to work on /home/airflow/.local/lib/python3.12/site-packages/airflow/example_dags/example_branch_labels.py
[2024-11-28T14:23:48.245+0000] {processor.py:914} INFO - Processing file /home/airflow/.local/lib/python3.12/site-packages/airflow/example_dags/example_branch_labels.py for tasks to queue
[2024-11-28T14:23:48.247+0000] {logging_mixin.py:190} INFO - [2024-11-28T14:23:48.246+0000] {dagbag.py:588} INFO - Filling up the DagBag from /home/airflow/.local/lib/python3.12/site-packages/airflow/example_dags/example_branch_labels.py
[2024-11-28T14:23:48.254+0000] {processor.py:925} INFO - DAG(s) 'example_branch_labels' retrieved from /home/airflow/.local/lib/python3.12/site-packages/airflow/example_dags/example_branch_labels.py
[2024-11-28T14:23:48.270+0000] {logging_mixin.py:190} INFO - [2024-11-28T14:23:48.269+0000] {dag.py:3239} INFO - Sync 1 DAGs
[2024-11-28T14:23:48.289+0000] {logging_mixin.py:190} INFO - [2024-11-28T14:23:48.289+0000] {dag.py:4180} INFO - Setting next_dagrun for example_branch_labels to 2024-11-27 00:00:00+00:00, run_after=2024-11-28 00:00:00+00:00
[2024-11-28T14:23:48.303+0000] {processor.py:208} INFO - Processing /home/airflow/.local/lib/python3.12/site-packages/airflow/example_dags/example_branch_labels.py took 0.064 seconds
[2024-11-28T14:24:21.264+0000] {processor.py:186} INFO - Started process (PID=355) to work on /home/airflow/.local/lib/python3.12/site-packages/airflow/example_dags/example_branch_labels.py
[2024-11-28T14:24:21.269+0000] {processor.py:914} INFO - Processing file /home/airflow/.local/lib/python3.12/site-packages/airflow/example_dags/example_branch_labels.py for tasks to queue
[2024-11-28T14:24:21.273+0000] {logging_mixin.py:190} INFO - [2024-11-28T14:24:21.272+0000] {dagbag.py:588} INFO - Filling up the DagBag from /home/airflow/.local/lib/python3.12/site-packages/airflow/example_dags/example_branch_labels.py
[2024-11-28T14:24:21.292+0000] {processor.py:925} INFO - DAG(s) 'example_branch_labels' retrieved from /home/airflow/.local/lib/python3.12/site-packages/airflow/example_dags/example_branch_labels.py
[2024-11-28T14:24:21.340+0000] {logging_mixin.py:190} INFO - [2024-11-28T14:24:21.340+0000] {dag.py:3239} INFO - Sync 1 DAGs
[2024-11-28T14:24:21.399+0000] {logging_mixin.py:190} INFO - [2024-11-28T14:24:21.398+0000] {dag.py:4180} INFO - Setting next_dagrun for example_branch_labels to 2024-11-27 00:00:00+00:00, run_after=2024-11-28 00:00:00+00:00
[2024-11-28T14:24:21.444+0000] {processor.py:208} INFO - Processing /home/airflow/.local/lib/python3.12/site-packages/airflow/example_dags/example_branch_labels.py took 0.191 seconds
[2024-11-28T14:24:53.288+0000] {processor.py:186} INFO - Started process (PID=418) to work on /home/airflow/.local/lib/python3.12/site-packages/airflow/example_dags/example_branch_labels.py
[2024-11-28T14:24:53.291+0000] {processor.py:914} INFO - Processing file /home/airflow/.local/lib/python3.12/site-packages/airflow/example_dags/example_branch_labels.py for tasks to queue
[2024-11-28T14:24:53.294+0000] {logging_mixin.py:190} INFO - [2024-11-28T14:24:53.293+0000] {dagbag.py:588} INFO - Filling up the DagBag from /home/airflow/.local/lib/python3.12/site-packages/airflow/example_dags/example_branch_labels.py
[2024-11-28T14:24:53.305+0000] {processor.py:925} INFO - DAG(s) 'example_branch_labels' retrieved from /home/airflow/.local/lib/python3.12/site-packages/airflow/example_dags/example_branch_labels.py
[2024-11-28T14:24:53.328+0000] {logging_mixin.py:190} INFO - [2024-11-28T14:24:53.328+0000] {dag.py:3239} INFO - Sync 1 DAGs
[2024-11-28T14:24:53.351+0000] {logging_mixin.py:190} INFO - [2024-11-28T14:24:53.351+0000] {dag.py:4180} INFO - Setting next_dagrun for example_branch_labels to 2024-11-27 00:00:00+00:00, run_after=2024-11-28 00:00:00+00:00
[2024-11-28T14:24:53.374+0000] {processor.py:208} INFO - Processing /home/airflow/.local/lib/python3.12/site-packages/airflow/example_dags/example_branch_labels.py took 0.103 seconds
