[2024-11-28T14:22:15.351+0000] {processor.py:186} INFO - Started process (PID=100) to work on /home/airflow/.local/lib/python3.12/site-packages/airflow/example_dags/example_dynamic_task_mapping.py
[2024-11-28T14:22:15.351+0000] {processor.py:914} INFO - Processing file /home/airflow/.local/lib/python3.12/site-packages/airflow/example_dags/example_dynamic_task_mapping.py for tasks to queue
[2024-11-28T14:22:15.353+0000] {logging_mixin.py:190} INFO - [2024-11-28T14:22:15.353+0000] {dagbag.py:588} INFO - Filling up the DagBag from /home/airflow/.local/lib/python3.12/site-packages/airflow/example_dags/example_dynamic_task_mapping.py
[2024-11-28T14:22:15.361+0000] {processor.py:925} INFO - DAG(s) 'example_dynamic_task_mapping' retrieved from /home/airflow/.local/lib/python3.12/site-packages/airflow/example_dags/example_dynamic_task_mapping.py
[2024-11-28T14:22:15.444+0000] {logging_mixin.py:190} INFO - [2024-11-28T14:22:15.443+0000] {override.py:1911} INFO - Created Permission View: can delete on DAG:example_dynamic_task_mapping
[2024-11-28T14:22:15.451+0000] {logging_mixin.py:190} INFO - [2024-11-28T14:22:15.451+0000] {override.py:1911} INFO - Created Permission View: can read on DAG:example_dynamic_task_mapping
[2024-11-28T14:22:15.455+0000] {logging_mixin.py:190} INFO - [2024-11-28T14:22:15.455+0000] {override.py:1911} INFO - Created Permission View: can edit on DAG:example_dynamic_task_mapping
[2024-11-28T14:22:15.460+0000] {logging_mixin.py:190} INFO - [2024-11-28T14:22:15.459+0000] {override.py:1911} INFO - Created Permission View: can delete on DAG Run:example_dynamic_task_mapping
[2024-11-28T14:22:15.464+0000] {logging_mixin.py:190} INFO - [2024-11-28T14:22:15.464+0000] {override.py:1911} INFO - Created Permission View: can read on DAG Run:example_dynamic_task_mapping
[2024-11-28T14:22:15.469+0000] {logging_mixin.py:190} INFO - [2024-11-28T14:22:15.468+0000] {override.py:1911} INFO - Created Permission View: can create on DAG Run:example_dynamic_task_mapping
[2024-11-28T14:22:15.473+0000] {logging_mixin.py:190} INFO - [2024-11-28T14:22:15.472+0000] {override.py:1911} INFO - Created Permission View: menu access on DAG Run:example_dynamic_task_mapping
[2024-11-28T14:22:15.473+0000] {logging_mixin.py:190} INFO - [2024-11-28T14:22:15.473+0000] {dag.py:3239} INFO - Sync 1 DAGs
[2024-11-28T14:22:15.485+0000] {logging_mixin.py:190} INFO - [2024-11-28T14:22:15.485+0000] {dag.py:3262} INFO - Creating ORM DAG for example_dynamic_task_mapping
[2024-11-28T14:22:15.485+0000] {logging_mixin.py:190} INFO - [2024-11-28T14:22:15.485+0000] {dag.py:4180} INFO - Setting next_dagrun for example_dynamic_task_mapping to None, run_after=None
[2024-11-28T14:22:15.496+0000] {processor.py:208} INFO - Processing /home/airflow/.local/lib/python3.12/site-packages/airflow/example_dags/example_dynamic_task_mapping.py took 0.150 seconds
[2024-11-28T14:22:46.127+0000] {processor.py:186} INFO - Started process (PID=162) to work on /home/airflow/.local/lib/python3.12/site-packages/airflow/example_dags/example_dynamic_task_mapping.py
[2024-11-28T14:22:46.128+0000] {processor.py:914} INFO - Processing file /home/airflow/.local/lib/python3.12/site-packages/airflow/example_dags/example_dynamic_task_mapping.py for tasks to queue
[2024-11-28T14:22:46.131+0000] {logging_mixin.py:190} INFO - [2024-11-28T14:22:46.130+0000] {dagbag.py:588} INFO - Filling up the DagBag from /home/airflow/.local/lib/python3.12/site-packages/airflow/example_dags/example_dynamic_task_mapping.py
[2024-11-28T14:22:46.144+0000] {processor.py:925} INFO - DAG(s) 'example_dynamic_task_mapping' retrieved from /home/airflow/.local/lib/python3.12/site-packages/airflow/example_dags/example_dynamic_task_mapping.py
[2024-11-28T14:22:46.162+0000] {logging_mixin.py:190} INFO - [2024-11-28T14:22:46.161+0000] {dag.py:3239} INFO - Sync 1 DAGs
[2024-11-28T14:22:46.172+0000] {logging_mixin.py:190} INFO - [2024-11-28T14:22:46.172+0000] {dag.py:4180} INFO - Setting next_dagrun for example_dynamic_task_mapping to None, run_after=None
[2024-11-28T14:22:46.186+0000] {processor.py:208} INFO - Processing /home/airflow/.local/lib/python3.12/site-packages/airflow/example_dags/example_dynamic_task_mapping.py took 0.065 seconds
[2024-11-28T14:23:16.222+0000] {processor.py:186} INFO - Started process (PID=224) to work on /home/airflow/.local/lib/python3.12/site-packages/airflow/example_dags/example_dynamic_task_mapping.py
[2024-11-28T14:23:16.223+0000] {processor.py:914} INFO - Processing file /home/airflow/.local/lib/python3.12/site-packages/airflow/example_dags/example_dynamic_task_mapping.py for tasks to queue
[2024-11-28T14:23:16.226+0000] {logging_mixin.py:190} INFO - [2024-11-28T14:23:16.225+0000] {dagbag.py:588} INFO - Filling up the DagBag from /home/airflow/.local/lib/python3.12/site-packages/airflow/example_dags/example_dynamic_task_mapping.py
[2024-11-28T14:23:16.237+0000] {processor.py:925} INFO - DAG(s) 'example_dynamic_task_mapping' retrieved from /home/airflow/.local/lib/python3.12/site-packages/airflow/example_dags/example_dynamic_task_mapping.py
[2024-11-28T14:23:16.261+0000] {logging_mixin.py:190} INFO - [2024-11-28T14:23:16.260+0000] {dag.py:3239} INFO - Sync 1 DAGs
[2024-11-28T14:23:16.274+0000] {logging_mixin.py:190} INFO - [2024-11-28T14:23:16.274+0000] {dag.py:4180} INFO - Setting next_dagrun for example_dynamic_task_mapping to None, run_after=None
[2024-11-28T14:23:16.288+0000] {processor.py:208} INFO - Processing /home/airflow/.local/lib/python3.12/site-packages/airflow/example_dags/example_dynamic_task_mapping.py took 0.076 seconds
[2024-11-28T14:23:47.911+0000] {processor.py:186} INFO - Started process (PID=287) to work on /home/airflow/.local/lib/python3.12/site-packages/airflow/example_dags/example_dynamic_task_mapping.py
[2024-11-28T14:23:47.912+0000] {processor.py:914} INFO - Processing file /home/airflow/.local/lib/python3.12/site-packages/airflow/example_dags/example_dynamic_task_mapping.py for tasks to queue
[2024-11-28T14:23:47.915+0000] {logging_mixin.py:190} INFO - [2024-11-28T14:23:47.914+0000] {dagbag.py:588} INFO - Filling up the DagBag from /home/airflow/.local/lib/python3.12/site-packages/airflow/example_dags/example_dynamic_task_mapping.py
[2024-11-28T14:23:47.923+0000] {processor.py:925} INFO - DAG(s) 'example_dynamic_task_mapping' retrieved from /home/airflow/.local/lib/python3.12/site-packages/airflow/example_dags/example_dynamic_task_mapping.py
[2024-11-28T14:23:47.947+0000] {logging_mixin.py:190} INFO - [2024-11-28T14:23:47.947+0000] {dag.py:3239} INFO - Sync 1 DAGs
[2024-11-28T14:23:47.961+0000] {logging_mixin.py:190} INFO - [2024-11-28T14:23:47.961+0000] {dag.py:4180} INFO - Setting next_dagrun for example_dynamic_task_mapping to None, run_after=None
[2024-11-28T14:23:47.975+0000] {processor.py:208} INFO - Processing /home/airflow/.local/lib/python3.12/site-packages/airflow/example_dags/example_dynamic_task_mapping.py took 0.070 seconds
[2024-11-28T14:24:20.788+0000] {processor.py:186} INFO - Started process (PID=351) to work on /home/airflow/.local/lib/python3.12/site-packages/airflow/example_dags/example_dynamic_task_mapping.py
[2024-11-28T14:24:20.791+0000] {processor.py:914} INFO - Processing file /home/airflow/.local/lib/python3.12/site-packages/airflow/example_dags/example_dynamic_task_mapping.py for tasks to queue
[2024-11-28T14:24:20.797+0000] {logging_mixin.py:190} INFO - [2024-11-28T14:24:20.796+0000] {dagbag.py:588} INFO - Filling up the DagBag from /home/airflow/.local/lib/python3.12/site-packages/airflow/example_dags/example_dynamic_task_mapping.py
[2024-11-28T14:24:20.820+0000] {processor.py:925} INFO - DAG(s) 'example_dynamic_task_mapping' retrieved from /home/airflow/.local/lib/python3.12/site-packages/airflow/example_dags/example_dynamic_task_mapping.py
[2024-11-28T14:24:20.847+0000] {logging_mixin.py:190} INFO - [2024-11-28T14:24:20.847+0000] {dag.py:3239} INFO - Sync 1 DAGs
[2024-11-28T14:24:20.862+0000] {logging_mixin.py:190} INFO - [2024-11-28T14:24:20.862+0000] {dag.py:4180} INFO - Setting next_dagrun for example_dynamic_task_mapping to None, run_after=None
[2024-11-28T14:24:20.902+0000] {processor.py:208} INFO - Processing /home/airflow/.local/lib/python3.12/site-packages/airflow/example_dags/example_dynamic_task_mapping.py took 0.130 seconds
[2024-11-28T14:24:52.944+0000] {processor.py:186} INFO - Started process (PID=414) to work on /home/airflow/.local/lib/python3.12/site-packages/airflow/example_dags/example_dynamic_task_mapping.py
[2024-11-28T14:24:52.945+0000] {processor.py:914} INFO - Processing file /home/airflow/.local/lib/python3.12/site-packages/airflow/example_dags/example_dynamic_task_mapping.py for tasks to queue
[2024-11-28T14:24:52.947+0000] {logging_mixin.py:190} INFO - [2024-11-28T14:24:52.947+0000] {dagbag.py:588} INFO - Filling up the DagBag from /home/airflow/.local/lib/python3.12/site-packages/airflow/example_dags/example_dynamic_task_mapping.py
[2024-11-28T14:24:52.956+0000] {processor.py:925} INFO - DAG(s) 'example_dynamic_task_mapping' retrieved from /home/airflow/.local/lib/python3.12/site-packages/airflow/example_dags/example_dynamic_task_mapping.py
[2024-11-28T14:24:52.977+0000] {logging_mixin.py:190} INFO - [2024-11-28T14:24:52.977+0000] {dag.py:3239} INFO - Sync 1 DAGs
[2024-11-28T14:24:52.995+0000] {logging_mixin.py:190} INFO - [2024-11-28T14:24:52.995+0000] {dag.py:4180} INFO - Setting next_dagrun for example_dynamic_task_mapping to None, run_after=None
[2024-11-28T14:24:53.014+0000] {processor.py:208} INFO - Processing /home/airflow/.local/lib/python3.12/site-packages/airflow/example_dags/example_dynamic_task_mapping.py took 0.075 seconds
