[2024-11-28T14:22:14.553+0000] {processor.py:186} INFO - Started process (PID=96) to work on /home/airflow/.local/lib/python3.12/site-packages/airflow/example_dags/example_branch_python_dop_operator_3.py
[2024-11-28T14:22:14.554+0000] {processor.py:914} INFO - Processing file /home/airflow/.local/lib/python3.12/site-packages/airflow/example_dags/example_branch_python_dop_operator_3.py for tasks to queue
[2024-11-28T14:22:14.556+0000] {logging_mixin.py:190} INFO - [2024-11-28T14:22:14.556+0000] {dagbag.py:588} INFO - Filling up the DagBag from /home/airflow/.local/lib/python3.12/site-packages/airflow/example_dags/example_branch_python_dop_operator_3.py
[2024-11-28T14:22:14.569+0000] {processor.py:925} INFO - DAG(s) 'example_branch_dop_operator_v3' retrieved from /home/airflow/.local/lib/python3.12/site-packages/airflow/example_dags/example_branch_python_dop_operator_3.py
[2024-11-28T14:22:14.726+0000] {logging_mixin.py:190} INFO - [2024-11-28T14:22:14.725+0000] {override.py:1911} INFO - Created Permission View: can delete on DAG:example_branch_dop_operator_v3
[2024-11-28T14:22:14.736+0000] {logging_mixin.py:190} INFO - [2024-11-28T14:22:14.736+0000] {override.py:1911} INFO - Created Permission View: can read on DAG:example_branch_dop_operator_v3
[2024-11-28T14:22:14.742+0000] {logging_mixin.py:190} INFO - [2024-11-28T14:22:14.742+0000] {override.py:1911} INFO - Created Permission View: can edit on DAG:example_branch_dop_operator_v3
[2024-11-28T14:22:14.755+0000] {logging_mixin.py:190} INFO - [2024-11-28T14:22:14.755+0000] {override.py:1911} INFO - Created Permission View: can delete on DAG Run:example_branch_dop_operator_v3
[2024-11-28T14:22:14.762+0000] {logging_mixin.py:190} INFO - [2024-11-28T14:22:14.762+0000] {override.py:1911} INFO - Created Permission View: can read on DAG Run:example_branch_dop_operator_v3
[2024-11-28T14:22:14.767+0000] {logging_mixin.py:190} INFO - [2024-11-28T14:22:14.767+0000] {override.py:1911} INFO - Created Permission View: can create on DAG Run:example_branch_dop_operator_v3
[2024-11-28T14:22:14.773+0000] {logging_mixin.py:190} INFO - [2024-11-28T14:22:14.773+0000] {override.py:1911} INFO - Created Permission View: menu access on DAG Run:example_branch_dop_operator_v3
[2024-11-28T14:22:14.773+0000] {logging_mixin.py:190} INFO - [2024-11-28T14:22:14.773+0000] {dag.py:3239} INFO - Sync 1 DAGs
[2024-11-28T14:22:14.791+0000] {logging_mixin.py:190} INFO - [2024-11-28T14:22:14.790+0000] {dag.py:3262} INFO - Creating ORM DAG for example_branch_dop_operator_v3
[2024-11-28T14:22:14.807+0000] {logging_mixin.py:190} INFO - [2024-11-28T14:22:14.807+0000] {dag.py:4180} INFO - Setting next_dagrun for example_branch_dop_operator_v3 to 2024-11-28 14:21:00+00:00, run_after=2024-11-28 14:22:00+00:00
[2024-11-28T14:22:14.823+0000] {processor.py:208} INFO - Processing /home/airflow/.local/lib/python3.12/site-packages/airflow/example_dags/example_branch_python_dop_operator_3.py took 0.276 seconds
[2024-11-28T14:22:45.695+0000] {processor.py:186} INFO - Started process (PID=158) to work on /home/airflow/.local/lib/python3.12/site-packages/airflow/example_dags/example_branch_python_dop_operator_3.py
[2024-11-28T14:22:45.696+0000] {processor.py:914} INFO - Processing file /home/airflow/.local/lib/python3.12/site-packages/airflow/example_dags/example_branch_python_dop_operator_3.py for tasks to queue
[2024-11-28T14:22:45.698+0000] {logging_mixin.py:190} INFO - [2024-11-28T14:22:45.698+0000] {dagbag.py:588} INFO - Filling up the DagBag from /home/airflow/.local/lib/python3.12/site-packages/airflow/example_dags/example_branch_python_dop_operator_3.py
[2024-11-28T14:22:45.709+0000] {processor.py:925} INFO - DAG(s) 'example_branch_dop_operator_v3' retrieved from /home/airflow/.local/lib/python3.12/site-packages/airflow/example_dags/example_branch_python_dop_operator_3.py
[2024-11-28T14:22:45.727+0000] {logging_mixin.py:190} INFO - [2024-11-28T14:22:45.727+0000] {dag.py:3239} INFO - Sync 1 DAGs
[2024-11-28T14:22:45.750+0000] {logging_mixin.py:190} INFO - [2024-11-28T14:22:45.750+0000] {dag.py:4180} INFO - Setting next_dagrun for example_branch_dop_operator_v3 to 2024-11-28 14:21:00+00:00, run_after=2024-11-28 14:22:00+00:00
[2024-11-28T14:22:45.767+0000] {processor.py:208} INFO - Processing /home/airflow/.local/lib/python3.12/site-packages/airflow/example_dags/example_branch_python_dop_operator_3.py took 0.079 seconds
[2024-11-28T14:23:16.031+0000] {processor.py:186} INFO - Started process (PID=220) to work on /home/airflow/.local/lib/python3.12/site-packages/airflow/example_dags/example_branch_python_dop_operator_3.py
[2024-11-28T14:23:16.033+0000] {processor.py:914} INFO - Processing file /home/airflow/.local/lib/python3.12/site-packages/airflow/example_dags/example_branch_python_dop_operator_3.py for tasks to queue
[2024-11-28T14:23:16.035+0000] {logging_mixin.py:190} INFO - [2024-11-28T14:23:16.035+0000] {dagbag.py:588} INFO - Filling up the DagBag from /home/airflow/.local/lib/python3.12/site-packages/airflow/example_dags/example_branch_python_dop_operator_3.py
[2024-11-28T14:23:16.047+0000] {processor.py:925} INFO - DAG(s) 'example_branch_dop_operator_v3' retrieved from /home/airflow/.local/lib/python3.12/site-packages/airflow/example_dags/example_branch_python_dop_operator_3.py
[2024-11-28T14:23:16.069+0000] {logging_mixin.py:190} INFO - [2024-11-28T14:23:16.069+0000] {dag.py:3239} INFO - Sync 1 DAGs
[2024-11-28T14:23:16.096+0000] {logging_mixin.py:190} INFO - [2024-11-28T14:23:16.096+0000] {dag.py:4180} INFO - Setting next_dagrun for example_branch_dop_operator_v3 to 2024-11-28 14:22:00+00:00, run_after=2024-11-28 14:23:00+00:00
[2024-11-28T14:23:16.112+0000] {processor.py:208} INFO - Processing /home/airflow/.local/lib/python3.12/site-packages/airflow/example_dags/example_branch_python_dop_operator_3.py took 0.088 seconds
[2024-11-28T14:23:47.615+0000] {processor.py:186} INFO - Started process (PID=283) to work on /home/airflow/.local/lib/python3.12/site-packages/airflow/example_dags/example_branch_python_dop_operator_3.py
[2024-11-28T14:23:47.616+0000] {processor.py:914} INFO - Processing file /home/airflow/.local/lib/python3.12/site-packages/airflow/example_dags/example_branch_python_dop_operator_3.py for tasks to queue
[2024-11-28T14:23:47.620+0000] {logging_mixin.py:190} INFO - [2024-11-28T14:23:47.619+0000] {dagbag.py:588} INFO - Filling up the DagBag from /home/airflow/.local/lib/python3.12/site-packages/airflow/example_dags/example_branch_python_dop_operator_3.py
[2024-11-28T14:23:47.635+0000] {processor.py:925} INFO - DAG(s) 'example_branch_dop_operator_v3' retrieved from /home/airflow/.local/lib/python3.12/site-packages/airflow/example_dags/example_branch_python_dop_operator_3.py
[2024-11-28T14:23:47.663+0000] {logging_mixin.py:190} INFO - [2024-11-28T14:23:47.663+0000] {dag.py:3239} INFO - Sync 1 DAGs
[2024-11-28T14:23:47.711+0000] {logging_mixin.py:190} INFO - [2024-11-28T14:23:47.711+0000] {dag.py:4180} INFO - Setting next_dagrun for example_branch_dop_operator_v3 to 2024-11-28 14:22:00+00:00, run_after=2024-11-28 14:23:00+00:00
[2024-11-28T14:23:47.740+0000] {processor.py:208} INFO - Processing /home/airflow/.local/lib/python3.12/site-packages/airflow/example_dags/example_branch_python_dop_operator_3.py took 0.133 seconds
[2024-11-28T14:24:19.906+0000] {processor.py:186} INFO - Started process (PID=347) to work on /home/airflow/.local/lib/python3.12/site-packages/airflow/example_dags/example_branch_python_dop_operator_3.py
[2024-11-28T14:24:19.907+0000] {processor.py:914} INFO - Processing file /home/airflow/.local/lib/python3.12/site-packages/airflow/example_dags/example_branch_python_dop_operator_3.py for tasks to queue
[2024-11-28T14:24:19.911+0000] {logging_mixin.py:190} INFO - [2024-11-28T14:24:19.910+0000] {dagbag.py:588} INFO - Filling up the DagBag from /home/airflow/.local/lib/python3.12/site-packages/airflow/example_dags/example_branch_python_dop_operator_3.py
[2024-11-28T14:24:19.922+0000] {processor.py:925} INFO - DAG(s) 'example_branch_dop_operator_v3' retrieved from /home/airflow/.local/lib/python3.12/site-packages/airflow/example_dags/example_branch_python_dop_operator_3.py
[2024-11-28T14:24:19.958+0000] {logging_mixin.py:190} INFO - [2024-11-28T14:24:19.958+0000] {dag.py:3239} INFO - Sync 1 DAGs
[2024-11-28T14:24:19.986+0000] {logging_mixin.py:190} INFO - [2024-11-28T14:24:19.986+0000] {dag.py:4180} INFO - Setting next_dagrun for example_branch_dop_operator_v3 to 2024-11-28 14:23:00+00:00, run_after=2024-11-28 14:24:00+00:00
[2024-11-28T14:24:20.009+0000] {processor.py:208} INFO - Processing /home/airflow/.local/lib/python3.12/site-packages/airflow/example_dags/example_branch_python_dop_operator_3.py took 0.111 seconds
[2024-11-28T14:24:51.977+0000] {processor.py:186} INFO - Started process (PID=410) to work on /home/airflow/.local/lib/python3.12/site-packages/airflow/example_dags/example_branch_python_dop_operator_3.py
[2024-11-28T14:24:51.978+0000] {processor.py:914} INFO - Processing file /home/airflow/.local/lib/python3.12/site-packages/airflow/example_dags/example_branch_python_dop_operator_3.py for tasks to queue
[2024-11-28T14:24:51.982+0000] {logging_mixin.py:190} INFO - [2024-11-28T14:24:51.981+0000] {dagbag.py:588} INFO - Filling up the DagBag from /home/airflow/.local/lib/python3.12/site-packages/airflow/example_dags/example_branch_python_dop_operator_3.py
[2024-11-28T14:24:51.996+0000] {processor.py:925} INFO - DAG(s) 'example_branch_dop_operator_v3' retrieved from /home/airflow/.local/lib/python3.12/site-packages/airflow/example_dags/example_branch_python_dop_operator_3.py
[2024-11-28T14:24:52.027+0000] {logging_mixin.py:190} INFO - [2024-11-28T14:24:52.027+0000] {dag.py:3239} INFO - Sync 1 DAGs
[2024-11-28T14:24:52.080+0000] {logging_mixin.py:190} INFO - [2024-11-28T14:24:52.077+0000] {dag.py:4180} INFO - Setting next_dagrun for example_branch_dop_operator_v3 to 2024-11-28 14:23:00+00:00, run_after=2024-11-28 14:24:00+00:00
[2024-11-28T14:24:52.147+0000] {processor.py:208} INFO - Processing /home/airflow/.local/lib/python3.12/site-packages/airflow/example_dags/example_branch_python_dop_operator_3.py took 0.180 seconds
