[2024-11-28T14:22:17.373+0000] {processor.py:186} INFO - Started process (PID=120) to work on /home/airflow/.local/lib/python3.12/site-packages/airflow/example_dags/example_short_circuit_decorator.py
[2024-11-28T14:22:17.375+0000] {processor.py:914} INFO - Processing file /home/airflow/.local/lib/python3.12/site-packages/airflow/example_dags/example_short_circuit_decorator.py for tasks to queue
[2024-11-28T14:22:17.377+0000] {logging_mixin.py:190} INFO - [2024-11-28T14:22:17.377+0000] {dagbag.py:588} INFO - Filling up the DagBag from /home/airflow/.local/lib/python3.12/site-packages/airflow/example_dags/example_short_circuit_decorator.py
[2024-11-28T14:22:17.389+0000] {processor.py:925} INFO - DAG(s) 'example_short_circuit_decorator' retrieved from /home/airflow/.local/lib/python3.12/site-packages/airflow/example_dags/example_short_circuit_decorator.py
[2024-11-28T14:22:17.486+0000] {logging_mixin.py:190} INFO - [2024-11-28T14:22:17.486+0000] {override.py:1911} INFO - Created Permission View: can delete on DAG:example_short_circuit_decorator
[2024-11-28T14:22:17.494+0000] {logging_mixin.py:190} INFO - [2024-11-28T14:22:17.494+0000] {override.py:1911} INFO - Created Permission View: can read on DAG:example_short_circuit_decorator
[2024-11-28T14:22:17.499+0000] {logging_mixin.py:190} INFO - [2024-11-28T14:22:17.499+0000] {override.py:1911} INFO - Created Permission View: can edit on DAG:example_short_circuit_decorator
[2024-11-28T14:22:17.504+0000] {logging_mixin.py:190} INFO - [2024-11-28T14:22:17.504+0000] {override.py:1911} INFO - Created Permission View: can delete on DAG Run:example_short_circuit_decorator
[2024-11-28T14:22:17.509+0000] {logging_mixin.py:190} INFO - [2024-11-28T14:22:17.509+0000] {override.py:1911} INFO - Created Permission View: can read on DAG Run:example_short_circuit_decorator
[2024-11-28T14:22:17.514+0000] {logging_mixin.py:190} INFO - [2024-11-28T14:22:17.514+0000] {override.py:1911} INFO - Created Permission View: can create on DAG Run:example_short_circuit_decorator
[2024-11-28T14:22:17.521+0000] {logging_mixin.py:190} INFO - [2024-11-28T14:22:17.521+0000] {override.py:1911} INFO - Created Permission View: menu access on DAG Run:example_short_circuit_decorator
[2024-11-28T14:22:17.524+0000] {logging_mixin.py:190} INFO - [2024-11-28T14:22:17.523+0000] {dag.py:3239} INFO - Sync 1 DAGs
[2024-11-28T14:22:17.536+0000] {logging_mixin.py:190} INFO - [2024-11-28T14:22:17.536+0000] {dag.py:3262} INFO - Creating ORM DAG for example_short_circuit_decorator
[2024-11-28T14:22:17.537+0000] {logging_mixin.py:190} INFO - [2024-11-28T14:22:17.537+0000] {dag.py:4180} INFO - Setting next_dagrun for example_short_circuit_decorator to None, run_after=None
[2024-11-28T14:22:17.552+0000] {processor.py:208} INFO - Processing /home/airflow/.local/lib/python3.12/site-packages/airflow/example_dags/example_short_circuit_decorator.py took 0.184 seconds
[2024-11-28T14:22:48.241+0000] {processor.py:186} INFO - Started process (PID=182) to work on /home/airflow/.local/lib/python3.12/site-packages/airflow/example_dags/example_short_circuit_decorator.py
[2024-11-28T14:22:48.242+0000] {processor.py:914} INFO - Processing file /home/airflow/.local/lib/python3.12/site-packages/airflow/example_dags/example_short_circuit_decorator.py for tasks to queue
[2024-11-28T14:22:48.244+0000] {logging_mixin.py:190} INFO - [2024-11-28T14:22:48.244+0000] {dagbag.py:588} INFO - Filling up the DagBag from /home/airflow/.local/lib/python3.12/site-packages/airflow/example_dags/example_short_circuit_decorator.py
[2024-11-28T14:22:48.252+0000] {processor.py:925} INFO - DAG(s) 'example_short_circuit_decorator' retrieved from /home/airflow/.local/lib/python3.12/site-packages/airflow/example_dags/example_short_circuit_decorator.py
[2024-11-28T14:22:48.269+0000] {logging_mixin.py:190} INFO - [2024-11-28T14:22:48.269+0000] {dag.py:3239} INFO - Sync 1 DAGs
[2024-11-28T14:22:48.281+0000] {logging_mixin.py:190} INFO - [2024-11-28T14:22:48.281+0000] {dag.py:4180} INFO - Setting next_dagrun for example_short_circuit_decorator to None, run_after=None
[2024-11-28T14:22:48.306+0000] {processor.py:208} INFO - Processing /home/airflow/.local/lib/python3.12/site-packages/airflow/example_dags/example_short_circuit_decorator.py took 0.069 seconds
[2024-11-28T14:23:18.721+0000] {processor.py:186} INFO - Started process (PID=245) to work on /home/airflow/.local/lib/python3.12/site-packages/airflow/example_dags/example_short_circuit_decorator.py
[2024-11-28T14:23:18.722+0000] {processor.py:914} INFO - Processing file /home/airflow/.local/lib/python3.12/site-packages/airflow/example_dags/example_short_circuit_decorator.py for tasks to queue
[2024-11-28T14:23:18.724+0000] {logging_mixin.py:190} INFO - [2024-11-28T14:23:18.724+0000] {dagbag.py:588} INFO - Filling up the DagBag from /home/airflow/.local/lib/python3.12/site-packages/airflow/example_dags/example_short_circuit_decorator.py
[2024-11-28T14:23:18.735+0000] {processor.py:925} INFO - DAG(s) 'example_short_circuit_decorator' retrieved from /home/airflow/.local/lib/python3.12/site-packages/airflow/example_dags/example_short_circuit_decorator.py
[2024-11-28T14:23:18.752+0000] {logging_mixin.py:190} INFO - [2024-11-28T14:23:18.752+0000] {dag.py:3239} INFO - Sync 1 DAGs
[2024-11-28T14:23:18.763+0000] {logging_mixin.py:190} INFO - [2024-11-28T14:23:18.762+0000] {dag.py:4180} INFO - Setting next_dagrun for example_short_circuit_decorator to None, run_after=None
[2024-11-28T14:23:18.776+0000] {processor.py:208} INFO - Processing /home/airflow/.local/lib/python3.12/site-packages/airflow/example_dags/example_short_circuit_decorator.py took 0.060 seconds
[2024-11-28T14:23:49.229+0000] {processor.py:186} INFO - Started process (PID=308) to work on /home/airflow/.local/lib/python3.12/site-packages/airflow/example_dags/example_short_circuit_decorator.py
[2024-11-28T14:23:49.230+0000] {processor.py:914} INFO - Processing file /home/airflow/.local/lib/python3.12/site-packages/airflow/example_dags/example_short_circuit_decorator.py for tasks to queue
[2024-11-28T14:23:49.232+0000] {logging_mixin.py:190} INFO - [2024-11-28T14:23:49.232+0000] {dagbag.py:588} INFO - Filling up the DagBag from /home/airflow/.local/lib/python3.12/site-packages/airflow/example_dags/example_short_circuit_decorator.py
[2024-11-28T14:23:49.239+0000] {processor.py:925} INFO - DAG(s) 'example_short_circuit_decorator' retrieved from /home/airflow/.local/lib/python3.12/site-packages/airflow/example_dags/example_short_circuit_decorator.py
[2024-11-28T14:23:49.255+0000] {logging_mixin.py:190} INFO - [2024-11-28T14:23:49.255+0000] {dag.py:3239} INFO - Sync 1 DAGs
[2024-11-28T14:23:49.269+0000] {logging_mixin.py:190} INFO - [2024-11-28T14:23:49.269+0000] {dag.py:4180} INFO - Setting next_dagrun for example_short_circuit_decorator to None, run_after=None
[2024-11-28T14:23:49.281+0000] {processor.py:208} INFO - Processing /home/airflow/.local/lib/python3.12/site-packages/airflow/example_dags/example_short_circuit_decorator.py took 0.057 seconds
[2024-11-28T14:24:24.604+0000] {processor.py:186} INFO - Started process (PID=377) to work on /home/airflow/.local/lib/python3.12/site-packages/airflow/example_dags/example_short_circuit_decorator.py
[2024-11-28T14:24:24.622+0000] {processor.py:914} INFO - Processing file /home/airflow/.local/lib/python3.12/site-packages/airflow/example_dags/example_short_circuit_decorator.py for tasks to queue
[2024-11-28T14:24:24.636+0000] {logging_mixin.py:190} INFO - [2024-11-28T14:24:24.635+0000] {dagbag.py:588} INFO - Filling up the DagBag from /home/airflow/.local/lib/python3.12/site-packages/airflow/example_dags/example_short_circuit_decorator.py
[2024-11-28T14:24:24.719+0000] {processor.py:925} INFO - DAG(s) 'example_short_circuit_decorator' retrieved from /home/airflow/.local/lib/python3.12/site-packages/airflow/example_dags/example_short_circuit_decorator.py
[2024-11-28T14:24:24.855+0000] {logging_mixin.py:190} INFO - [2024-11-28T14:24:24.853+0000] {dag.py:3239} INFO - Sync 1 DAGs
[2024-11-28T14:24:24.938+0000] {logging_mixin.py:190} INFO - [2024-11-28T14:24:24.936+0000] {dag.py:4180} INFO - Setting next_dagrun for example_short_circuit_decorator to None, run_after=None
[2024-11-28T14:24:25.014+0000] {processor.py:208} INFO - Processing /home/airflow/.local/lib/python3.12/site-packages/airflow/example_dags/example_short_circuit_decorator.py took 0.449 seconds
[2024-11-28T14:24:55.505+0000] {processor.py:186} INFO - Started process (PID=440) to work on /home/airflow/.local/lib/python3.12/site-packages/airflow/example_dags/example_short_circuit_decorator.py
[2024-11-28T14:24:55.506+0000] {processor.py:914} INFO - Processing file /home/airflow/.local/lib/python3.12/site-packages/airflow/example_dags/example_short_circuit_decorator.py for tasks to queue
[2024-11-28T14:24:55.509+0000] {logging_mixin.py:190} INFO - [2024-11-28T14:24:55.508+0000] {dagbag.py:588} INFO - Filling up the DagBag from /home/airflow/.local/lib/python3.12/site-packages/airflow/example_dags/example_short_circuit_decorator.py
[2024-11-28T14:24:55.519+0000] {processor.py:925} INFO - DAG(s) 'example_short_circuit_decorator' retrieved from /home/airflow/.local/lib/python3.12/site-packages/airflow/example_dags/example_short_circuit_decorator.py
[2024-11-28T14:24:55.541+0000] {logging_mixin.py:190} INFO - [2024-11-28T14:24:55.540+0000] {dag.py:3239} INFO - Sync 1 DAGs
[2024-11-28T14:24:55.560+0000] {logging_mixin.py:190} INFO - [2024-11-28T14:24:55.560+0000] {dag.py:4180} INFO - Setting next_dagrun for example_short_circuit_decorator to None, run_after=None
[2024-11-28T14:24:55.592+0000] {processor.py:208} INFO - Processing /home/airflow/.local/lib/python3.12/site-packages/airflow/example_dags/example_short_circuit_decorator.py took 0.092 seconds
