[2024-11-28T14:22:06.701+0000] {processor.py:186} INFO - Started process (PID=72) to work on /home/airflow/.local/lib/python3.12/site-packages/airflow/example_dags/example_sla_dag.py
[2024-11-28T14:22:06.704+0000] {processor.py:914} INFO - Processing file /home/airflow/.local/lib/python3.12/site-packages/airflow/example_dags/example_sla_dag.py for tasks to queue
[2024-11-28T14:22:06.725+0000] {logging_mixin.py:190} INFO - [2024-11-28T14:22:06.723+0000] {dagbag.py:588} INFO - Filling up the DagBag from /home/airflow/.local/lib/python3.12/site-packages/airflow/example_dags/example_sla_dag.py
[2024-11-28T14:22:06.787+0000] {processor.py:925} INFO - DAG(s) 'example_sla_dag' retrieved from /home/airflow/.local/lib/python3.12/site-packages/airflow/example_dags/example_sla_dag.py
[2024-11-28T14:22:07.338+0000] {logging_mixin.py:190} INFO - [2024-11-28T14:22:07.332+0000] {override.py:1911} INFO - Created Permission View: can delete on DAG:example_sla_dag
[2024-11-28T14:22:07.370+0000] {logging_mixin.py:190} INFO - [2024-11-28T14:22:07.369+0000] {override.py:1911} INFO - Created Permission View: can read on DAG:example_sla_dag
[2024-11-28T14:22:07.389+0000] {logging_mixin.py:190} INFO - [2024-11-28T14:22:07.388+0000] {override.py:1911} INFO - Created Permission View: can edit on DAG:example_sla_dag
[2024-11-28T14:22:07.408+0000] {logging_mixin.py:190} INFO - [2024-11-28T14:22:07.407+0000] {override.py:1911} INFO - Created Permission View: can delete on DAG Run:example_sla_dag
[2024-11-28T14:22:07.423+0000] {logging_mixin.py:190} INFO - [2024-11-28T14:22:07.423+0000] {override.py:1911} INFO - Created Permission View: can read on DAG Run:example_sla_dag
[2024-11-28T14:22:07.443+0000] {logging_mixin.py:190} INFO - [2024-11-28T14:22:07.443+0000] {override.py:1911} INFO - Created Permission View: can create on DAG Run:example_sla_dag
[2024-11-28T14:22:07.467+0000] {logging_mixin.py:190} INFO - [2024-11-28T14:22:07.467+0000] {override.py:1911} INFO - Created Permission View: menu access on DAG Run:example_sla_dag
[2024-11-28T14:22:07.468+0000] {logging_mixin.py:190} INFO - [2024-11-28T14:22:07.468+0000] {dag.py:3239} INFO - Sync 1 DAGs
[2024-11-28T14:22:07.498+0000] {logging_mixin.py:190} INFO - [2024-11-28T14:22:07.498+0000] {dag.py:3262} INFO - Creating ORM DAG for example_sla_dag
[2024-11-28T14:22:07.533+0000] {logging_mixin.py:190} INFO - [2024-11-28T14:22:07.532+0000] {dag.py:4180} INFO - Setting next_dagrun for example_sla_dag to 2024-11-28 14:20:00+00:00, run_after=2024-11-28 14:22:00+00:00
[2024-11-28T14:22:07.568+0000] {processor.py:208} INFO - Processing /home/airflow/.local/lib/python3.12/site-packages/airflow/example_dags/example_sla_dag.py took 0.891 seconds
[2024-11-28T14:22:37.739+0000] {processor.py:186} INFO - Started process (PID=133) to work on /home/airflow/.local/lib/python3.12/site-packages/airflow/example_dags/example_sla_dag.py
[2024-11-28T14:22:37.740+0000] {processor.py:914} INFO - Processing file /home/airflow/.local/lib/python3.12/site-packages/airflow/example_dags/example_sla_dag.py for tasks to queue
[2024-11-28T14:22:37.742+0000] {logging_mixin.py:190} INFO - [2024-11-28T14:22:37.742+0000] {dagbag.py:588} INFO - Filling up the DagBag from /home/airflow/.local/lib/python3.12/site-packages/airflow/example_dags/example_sla_dag.py
[2024-11-28T14:22:37.752+0000] {processor.py:925} INFO - DAG(s) 'example_sla_dag' retrieved from /home/airflow/.local/lib/python3.12/site-packages/airflow/example_dags/example_sla_dag.py
[2024-11-28T14:22:37.768+0000] {logging_mixin.py:190} INFO - [2024-11-28T14:22:37.768+0000] {dag.py:3239} INFO - Sync 1 DAGs
[2024-11-28T14:22:37.788+0000] {logging_mixin.py:190} INFO - [2024-11-28T14:22:37.788+0000] {dag.py:4180} INFO - Setting next_dagrun for example_sla_dag to 2024-11-28 14:20:00+00:00, run_after=2024-11-28 14:22:00+00:00
[2024-11-28T14:22:37.800+0000] {processor.py:208} INFO - Processing /home/airflow/.local/lib/python3.12/site-packages/airflow/example_dags/example_sla_dag.py took 0.066 seconds
[2024-11-28T14:23:08.644+0000] {processor.py:186} INFO - Started process (PID=196) to work on /home/airflow/.local/lib/python3.12/site-packages/airflow/example_dags/example_sla_dag.py
[2024-11-28T14:23:08.646+0000] {processor.py:914} INFO - Processing file /home/airflow/.local/lib/python3.12/site-packages/airflow/example_dags/example_sla_dag.py for tasks to queue
[2024-11-28T14:23:08.650+0000] {logging_mixin.py:190} INFO - [2024-11-28T14:23:08.650+0000] {dagbag.py:588} INFO - Filling up the DagBag from /home/airflow/.local/lib/python3.12/site-packages/airflow/example_dags/example_sla_dag.py
[2024-11-28T14:23:08.665+0000] {processor.py:925} INFO - DAG(s) 'example_sla_dag' retrieved from /home/airflow/.local/lib/python3.12/site-packages/airflow/example_dags/example_sla_dag.py
[2024-11-28T14:23:08.695+0000] {logging_mixin.py:190} INFO - [2024-11-28T14:23:08.694+0000] {dag.py:3239} INFO - Sync 1 DAGs
[2024-11-28T14:23:08.727+0000] {logging_mixin.py:190} INFO - [2024-11-28T14:23:08.727+0000] {dag.py:4180} INFO - Setting next_dagrun for example_sla_dag to 2024-11-28 14:20:00+00:00, run_after=2024-11-28 14:22:00+00:00
[2024-11-28T14:23:08.739+0000] {processor.py:208} INFO - Processing /home/airflow/.local/lib/python3.12/site-packages/airflow/example_dags/example_sla_dag.py took 0.114 seconds
[2024-11-28T14:23:39.210+0000] {processor.py:186} INFO - Started process (PID=259) to work on /home/airflow/.local/lib/python3.12/site-packages/airflow/example_dags/example_sla_dag.py
[2024-11-28T14:23:39.213+0000] {processor.py:914} INFO - Processing file /home/airflow/.local/lib/python3.12/site-packages/airflow/example_dags/example_sla_dag.py for tasks to queue
[2024-11-28T14:23:39.224+0000] {logging_mixin.py:190} INFO - [2024-11-28T14:23:39.223+0000] {dagbag.py:588} INFO - Filling up the DagBag from /home/airflow/.local/lib/python3.12/site-packages/airflow/example_dags/example_sla_dag.py
[2024-11-28T14:23:39.250+0000] {processor.py:925} INFO - DAG(s) 'example_sla_dag' retrieved from /home/airflow/.local/lib/python3.12/site-packages/airflow/example_dags/example_sla_dag.py
[2024-11-28T14:23:39.301+0000] {logging_mixin.py:190} INFO - [2024-11-28T14:23:39.300+0000] {dag.py:3239} INFO - Sync 1 DAGs
[2024-11-28T14:23:39.353+0000] {logging_mixin.py:190} INFO - [2024-11-28T14:23:39.352+0000] {dag.py:4180} INFO - Setting next_dagrun for example_sla_dag to 2024-11-28 14:20:00+00:00, run_after=2024-11-28 14:22:00+00:00
[2024-11-28T14:23:39.432+0000] {processor.py:208} INFO - Processing /home/airflow/.local/lib/python3.12/site-packages/airflow/example_dags/example_sla_dag.py took 0.233 seconds
[2024-11-28T14:24:09.585+0000] {processor.py:186} INFO - Started process (PID=322) to work on /home/airflow/.local/lib/python3.12/site-packages/airflow/example_dags/example_sla_dag.py
[2024-11-28T14:24:09.588+0000] {processor.py:914} INFO - Processing file /home/airflow/.local/lib/python3.12/site-packages/airflow/example_dags/example_sla_dag.py for tasks to queue
[2024-11-28T14:24:09.596+0000] {logging_mixin.py:190} INFO - [2024-11-28T14:24:09.595+0000] {dagbag.py:588} INFO - Filling up the DagBag from /home/airflow/.local/lib/python3.12/site-packages/airflow/example_dags/example_sla_dag.py
[2024-11-28T14:24:09.619+0000] {processor.py:925} INFO - DAG(s) 'example_sla_dag' retrieved from /home/airflow/.local/lib/python3.12/site-packages/airflow/example_dags/example_sla_dag.py
[2024-11-28T14:24:09.678+0000] {logging_mixin.py:190} INFO - [2024-11-28T14:24:09.678+0000] {dag.py:3239} INFO - Sync 1 DAGs
[2024-11-28T14:24:09.779+0000] {logging_mixin.py:190} INFO - [2024-11-28T14:24:09.778+0000] {dag.py:4180} INFO - Setting next_dagrun for example_sla_dag to 2024-11-28 14:22:00+00:00, run_after=2024-11-28 14:24:00+00:00
[2024-11-28T14:24:09.844+0000] {processor.py:208} INFO - Processing /home/airflow/.local/lib/python3.12/site-packages/airflow/example_dags/example_sla_dag.py took 0.271 seconds
[2024-11-28T14:24:40.076+0000] {processor.py:186} INFO - Started process (PID=385) to work on /home/airflow/.local/lib/python3.12/site-packages/airflow/example_dags/example_sla_dag.py
[2024-11-28T14:24:40.077+0000] {processor.py:914} INFO - Processing file /home/airflow/.local/lib/python3.12/site-packages/airflow/example_dags/example_sla_dag.py for tasks to queue
[2024-11-28T14:24:40.080+0000] {logging_mixin.py:190} INFO - [2024-11-28T14:24:40.079+0000] {dagbag.py:588} INFO - Filling up the DagBag from /home/airflow/.local/lib/python3.12/site-packages/airflow/example_dags/example_sla_dag.py
[2024-11-28T14:24:40.092+0000] {processor.py:925} INFO - DAG(s) 'example_sla_dag' retrieved from /home/airflow/.local/lib/python3.12/site-packages/airflow/example_dags/example_sla_dag.py
[2024-11-28T14:24:40.120+0000] {logging_mixin.py:190} INFO - [2024-11-28T14:24:40.120+0000] {dag.py:3239} INFO - Sync 1 DAGs
[2024-11-28T14:24:40.150+0000] {logging_mixin.py:190} INFO - [2024-11-28T14:24:40.150+0000] {dag.py:4180} INFO - Setting next_dagrun for example_sla_dag to 2024-11-28 14:22:00+00:00, run_after=2024-11-28 14:24:00+00:00
[2024-11-28T14:24:40.169+0000] {processor.py:208} INFO - Processing /home/airflow/.local/lib/python3.12/site-packages/airflow/example_dags/example_sla_dag.py took 0.101 seconds
