[2024-11-28T14:22:16.159+0000] {processor.py:186} INFO - Started process (PID=108) to work on /home/airflow/.local/lib/python3.12/site-packages/airflow/example_dags/example_xcomargs.py
[2024-11-28T14:22:16.160+0000] {processor.py:914} INFO - Processing file /home/airflow/.local/lib/python3.12/site-packages/airflow/example_dags/example_xcomargs.py for tasks to queue
[2024-11-28T14:22:16.162+0000] {logging_mixin.py:190} INFO - [2024-11-28T14:22:16.162+0000] {dagbag.py:588} INFO - Filling up the DagBag from /home/airflow/.local/lib/python3.12/site-packages/airflow/example_dags/example_xcomargs.py
[2024-11-28T14:22:16.173+0000] {processor.py:925} INFO - DAG(s) 'example_xcom_args', 'example_xcom_args_with_operators' retrieved from /home/airflow/.local/lib/python3.12/site-packages/airflow/example_dags/example_xcomargs.py
[2024-11-28T14:22:16.262+0000] {logging_mixin.py:190} INFO - [2024-11-28T14:22:16.261+0000] {override.py:1911} INFO - Created Permission View: can delete on DAG:example_xcom_args
[2024-11-28T14:22:16.270+0000] {logging_mixin.py:190} INFO - [2024-11-28T14:22:16.270+0000] {override.py:1911} INFO - Created Permission View: can read on DAG:example_xcom_args
[2024-11-28T14:22:16.275+0000] {logging_mixin.py:190} INFO - [2024-11-28T14:22:16.275+0000] {override.py:1911} INFO - Created Permission View: can edit on DAG:example_xcom_args
[2024-11-28T14:22:16.280+0000] {logging_mixin.py:190} INFO - [2024-11-28T14:22:16.280+0000] {override.py:1911} INFO - Created Permission View: can delete on DAG Run:example_xcom_args
[2024-11-28T14:22:16.285+0000] {logging_mixin.py:190} INFO - [2024-11-28T14:22:16.285+0000] {override.py:1911} INFO - Created Permission View: can read on DAG Run:example_xcom_args
[2024-11-28T14:22:16.289+0000] {logging_mixin.py:190} INFO - [2024-11-28T14:22:16.289+0000] {override.py:1911} INFO - Created Permission View: can create on DAG Run:example_xcom_args
[2024-11-28T14:22:16.293+0000] {logging_mixin.py:190} INFO - [2024-11-28T14:22:16.293+0000] {override.py:1911} INFO - Created Permission View: menu access on DAG Run:example_xcom_args
[2024-11-28T14:22:16.304+0000] {logging_mixin.py:190} INFO - [2024-11-28T14:22:16.304+0000] {override.py:1911} INFO - Created Permission View: can delete on DAG:example_xcom_args_with_operators
[2024-11-28T14:22:16.309+0000] {logging_mixin.py:190} INFO - [2024-11-28T14:22:16.309+0000] {override.py:1911} INFO - Created Permission View: can read on DAG:example_xcom_args_with_operators
[2024-11-28T14:22:16.313+0000] {logging_mixin.py:190} INFO - [2024-11-28T14:22:16.313+0000] {override.py:1911} INFO - Created Permission View: can edit on DAG:example_xcom_args_with_operators
[2024-11-28T14:22:16.320+0000] {logging_mixin.py:190} INFO - [2024-11-28T14:22:16.320+0000] {override.py:1911} INFO - Created Permission View: can delete on DAG Run:example_xcom_args_with_operators
[2024-11-28T14:22:16.326+0000] {logging_mixin.py:190} INFO - [2024-11-28T14:22:16.326+0000] {override.py:1911} INFO - Created Permission View: can read on DAG Run:example_xcom_args_with_operators
[2024-11-28T14:22:16.332+0000] {logging_mixin.py:190} INFO - [2024-11-28T14:22:16.332+0000] {override.py:1911} INFO - Created Permission View: can create on DAG Run:example_xcom_args_with_operators
[2024-11-28T14:22:16.337+0000] {logging_mixin.py:190} INFO - [2024-11-28T14:22:16.337+0000] {override.py:1911} INFO - Created Permission View: menu access on DAG Run:example_xcom_args_with_operators
[2024-11-28T14:22:16.338+0000] {logging_mixin.py:190} INFO - [2024-11-28T14:22:16.338+0000] {dag.py:3239} INFO - Sync 2 DAGs
[2024-11-28T14:22:16.351+0000] {logging_mixin.py:190} INFO - [2024-11-28T14:22:16.351+0000] {dag.py:3262} INFO - Creating ORM DAG for example_xcom_args
[2024-11-28T14:22:16.352+0000] {logging_mixin.py:190} INFO - [2024-11-28T14:22:16.352+0000] {dag.py:3262} INFO - Creating ORM DAG for example_xcom_args_with_operators
[2024-11-28T14:22:16.352+0000] {logging_mixin.py:190} INFO - [2024-11-28T14:22:16.352+0000] {dag.py:4180} INFO - Setting next_dagrun for example_xcom_args to None, run_after=None
[2024-11-28T14:22:16.353+0000] {logging_mixin.py:190} INFO - [2024-11-28T14:22:16.353+0000] {dag.py:4180} INFO - Setting next_dagrun for example_xcom_args_with_operators to None, run_after=None
[2024-11-28T14:22:16.367+0000] {processor.py:208} INFO - Processing /home/airflow/.local/lib/python3.12/site-packages/airflow/example_dags/example_xcomargs.py took 0.214 seconds
[2024-11-28T14:22:46.624+0000] {processor.py:186} INFO - Started process (PID=170) to work on /home/airflow/.local/lib/python3.12/site-packages/airflow/example_dags/example_xcomargs.py
[2024-11-28T14:22:46.626+0000] {processor.py:914} INFO - Processing file /home/airflow/.local/lib/python3.12/site-packages/airflow/example_dags/example_xcomargs.py for tasks to queue
[2024-11-28T14:22:46.629+0000] {logging_mixin.py:190} INFO - [2024-11-28T14:22:46.629+0000] {dagbag.py:588} INFO - Filling up the DagBag from /home/airflow/.local/lib/python3.12/site-packages/airflow/example_dags/example_xcomargs.py
[2024-11-28T14:22:46.641+0000] {processor.py:925} INFO - DAG(s) 'example_xcom_args', 'example_xcom_args_with_operators' retrieved from /home/airflow/.local/lib/python3.12/site-packages/airflow/example_dags/example_xcomargs.py
[2024-11-28T14:22:46.665+0000] {logging_mixin.py:190} INFO - [2024-11-28T14:22:46.664+0000] {dag.py:3239} INFO - Sync 2 DAGs
[2024-11-28T14:22:46.679+0000] {logging_mixin.py:190} INFO - [2024-11-28T14:22:46.679+0000] {dag.py:4180} INFO - Setting next_dagrun for example_xcom_args to None, run_after=None
[2024-11-28T14:22:46.683+0000] {logging_mixin.py:190} INFO - [2024-11-28T14:22:46.683+0000] {dag.py:4180} INFO - Setting next_dagrun for example_xcom_args_with_operators to None, run_after=None
[2024-11-28T14:22:46.699+0000] {processor.py:208} INFO - Processing /home/airflow/.local/lib/python3.12/site-packages/airflow/example_dags/example_xcomargs.py took 0.082 seconds
[2024-11-28T14:23:17.824+0000] {processor.py:186} INFO - Started process (PID=233) to work on /home/airflow/.local/lib/python3.12/site-packages/airflow/example_dags/example_xcomargs.py
[2024-11-28T14:23:17.825+0000] {processor.py:914} INFO - Processing file /home/airflow/.local/lib/python3.12/site-packages/airflow/example_dags/example_xcomargs.py for tasks to queue
[2024-11-28T14:23:17.828+0000] {logging_mixin.py:190} INFO - [2024-11-28T14:23:17.828+0000] {dagbag.py:588} INFO - Filling up the DagBag from /home/airflow/.local/lib/python3.12/site-packages/airflow/example_dags/example_xcomargs.py
[2024-11-28T14:23:17.839+0000] {processor.py:925} INFO - DAG(s) 'example_xcom_args_with_operators', 'example_xcom_args' retrieved from /home/airflow/.local/lib/python3.12/site-packages/airflow/example_dags/example_xcomargs.py
[2024-11-28T14:23:17.860+0000] {logging_mixin.py:190} INFO - [2024-11-28T14:23:17.860+0000] {dag.py:3239} INFO - Sync 2 DAGs
[2024-11-28T14:23:17.883+0000] {logging_mixin.py:190} INFO - [2024-11-28T14:23:17.882+0000] {dag.py:4180} INFO - Setting next_dagrun for example_xcom_args to None, run_after=None
[2024-11-28T14:23:17.886+0000] {logging_mixin.py:190} INFO - [2024-11-28T14:23:17.886+0000] {dag.py:4180} INFO - Setting next_dagrun for example_xcom_args_with_operators to None, run_after=None
[2024-11-28T14:23:17.901+0000] {processor.py:208} INFO - Processing /home/airflow/.local/lib/python3.12/site-packages/airflow/example_dags/example_xcomargs.py took 0.083 seconds
[2024-11-28T14:23:48.634+0000] {processor.py:186} INFO - Started process (PID=296) to work on /home/airflow/.local/lib/python3.12/site-packages/airflow/example_dags/example_xcomargs.py
[2024-11-28T14:23:48.635+0000] {processor.py:914} INFO - Processing file /home/airflow/.local/lib/python3.12/site-packages/airflow/example_dags/example_xcomargs.py for tasks to queue
[2024-11-28T14:23:48.637+0000] {logging_mixin.py:190} INFO - [2024-11-28T14:23:48.637+0000] {dagbag.py:588} INFO - Filling up the DagBag from /home/airflow/.local/lib/python3.12/site-packages/airflow/example_dags/example_xcomargs.py
[2024-11-28T14:23:48.648+0000] {processor.py:925} INFO - DAG(s) 'example_xcom_args_with_operators', 'example_xcom_args' retrieved from /home/airflow/.local/lib/python3.12/site-packages/airflow/example_dags/example_xcomargs.py
[2024-11-28T14:23:48.699+0000] {logging_mixin.py:190} INFO - [2024-11-28T14:23:48.699+0000] {dag.py:3239} INFO - Sync 2 DAGs
[2024-11-28T14:23:48.715+0000] {logging_mixin.py:190} INFO - [2024-11-28T14:23:48.715+0000] {dag.py:4180} INFO - Setting next_dagrun for example_xcom_args to None, run_after=None
[2024-11-28T14:23:48.718+0000] {logging_mixin.py:190} INFO - [2024-11-28T14:23:48.718+0000] {dag.py:4180} INFO - Setting next_dagrun for example_xcom_args_with_operators to None, run_after=None
[2024-11-28T14:23:48.731+0000] {processor.py:208} INFO - Processing /home/airflow/.local/lib/python3.12/site-packages/airflow/example_dags/example_xcomargs.py took 0.102 seconds
[2024-11-28T14:24:21.797+0000] {processor.py:186} INFO - Started process (PID=359) to work on /home/airflow/.local/lib/python3.12/site-packages/airflow/example_dags/example_xcomargs.py
[2024-11-28T14:24:21.798+0000] {processor.py:914} INFO - Processing file /home/airflow/.local/lib/python3.12/site-packages/airflow/example_dags/example_xcomargs.py for tasks to queue
[2024-11-28T14:24:21.802+0000] {logging_mixin.py:190} INFO - [2024-11-28T14:24:21.801+0000] {dagbag.py:588} INFO - Filling up the DagBag from /home/airflow/.local/lib/python3.12/site-packages/airflow/example_dags/example_xcomargs.py
[2024-11-28T14:24:21.818+0000] {processor.py:925} INFO - DAG(s) 'example_xcom_args', 'example_xcom_args_with_operators' retrieved from /home/airflow/.local/lib/python3.12/site-packages/airflow/example_dags/example_xcomargs.py
[2024-11-28T14:24:21.875+0000] {logging_mixin.py:190} INFO - [2024-11-28T14:24:21.869+0000] {dag.py:3239} INFO - Sync 2 DAGs
[2024-11-28T14:24:21.916+0000] {logging_mixin.py:190} INFO - [2024-11-28T14:24:21.916+0000] {dag.py:4180} INFO - Setting next_dagrun for example_xcom_args to None, run_after=None
[2024-11-28T14:24:21.923+0000] {logging_mixin.py:190} INFO - [2024-11-28T14:24:21.923+0000] {dag.py:4180} INFO - Setting next_dagrun for example_xcom_args_with_operators to None, run_after=None
[2024-11-28T14:24:21.990+0000] {processor.py:208} INFO - Processing /home/airflow/.local/lib/python3.12/site-packages/airflow/example_dags/example_xcomargs.py took 0.203 seconds
[2024-11-28T14:24:53.592+0000] {processor.py:186} INFO - Started process (PID=428) to work on /home/airflow/.local/lib/python3.12/site-packages/airflow/example_dags/example_xcomargs.py
[2024-11-28T14:24:53.594+0000] {processor.py:914} INFO - Processing file /home/airflow/.local/lib/python3.12/site-packages/airflow/example_dags/example_xcomargs.py for tasks to queue
[2024-11-28T14:24:53.597+0000] {logging_mixin.py:190} INFO - [2024-11-28T14:24:53.597+0000] {dagbag.py:588} INFO - Filling up the DagBag from /home/airflow/.local/lib/python3.12/site-packages/airflow/example_dags/example_xcomargs.py
[2024-11-28T14:24:53.615+0000] {processor.py:925} INFO - DAG(s) 'example_xcom_args_with_operators', 'example_xcom_args' retrieved from /home/airflow/.local/lib/python3.12/site-packages/airflow/example_dags/example_xcomargs.py
[2024-11-28T14:24:53.644+0000] {logging_mixin.py:190} INFO - [2024-11-28T14:24:53.644+0000] {dag.py:3239} INFO - Sync 2 DAGs
[2024-11-28T14:24:53.660+0000] {logging_mixin.py:190} INFO - [2024-11-28T14:24:53.660+0000] {dag.py:4180} INFO - Setting next_dagrun for example_xcom_args to None, run_after=None
[2024-11-28T14:24:53.664+0000] {logging_mixin.py:190} INFO - [2024-11-28T14:24:53.664+0000] {dag.py:4180} INFO - Setting next_dagrun for example_xcom_args_with_operators to None, run_after=None
[2024-11-28T14:24:53.681+0000] {processor.py:208} INFO - Processing /home/airflow/.local/lib/python3.12/site-packages/airflow/example_dags/example_xcomargs.py took 0.096 seconds
