[2024-11-28T14:22:15.517+0000] {processor.py:186} INFO - Started process (PID=102) to work on /home/airflow/.local/lib/python3.12/site-packages/airflow/example_dags/example_xcom.py
[2024-11-28T14:22:15.517+0000] {processor.py:914} INFO - Processing file /home/airflow/.local/lib/python3.12/site-packages/airflow/example_dags/example_xcom.py for tasks to queue
[2024-11-28T14:22:15.519+0000] {logging_mixin.py:190} INFO - [2024-11-28T14:22:15.519+0000] {dagbag.py:588} INFO - Filling up the DagBag from /home/airflow/.local/lib/python3.12/site-packages/airflow/example_dags/example_xcom.py
[2024-11-28T14:22:15.527+0000] {processor.py:925} INFO - DAG(s) 'example_xcom' retrieved from /home/airflow/.local/lib/python3.12/site-packages/airflow/example_dags/example_xcom.py
[2024-11-28T14:22:15.621+0000] {logging_mixin.py:190} INFO - [2024-11-28T14:22:15.620+0000] {override.py:1911} INFO - Created Permission View: can delete on DAG:example_xcom
[2024-11-28T14:22:15.635+0000] {logging_mixin.py:190} INFO - [2024-11-28T14:22:15.634+0000] {override.py:1911} INFO - Created Permission View: can read on DAG:example_xcom
[2024-11-28T14:22:15.643+0000] {logging_mixin.py:190} INFO - [2024-11-28T14:22:15.643+0000] {override.py:1911} INFO - Created Permission View: can edit on DAG:example_xcom
[2024-11-28T14:22:15.653+0000] {logging_mixin.py:190} INFO - [2024-11-28T14:22:15.653+0000] {override.py:1911} INFO - Created Permission View: can delete on DAG Run:example_xcom
[2024-11-28T14:22:15.660+0000] {logging_mixin.py:190} INFO - [2024-11-28T14:22:15.660+0000] {override.py:1911} INFO - Created Permission View: can read on DAG Run:example_xcom
[2024-11-28T14:22:15.666+0000] {logging_mixin.py:190} INFO - [2024-11-28T14:22:15.666+0000] {override.py:1911} INFO - Created Permission View: can create on DAG Run:example_xcom
[2024-11-28T14:22:15.671+0000] {logging_mixin.py:190} INFO - [2024-11-28T14:22:15.671+0000] {override.py:1911} INFO - Created Permission View: menu access on DAG Run:example_xcom
[2024-11-28T14:22:15.672+0000] {logging_mixin.py:190} INFO - [2024-11-28T14:22:15.672+0000] {dag.py:3239} INFO - Sync 1 DAGs
[2024-11-28T14:22:15.684+0000] {logging_mixin.py:190} INFO - [2024-11-28T14:22:15.684+0000] {dag.py:3262} INFO - Creating ORM DAG for example_xcom
[2024-11-28T14:22:15.692+0000] {logging_mixin.py:190} INFO - [2024-11-28T14:22:15.692+0000] {dag.py:4180} INFO - Setting next_dagrun for example_xcom to 2021-01-01 00:00:00+00:00, run_after=2021-01-01 00:00:00+00:00
[2024-11-28T14:22:15.705+0000] {processor.py:208} INFO - Processing /home/airflow/.local/lib/python3.12/site-packages/airflow/example_dags/example_xcom.py took 0.194 seconds
[2024-11-28T14:22:46.279+0000] {processor.py:186} INFO - Started process (PID=164) to work on /home/airflow/.local/lib/python3.12/site-packages/airflow/example_dags/example_xcom.py
[2024-11-28T14:22:46.281+0000] {processor.py:914} INFO - Processing file /home/airflow/.local/lib/python3.12/site-packages/airflow/example_dags/example_xcom.py for tasks to queue
[2024-11-28T14:22:46.283+0000] {logging_mixin.py:190} INFO - [2024-11-28T14:22:46.283+0000] {dagbag.py:588} INFO - Filling up the DagBag from /home/airflow/.local/lib/python3.12/site-packages/airflow/example_dags/example_xcom.py
[2024-11-28T14:22:46.290+0000] {processor.py:925} INFO - DAG(s) 'example_xcom' retrieved from /home/airflow/.local/lib/python3.12/site-packages/airflow/example_dags/example_xcom.py
[2024-11-28T14:22:46.308+0000] {logging_mixin.py:190} INFO - [2024-11-28T14:22:46.308+0000] {dag.py:3239} INFO - Sync 1 DAGs
[2024-11-28T14:22:46.329+0000] {logging_mixin.py:190} INFO - [2024-11-28T14:22:46.328+0000] {dag.py:4180} INFO - Setting next_dagrun for example_xcom to 2021-01-01 00:00:00+00:00, run_after=2021-01-01 00:00:00+00:00
[2024-11-28T14:22:46.345+0000] {processor.py:208} INFO - Processing /home/airflow/.local/lib/python3.12/site-packages/airflow/example_dags/example_xcom.py took 0.072 seconds
[2024-11-28T14:23:16.392+0000] {processor.py:186} INFO - Started process (PID=227) to work on /home/airflow/.local/lib/python3.12/site-packages/airflow/example_dags/example_xcom.py
[2024-11-28T14:23:16.393+0000] {processor.py:914} INFO - Processing file /home/airflow/.local/lib/python3.12/site-packages/airflow/example_dags/example_xcom.py for tasks to queue
[2024-11-28T14:23:16.396+0000] {logging_mixin.py:190} INFO - [2024-11-28T14:23:16.395+0000] {dagbag.py:588} INFO - Filling up the DagBag from /home/airflow/.local/lib/python3.12/site-packages/airflow/example_dags/example_xcom.py
[2024-11-28T14:23:16.411+0000] {processor.py:925} INFO - DAG(s) 'example_xcom' retrieved from /home/airflow/.local/lib/python3.12/site-packages/airflow/example_dags/example_xcom.py
[2024-11-28T14:23:16.444+0000] {logging_mixin.py:190} INFO - [2024-11-28T14:23:16.444+0000] {dag.py:3239} INFO - Sync 1 DAGs
[2024-11-28T14:23:16.474+0000] {logging_mixin.py:190} INFO - [2024-11-28T14:23:16.474+0000] {dag.py:4180} INFO - Setting next_dagrun for example_xcom to 2021-01-01 00:00:00+00:00, run_after=2021-01-01 00:00:00+00:00
[2024-11-28T14:23:16.531+0000] {processor.py:208} INFO - Processing /home/airflow/.local/lib/python3.12/site-packages/airflow/example_dags/example_xcom.py took 0.144 seconds
[2024-11-28T14:23:48.077+0000] {processor.py:186} INFO - Started process (PID=289) to work on /home/airflow/.local/lib/python3.12/site-packages/airflow/example_dags/example_xcom.py
[2024-11-28T14:23:48.079+0000] {processor.py:914} INFO - Processing file /home/airflow/.local/lib/python3.12/site-packages/airflow/example_dags/example_xcom.py for tasks to queue
[2024-11-28T14:23:48.083+0000] {logging_mixin.py:190} INFO - [2024-11-28T14:23:48.083+0000] {dagbag.py:588} INFO - Filling up the DagBag from /home/airflow/.local/lib/python3.12/site-packages/airflow/example_dags/example_xcom.py
[2024-11-28T14:23:48.092+0000] {processor.py:925} INFO - DAG(s) 'example_xcom' retrieved from /home/airflow/.local/lib/python3.12/site-packages/airflow/example_dags/example_xcom.py
[2024-11-28T14:23:48.110+0000] {logging_mixin.py:190} INFO - [2024-11-28T14:23:48.110+0000] {dag.py:3239} INFO - Sync 1 DAGs
[2024-11-28T14:23:48.129+0000] {logging_mixin.py:190} INFO - [2024-11-28T14:23:48.129+0000] {dag.py:4180} INFO - Setting next_dagrun for example_xcom to 2021-01-01 00:00:00+00:00, run_after=2021-01-01 00:00:00+00:00
[2024-11-28T14:23:48.144+0000] {processor.py:208} INFO - Processing /home/airflow/.local/lib/python3.12/site-packages/airflow/example_dags/example_xcom.py took 0.072 seconds
[2024-11-28T14:24:21.086+0000] {processor.py:186} INFO - Started process (PID=353) to work on /home/airflow/.local/lib/python3.12/site-packages/airflow/example_dags/example_xcom.py
[2024-11-28T14:24:21.088+0000] {processor.py:914} INFO - Processing file /home/airflow/.local/lib/python3.12/site-packages/airflow/example_dags/example_xcom.py for tasks to queue
[2024-11-28T14:24:21.093+0000] {logging_mixin.py:190} INFO - [2024-11-28T14:24:21.092+0000] {dagbag.py:588} INFO - Filling up the DagBag from /home/airflow/.local/lib/python3.12/site-packages/airflow/example_dags/example_xcom.py
[2024-11-28T14:24:21.109+0000] {processor.py:925} INFO - DAG(s) 'example_xcom' retrieved from /home/airflow/.local/lib/python3.12/site-packages/airflow/example_dags/example_xcom.py
[2024-11-28T14:24:21.142+0000] {logging_mixin.py:190} INFO - [2024-11-28T14:24:21.141+0000] {dag.py:3239} INFO - Sync 1 DAGs
[2024-11-28T14:24:21.175+0000] {logging_mixin.py:190} INFO - [2024-11-28T14:24:21.175+0000] {dag.py:4180} INFO - Setting next_dagrun for example_xcom to 2021-01-01 00:00:00+00:00, run_after=2021-01-01 00:00:00+00:00
[2024-11-28T14:24:21.200+0000] {processor.py:208} INFO - Processing /home/airflow/.local/lib/python3.12/site-packages/airflow/example_dags/example_xcom.py took 0.124 seconds
[2024-11-28T14:24:53.171+0000] {processor.py:186} INFO - Started process (PID=416) to work on /home/airflow/.local/lib/python3.12/site-packages/airflow/example_dags/example_xcom.py
[2024-11-28T14:24:53.172+0000] {processor.py:914} INFO - Processing file /home/airflow/.local/lib/python3.12/site-packages/airflow/example_dags/example_xcom.py for tasks to queue
[2024-11-28T14:24:53.175+0000] {logging_mixin.py:190} INFO - [2024-11-28T14:24:53.175+0000] {dagbag.py:588} INFO - Filling up the DagBag from /home/airflow/.local/lib/python3.12/site-packages/airflow/example_dags/example_xcom.py
[2024-11-28T14:24:53.185+0000] {processor.py:925} INFO - DAG(s) 'example_xcom' retrieved from /home/airflow/.local/lib/python3.12/site-packages/airflow/example_dags/example_xcom.py
[2024-11-28T14:24:53.204+0000] {logging_mixin.py:190} INFO - [2024-11-28T14:24:53.204+0000] {dag.py:3239} INFO - Sync 1 DAGs
[2024-11-28T14:24:53.223+0000] {logging_mixin.py:190} INFO - [2024-11-28T14:24:53.222+0000] {dag.py:4180} INFO - Setting next_dagrun for example_xcom to 2021-01-01 00:00:00+00:00, run_after=2021-01-01 00:00:00+00:00
[2024-11-28T14:24:53.237+0000] {processor.py:208} INFO - Processing /home/airflow/.local/lib/python3.12/site-packages/airflow/example_dags/example_xcom.py took 0.073 seconds
