[2024-11-28T14:22:15.931+0000] {processor.py:186} INFO - Started process (PID=106) to work on /home/airflow/.local/lib/python3.12/site-packages/airflow/example_dags/example_params_trigger_ui.py
[2024-11-28T14:22:15.932+0000] {processor.py:914} INFO - Processing file /home/airflow/.local/lib/python3.12/site-packages/airflow/example_dags/example_params_trigger_ui.py for tasks to queue
[2024-11-28T14:22:15.934+0000] {logging_mixin.py:190} INFO - [2024-11-28T14:22:15.934+0000] {dagbag.py:588} INFO - Filling up the DagBag from /home/airflow/.local/lib/python3.12/site-packages/airflow/example_dags/example_params_trigger_ui.py
[2024-11-28T14:22:15.947+0000] {processor.py:925} INFO - DAG(s) 'example_params_trigger_ui' retrieved from /home/airflow/.local/lib/python3.12/site-packages/airflow/example_dags/example_params_trigger_ui.py
[2024-11-28T14:22:16.075+0000] {logging_mixin.py:190} INFO - [2024-11-28T14:22:16.075+0000] {override.py:1911} INFO - Created Permission View: can delete on DAG:example_params_trigger_ui
[2024-11-28T14:22:16.084+0000] {logging_mixin.py:190} INFO - [2024-11-28T14:22:16.084+0000] {override.py:1911} INFO - Created Permission View: can read on DAG:example_params_trigger_ui
[2024-11-28T14:22:16.089+0000] {logging_mixin.py:190} INFO - [2024-11-28T14:22:16.089+0000] {override.py:1911} INFO - Created Permission View: can edit on DAG:example_params_trigger_ui
[2024-11-28T14:22:16.095+0000] {logging_mixin.py:190} INFO - [2024-11-28T14:22:16.094+0000] {override.py:1911} INFO - Created Permission View: can delete on DAG Run:example_params_trigger_ui
[2024-11-28T14:22:16.100+0000] {logging_mixin.py:190} INFO - [2024-11-28T14:22:16.100+0000] {override.py:1911} INFO - Created Permission View: can read on DAG Run:example_params_trigger_ui
[2024-11-28T14:22:16.105+0000] {logging_mixin.py:190} INFO - [2024-11-28T14:22:16.104+0000] {override.py:1911} INFO - Created Permission View: can create on DAG Run:example_params_trigger_ui
[2024-11-28T14:22:16.109+0000] {logging_mixin.py:190} INFO - [2024-11-28T14:22:16.108+0000] {override.py:1911} INFO - Created Permission View: menu access on DAG Run:example_params_trigger_ui
[2024-11-28T14:22:16.109+0000] {logging_mixin.py:190} INFO - [2024-11-28T14:22:16.109+0000] {dag.py:3239} INFO - Sync 1 DAGs
[2024-11-28T14:22:16.120+0000] {logging_mixin.py:190} INFO - [2024-11-28T14:22:16.120+0000] {dag.py:3262} INFO - Creating ORM DAG for example_params_trigger_ui
[2024-11-28T14:22:16.121+0000] {logging_mixin.py:190} INFO - [2024-11-28T14:22:16.121+0000] {dag.py:4180} INFO - Setting next_dagrun for example_params_trigger_ui to None, run_after=None
[2024-11-28T14:22:16.135+0000] {processor.py:208} INFO - Processing /home/airflow/.local/lib/python3.12/site-packages/airflow/example_dags/example_params_trigger_ui.py took 0.210 seconds
[2024-11-28T14:22:46.482+0000] {processor.py:186} INFO - Started process (PID=168) to work on /home/airflow/.local/lib/python3.12/site-packages/airflow/example_dags/example_params_trigger_ui.py
[2024-11-28T14:22:46.484+0000] {processor.py:914} INFO - Processing file /home/airflow/.local/lib/python3.12/site-packages/airflow/example_dags/example_params_trigger_ui.py for tasks to queue
[2024-11-28T14:22:46.489+0000] {logging_mixin.py:190} INFO - [2024-11-28T14:22:46.488+0000] {dagbag.py:588} INFO - Filling up the DagBag from /home/airflow/.local/lib/python3.12/site-packages/airflow/example_dags/example_params_trigger_ui.py
[2024-11-28T14:22:46.500+0000] {processor.py:925} INFO - DAG(s) 'example_params_trigger_ui' retrieved from /home/airflow/.local/lib/python3.12/site-packages/airflow/example_dags/example_params_trigger_ui.py
[2024-11-28T14:22:46.548+0000] {logging_mixin.py:190} INFO - [2024-11-28T14:22:46.548+0000] {dag.py:3239} INFO - Sync 1 DAGs
[2024-11-28T14:22:46.563+0000] {logging_mixin.py:190} INFO - [2024-11-28T14:22:46.563+0000] {dag.py:4180} INFO - Setting next_dagrun for example_params_trigger_ui to None, run_after=None
[2024-11-28T14:22:46.588+0000] {processor.py:208} INFO - Processing /home/airflow/.local/lib/python3.12/site-packages/airflow/example_dags/example_params_trigger_ui.py took 0.113 seconds
[2024-11-28T14:23:17.292+0000] {processor.py:186} INFO - Started process (PID=231) to work on /home/airflow/.local/lib/python3.12/site-packages/airflow/example_dags/example_params_trigger_ui.py
[2024-11-28T14:23:17.296+0000] {processor.py:914} INFO - Processing file /home/airflow/.local/lib/python3.12/site-packages/airflow/example_dags/example_params_trigger_ui.py for tasks to queue
[2024-11-28T14:23:17.304+0000] {logging_mixin.py:190} INFO - [2024-11-28T14:23:17.304+0000] {dagbag.py:588} INFO - Filling up the DagBag from /home/airflow/.local/lib/python3.12/site-packages/airflow/example_dags/example_params_trigger_ui.py
[2024-11-28T14:23:17.333+0000] {processor.py:925} INFO - DAG(s) 'example_params_trigger_ui' retrieved from /home/airflow/.local/lib/python3.12/site-packages/airflow/example_dags/example_params_trigger_ui.py
[2024-11-28T14:23:17.444+0000] {logging_mixin.py:190} INFO - [2024-11-28T14:23:17.444+0000] {dag.py:3239} INFO - Sync 1 DAGs
[2024-11-28T14:23:17.514+0000] {logging_mixin.py:190} INFO - [2024-11-28T14:23:17.513+0000] {dag.py:4180} INFO - Setting next_dagrun for example_params_trigger_ui to None, run_after=None
[2024-11-28T14:23:17.553+0000] {processor.py:208} INFO - Processing /home/airflow/.local/lib/python3.12/site-packages/airflow/example_dags/example_params_trigger_ui.py took 0.275 seconds
[2024-11-28T14:23:48.424+0000] {processor.py:186} INFO - Started process (PID=294) to work on /home/airflow/.local/lib/python3.12/site-packages/airflow/example_dags/example_params_trigger_ui.py
[2024-11-28T14:23:48.425+0000] {processor.py:914} INFO - Processing file /home/airflow/.local/lib/python3.12/site-packages/airflow/example_dags/example_params_trigger_ui.py for tasks to queue
[2024-11-28T14:23:48.427+0000] {logging_mixin.py:190} INFO - [2024-11-28T14:23:48.427+0000] {dagbag.py:588} INFO - Filling up the DagBag from /home/airflow/.local/lib/python3.12/site-packages/airflow/example_dags/example_params_trigger_ui.py
[2024-11-28T14:23:48.440+0000] {processor.py:925} INFO - DAG(s) 'example_params_trigger_ui' retrieved from /home/airflow/.local/lib/python3.12/site-packages/airflow/example_dags/example_params_trigger_ui.py
[2024-11-28T14:23:48.488+0000] {logging_mixin.py:190} INFO - [2024-11-28T14:23:48.488+0000] {dag.py:3239} INFO - Sync 1 DAGs
[2024-11-28T14:23:48.511+0000] {logging_mixin.py:190} INFO - [2024-11-28T14:23:48.510+0000] {dag.py:4180} INFO - Setting next_dagrun for example_params_trigger_ui to None, run_after=None
[2024-11-28T14:23:48.528+0000] {processor.py:208} INFO - Processing /home/airflow/.local/lib/python3.12/site-packages/airflow/example_dags/example_params_trigger_ui.py took 0.112 seconds
[2024-11-28T14:24:21.524+0000] {processor.py:186} INFO - Started process (PID=357) to work on /home/airflow/.local/lib/python3.12/site-packages/airflow/example_dags/example_params_trigger_ui.py
[2024-11-28T14:24:21.526+0000] {processor.py:914} INFO - Processing file /home/airflow/.local/lib/python3.12/site-packages/airflow/example_dags/example_params_trigger_ui.py for tasks to queue
[2024-11-28T14:24:21.531+0000] {logging_mixin.py:190} INFO - [2024-11-28T14:24:21.530+0000] {dagbag.py:588} INFO - Filling up the DagBag from /home/airflow/.local/lib/python3.12/site-packages/airflow/example_dags/example_params_trigger_ui.py
[2024-11-28T14:24:21.570+0000] {processor.py:925} INFO - DAG(s) 'example_params_trigger_ui' retrieved from /home/airflow/.local/lib/python3.12/site-packages/airflow/example_dags/example_params_trigger_ui.py
[2024-11-28T14:24:21.694+0000] {logging_mixin.py:190} INFO - [2024-11-28T14:24:21.694+0000] {dag.py:3239} INFO - Sync 1 DAGs
[2024-11-28T14:24:21.722+0000] {logging_mixin.py:190} INFO - [2024-11-28T14:24:21.722+0000] {dag.py:4180} INFO - Setting next_dagrun for example_params_trigger_ui to None, run_after=None
[2024-11-28T14:24:21.756+0000] {processor.py:208} INFO - Processing /home/airflow/.local/lib/python3.12/site-packages/airflow/example_dags/example_params_trigger_ui.py took 0.244 seconds
[2024-11-28T14:24:53.389+0000] {processor.py:186} INFO - Started process (PID=420) to work on /home/airflow/.local/lib/python3.12/site-packages/airflow/example_dags/example_params_trigger_ui.py
[2024-11-28T14:24:53.394+0000] {processor.py:914} INFO - Processing file /home/airflow/.local/lib/python3.12/site-packages/airflow/example_dags/example_params_trigger_ui.py for tasks to queue
[2024-11-28T14:24:53.397+0000] {logging_mixin.py:190} INFO - [2024-11-28T14:24:53.396+0000] {dagbag.py:588} INFO - Filling up the DagBag from /home/airflow/.local/lib/python3.12/site-packages/airflow/example_dags/example_params_trigger_ui.py
[2024-11-28T14:24:53.406+0000] {processor.py:925} INFO - DAG(s) 'example_params_trigger_ui' retrieved from /home/airflow/.local/lib/python3.12/site-packages/airflow/example_dags/example_params_trigger_ui.py
[2024-11-28T14:24:53.453+0000] {logging_mixin.py:190} INFO - [2024-11-28T14:24:53.453+0000] {dag.py:3239} INFO - Sync 1 DAGs
[2024-11-28T14:24:53.487+0000] {logging_mixin.py:190} INFO - [2024-11-28T14:24:53.486+0000] {dag.py:4180} INFO - Setting next_dagrun for example_params_trigger_ui to None, run_after=None
[2024-11-28T14:24:53.553+0000] {processor.py:208} INFO - Processing /home/airflow/.local/lib/python3.12/site-packages/airflow/example_dags/example_params_trigger_ui.py took 0.173 seconds
