[2024-11-28T14:22:13.683+0000] {processor.py:186} INFO - Started process (PID=89) to work on /home/airflow/.local/lib/python3.12/site-packages/airflow/example_dags/example_workday_timetable.py
[2024-11-28T14:22:13.683+0000] {processor.py:914} INFO - Processing file /home/airflow/.local/lib/python3.12/site-packages/airflow/example_dags/example_workday_timetable.py for tasks to queue
[2024-11-28T14:22:13.686+0000] {logging_mixin.py:190} INFO - [2024-11-28T14:22:13.685+0000] {dagbag.py:588} INFO - Filling up the DagBag from /home/airflow/.local/lib/python3.12/site-packages/airflow/example_dags/example_workday_timetable.py
[2024-11-28T14:22:13.691+0000] {processor.py:925} INFO - DAG(s) 'example_workday_timetable' retrieved from /home/airflow/.local/lib/python3.12/site-packages/airflow/example_dags/example_workday_timetable.py
[2024-11-28T14:22:13.804+0000] {logging_mixin.py:190} INFO - [2024-11-28T14:22:13.803+0000] {override.py:1911} INFO - Created Permission View: can delete on DAG:example_workday_timetable
[2024-11-28T14:22:13.815+0000] {logging_mixin.py:190} INFO - [2024-11-28T14:22:13.814+0000] {override.py:1911} INFO - Created Permission View: can read on DAG:example_workday_timetable
[2024-11-28T14:22:13.820+0000] {logging_mixin.py:190} INFO - [2024-11-28T14:22:13.820+0000] {override.py:1911} INFO - Created Permission View: can edit on DAG:example_workday_timetable
[2024-11-28T14:22:13.826+0000] {logging_mixin.py:190} INFO - [2024-11-28T14:22:13.826+0000] {override.py:1911} INFO - Created Permission View: can delete on DAG Run:example_workday_timetable
[2024-11-28T14:22:13.832+0000] {logging_mixin.py:190} INFO - [2024-11-28T14:22:13.832+0000] {override.py:1911} INFO - Created Permission View: can read on DAG Run:example_workday_timetable
[2024-11-28T14:22:13.838+0000] {logging_mixin.py:190} INFO - [2024-11-28T14:22:13.837+0000] {override.py:1911} INFO - Created Permission View: can create on DAG Run:example_workday_timetable
[2024-11-28T14:22:13.842+0000] {logging_mixin.py:190} INFO - [2024-11-28T14:22:13.842+0000] {override.py:1911} INFO - Created Permission View: menu access on DAG Run:example_workday_timetable
[2024-11-28T14:22:13.842+0000] {logging_mixin.py:190} INFO - [2024-11-28T14:22:13.842+0000] {dag.py:3239} INFO - Sync 1 DAGs
[2024-11-28T14:22:13.853+0000] {logging_mixin.py:190} INFO - [2024-11-28T14:22:13.853+0000] {dag.py:3262} INFO - Creating ORM DAG for example_workday_timetable
[2024-11-28T14:22:13.930+0000] {logging_mixin.py:190} INFO - [2024-11-28T14:22:13.929+0000] {dag.py:4180} INFO - Setting next_dagrun for example_workday_timetable to 2021-01-04 00:00:00+00:00, run_after=2021-01-05 00:00:00+00:00
[2024-11-28T14:22:13.947+0000] {processor.py:208} INFO - Processing /home/airflow/.local/lib/python3.12/site-packages/airflow/example_dags/example_workday_timetable.py took 0.269 seconds
[2024-11-28T14:22:44.268+0000] {processor.py:186} INFO - Started process (PID=151) to work on /home/airflow/.local/lib/python3.12/site-packages/airflow/example_dags/example_workday_timetable.py
[2024-11-28T14:22:44.270+0000] {processor.py:914} INFO - Processing file /home/airflow/.local/lib/python3.12/site-packages/airflow/example_dags/example_workday_timetable.py for tasks to queue
[2024-11-28T14:22:44.274+0000] {logging_mixin.py:190} INFO - [2024-11-28T14:22:44.273+0000] {dagbag.py:588} INFO - Filling up the DagBag from /home/airflow/.local/lib/python3.12/site-packages/airflow/example_dags/example_workday_timetable.py
[2024-11-28T14:22:44.310+0000] {processor.py:925} INFO - DAG(s) 'example_workday_timetable' retrieved from /home/airflow/.local/lib/python3.12/site-packages/airflow/example_dags/example_workday_timetable.py
[2024-11-28T14:22:44.357+0000] {logging_mixin.py:190} INFO - [2024-11-28T14:22:44.356+0000] {dag.py:3239} INFO - Sync 1 DAGs
[2024-11-28T14:22:44.415+0000] {logging_mixin.py:190} INFO - [2024-11-28T14:22:44.415+0000] {dag.py:4180} INFO - Setting next_dagrun for example_workday_timetable to 2021-01-04 00:00:00+00:00, run_after=2021-01-05 00:00:00+00:00
[2024-11-28T14:22:44.428+0000] {processor.py:208} INFO - Processing /home/airflow/.local/lib/python3.12/site-packages/airflow/example_dags/example_workday_timetable.py took 0.178 seconds
[2024-11-28T14:23:15.523+0000] {processor.py:186} INFO - Started process (PID=214) to work on /home/airflow/.local/lib/python3.12/site-packages/airflow/example_dags/example_workday_timetable.py
[2024-11-28T14:23:15.524+0000] {processor.py:914} INFO - Processing file /home/airflow/.local/lib/python3.12/site-packages/airflow/example_dags/example_workday_timetable.py for tasks to queue
[2024-11-28T14:23:15.525+0000] {logging_mixin.py:190} INFO - [2024-11-28T14:23:15.525+0000] {dagbag.py:588} INFO - Filling up the DagBag from /home/airflow/.local/lib/python3.12/site-packages/airflow/example_dags/example_workday_timetable.py
[2024-11-28T14:23:15.530+0000] {processor.py:925} INFO - DAG(s) 'example_workday_timetable' retrieved from /home/airflow/.local/lib/python3.12/site-packages/airflow/example_dags/example_workday_timetable.py
[2024-11-28T14:23:15.546+0000] {logging_mixin.py:190} INFO - [2024-11-28T14:23:15.546+0000] {dag.py:3239} INFO - Sync 1 DAGs
[2024-11-28T14:23:15.613+0000] {logging_mixin.py:190} INFO - [2024-11-28T14:23:15.612+0000] {dag.py:4180} INFO - Setting next_dagrun for example_workday_timetable to 2021-01-04 00:00:00+00:00, run_after=2021-01-05 00:00:00+00:00
[2024-11-28T14:23:15.646+0000] {processor.py:208} INFO - Processing /home/airflow/.local/lib/python3.12/site-packages/airflow/example_dags/example_workday_timetable.py took 0.128 seconds
[2024-11-28T14:23:46.992+0000] {processor.py:186} INFO - Started process (PID=277) to work on /home/airflow/.local/lib/python3.12/site-packages/airflow/example_dags/example_workday_timetable.py
[2024-11-28T14:23:46.996+0000] {processor.py:914} INFO - Processing file /home/airflow/.local/lib/python3.12/site-packages/airflow/example_dags/example_workday_timetable.py for tasks to queue
[2024-11-28T14:23:46.998+0000] {logging_mixin.py:190} INFO - [2024-11-28T14:23:46.998+0000] {dagbag.py:588} INFO - Filling up the DagBag from /home/airflow/.local/lib/python3.12/site-packages/airflow/example_dags/example_workday_timetable.py
[2024-11-28T14:23:47.005+0000] {processor.py:925} INFO - DAG(s) 'example_workday_timetable' retrieved from /home/airflow/.local/lib/python3.12/site-packages/airflow/example_dags/example_workday_timetable.py
[2024-11-28T14:23:47.030+0000] {logging_mixin.py:190} INFO - [2024-11-28T14:23:47.030+0000] {dag.py:3239} INFO - Sync 1 DAGs
[2024-11-28T14:23:47.243+0000] {logging_mixin.py:190} INFO - [2024-11-28T14:23:47.243+0000] {dag.py:4180} INFO - Setting next_dagrun for example_workday_timetable to 2021-01-04 00:00:00+00:00, run_after=2021-01-05 00:00:00+00:00
[2024-11-28T14:23:47.270+0000] {processor.py:208} INFO - Processing /home/airflow/.local/lib/python3.12/site-packages/airflow/example_dags/example_workday_timetable.py took 0.285 seconds
[2024-11-28T14:24:19.453+0000] {processor.py:186} INFO - Started process (PID=340) to work on /home/airflow/.local/lib/python3.12/site-packages/airflow/example_dags/example_workday_timetable.py
[2024-11-28T14:24:19.454+0000] {processor.py:914} INFO - Processing file /home/airflow/.local/lib/python3.12/site-packages/airflow/example_dags/example_workday_timetable.py for tasks to queue
[2024-11-28T14:24:19.456+0000] {logging_mixin.py:190} INFO - [2024-11-28T14:24:19.456+0000] {dagbag.py:588} INFO - Filling up the DagBag from /home/airflow/.local/lib/python3.12/site-packages/airflow/example_dags/example_workday_timetable.py
[2024-11-28T14:24:19.462+0000] {processor.py:925} INFO - DAG(s) 'example_workday_timetable' retrieved from /home/airflow/.local/lib/python3.12/site-packages/airflow/example_dags/example_workday_timetable.py
[2024-11-28T14:24:19.481+0000] {logging_mixin.py:190} INFO - [2024-11-28T14:24:19.481+0000] {dag.py:3239} INFO - Sync 1 DAGs
[2024-11-28T14:24:19.562+0000] {logging_mixin.py:190} INFO - [2024-11-28T14:24:19.562+0000] {dag.py:4180} INFO - Setting next_dagrun for example_workday_timetable to 2021-01-04 00:00:00+00:00, run_after=2021-01-05 00:00:00+00:00
[2024-11-28T14:24:19.580+0000] {processor.py:208} INFO - Processing /home/airflow/.local/lib/python3.12/site-packages/airflow/example_dags/example_workday_timetable.py took 0.134 seconds
[2024-11-28T14:24:51.338+0000] {processor.py:186} INFO - Started process (PID=403) to work on /home/airflow/.local/lib/python3.12/site-packages/airflow/example_dags/example_workday_timetable.py
[2024-11-28T14:24:51.342+0000] {processor.py:914} INFO - Processing file /home/airflow/.local/lib/python3.12/site-packages/airflow/example_dags/example_workday_timetable.py for tasks to queue
[2024-11-28T14:24:51.345+0000] {logging_mixin.py:190} INFO - [2024-11-28T14:24:51.345+0000] {dagbag.py:588} INFO - Filling up the DagBag from /home/airflow/.local/lib/python3.12/site-packages/airflow/example_dags/example_workday_timetable.py
[2024-11-28T14:24:51.352+0000] {processor.py:925} INFO - DAG(s) 'example_workday_timetable' retrieved from /home/airflow/.local/lib/python3.12/site-packages/airflow/example_dags/example_workday_timetable.py
[2024-11-28T14:24:51.380+0000] {logging_mixin.py:190} INFO - [2024-11-28T14:24:51.379+0000] {dag.py:3239} INFO - Sync 1 DAGs
[2024-11-28T14:24:51.487+0000] {logging_mixin.py:190} INFO - [2024-11-28T14:24:51.487+0000] {dag.py:4180} INFO - Setting next_dagrun for example_workday_timetable to 2021-01-04 00:00:00+00:00, run_after=2021-01-05 00:00:00+00:00
[2024-11-28T14:24:51.528+0000] {processor.py:208} INFO - Processing /home/airflow/.local/lib/python3.12/site-packages/airflow/example_dags/example_workday_timetable.py took 0.196 seconds
