[2024-11-28T14:22:09.521+0000] {processor.py:186} INFO - Started process (PID=76) to work on /home/airflow/.local/lib/python3.12/site-packages/airflow/example_dags/example_sensors.py
[2024-11-28T14:22:09.523+0000] {processor.py:914} INFO - Processing file /home/airflow/.local/lib/python3.12/site-packages/airflow/example_dags/example_sensors.py for tasks to queue
[2024-11-28T14:22:09.525+0000] {logging_mixin.py:190} INFO - [2024-11-28T14:22:09.525+0000] {dagbag.py:588} INFO - Filling up the DagBag from /home/airflow/.local/lib/python3.12/site-packages/airflow/example_dags/example_sensors.py
[2024-11-28T14:22:09.538+0000] {processor.py:925} INFO - DAG(s) 'example_sensors' retrieved from /home/airflow/.local/lib/python3.12/site-packages/airflow/example_dags/example_sensors.py
[2024-11-28T14:22:09.732+0000] {logging_mixin.py:190} INFO - [2024-11-28T14:22:09.731+0000] {override.py:1911} INFO - Created Permission View: can delete on DAG:example_sensors
[2024-11-28T14:22:09.747+0000] {logging_mixin.py:190} INFO - [2024-11-28T14:22:09.746+0000] {override.py:1911} INFO - Created Permission View: can read on DAG:example_sensors
[2024-11-28T14:22:09.757+0000] {logging_mixin.py:190} INFO - [2024-11-28T14:22:09.756+0000] {override.py:1911} INFO - Created Permission View: can edit on DAG:example_sensors
[2024-11-28T14:22:09.765+0000] {logging_mixin.py:190} INFO - [2024-11-28T14:22:09.765+0000] {override.py:1911} INFO - Created Permission View: can delete on DAG Run:example_sensors
[2024-11-28T14:22:09.772+0000] {logging_mixin.py:190} INFO - [2024-11-28T14:22:09.771+0000] {override.py:1911} INFO - Created Permission View: can read on DAG Run:example_sensors
[2024-11-28T14:22:09.781+0000] {logging_mixin.py:190} INFO - [2024-11-28T14:22:09.781+0000] {override.py:1911} INFO - Created Permission View: can create on DAG Run:example_sensors
[2024-11-28T14:22:09.788+0000] {logging_mixin.py:190} INFO - [2024-11-28T14:22:09.787+0000] {override.py:1911} INFO - Created Permission View: menu access on DAG Run:example_sensors
[2024-11-28T14:22:09.788+0000] {logging_mixin.py:190} INFO - [2024-11-28T14:22:09.788+0000] {dag.py:3239} INFO - Sync 1 DAGs
[2024-11-28T14:22:09.802+0000] {logging_mixin.py:190} INFO - [2024-11-28T14:22:09.802+0000] {dag.py:3262} INFO - Creating ORM DAG for example_sensors
[2024-11-28T14:22:09.803+0000] {logging_mixin.py:190} INFO - [2024-11-28T14:22:09.803+0000] {dag.py:4180} INFO - Setting next_dagrun for example_sensors to None, run_after=None
[2024-11-28T14:22:09.820+0000] {processor.py:208} INFO - Processing /home/airflow/.local/lib/python3.12/site-packages/airflow/example_dags/example_sensors.py took 0.324 seconds
[2024-11-28T14:22:39.964+0000] {processor.py:186} INFO - Started process (PID=137) to work on /home/airflow/.local/lib/python3.12/site-packages/airflow/example_dags/example_sensors.py
[2024-11-28T14:22:39.965+0000] {processor.py:914} INFO - Processing file /home/airflow/.local/lib/python3.12/site-packages/airflow/example_dags/example_sensors.py for tasks to queue
[2024-11-28T14:22:39.967+0000] {logging_mixin.py:190} INFO - [2024-11-28T14:22:39.967+0000] {dagbag.py:588} INFO - Filling up the DagBag from /home/airflow/.local/lib/python3.12/site-packages/airflow/example_dags/example_sensors.py
[2024-11-28T14:22:39.975+0000] {processor.py:925} INFO - DAG(s) 'example_sensors' retrieved from /home/airflow/.local/lib/python3.12/site-packages/airflow/example_dags/example_sensors.py
[2024-11-28T14:22:39.993+0000] {logging_mixin.py:190} INFO - [2024-11-28T14:22:39.993+0000] {dag.py:3239} INFO - Sync 1 DAGs
[2024-11-28T14:22:40.003+0000] {logging_mixin.py:190} INFO - [2024-11-28T14:22:40.003+0000] {dag.py:4180} INFO - Setting next_dagrun for example_sensors to None, run_after=None
[2024-11-28T14:22:40.015+0000] {processor.py:208} INFO - Processing /home/airflow/.local/lib/python3.12/site-packages/airflow/example_dags/example_sensors.py took 0.057 seconds
[2024-11-28T14:23:10.770+0000] {processor.py:186} INFO - Started process (PID=200) to work on /home/airflow/.local/lib/python3.12/site-packages/airflow/example_dags/example_sensors.py
[2024-11-28T14:23:10.770+0000] {processor.py:914} INFO - Processing file /home/airflow/.local/lib/python3.12/site-packages/airflow/example_dags/example_sensors.py for tasks to queue
[2024-11-28T14:23:10.772+0000] {logging_mixin.py:190} INFO - [2024-11-28T14:23:10.772+0000] {dagbag.py:588} INFO - Filling up the DagBag from /home/airflow/.local/lib/python3.12/site-packages/airflow/example_dags/example_sensors.py
[2024-11-28T14:23:10.779+0000] {processor.py:925} INFO - DAG(s) 'example_sensors' retrieved from /home/airflow/.local/lib/python3.12/site-packages/airflow/example_dags/example_sensors.py
[2024-11-28T14:23:10.797+0000] {logging_mixin.py:190} INFO - [2024-11-28T14:23:10.796+0000] {dag.py:3239} INFO - Sync 1 DAGs
[2024-11-28T14:23:10.806+0000] {logging_mixin.py:190} INFO - [2024-11-28T14:23:10.806+0000] {dag.py:4180} INFO - Setting next_dagrun for example_sensors to None, run_after=None
[2024-11-28T14:23:10.817+0000] {processor.py:208} INFO - Processing /home/airflow/.local/lib/python3.12/site-packages/airflow/example_dags/example_sensors.py took 0.052 seconds
[2024-11-28T14:23:41.530+0000] {processor.py:186} INFO - Started process (PID=263) to work on /home/airflow/.local/lib/python3.12/site-packages/airflow/example_dags/example_sensors.py
[2024-11-28T14:23:41.535+0000] {processor.py:914} INFO - Processing file /home/airflow/.local/lib/python3.12/site-packages/airflow/example_dags/example_sensors.py for tasks to queue
[2024-11-28T14:23:41.541+0000] {logging_mixin.py:190} INFO - [2024-11-28T14:23:41.540+0000] {dagbag.py:588} INFO - Filling up the DagBag from /home/airflow/.local/lib/python3.12/site-packages/airflow/example_dags/example_sensors.py
[2024-11-28T14:23:41.555+0000] {processor.py:925} INFO - DAG(s) 'example_sensors' retrieved from /home/airflow/.local/lib/python3.12/site-packages/airflow/example_dags/example_sensors.py
[2024-11-28T14:23:41.582+0000] {logging_mixin.py:190} INFO - [2024-11-28T14:23:41.582+0000] {dag.py:3239} INFO - Sync 1 DAGs
[2024-11-28T14:23:41.594+0000] {logging_mixin.py:190} INFO - [2024-11-28T14:23:41.594+0000] {dag.py:4180} INFO - Setting next_dagrun for example_sensors to None, run_after=None
[2024-11-28T14:23:41.608+0000] {processor.py:208} INFO - Processing /home/airflow/.local/lib/python3.12/site-packages/airflow/example_dags/example_sensors.py took 0.092 seconds
[2024-11-28T14:24:12.437+0000] {processor.py:186} INFO - Started process (PID=326) to work on /home/airflow/.local/lib/python3.12/site-packages/airflow/example_dags/example_sensors.py
[2024-11-28T14:24:12.440+0000] {processor.py:914} INFO - Processing file /home/airflow/.local/lib/python3.12/site-packages/airflow/example_dags/example_sensors.py for tasks to queue
[2024-11-28T14:24:12.448+0000] {logging_mixin.py:190} INFO - [2024-11-28T14:24:12.447+0000] {dagbag.py:588} INFO - Filling up the DagBag from /home/airflow/.local/lib/python3.12/site-packages/airflow/example_dags/example_sensors.py
[2024-11-28T14:24:12.479+0000] {processor.py:925} INFO - DAG(s) 'example_sensors' retrieved from /home/airflow/.local/lib/python3.12/site-packages/airflow/example_dags/example_sensors.py
[2024-11-28T14:24:12.586+0000] {logging_mixin.py:190} INFO - [2024-11-28T14:24:12.585+0000] {dag.py:3239} INFO - Sync 1 DAGs
[2024-11-28T14:24:12.631+0000] {logging_mixin.py:190} INFO - [2024-11-28T14:24:12.630+0000] {dag.py:4180} INFO - Setting next_dagrun for example_sensors to None, run_after=None
[2024-11-28T14:24:12.693+0000] {processor.py:208} INFO - Processing /home/airflow/.local/lib/python3.12/site-packages/airflow/example_dags/example_sensors.py took 0.268 seconds
[2024-11-28T14:24:43.346+0000] {processor.py:186} INFO - Started process (PID=389) to work on /home/airflow/.local/lib/python3.12/site-packages/airflow/example_dags/example_sensors.py
[2024-11-28T14:24:43.348+0000] {processor.py:914} INFO - Processing file /home/airflow/.local/lib/python3.12/site-packages/airflow/example_dags/example_sensors.py for tasks to queue
[2024-11-28T14:24:43.350+0000] {logging_mixin.py:190} INFO - [2024-11-28T14:24:43.350+0000] {dagbag.py:588} INFO - Filling up the DagBag from /home/airflow/.local/lib/python3.12/site-packages/airflow/example_dags/example_sensors.py
[2024-11-28T14:24:43.361+0000] {processor.py:925} INFO - DAG(s) 'example_sensors' retrieved from /home/airflow/.local/lib/python3.12/site-packages/airflow/example_dags/example_sensors.py
[2024-11-28T14:24:43.380+0000] {logging_mixin.py:190} INFO - [2024-11-28T14:24:43.380+0000] {dag.py:3239} INFO - Sync 1 DAGs
[2024-11-28T14:24:43.390+0000] {logging_mixin.py:190} INFO - [2024-11-28T14:24:43.390+0000] {dag.py:4180} INFO - Setting next_dagrun for example_sensors to None, run_after=None
[2024-11-28T14:24:43.405+0000] {processor.py:208} INFO - Processing /home/airflow/.local/lib/python3.12/site-packages/airflow/example_dags/example_sensors.py took 0.065 seconds
