[2024-11-28T14:22:07.634+0000] {processor.py:186} INFO - Started process (PID=73) to work on /home/airflow/.local/lib/python3.12/site-packages/airflow/example_dags/example_kubernetes_executor.py
[2024-11-28T14:22:07.638+0000] {processor.py:914} INFO - Processing file /home/airflow/.local/lib/python3.12/site-packages/airflow/example_dags/example_kubernetes_executor.py for tasks to queue
[2024-11-28T14:22:07.646+0000] {logging_mixin.py:190} INFO - [2024-11-28T14:22:07.645+0000] {dagbag.py:588} INFO - Filling up the DagBag from /home/airflow/.local/lib/python3.12/site-packages/airflow/example_dags/example_kubernetes_executor.py
[2024-11-28T14:22:07.678+0000] {processor.py:925} INFO - DAG(s) 'example_kubernetes_executor' retrieved from /home/airflow/.local/lib/python3.12/site-packages/airflow/example_dags/example_kubernetes_executor.py
[2024-11-28T14:22:07.952+0000] {logging_mixin.py:190} INFO - [2024-11-28T14:22:07.950+0000] {override.py:1911} INFO - Created Permission View: can delete on DAG:example_kubernetes_executor
[2024-11-28T14:22:07.975+0000] {logging_mixin.py:190} INFO - [2024-11-28T14:22:07.974+0000] {override.py:1911} INFO - Created Permission View: can read on DAG:example_kubernetes_executor
[2024-11-28T14:22:07.991+0000] {logging_mixin.py:190} INFO - [2024-11-28T14:22:07.990+0000] {override.py:1911} INFO - Created Permission View: can edit on DAG:example_kubernetes_executor
[2024-11-28T14:22:08.010+0000] {logging_mixin.py:190} INFO - [2024-11-28T14:22:08.010+0000] {override.py:1911} INFO - Created Permission View: can delete on DAG Run:example_kubernetes_executor
[2024-11-28T14:22:08.046+0000] {logging_mixin.py:190} INFO - [2024-11-28T14:22:08.045+0000] {override.py:1911} INFO - Created Permission View: can read on DAG Run:example_kubernetes_executor
[2024-11-28T14:22:08.065+0000] {logging_mixin.py:190} INFO - [2024-11-28T14:22:08.064+0000] {override.py:1911} INFO - Created Permission View: can create on DAG Run:example_kubernetes_executor
[2024-11-28T14:22:08.083+0000] {logging_mixin.py:190} INFO - [2024-11-28T14:22:08.080+0000] {override.py:1911} INFO - Created Permission View: menu access on DAG Run:example_kubernetes_executor
[2024-11-28T14:22:08.086+0000] {logging_mixin.py:190} INFO - [2024-11-28T14:22:08.085+0000] {dag.py:3239} INFO - Sync 1 DAGs
[2024-11-28T14:22:08.326+0000] {logging_mixin.py:190} INFO - [2024-11-28T14:22:08.325+0000] {dag.py:3262} INFO - Creating ORM DAG for example_kubernetes_executor
[2024-11-28T14:22:08.332+0000] {logging_mixin.py:190} INFO - [2024-11-28T14:22:08.332+0000] {dag.py:4180} INFO - Setting next_dagrun for example_kubernetes_executor to None, run_after=None
[2024-11-28T14:22:08.555+0000] {processor.py:208} INFO - Processing /home/airflow/.local/lib/python3.12/site-packages/airflow/example_dags/example_kubernetes_executor.py took 0.931 seconds
[2024-11-28T14:22:38.763+0000] {processor.py:186} INFO - Started process (PID=134) to work on /home/airflow/.local/lib/python3.12/site-packages/airflow/example_dags/example_kubernetes_executor.py
[2024-11-28T14:22:38.765+0000] {processor.py:914} INFO - Processing file /home/airflow/.local/lib/python3.12/site-packages/airflow/example_dags/example_kubernetes_executor.py for tasks to queue
[2024-11-28T14:22:38.767+0000] {logging_mixin.py:190} INFO - [2024-11-28T14:22:38.767+0000] {dagbag.py:588} INFO - Filling up the DagBag from /home/airflow/.local/lib/python3.12/site-packages/airflow/example_dags/example_kubernetes_executor.py
[2024-11-28T14:22:38.781+0000] {processor.py:925} INFO - DAG(s) 'example_kubernetes_executor' retrieved from /home/airflow/.local/lib/python3.12/site-packages/airflow/example_dags/example_kubernetes_executor.py
[2024-11-28T14:22:38.814+0000] {logging_mixin.py:190} INFO - [2024-11-28T14:22:38.814+0000] {dag.py:3239} INFO - Sync 1 DAGs
[2024-11-28T14:22:38.823+0000] {logging_mixin.py:190} INFO - [2024-11-28T14:22:38.823+0000] {dag.py:4180} INFO - Setting next_dagrun for example_kubernetes_executor to None, run_after=None
[2024-11-28T14:22:38.836+0000] {processor.py:208} INFO - Processing /home/airflow/.local/lib/python3.12/site-packages/airflow/example_dags/example_kubernetes_executor.py took 0.079 seconds
[2024-11-28T14:23:09.650+0000] {processor.py:186} INFO - Started process (PID=197) to work on /home/airflow/.local/lib/python3.12/site-packages/airflow/example_dags/example_kubernetes_executor.py
[2024-11-28T14:23:09.652+0000] {processor.py:914} INFO - Processing file /home/airflow/.local/lib/python3.12/site-packages/airflow/example_dags/example_kubernetes_executor.py for tasks to queue
[2024-11-28T14:23:09.654+0000] {logging_mixin.py:190} INFO - [2024-11-28T14:23:09.654+0000] {dagbag.py:588} INFO - Filling up the DagBag from /home/airflow/.local/lib/python3.12/site-packages/airflow/example_dags/example_kubernetes_executor.py
[2024-11-28T14:23:09.667+0000] {processor.py:925} INFO - DAG(s) 'example_kubernetes_executor' retrieved from /home/airflow/.local/lib/python3.12/site-packages/airflow/example_dags/example_kubernetes_executor.py
[2024-11-28T14:23:09.701+0000] {logging_mixin.py:190} INFO - [2024-11-28T14:23:09.700+0000] {dag.py:3239} INFO - Sync 1 DAGs
[2024-11-28T14:23:09.713+0000] {logging_mixin.py:190} INFO - [2024-11-28T14:23:09.713+0000] {dag.py:4180} INFO - Setting next_dagrun for example_kubernetes_executor to None, run_after=None
[2024-11-28T14:23:09.729+0000] {processor.py:208} INFO - Processing /home/airflow/.local/lib/python3.12/site-packages/airflow/example_dags/example_kubernetes_executor.py took 0.083 seconds
[2024-11-28T14:23:40.221+0000] {processor.py:186} INFO - Started process (PID=260) to work on /home/airflow/.local/lib/python3.12/site-packages/airflow/example_dags/example_kubernetes_executor.py
[2024-11-28T14:23:40.222+0000] {processor.py:914} INFO - Processing file /home/airflow/.local/lib/python3.12/site-packages/airflow/example_dags/example_kubernetes_executor.py for tasks to queue
[2024-11-28T14:23:40.224+0000] {logging_mixin.py:190} INFO - [2024-11-28T14:23:40.224+0000] {dagbag.py:588} INFO - Filling up the DagBag from /home/airflow/.local/lib/python3.12/site-packages/airflow/example_dags/example_kubernetes_executor.py
[2024-11-28T14:23:40.237+0000] {processor.py:925} INFO - DAG(s) 'example_kubernetes_executor' retrieved from /home/airflow/.local/lib/python3.12/site-packages/airflow/example_dags/example_kubernetes_executor.py
[2024-11-28T14:23:40.281+0000] {logging_mixin.py:190} INFO - [2024-11-28T14:23:40.280+0000] {dag.py:3239} INFO - Sync 1 DAGs
[2024-11-28T14:23:40.295+0000] {logging_mixin.py:190} INFO - [2024-11-28T14:23:40.295+0000] {dag.py:4180} INFO - Setting next_dagrun for example_kubernetes_executor to None, run_after=None
[2024-11-28T14:23:40.312+0000] {processor.py:208} INFO - Processing /home/airflow/.local/lib/python3.12/site-packages/airflow/example_dags/example_kubernetes_executor.py took 0.098 seconds
[2024-11-28T14:24:10.638+0000] {processor.py:186} INFO - Started process (PID=323) to work on /home/airflow/.local/lib/python3.12/site-packages/airflow/example_dags/example_kubernetes_executor.py
[2024-11-28T14:24:10.642+0000] {processor.py:914} INFO - Processing file /home/airflow/.local/lib/python3.12/site-packages/airflow/example_dags/example_kubernetes_executor.py for tasks to queue
[2024-11-28T14:24:10.651+0000] {logging_mixin.py:190} INFO - [2024-11-28T14:24:10.650+0000] {dagbag.py:588} INFO - Filling up the DagBag from /home/airflow/.local/lib/python3.12/site-packages/airflow/example_dags/example_kubernetes_executor.py
[2024-11-28T14:24:10.697+0000] {processor.py:925} INFO - DAG(s) 'example_kubernetes_executor' retrieved from /home/airflow/.local/lib/python3.12/site-packages/airflow/example_dags/example_kubernetes_executor.py
[2024-11-28T14:24:10.896+0000] {logging_mixin.py:190} INFO - [2024-11-28T14:24:10.894+0000] {dag.py:3239} INFO - Sync 1 DAGs
[2024-11-28T14:24:10.980+0000] {logging_mixin.py:190} INFO - [2024-11-28T14:24:10.979+0000] {dag.py:4180} INFO - Setting next_dagrun for example_kubernetes_executor to None, run_after=None
[2024-11-28T14:24:11.058+0000] {processor.py:208} INFO - Processing /home/airflow/.local/lib/python3.12/site-packages/airflow/example_dags/example_kubernetes_executor.py took 0.434 seconds
[2024-11-28T14:24:41.128+0000] {processor.py:186} INFO - Started process (PID=386) to work on /home/airflow/.local/lib/python3.12/site-packages/airflow/example_dags/example_kubernetes_executor.py
[2024-11-28T14:24:41.129+0000] {processor.py:914} INFO - Processing file /home/airflow/.local/lib/python3.12/site-packages/airflow/example_dags/example_kubernetes_executor.py for tasks to queue
[2024-11-28T14:24:41.131+0000] {logging_mixin.py:190} INFO - [2024-11-28T14:24:41.131+0000] {dagbag.py:588} INFO - Filling up the DagBag from /home/airflow/.local/lib/python3.12/site-packages/airflow/example_dags/example_kubernetes_executor.py
[2024-11-28T14:24:41.146+0000] {processor.py:925} INFO - DAG(s) 'example_kubernetes_executor' retrieved from /home/airflow/.local/lib/python3.12/site-packages/airflow/example_dags/example_kubernetes_executor.py
[2024-11-28T14:24:41.185+0000] {logging_mixin.py:190} INFO - [2024-11-28T14:24:41.184+0000] {dag.py:3239} INFO - Sync 1 DAGs
[2024-11-28T14:24:41.203+0000] {logging_mixin.py:190} INFO - [2024-11-28T14:24:41.203+0000] {dag.py:4180} INFO - Setting next_dagrun for example_kubernetes_executor to None, run_after=None
[2024-11-28T14:24:41.226+0000] {processor.py:208} INFO - Processing /home/airflow/.local/lib/python3.12/site-packages/airflow/example_dags/example_kubernetes_executor.py took 0.106 seconds
