[2024-11-28T14:22:17.107+0000] {processor.py:186} INFO - Started process (PID=118) to work on /home/airflow/.local/lib/python3.12/site-packages/airflow/example_dags/example_branch_operator_decorator.py
[2024-11-28T14:22:17.108+0000] {processor.py:914} INFO - Processing file /home/airflow/.local/lib/python3.12/site-packages/airflow/example_dags/example_branch_operator_decorator.py for tasks to queue
[2024-11-28T14:22:17.109+0000] {logging_mixin.py:190} INFO - [2024-11-28T14:22:17.109+0000] {dagbag.py:588} INFO - Filling up the DagBag from /home/airflow/.local/lib/python3.12/site-packages/airflow/example_dags/example_branch_operator_decorator.py
[2024-11-28T14:22:17.139+0000] {processor.py:925} INFO - DAG(s) 'example_branch_python_operator_decorator' retrieved from /home/airflow/.local/lib/python3.12/site-packages/airflow/example_dags/example_branch_operator_decorator.py
[2024-11-28T14:22:17.253+0000] {logging_mixin.py:190} INFO - [2024-11-28T14:22:17.253+0000] {override.py:1911} INFO - Created Permission View: can delete on DAG:example_branch_python_operator_decorator
[2024-11-28T14:22:17.263+0000] {logging_mixin.py:190} INFO - [2024-11-28T14:22:17.262+0000] {override.py:1911} INFO - Created Permission View: can read on DAG:example_branch_python_operator_decorator
[2024-11-28T14:22:17.269+0000] {logging_mixin.py:190} INFO - [2024-11-28T14:22:17.269+0000] {override.py:1911} INFO - Created Permission View: can edit on DAG:example_branch_python_operator_decorator
[2024-11-28T14:22:17.275+0000] {logging_mixin.py:190} INFO - [2024-11-28T14:22:17.275+0000] {override.py:1911} INFO - Created Permission View: can delete on DAG Run:example_branch_python_operator_decorator
[2024-11-28T14:22:17.281+0000] {logging_mixin.py:190} INFO - [2024-11-28T14:22:17.280+0000] {override.py:1911} INFO - Created Permission View: can read on DAG Run:example_branch_python_operator_decorator
[2024-11-28T14:22:17.287+0000] {logging_mixin.py:190} INFO - [2024-11-28T14:22:17.287+0000] {override.py:1911} INFO - Created Permission View: can create on DAG Run:example_branch_python_operator_decorator
[2024-11-28T14:22:17.293+0000] {logging_mixin.py:190} INFO - [2024-11-28T14:22:17.293+0000] {override.py:1911} INFO - Created Permission View: menu access on DAG Run:example_branch_python_operator_decorator
[2024-11-28T14:22:17.294+0000] {logging_mixin.py:190} INFO - [2024-11-28T14:22:17.294+0000] {dag.py:3239} INFO - Sync 1 DAGs
[2024-11-28T14:22:17.306+0000] {logging_mixin.py:190} INFO - [2024-11-28T14:22:17.306+0000] {dag.py:3262} INFO - Creating ORM DAG for example_branch_python_operator_decorator
[2024-11-28T14:22:17.317+0000] {logging_mixin.py:190} INFO - [2024-11-28T14:22:17.317+0000] {dag.py:4180} INFO - Setting next_dagrun for example_branch_python_operator_decorator to 2024-11-27 00:00:00+00:00, run_after=2024-11-28 00:00:00+00:00
[2024-11-28T14:22:17.338+0000] {processor.py:208} INFO - Processing /home/airflow/.local/lib/python3.12/site-packages/airflow/example_dags/example_branch_operator_decorator.py took 0.236 seconds
[2024-11-28T14:22:48.149+0000] {processor.py:186} INFO - Started process (PID=180) to work on /home/airflow/.local/lib/python3.12/site-packages/airflow/example_dags/example_branch_operator_decorator.py
[2024-11-28T14:22:48.150+0000] {processor.py:914} INFO - Processing file /home/airflow/.local/lib/python3.12/site-packages/airflow/example_dags/example_branch_operator_decorator.py for tasks to queue
[2024-11-28T14:22:48.152+0000] {logging_mixin.py:190} INFO - [2024-11-28T14:22:48.152+0000] {dagbag.py:588} INFO - Filling up the DagBag from /home/airflow/.local/lib/python3.12/site-packages/airflow/example_dags/example_branch_operator_decorator.py
[2024-11-28T14:22:48.169+0000] {processor.py:925} INFO - DAG(s) 'example_branch_python_operator_decorator' retrieved from /home/airflow/.local/lib/python3.12/site-packages/airflow/example_dags/example_branch_operator_decorator.py
[2024-11-28T14:22:48.189+0000] {logging_mixin.py:190} INFO - [2024-11-28T14:22:48.188+0000] {dag.py:3239} INFO - Sync 1 DAGs
[2024-11-28T14:22:48.206+0000] {logging_mixin.py:190} INFO - [2024-11-28T14:22:48.206+0000] {dag.py:4180} INFO - Setting next_dagrun for example_branch_python_operator_decorator to 2024-11-27 00:00:00+00:00, run_after=2024-11-28 00:00:00+00:00
[2024-11-28T14:22:48.219+0000] {processor.py:208} INFO - Processing /home/airflow/.local/lib/python3.12/site-packages/airflow/example_dags/example_branch_operator_decorator.py took 0.076 seconds
[2024-11-28T14:23:18.623+0000] {processor.py:186} INFO - Started process (PID=243) to work on /home/airflow/.local/lib/python3.12/site-packages/airflow/example_dags/example_branch_operator_decorator.py
[2024-11-28T14:23:18.624+0000] {processor.py:914} INFO - Processing file /home/airflow/.local/lib/python3.12/site-packages/airflow/example_dags/example_branch_operator_decorator.py for tasks to queue
[2024-11-28T14:23:18.627+0000] {logging_mixin.py:190} INFO - [2024-11-28T14:23:18.627+0000] {dagbag.py:588} INFO - Filling up the DagBag from /home/airflow/.local/lib/python3.12/site-packages/airflow/example_dags/example_branch_operator_decorator.py
[2024-11-28T14:23:18.648+0000] {processor.py:925} INFO - DAG(s) 'example_branch_python_operator_decorator' retrieved from /home/airflow/.local/lib/python3.12/site-packages/airflow/example_dags/example_branch_operator_decorator.py
[2024-11-28T14:23:18.669+0000] {logging_mixin.py:190} INFO - [2024-11-28T14:23:18.669+0000] {dag.py:3239} INFO - Sync 1 DAGs
[2024-11-28T14:23:18.689+0000] {logging_mixin.py:190} INFO - [2024-11-28T14:23:18.688+0000] {dag.py:4180} INFO - Setting next_dagrun for example_branch_python_operator_decorator to 2024-11-27 00:00:00+00:00, run_after=2024-11-28 00:00:00+00:00
[2024-11-28T14:23:18.701+0000] {processor.py:208} INFO - Processing /home/airflow/.local/lib/python3.12/site-packages/airflow/example_dags/example_branch_operator_decorator.py took 0.084 seconds
[2024-11-28T14:23:49.131+0000] {processor.py:186} INFO - Started process (PID=306) to work on /home/airflow/.local/lib/python3.12/site-packages/airflow/example_dags/example_branch_operator_decorator.py
[2024-11-28T14:23:49.132+0000] {processor.py:914} INFO - Processing file /home/airflow/.local/lib/python3.12/site-packages/airflow/example_dags/example_branch_operator_decorator.py for tasks to queue
[2024-11-28T14:23:49.134+0000] {logging_mixin.py:190} INFO - [2024-11-28T14:23:49.134+0000] {dagbag.py:588} INFO - Filling up the DagBag from /home/airflow/.local/lib/python3.12/site-packages/airflow/example_dags/example_branch_operator_decorator.py
[2024-11-28T14:23:49.150+0000] {processor.py:925} INFO - DAG(s) 'example_branch_python_operator_decorator' retrieved from /home/airflow/.local/lib/python3.12/site-packages/airflow/example_dags/example_branch_operator_decorator.py
[2024-11-28T14:23:49.172+0000] {logging_mixin.py:190} INFO - [2024-11-28T14:23:49.171+0000] {dag.py:3239} INFO - Sync 1 DAGs
[2024-11-28T14:23:49.189+0000] {logging_mixin.py:190} INFO - [2024-11-28T14:23:49.189+0000] {dag.py:4180} INFO - Setting next_dagrun for example_branch_python_operator_decorator to 2024-11-27 00:00:00+00:00, run_after=2024-11-28 00:00:00+00:00
[2024-11-28T14:23:49.204+0000] {processor.py:208} INFO - Processing /home/airflow/.local/lib/python3.12/site-packages/airflow/example_dags/example_branch_operator_decorator.py took 0.078 seconds
[2024-11-28T14:24:24.020+0000] {processor.py:186} INFO - Started process (PID=375) to work on /home/airflow/.local/lib/python3.12/site-packages/airflow/example_dags/example_branch_operator_decorator.py
[2024-11-28T14:24:24.023+0000] {processor.py:914} INFO - Processing file /home/airflow/.local/lib/python3.12/site-packages/airflow/example_dags/example_branch_operator_decorator.py for tasks to queue
[2024-11-28T14:24:24.027+0000] {logging_mixin.py:190} INFO - [2024-11-28T14:24:24.027+0000] {dagbag.py:588} INFO - Filling up the DagBag from /home/airflow/.local/lib/python3.12/site-packages/airflow/example_dags/example_branch_operator_decorator.py
[2024-11-28T14:24:24.076+0000] {processor.py:925} INFO - DAG(s) 'example_branch_python_operator_decorator' retrieved from /home/airflow/.local/lib/python3.12/site-packages/airflow/example_dags/example_branch_operator_decorator.py
[2024-11-28T14:24:24.164+0000] {logging_mixin.py:190} INFO - [2024-11-28T14:24:24.164+0000] {dag.py:3239} INFO - Sync 1 DAGs
[2024-11-28T14:24:24.288+0000] {logging_mixin.py:190} INFO - [2024-11-28T14:24:24.286+0000] {dag.py:4180} INFO - Setting next_dagrun for example_branch_python_operator_decorator to 2024-11-27 00:00:00+00:00, run_after=2024-11-28 00:00:00+00:00
[2024-11-28T14:24:24.455+0000] {processor.py:208} INFO - Processing /home/airflow/.local/lib/python3.12/site-packages/airflow/example_dags/example_branch_operator_decorator.py took 0.443 seconds
[2024-11-28T14:24:55.390+0000] {processor.py:186} INFO - Started process (PID=438) to work on /home/airflow/.local/lib/python3.12/site-packages/airflow/example_dags/example_branch_operator_decorator.py
[2024-11-28T14:24:55.392+0000] {processor.py:914} INFO - Processing file /home/airflow/.local/lib/python3.12/site-packages/airflow/example_dags/example_branch_operator_decorator.py for tasks to queue
[2024-11-28T14:24:55.396+0000] {logging_mixin.py:190} INFO - [2024-11-28T14:24:55.395+0000] {dagbag.py:588} INFO - Filling up the DagBag from /home/airflow/.local/lib/python3.12/site-packages/airflow/example_dags/example_branch_operator_decorator.py
[2024-11-28T14:24:55.424+0000] {processor.py:925} INFO - DAG(s) 'example_branch_python_operator_decorator' retrieved from /home/airflow/.local/lib/python3.12/site-packages/airflow/example_dags/example_branch_operator_decorator.py
[2024-11-28T14:24:55.453+0000] {logging_mixin.py:190} INFO - [2024-11-28T14:24:55.453+0000] {dag.py:3239} INFO - Sync 1 DAGs
[2024-11-28T14:24:55.473+0000] {logging_mixin.py:190} INFO - [2024-11-28T14:24:55.473+0000] {dag.py:4180} INFO - Setting next_dagrun for example_branch_python_operator_decorator to 2024-11-27 00:00:00+00:00, run_after=2024-11-28 00:00:00+00:00
[2024-11-28T14:24:55.494+0000] {processor.py:208} INFO - Processing /home/airflow/.local/lib/python3.12/site-packages/airflow/example_dags/example_branch_operator_decorator.py took 0.114 seconds
