[2024-11-28T14:22:16.836+0000] {processor.py:186} INFO - Started process (PID=115) to work on /home/airflow/.local/lib/python3.12/site-packages/airflow/example_dags/example_local_kubernetes_executor.py
[2024-11-28T14:22:16.837+0000] {processor.py:914} INFO - Processing file /home/airflow/.local/lib/python3.12/site-packages/airflow/example_dags/example_local_kubernetes_executor.py for tasks to queue
[2024-11-28T14:22:16.839+0000] {logging_mixin.py:190} INFO - [2024-11-28T14:22:16.839+0000] {dagbag.py:588} INFO - Filling up the DagBag from /home/airflow/.local/lib/python3.12/site-packages/airflow/example_dags/example_local_kubernetes_executor.py
[2024-11-28T14:22:16.848+0000] {processor.py:925} INFO - DAG(s) 'example_local_kubernetes_executor' retrieved from /home/airflow/.local/lib/python3.12/site-packages/airflow/example_dags/example_local_kubernetes_executor.py
[2024-11-28T14:22:16.946+0000] {logging_mixin.py:190} INFO - [2024-11-28T14:22:16.946+0000] {override.py:1911} INFO - Created Permission View: can delete on DAG:example_local_kubernetes_executor
[2024-11-28T14:22:16.955+0000] {logging_mixin.py:190} INFO - [2024-11-28T14:22:16.955+0000] {override.py:1911} INFO - Created Permission View: can read on DAG:example_local_kubernetes_executor
[2024-11-28T14:22:16.959+0000] {logging_mixin.py:190} INFO - [2024-11-28T14:22:16.959+0000] {override.py:1911} INFO - Created Permission View: can edit on DAG:example_local_kubernetes_executor
[2024-11-28T14:22:16.963+0000] {logging_mixin.py:190} INFO - [2024-11-28T14:22:16.963+0000] {override.py:1911} INFO - Created Permission View: can delete on DAG Run:example_local_kubernetes_executor
[2024-11-28T14:22:16.968+0000] {logging_mixin.py:190} INFO - [2024-11-28T14:22:16.967+0000] {override.py:1911} INFO - Created Permission View: can read on DAG Run:example_local_kubernetes_executor
[2024-11-28T14:22:16.972+0000] {logging_mixin.py:190} INFO - [2024-11-28T14:22:16.971+0000] {override.py:1911} INFO - Created Permission View: can create on DAG Run:example_local_kubernetes_executor
[2024-11-28T14:22:16.976+0000] {logging_mixin.py:190} INFO - [2024-11-28T14:22:16.975+0000] {override.py:1911} INFO - Created Permission View: menu access on DAG Run:example_local_kubernetes_executor
[2024-11-28T14:22:16.976+0000] {logging_mixin.py:190} INFO - [2024-11-28T14:22:16.976+0000] {dag.py:3239} INFO - Sync 1 DAGs
[2024-11-28T14:22:16.986+0000] {logging_mixin.py:190} INFO - [2024-11-28T14:22:16.986+0000] {dag.py:3262} INFO - Creating ORM DAG for example_local_kubernetes_executor
[2024-11-28T14:22:16.986+0000] {logging_mixin.py:190} INFO - [2024-11-28T14:22:16.986+0000] {dag.py:4180} INFO - Setting next_dagrun for example_local_kubernetes_executor to None, run_after=None
[2024-11-28T14:22:17.000+0000] {processor.py:208} INFO - Processing /home/airflow/.local/lib/python3.12/site-packages/airflow/example_dags/example_local_kubernetes_executor.py took 0.168 seconds
[2024-11-28T14:22:47.024+0000] {processor.py:186} INFO - Started process (PID=177) to work on /home/airflow/.local/lib/python3.12/site-packages/airflow/example_dags/example_local_kubernetes_executor.py
[2024-11-28T14:22:47.025+0000] {processor.py:914} INFO - Processing file /home/airflow/.local/lib/python3.12/site-packages/airflow/example_dags/example_local_kubernetes_executor.py for tasks to queue
[2024-11-28T14:22:47.027+0000] {logging_mixin.py:190} INFO - [2024-11-28T14:22:47.027+0000] {dagbag.py:588} INFO - Filling up the DagBag from /home/airflow/.local/lib/python3.12/site-packages/airflow/example_dags/example_local_kubernetes_executor.py
[2024-11-28T14:22:47.035+0000] {processor.py:925} INFO - DAG(s) 'example_local_kubernetes_executor' retrieved from /home/airflow/.local/lib/python3.12/site-packages/airflow/example_dags/example_local_kubernetes_executor.py
[2024-11-28T14:22:47.063+0000] {logging_mixin.py:190} INFO - [2024-11-28T14:22:47.062+0000] {dag.py:3239} INFO - Sync 1 DAGs
[2024-11-28T14:22:47.074+0000] {logging_mixin.py:190} INFO - [2024-11-28T14:22:47.074+0000] {dag.py:4180} INFO - Setting next_dagrun for example_local_kubernetes_executor to None, run_after=None
[2024-11-28T14:22:47.086+0000] {processor.py:208} INFO - Processing /home/airflow/.local/lib/python3.12/site-packages/airflow/example_dags/example_local_kubernetes_executor.py took 0.066 seconds
[2024-11-28T14:23:18.495+0000] {processor.py:186} INFO - Started process (PID=240) to work on /home/airflow/.local/lib/python3.12/site-packages/airflow/example_dags/example_local_kubernetes_executor.py
[2024-11-28T14:23:18.496+0000] {processor.py:914} INFO - Processing file /home/airflow/.local/lib/python3.12/site-packages/airflow/example_dags/example_local_kubernetes_executor.py for tasks to queue
[2024-11-28T14:23:18.499+0000] {logging_mixin.py:190} INFO - [2024-11-28T14:23:18.499+0000] {dagbag.py:588} INFO - Filling up the DagBag from /home/airflow/.local/lib/python3.12/site-packages/airflow/example_dags/example_local_kubernetes_executor.py
[2024-11-28T14:23:18.511+0000] {processor.py:925} INFO - DAG(s) 'example_local_kubernetes_executor' retrieved from /home/airflow/.local/lib/python3.12/site-packages/airflow/example_dags/example_local_kubernetes_executor.py
[2024-11-28T14:23:18.548+0000] {logging_mixin.py:190} INFO - [2024-11-28T14:23:18.548+0000] {dag.py:3239} INFO - Sync 1 DAGs
[2024-11-28T14:23:18.563+0000] {logging_mixin.py:190} INFO - [2024-11-28T14:23:18.563+0000] {dag.py:4180} INFO - Setting next_dagrun for example_local_kubernetes_executor to None, run_after=None
[2024-11-28T14:23:18.580+0000] {processor.py:208} INFO - Processing /home/airflow/.local/lib/python3.12/site-packages/airflow/example_dags/example_local_kubernetes_executor.py took 0.092 seconds
[2024-11-28T14:23:49.016+0000] {processor.py:186} INFO - Started process (PID=303) to work on /home/airflow/.local/lib/python3.12/site-packages/airflow/example_dags/example_local_kubernetes_executor.py
[2024-11-28T14:23:49.018+0000] {processor.py:914} INFO - Processing file /home/airflow/.local/lib/python3.12/site-packages/airflow/example_dags/example_local_kubernetes_executor.py for tasks to queue
[2024-11-28T14:23:49.020+0000] {logging_mixin.py:190} INFO - [2024-11-28T14:23:49.020+0000] {dagbag.py:588} INFO - Filling up the DagBag from /home/airflow/.local/lib/python3.12/site-packages/airflow/example_dags/example_local_kubernetes_executor.py
[2024-11-28T14:23:49.028+0000] {processor.py:925} INFO - DAG(s) 'example_local_kubernetes_executor' retrieved from /home/airflow/.local/lib/python3.12/site-packages/airflow/example_dags/example_local_kubernetes_executor.py
[2024-11-28T14:23:49.054+0000] {logging_mixin.py:190} INFO - [2024-11-28T14:23:49.054+0000] {dag.py:3239} INFO - Sync 1 DAGs
[2024-11-28T14:23:49.065+0000] {logging_mixin.py:190} INFO - [2024-11-28T14:23:49.064+0000] {dag.py:4180} INFO - Setting next_dagrun for example_local_kubernetes_executor to None, run_after=None
[2024-11-28T14:23:49.078+0000] {processor.py:208} INFO - Processing /home/airflow/.local/lib/python3.12/site-packages/airflow/example_dags/example_local_kubernetes_executor.py took 0.066 seconds
[2024-11-28T14:24:23.587+0000] {processor.py:186} INFO - Started process (PID=372) to work on /home/airflow/.local/lib/python3.12/site-packages/airflow/example_dags/example_local_kubernetes_executor.py
[2024-11-28T14:24:23.591+0000] {processor.py:914} INFO - Processing file /home/airflow/.local/lib/python3.12/site-packages/airflow/example_dags/example_local_kubernetes_executor.py for tasks to queue
[2024-11-28T14:24:23.596+0000] {logging_mixin.py:190} INFO - [2024-11-28T14:24:23.595+0000] {dagbag.py:588} INFO - Filling up the DagBag from /home/airflow/.local/lib/python3.12/site-packages/airflow/example_dags/example_local_kubernetes_executor.py
[2024-11-28T14:24:23.616+0000] {processor.py:925} INFO - DAG(s) 'example_local_kubernetes_executor' retrieved from /home/airflow/.local/lib/python3.12/site-packages/airflow/example_dags/example_local_kubernetes_executor.py
[2024-11-28T14:24:23.695+0000] {logging_mixin.py:190} INFO - [2024-11-28T14:24:23.694+0000] {dag.py:3239} INFO - Sync 1 DAGs
[2024-11-28T14:24:23.720+0000] {logging_mixin.py:190} INFO - [2024-11-28T14:24:23.719+0000] {dag.py:4180} INFO - Setting next_dagrun for example_local_kubernetes_executor to None, run_after=None
[2024-11-28T14:24:23.778+0000] {processor.py:208} INFO - Processing /home/airflow/.local/lib/python3.12/site-packages/airflow/example_dags/example_local_kubernetes_executor.py took 0.208 seconds
[2024-11-28T14:24:54.109+0000] {processor.py:186} INFO - Started process (PID=435) to work on /home/airflow/.local/lib/python3.12/site-packages/airflow/example_dags/example_local_kubernetes_executor.py
[2024-11-28T14:24:54.111+0000] {processor.py:914} INFO - Processing file /home/airflow/.local/lib/python3.12/site-packages/airflow/example_dags/example_local_kubernetes_executor.py for tasks to queue
[2024-11-28T14:24:54.115+0000] {logging_mixin.py:190} INFO - [2024-11-28T14:24:54.115+0000] {dagbag.py:588} INFO - Filling up the DagBag from /home/airflow/.local/lib/python3.12/site-packages/airflow/example_dags/example_local_kubernetes_executor.py
[2024-11-28T14:24:54.147+0000] {processor.py:925} INFO - DAG(s) 'example_local_kubernetes_executor' retrieved from /home/airflow/.local/lib/python3.12/site-packages/airflow/example_dags/example_local_kubernetes_executor.py
[2024-11-28T14:24:54.205+0000] {logging_mixin.py:190} INFO - [2024-11-28T14:24:54.205+0000] {dag.py:3239} INFO - Sync 1 DAGs
[2024-11-28T14:24:54.229+0000] {logging_mixin.py:190} INFO - [2024-11-28T14:24:54.229+0000] {dag.py:4180} INFO - Setting next_dagrun for example_local_kubernetes_executor to None, run_after=None
[2024-11-28T14:24:54.250+0000] {processor.py:208} INFO - Processing /home/airflow/.local/lib/python3.12/site-packages/airflow/example_dags/example_local_kubernetes_executor.py took 0.156 seconds
