[2024-11-28T14:22:05.435+0000] {processor.py:186} INFO - Started process (PID=70) to work on /home/airflow/.local/lib/python3.12/site-packages/airflow/example_dags/example_subdag_operator.py
[2024-11-28T14:22:05.438+0000] {processor.py:914} INFO - Processing file /home/airflow/.local/lib/python3.12/site-packages/airflow/example_dags/example_subdag_operator.py for tasks to queue
[2024-11-28T14:22:05.448+0000] {logging_mixin.py:190} INFO - [2024-11-28T14:22:05.448+0000] {dagbag.py:588} INFO - Filling up the DagBag from /home/airflow/.local/lib/python3.12/site-packages/airflow/example_dags/example_subdag_operator.py
[2024-11-28T14:22:05.559+0000] {processor.py:925} INFO - DAG(s) 'example_subdag_operator.section-1', 'example_subdag_operator.section-2', 'example_subdag_operator' retrieved from /home/airflow/.local/lib/python3.12/site-packages/airflow/example_dags/example_subdag_operator.py
[2024-11-28T14:22:06.124+0000] {logging_mixin.py:190} INFO - [2024-11-28T14:22:06.122+0000] {override.py:1911} INFO - Created Permission View: can delete on DAG:example_subdag_operator
[2024-11-28T14:22:06.145+0000] {logging_mixin.py:190} INFO - [2024-11-28T14:22:06.144+0000] {override.py:1911} INFO - Created Permission View: can read on DAG:example_subdag_operator
[2024-11-28T14:22:06.165+0000] {logging_mixin.py:190} INFO - [2024-11-28T14:22:06.164+0000] {override.py:1911} INFO - Created Permission View: can edit on DAG:example_subdag_operator
[2024-11-28T14:22:06.178+0000] {logging_mixin.py:190} INFO - [2024-11-28T14:22:06.178+0000] {override.py:1911} INFO - Created Permission View: can delete on DAG Run:example_subdag_operator
[2024-11-28T14:22:06.193+0000] {logging_mixin.py:190} INFO - [2024-11-28T14:22:06.193+0000] {override.py:1911} INFO - Created Permission View: can read on DAG Run:example_subdag_operator
[2024-11-28T14:22:06.206+0000] {logging_mixin.py:190} INFO - [2024-11-28T14:22:06.205+0000] {override.py:1911} INFO - Created Permission View: can create on DAG Run:example_subdag_operator
[2024-11-28T14:22:06.221+0000] {logging_mixin.py:190} INFO - [2024-11-28T14:22:06.220+0000] {override.py:1911} INFO - Created Permission View: menu access on DAG Run:example_subdag_operator
[2024-11-28T14:22:06.224+0000] {logging_mixin.py:190} INFO - [2024-11-28T14:22:06.223+0000] {dag.py:3239} INFO - Sync 3 DAGs
[2024-11-28T14:22:06.292+0000] {logging_mixin.py:190} INFO - [2024-11-28T14:22:06.292+0000] {dag.py:3262} INFO - Creating ORM DAG for example_subdag_operator.section-1
[2024-11-28T14:22:06.295+0000] {logging_mixin.py:190} INFO - [2024-11-28T14:22:06.294+0000] {dag.py:3262} INFO - Creating ORM DAG for example_subdag_operator.section-2
[2024-11-28T14:22:06.297+0000] {logging_mixin.py:190} INFO - [2024-11-28T14:22:06.296+0000] {dag.py:3262} INFO - Creating ORM DAG for example_subdag_operator
[2024-11-28T14:22:06.334+0000] {logging_mixin.py:190} INFO - [2024-11-28T14:22:06.334+0000] {dag.py:4180} INFO - Setting next_dagrun for example_subdag_operator to 2022-01-01 00:00:00+00:00, run_after=2022-01-01 00:00:00+00:00
[2024-11-28T14:22:06.336+0000] {logging_mixin.py:190} INFO - [2024-11-28T14:22:06.336+0000] {dag.py:4180} INFO - Setting next_dagrun for example_subdag_operator.section-1 to None, run_after=None
[2024-11-28T14:22:06.337+0000] {logging_mixin.py:190} INFO - [2024-11-28T14:22:06.337+0000] {dag.py:4180} INFO - Setting next_dagrun for example_subdag_operator.section-2 to None, run_after=None
[2024-11-28T14:22:06.382+0000] {logging_mixin.py:190} INFO - [2024-11-28T14:22:06.382+0000] {dag.py:3239} INFO - Sync 2 DAGs
[2024-11-28T14:22:06.397+0000] {logging_mixin.py:190} INFO - [2024-11-28T14:22:06.396+0000] {dag.py:4180} INFO - Setting next_dagrun for example_subdag_operator.section-1 to None, run_after=None
[2024-11-28T14:22:06.411+0000] {logging_mixin.py:190} INFO - [2024-11-28T14:22:06.409+0000] {dag.py:4180} INFO - Setting next_dagrun for example_subdag_operator.section-2 to None, run_after=None
[2024-11-28T14:22:06.513+0000] {processor.py:208} INFO - Processing /home/airflow/.local/lib/python3.12/site-packages/airflow/example_dags/example_subdag_operator.py took 1.090 seconds
[2024-11-28T14:22:36.724+0000] {processor.py:186} INFO - Started process (PID=132) to work on /home/airflow/.local/lib/python3.12/site-packages/airflow/example_dags/example_subdag_operator.py
[2024-11-28T14:22:36.725+0000] {processor.py:914} INFO - Processing file /home/airflow/.local/lib/python3.12/site-packages/airflow/example_dags/example_subdag_operator.py for tasks to queue
[2024-11-28T14:22:36.729+0000] {logging_mixin.py:190} INFO - [2024-11-28T14:22:36.729+0000] {dagbag.py:588} INFO - Filling up the DagBag from /home/airflow/.local/lib/python3.12/site-packages/airflow/example_dags/example_subdag_operator.py
[2024-11-28T14:22:36.780+0000] {processor.py:925} INFO - DAG(s) 'example_subdag_operator.section-1', 'example_subdag_operator.section-2', 'example_subdag_operator' retrieved from /home/airflow/.local/lib/python3.12/site-packages/airflow/example_dags/example_subdag_operator.py
[2024-11-28T14:22:36.797+0000] {logging_mixin.py:190} INFO - [2024-11-28T14:22:36.796+0000] {dag.py:3239} INFO - Sync 3 DAGs
[2024-11-28T14:22:36.819+0000] {logging_mixin.py:190} INFO - [2024-11-28T14:22:36.819+0000] {dag.py:4180} INFO - Setting next_dagrun for example_subdag_operator to 2022-01-01 00:00:00+00:00, run_after=2022-01-01 00:00:00+00:00
[2024-11-28T14:22:36.822+0000] {logging_mixin.py:190} INFO - [2024-11-28T14:22:36.822+0000] {dag.py:4180} INFO - Setting next_dagrun for example_subdag_operator.section-1 to None, run_after=None
[2024-11-28T14:22:36.823+0000] {logging_mixin.py:190} INFO - [2024-11-28T14:22:36.823+0000] {dag.py:4180} INFO - Setting next_dagrun for example_subdag_operator.section-2 to None, run_after=None
[2024-11-28T14:22:36.829+0000] {logging_mixin.py:190} INFO - [2024-11-28T14:22:36.828+0000] {dag.py:3239} INFO - Sync 2 DAGs
[2024-11-28T14:22:36.832+0000] {logging_mixin.py:190} INFO - [2024-11-28T14:22:36.832+0000] {dag.py:4180} INFO - Setting next_dagrun for example_subdag_operator.section-1 to None, run_after=None
[2024-11-28T14:22:36.833+0000] {logging_mixin.py:190} INFO - [2024-11-28T14:22:36.833+0000] {dag.py:4180} INFO - Setting next_dagrun for example_subdag_operator.section-2 to None, run_after=None
[2024-11-28T14:22:36.840+0000] {processor.py:208} INFO - Processing /home/airflow/.local/lib/python3.12/site-packages/airflow/example_dags/example_subdag_operator.py took 0.124 seconds
[2024-11-28T14:23:07.577+0000] {processor.py:186} INFO - Started process (PID=195) to work on /home/airflow/.local/lib/python3.12/site-packages/airflow/example_dags/example_subdag_operator.py
[2024-11-28T14:23:07.580+0000] {processor.py:914} INFO - Processing file /home/airflow/.local/lib/python3.12/site-packages/airflow/example_dags/example_subdag_operator.py for tasks to queue
[2024-11-28T14:23:07.587+0000] {logging_mixin.py:190} INFO - [2024-11-28T14:23:07.586+0000] {dagbag.py:588} INFO - Filling up the DagBag from /home/airflow/.local/lib/python3.12/site-packages/airflow/example_dags/example_subdag_operator.py
[2024-11-28T14:23:07.649+0000] {processor.py:925} INFO - DAG(s) 'example_subdag_operator.section-1', 'example_subdag_operator.section-2', 'example_subdag_operator' retrieved from /home/airflow/.local/lib/python3.12/site-packages/airflow/example_dags/example_subdag_operator.py
[2024-11-28T14:23:07.665+0000] {logging_mixin.py:190} INFO - [2024-11-28T14:23:07.664+0000] {dag.py:3239} INFO - Sync 3 DAGs
[2024-11-28T14:23:07.694+0000] {logging_mixin.py:190} INFO - [2024-11-28T14:23:07.693+0000] {dag.py:4180} INFO - Setting next_dagrun for example_subdag_operator to 2022-01-01 00:00:00+00:00, run_after=2022-01-01 00:00:00+00:00
[2024-11-28T14:23:07.698+0000] {logging_mixin.py:190} INFO - [2024-11-28T14:23:07.698+0000] {dag.py:4180} INFO - Setting next_dagrun for example_subdag_operator.section-1 to None, run_after=None
[2024-11-28T14:23:07.700+0000] {logging_mixin.py:190} INFO - [2024-11-28T14:23:07.700+0000] {dag.py:4180} INFO - Setting next_dagrun for example_subdag_operator.section-2 to None, run_after=None
[2024-11-28T14:23:07.708+0000] {logging_mixin.py:190} INFO - [2024-11-28T14:23:07.708+0000] {dag.py:3239} INFO - Sync 2 DAGs
[2024-11-28T14:23:07.713+0000] {logging_mixin.py:190} INFO - [2024-11-28T14:23:07.713+0000] {dag.py:4180} INFO - Setting next_dagrun for example_subdag_operator.section-1 to None, run_after=None
[2024-11-28T14:23:07.713+0000] {logging_mixin.py:190} INFO - [2024-11-28T14:23:07.713+0000] {dag.py:4180} INFO - Setting next_dagrun for example_subdag_operator.section-2 to None, run_after=None
[2024-11-28T14:23:07.725+0000] {processor.py:208} INFO - Processing /home/airflow/.local/lib/python3.12/site-packages/airflow/example_dags/example_subdag_operator.py took 0.161 seconds
[2024-11-28T14:23:38.192+0000] {processor.py:186} INFO - Started process (PID=258) to work on /home/airflow/.local/lib/python3.12/site-packages/airflow/example_dags/example_subdag_operator.py
[2024-11-28T14:23:38.193+0000] {processor.py:914} INFO - Processing file /home/airflow/.local/lib/python3.12/site-packages/airflow/example_dags/example_subdag_operator.py for tasks to queue
[2024-11-28T14:23:38.197+0000] {logging_mixin.py:190} INFO - [2024-11-28T14:23:38.196+0000] {dagbag.py:588} INFO - Filling up the DagBag from /home/airflow/.local/lib/python3.12/site-packages/airflow/example_dags/example_subdag_operator.py
[2024-11-28T14:23:38.243+0000] {processor.py:925} INFO - DAG(s) 'example_subdag_operator.section-1', 'example_subdag_operator.section-2', 'example_subdag_operator' retrieved from /home/airflow/.local/lib/python3.12/site-packages/airflow/example_dags/example_subdag_operator.py
[2024-11-28T14:23:38.259+0000] {logging_mixin.py:190} INFO - [2024-11-28T14:23:38.259+0000] {dag.py:3239} INFO - Sync 3 DAGs
[2024-11-28T14:23:38.354+0000] {logging_mixin.py:190} INFO - [2024-11-28T14:23:38.353+0000] {dag.py:4180} INFO - Setting next_dagrun for example_subdag_operator to 2022-01-01 00:00:00+00:00, run_after=2022-01-01 00:00:00+00:00
[2024-11-28T14:23:38.374+0000] {logging_mixin.py:190} INFO - [2024-11-28T14:23:38.373+0000] {dag.py:4180} INFO - Setting next_dagrun for example_subdag_operator.section-1 to None, run_after=None
[2024-11-28T14:23:38.378+0000] {logging_mixin.py:190} INFO - [2024-11-28T14:23:38.378+0000] {dag.py:4180} INFO - Setting next_dagrun for example_subdag_operator.section-2 to None, run_after=None
[2024-11-28T14:23:38.399+0000] {logging_mixin.py:190} INFO - [2024-11-28T14:23:38.399+0000] {dag.py:3239} INFO - Sync 2 DAGs
[2024-11-28T14:23:38.411+0000] {logging_mixin.py:190} INFO - [2024-11-28T14:23:38.410+0000] {dag.py:4180} INFO - Setting next_dagrun for example_subdag_operator.section-1 to None, run_after=None
[2024-11-28T14:23:38.411+0000] {logging_mixin.py:190} INFO - [2024-11-28T14:23:38.411+0000] {dag.py:4180} INFO - Setting next_dagrun for example_subdag_operator.section-2 to None, run_after=None
[2024-11-28T14:23:38.449+0000] {processor.py:208} INFO - Processing /home/airflow/.local/lib/python3.12/site-packages/airflow/example_dags/example_subdag_operator.py took 0.266 seconds
[2024-11-28T14:24:08.976+0000] {processor.py:186} INFO - Started process (PID=321) to work on /home/airflow/.local/lib/python3.12/site-packages/airflow/example_dags/example_subdag_operator.py
[2024-11-28T14:24:08.981+0000] {processor.py:914} INFO - Processing file /home/airflow/.local/lib/python3.12/site-packages/airflow/example_dags/example_subdag_operator.py for tasks to queue
[2024-11-28T14:24:08.998+0000] {logging_mixin.py:190} INFO - [2024-11-28T14:24:08.997+0000] {dagbag.py:588} INFO - Filling up the DagBag from /home/airflow/.local/lib/python3.12/site-packages/airflow/example_dags/example_subdag_operator.py
[2024-11-28T14:24:09.172+0000] {processor.py:925} INFO - DAG(s) 'example_subdag_operator.section-1', 'example_subdag_operator.section-2', 'example_subdag_operator' retrieved from /home/airflow/.local/lib/python3.12/site-packages/airflow/example_dags/example_subdag_operator.py
[2024-11-28T14:24:09.220+0000] {logging_mixin.py:190} INFO - [2024-11-28T14:24:09.219+0000] {dag.py:3239} INFO - Sync 3 DAGs
[2024-11-28T14:24:09.367+0000] {logging_mixin.py:190} INFO - [2024-11-28T14:24:09.365+0000] {dag.py:4180} INFO - Setting next_dagrun for example_subdag_operator to 2022-01-01 00:00:00+00:00, run_after=2022-01-01 00:00:00+00:00
[2024-11-28T14:24:09.386+0000] {logging_mixin.py:190} INFO - [2024-11-28T14:24:09.385+0000] {dag.py:4180} INFO - Setting next_dagrun for example_subdag_operator.section-1 to None, run_after=None
[2024-11-28T14:24:09.394+0000] {logging_mixin.py:190} INFO - [2024-11-28T14:24:09.393+0000] {dag.py:4180} INFO - Setting next_dagrun for example_subdag_operator.section-2 to None, run_after=None
[2024-11-28T14:24:09.427+0000] {logging_mixin.py:190} INFO - [2024-11-28T14:24:09.427+0000] {dag.py:3239} INFO - Sync 2 DAGs
[2024-11-28T14:24:09.444+0000] {logging_mixin.py:190} INFO - [2024-11-28T14:24:09.444+0000] {dag.py:4180} INFO - Setting next_dagrun for example_subdag_operator.section-1 to None, run_after=None
[2024-11-28T14:24:09.447+0000] {logging_mixin.py:190} INFO - [2024-11-28T14:24:09.446+0000] {dag.py:4180} INFO - Setting next_dagrun for example_subdag_operator.section-2 to None, run_after=None
[2024-11-28T14:24:09.498+0000] {processor.py:208} INFO - Processing /home/airflow/.local/lib/python3.12/site-packages/airflow/example_dags/example_subdag_operator.py took 0.572 seconds
[2024-11-28T14:24:39.912+0000] {processor.py:186} INFO - Started process (PID=384) to work on /home/airflow/.local/lib/python3.12/site-packages/airflow/example_dags/example_subdag_operator.py
[2024-11-28T14:24:39.914+0000] {processor.py:914} INFO - Processing file /home/airflow/.local/lib/python3.12/site-packages/airflow/example_dags/example_subdag_operator.py for tasks to queue
[2024-11-28T14:24:39.920+0000] {logging_mixin.py:190} INFO - [2024-11-28T14:24:39.919+0000] {dagbag.py:588} INFO - Filling up the DagBag from /home/airflow/.local/lib/python3.12/site-packages/airflow/example_dags/example_subdag_operator.py
[2024-11-28T14:24:39.992+0000] {processor.py:925} INFO - DAG(s) 'example_subdag_operator.section-1', 'example_subdag_operator.section-2', 'example_subdag_operator' retrieved from /home/airflow/.local/lib/python3.12/site-packages/airflow/example_dags/example_subdag_operator.py
[2024-11-28T14:24:40.022+0000] {logging_mixin.py:190} INFO - [2024-11-28T14:24:40.022+0000] {dag.py:3239} INFO - Sync 3 DAGs
[2024-11-28T14:24:40.053+0000] {logging_mixin.py:190} INFO - [2024-11-28T14:24:40.053+0000] {dag.py:4180} INFO - Setting next_dagrun for example_subdag_operator to 2022-01-01 00:00:00+00:00, run_after=2022-01-01 00:00:00+00:00
[2024-11-28T14:24:40.058+0000] {logging_mixin.py:190} INFO - [2024-11-28T14:24:40.057+0000] {dag.py:4180} INFO - Setting next_dagrun for example_subdag_operator.section-1 to None, run_after=None
[2024-11-28T14:24:40.059+0000] {logging_mixin.py:190} INFO - [2024-11-28T14:24:40.059+0000] {dag.py:4180} INFO - Setting next_dagrun for example_subdag_operator.section-2 to None, run_after=None
[2024-11-28T14:24:40.067+0000] {logging_mixin.py:190} INFO - [2024-11-28T14:24:40.067+0000] {dag.py:3239} INFO - Sync 2 DAGs
[2024-11-28T14:24:40.071+0000] {logging_mixin.py:190} INFO - [2024-11-28T14:24:40.071+0000] {dag.py:4180} INFO - Setting next_dagrun for example_subdag_operator.section-1 to None, run_after=None
[2024-11-28T14:24:40.072+0000] {logging_mixin.py:190} INFO - [2024-11-28T14:24:40.072+0000] {dag.py:4180} INFO - Setting next_dagrun for example_subdag_operator.section-2 to None, run_after=None
[2024-11-28T14:24:40.081+0000] {processor.py:208} INFO - Processing /home/airflow/.local/lib/python3.12/site-packages/airflow/example_dags/example_subdag_operator.py took 0.206 seconds
