[2024-11-28T14:22:09.864+0000] {processor.py:186} INFO - Started process (PID=77) to work on /home/airflow/.local/lib/python3.12/site-packages/airflow/example_dags/example_complex.py
[2024-11-28T14:22:09.865+0000] {processor.py:914} INFO - Processing file /home/airflow/.local/lib/python3.12/site-packages/airflow/example_dags/example_complex.py for tasks to queue
[2024-11-28T14:22:09.868+0000] {logging_mixin.py:190} INFO - [2024-11-28T14:22:09.868+0000] {dagbag.py:588} INFO - Filling up the DagBag from /home/airflow/.local/lib/python3.12/site-packages/airflow/example_dags/example_complex.py
[2024-11-28T14:22:09.900+0000] {processor.py:925} INFO - DAG(s) 'example_complex' retrieved from /home/airflow/.local/lib/python3.12/site-packages/airflow/example_dags/example_complex.py
[2024-11-28T14:22:10.075+0000] {logging_mixin.py:190} INFO - [2024-11-28T14:22:10.073+0000] {override.py:1911} INFO - Created Permission View: can delete on DAG:example_complex
[2024-11-28T14:22:10.110+0000] {logging_mixin.py:190} INFO - [2024-11-28T14:22:10.109+0000] {override.py:1911} INFO - Created Permission View: can read on DAG:example_complex
[2024-11-28T14:22:10.234+0000] {logging_mixin.py:190} INFO - [2024-11-28T14:22:10.234+0000] {override.py:1911} INFO - Created Permission View: can edit on DAG:example_complex
[2024-11-28T14:22:10.248+0000] {logging_mixin.py:190} INFO - [2024-11-28T14:22:10.247+0000] {override.py:1911} INFO - Created Permission View: can delete on DAG Run:example_complex
[2024-11-28T14:22:10.265+0000] {logging_mixin.py:190} INFO - [2024-11-28T14:22:10.263+0000] {override.py:1911} INFO - Created Permission View: can read on DAG Run:example_complex
[2024-11-28T14:22:10.285+0000] {logging_mixin.py:190} INFO - [2024-11-28T14:22:10.285+0000] {override.py:1911} INFO - Created Permission View: can create on DAG Run:example_complex
[2024-11-28T14:22:10.296+0000] {logging_mixin.py:190} INFO - [2024-11-28T14:22:10.296+0000] {override.py:1911} INFO - Created Permission View: menu access on DAG Run:example_complex
[2024-11-28T14:22:10.298+0000] {logging_mixin.py:190} INFO - [2024-11-28T14:22:10.298+0000] {dag.py:3239} INFO - Sync 1 DAGs
[2024-11-28T14:22:10.323+0000] {logging_mixin.py:190} INFO - [2024-11-28T14:22:10.323+0000] {dag.py:3262} INFO - Creating ORM DAG for example_complex
[2024-11-28T14:22:10.324+0000] {logging_mixin.py:190} INFO - [2024-11-28T14:22:10.324+0000] {dag.py:4180} INFO - Setting next_dagrun for example_complex to None, run_after=None
[2024-11-28T14:22:10.355+0000] {processor.py:208} INFO - Processing /home/airflow/.local/lib/python3.12/site-packages/airflow/example_dags/example_complex.py took 0.504 seconds
[2024-11-28T14:22:40.987+0000] {processor.py:186} INFO - Started process (PID=138) to work on /home/airflow/.local/lib/python3.12/site-packages/airflow/example_dags/example_complex.py
[2024-11-28T14:22:40.988+0000] {processor.py:914} INFO - Processing file /home/airflow/.local/lib/python3.12/site-packages/airflow/example_dags/example_complex.py for tasks to queue
[2024-11-28T14:22:40.990+0000] {logging_mixin.py:190} INFO - [2024-11-28T14:22:40.990+0000] {dagbag.py:588} INFO - Filling up the DagBag from /home/airflow/.local/lib/python3.12/site-packages/airflow/example_dags/example_complex.py
[2024-11-28T14:22:41.000+0000] {processor.py:925} INFO - DAG(s) 'example_complex' retrieved from /home/airflow/.local/lib/python3.12/site-packages/airflow/example_dags/example_complex.py
[2024-11-28T14:22:41.030+0000] {logging_mixin.py:190} INFO - [2024-11-28T14:22:41.030+0000] {dag.py:3239} INFO - Sync 1 DAGs
[2024-11-28T14:22:41.046+0000] {logging_mixin.py:190} INFO - [2024-11-28T14:22:41.045+0000] {dag.py:4180} INFO - Setting next_dagrun for example_complex to None, run_after=None
[2024-11-28T14:22:41.064+0000] {processor.py:208} INFO - Processing /home/airflow/.local/lib/python3.12/site-packages/airflow/example_dags/example_complex.py took 0.084 seconds
[2024-11-28T14:23:11.790+0000] {processor.py:186} INFO - Started process (PID=201) to work on /home/airflow/.local/lib/python3.12/site-packages/airflow/example_dags/example_complex.py
[2024-11-28T14:23:11.792+0000] {processor.py:914} INFO - Processing file /home/airflow/.local/lib/python3.12/site-packages/airflow/example_dags/example_complex.py for tasks to queue
[2024-11-28T14:23:11.794+0000] {logging_mixin.py:190} INFO - [2024-11-28T14:23:11.794+0000] {dagbag.py:588} INFO - Filling up the DagBag from /home/airflow/.local/lib/python3.12/site-packages/airflow/example_dags/example_complex.py
[2024-11-28T14:23:11.803+0000] {processor.py:925} INFO - DAG(s) 'example_complex' retrieved from /home/airflow/.local/lib/python3.12/site-packages/airflow/example_dags/example_complex.py
[2024-11-28T14:23:11.824+0000] {logging_mixin.py:190} INFO - [2024-11-28T14:23:11.823+0000] {dag.py:3239} INFO - Sync 1 DAGs
[2024-11-28T14:23:11.835+0000] {logging_mixin.py:190} INFO - [2024-11-28T14:23:11.835+0000] {dag.py:4180} INFO - Setting next_dagrun for example_complex to None, run_after=None
[2024-11-28T14:23:11.847+0000] {processor.py:208} INFO - Processing /home/airflow/.local/lib/python3.12/site-packages/airflow/example_dags/example_complex.py took 0.065 seconds
[2024-11-28T14:23:42.577+0000] {processor.py:186} INFO - Started process (PID=264) to work on /home/airflow/.local/lib/python3.12/site-packages/airflow/example_dags/example_complex.py
[2024-11-28T14:23:42.578+0000] {processor.py:914} INFO - Processing file /home/airflow/.local/lib/python3.12/site-packages/airflow/example_dags/example_complex.py for tasks to queue
[2024-11-28T14:23:42.580+0000] {logging_mixin.py:190} INFO - [2024-11-28T14:23:42.580+0000] {dagbag.py:588} INFO - Filling up the DagBag from /home/airflow/.local/lib/python3.12/site-packages/airflow/example_dags/example_complex.py
[2024-11-28T14:23:42.596+0000] {processor.py:925} INFO - DAG(s) 'example_complex' retrieved from /home/airflow/.local/lib/python3.12/site-packages/airflow/example_dags/example_complex.py
[2024-11-28T14:23:42.627+0000] {logging_mixin.py:190} INFO - [2024-11-28T14:23:42.626+0000] {dag.py:3239} INFO - Sync 1 DAGs
[2024-11-28T14:23:42.637+0000] {logging_mixin.py:190} INFO - [2024-11-28T14:23:42.637+0000] {dag.py:4180} INFO - Setting next_dagrun for example_complex to None, run_after=None
[2024-11-28T14:23:42.653+0000] {processor.py:208} INFO - Processing /home/airflow/.local/lib/python3.12/site-packages/airflow/example_dags/example_complex.py took 0.082 seconds
[2024-11-28T14:24:12.782+0000] {processor.py:186} INFO - Started process (PID=327) to work on /home/airflow/.local/lib/python3.12/site-packages/airflow/example_dags/example_complex.py
[2024-11-28T14:24:12.784+0000] {processor.py:914} INFO - Processing file /home/airflow/.local/lib/python3.12/site-packages/airflow/example_dags/example_complex.py for tasks to queue
[2024-11-28T14:24:12.791+0000] {logging_mixin.py:190} INFO - [2024-11-28T14:24:12.791+0000] {dagbag.py:588} INFO - Filling up the DagBag from /home/airflow/.local/lib/python3.12/site-packages/airflow/example_dags/example_complex.py
[2024-11-28T14:24:12.828+0000] {processor.py:925} INFO - DAG(s) 'example_complex' retrieved from /home/airflow/.local/lib/python3.12/site-packages/airflow/example_dags/example_complex.py
[2024-11-28T14:24:12.906+0000] {logging_mixin.py:190} INFO - [2024-11-28T14:24:12.905+0000] {dag.py:3239} INFO - Sync 1 DAGs
[2024-11-28T14:24:12.927+0000] {logging_mixin.py:190} INFO - [2024-11-28T14:24:12.927+0000] {dag.py:4180} INFO - Setting next_dagrun for example_complex to None, run_after=None
[2024-11-28T14:24:12.976+0000] {processor.py:208} INFO - Processing /home/airflow/.local/lib/python3.12/site-packages/airflow/example_dags/example_complex.py took 0.207 seconds
[2024-11-28T14:24:43.362+0000] {processor.py:186} INFO - Started process (PID=390) to work on /home/airflow/.local/lib/python3.12/site-packages/airflow/example_dags/example_complex.py
[2024-11-28T14:24:43.364+0000] {processor.py:914} INFO - Processing file /home/airflow/.local/lib/python3.12/site-packages/airflow/example_dags/example_complex.py for tasks to queue
[2024-11-28T14:24:43.366+0000] {logging_mixin.py:190} INFO - [2024-11-28T14:24:43.366+0000] {dagbag.py:588} INFO - Filling up the DagBag from /home/airflow/.local/lib/python3.12/site-packages/airflow/example_dags/example_complex.py
[2024-11-28T14:24:43.375+0000] {processor.py:925} INFO - DAG(s) 'example_complex' retrieved from /home/airflow/.local/lib/python3.12/site-packages/airflow/example_dags/example_complex.py
[2024-11-28T14:24:43.397+0000] {logging_mixin.py:190} INFO - [2024-11-28T14:24:43.397+0000] {dag.py:3239} INFO - Sync 1 DAGs
[2024-11-28T14:24:43.414+0000] {logging_mixin.py:190} INFO - [2024-11-28T14:24:43.414+0000] {dag.py:4180} INFO - Setting next_dagrun for example_complex to None, run_after=None
[2024-11-28T14:24:43.430+0000] {processor.py:208} INFO - Processing /home/airflow/.local/lib/python3.12/site-packages/airflow/example_dags/example_complex.py took 0.074 seconds
