[2024-11-28T14:22:16.583+0000] {processor.py:186} INFO - Started process (PID=112) to work on /home/airflow/.local/lib/python3.12/site-packages/airflow/example_dags/example_display_name.py
[2024-11-28T14:22:16.584+0000] {processor.py:914} INFO - Processing file /home/airflow/.local/lib/python3.12/site-packages/airflow/example_dags/example_display_name.py for tasks to queue
[2024-11-28T14:22:16.586+0000] {logging_mixin.py:190} INFO - [2024-11-28T14:22:16.586+0000] {dagbag.py:588} INFO - Filling up the DagBag from /home/airflow/.local/lib/python3.12/site-packages/airflow/example_dags/example_display_name.py
[2024-11-28T14:22:16.593+0000] {processor.py:925} INFO - DAG(s) 'example_display_name' retrieved from /home/airflow/.local/lib/python3.12/site-packages/airflow/example_dags/example_display_name.py
[2024-11-28T14:22:16.677+0000] {logging_mixin.py:190} INFO - [2024-11-28T14:22:16.676+0000] {override.py:1911} INFO - Created Permission View: can delete on DAG:example_display_name
[2024-11-28T14:22:16.685+0000] {logging_mixin.py:190} INFO - [2024-11-28T14:22:16.684+0000] {override.py:1911} INFO - Created Permission View: can read on DAG:example_display_name
[2024-11-28T14:22:16.688+0000] {logging_mixin.py:190} INFO - [2024-11-28T14:22:16.688+0000] {override.py:1911} INFO - Created Permission View: can edit on DAG:example_display_name
[2024-11-28T14:22:16.692+0000] {logging_mixin.py:190} INFO - [2024-11-28T14:22:16.692+0000] {override.py:1911} INFO - Created Permission View: can delete on DAG Run:example_display_name
[2024-11-28T14:22:16.696+0000] {logging_mixin.py:190} INFO - [2024-11-28T14:22:16.696+0000] {override.py:1911} INFO - Created Permission View: can read on DAG Run:example_display_name
[2024-11-28T14:22:16.701+0000] {logging_mixin.py:190} INFO - [2024-11-28T14:22:16.701+0000] {override.py:1911} INFO - Created Permission View: can create on DAG Run:example_display_name
[2024-11-28T14:22:16.705+0000] {logging_mixin.py:190} INFO - [2024-11-28T14:22:16.705+0000] {override.py:1911} INFO - Created Permission View: menu access on DAG Run:example_display_name
[2024-11-28T14:22:16.705+0000] {logging_mixin.py:190} INFO - [2024-11-28T14:22:16.705+0000] {dag.py:3239} INFO - Sync 1 DAGs
[2024-11-28T14:22:16.716+0000] {logging_mixin.py:190} INFO - [2024-11-28T14:22:16.716+0000] {dag.py:3262} INFO - Creating ORM DAG for example_display_name
[2024-11-28T14:22:16.717+0000] {logging_mixin.py:190} INFO - [2024-11-28T14:22:16.716+0000] {dag.py:4180} INFO - Setting next_dagrun for example_display_name to None, run_after=None
[2024-11-28T14:22:16.728+0000] {processor.py:208} INFO - Processing /home/airflow/.local/lib/python3.12/site-packages/airflow/example_dags/example_display_name.py took 0.150 seconds
[2024-11-28T14:22:46.813+0000] {processor.py:186} INFO - Started process (PID=174) to work on /home/airflow/.local/lib/python3.12/site-packages/airflow/example_dags/example_display_name.py
[2024-11-28T14:22:46.817+0000] {processor.py:914} INFO - Processing file /home/airflow/.local/lib/python3.12/site-packages/airflow/example_dags/example_display_name.py for tasks to queue
[2024-11-28T14:22:46.819+0000] {logging_mixin.py:190} INFO - [2024-11-28T14:22:46.818+0000] {dagbag.py:588} INFO - Filling up the DagBag from /home/airflow/.local/lib/python3.12/site-packages/airflow/example_dags/example_display_name.py
[2024-11-28T14:22:46.828+0000] {processor.py:925} INFO - DAG(s) 'example_display_name' retrieved from /home/airflow/.local/lib/python3.12/site-packages/airflow/example_dags/example_display_name.py
[2024-11-28T14:22:46.844+0000] {logging_mixin.py:190} INFO - [2024-11-28T14:22:46.844+0000] {dag.py:3239} INFO - Sync 1 DAGs
[2024-11-28T14:22:46.863+0000] {logging_mixin.py:190} INFO - [2024-11-28T14:22:46.862+0000] {dag.py:4180} INFO - Setting next_dagrun for example_display_name to None, run_after=None
[2024-11-28T14:22:46.904+0000] {processor.py:208} INFO - Processing /home/airflow/.local/lib/python3.12/site-packages/airflow/example_dags/example_display_name.py took 0.096 seconds
[2024-11-28T14:23:18.184+0000] {processor.py:186} INFO - Started process (PID=237) to work on /home/airflow/.local/lib/python3.12/site-packages/airflow/example_dags/example_display_name.py
[2024-11-28T14:23:18.187+0000] {processor.py:914} INFO - Processing file /home/airflow/.local/lib/python3.12/site-packages/airflow/example_dags/example_display_name.py for tasks to queue
[2024-11-28T14:23:18.191+0000] {logging_mixin.py:190} INFO - [2024-11-28T14:23:18.190+0000] {dagbag.py:588} INFO - Filling up the DagBag from /home/airflow/.local/lib/python3.12/site-packages/airflow/example_dags/example_display_name.py
[2024-11-28T14:23:18.203+0000] {processor.py:925} INFO - DAG(s) 'example_display_name' retrieved from /home/airflow/.local/lib/python3.12/site-packages/airflow/example_dags/example_display_name.py
[2024-11-28T14:23:18.262+0000] {logging_mixin.py:190} INFO - [2024-11-28T14:23:18.260+0000] {dag.py:3239} INFO - Sync 1 DAGs
[2024-11-28T14:23:18.297+0000] {logging_mixin.py:190} INFO - [2024-11-28T14:23:18.296+0000] {dag.py:4180} INFO - Setting next_dagrun for example_display_name to None, run_after=None
[2024-11-28T14:23:18.354+0000] {processor.py:208} INFO - Processing /home/airflow/.local/lib/python3.12/site-packages/airflow/example_dags/example_display_name.py took 0.189 seconds
[2024-11-28T14:23:48.908+0000] {processor.py:186} INFO - Started process (PID=300) to work on /home/airflow/.local/lib/python3.12/site-packages/airflow/example_dags/example_display_name.py
[2024-11-28T14:23:48.911+0000] {processor.py:914} INFO - Processing file /home/airflow/.local/lib/python3.12/site-packages/airflow/example_dags/example_display_name.py for tasks to queue
[2024-11-28T14:23:48.913+0000] {logging_mixin.py:190} INFO - [2024-11-28T14:23:48.913+0000] {dagbag.py:588} INFO - Filling up the DagBag from /home/airflow/.local/lib/python3.12/site-packages/airflow/example_dags/example_display_name.py
[2024-11-28T14:23:48.921+0000] {processor.py:925} INFO - DAG(s) 'example_display_name' retrieved from /home/airflow/.local/lib/python3.12/site-packages/airflow/example_dags/example_display_name.py
[2024-11-28T14:23:48.936+0000] {logging_mixin.py:190} INFO - [2024-11-28T14:23:48.935+0000] {dag.py:3239} INFO - Sync 1 DAGs
[2024-11-28T14:23:48.947+0000] {logging_mixin.py:190} INFO - [2024-11-28T14:23:48.946+0000] {dag.py:4180} INFO - Setting next_dagrun for example_display_name to None, run_after=None
[2024-11-28T14:23:48.959+0000] {processor.py:208} INFO - Processing /home/airflow/.local/lib/python3.12/site-packages/airflow/example_dags/example_display_name.py took 0.056 seconds
[2024-11-28T14:24:22.982+0000] {processor.py:186} INFO - Started process (PID=363) to work on /home/airflow/.local/lib/python3.12/site-packages/airflow/example_dags/example_display_name.py
[2024-11-28T14:24:22.991+0000] {processor.py:914} INFO - Processing file /home/airflow/.local/lib/python3.12/site-packages/airflow/example_dags/example_display_name.py for tasks to queue
[2024-11-28T14:24:23.014+0000] {logging_mixin.py:190} INFO - [2024-11-28T14:24:23.011+0000] {dagbag.py:588} INFO - Filling up the DagBag from /home/airflow/.local/lib/python3.12/site-packages/airflow/example_dags/example_display_name.py
[2024-11-28T14:24:23.069+0000] {processor.py:925} INFO - DAG(s) 'example_display_name' retrieved from /home/airflow/.local/lib/python3.12/site-packages/airflow/example_dags/example_display_name.py
[2024-11-28T14:24:23.193+0000] {logging_mixin.py:190} INFO - [2024-11-28T14:24:23.192+0000] {dag.py:3239} INFO - Sync 1 DAGs
[2024-11-28T14:24:23.268+0000] {logging_mixin.py:190} INFO - [2024-11-28T14:24:23.267+0000] {dag.py:4180} INFO - Setting next_dagrun for example_display_name to None, run_after=None
[2024-11-28T14:24:23.390+0000] {processor.py:208} INFO - Processing /home/airflow/.local/lib/python3.12/site-packages/airflow/example_dags/example_display_name.py took 0.460 seconds
[2024-11-28T14:24:53.838+0000] {processor.py:186} INFO - Started process (PID=432) to work on /home/airflow/.local/lib/python3.12/site-packages/airflow/example_dags/example_display_name.py
[2024-11-28T14:24:53.839+0000] {processor.py:914} INFO - Processing file /home/airflow/.local/lib/python3.12/site-packages/airflow/example_dags/example_display_name.py for tasks to queue
[2024-11-28T14:24:53.842+0000] {logging_mixin.py:190} INFO - [2024-11-28T14:24:53.841+0000] {dagbag.py:588} INFO - Filling up the DagBag from /home/airflow/.local/lib/python3.12/site-packages/airflow/example_dags/example_display_name.py
[2024-11-28T14:24:53.851+0000] {processor.py:925} INFO - DAG(s) 'example_display_name' retrieved from /home/airflow/.local/lib/python3.12/site-packages/airflow/example_dags/example_display_name.py
[2024-11-28T14:24:53.871+0000] {logging_mixin.py:190} INFO - [2024-11-28T14:24:53.871+0000] {dag.py:3239} INFO - Sync 1 DAGs
[2024-11-28T14:24:53.907+0000] {logging_mixin.py:190} INFO - [2024-11-28T14:24:53.906+0000] {dag.py:4180} INFO - Setting next_dagrun for example_display_name to None, run_after=None
[2024-11-28T14:24:53.947+0000] {processor.py:208} INFO - Processing /home/airflow/.local/lib/python3.12/site-packages/airflow/example_dags/example_display_name.py took 0.115 seconds
