[2024-11-28T14:22:13.980+0000] {processor.py:186} INFO - Started process (PID=91) to work on /home/airflow/.local/lib/python3.12/site-packages/airflow/example_dags/example_trigger_controller_dag.py
[2024-11-28T14:22:13.981+0000] {processor.py:914} INFO - Processing file /home/airflow/.local/lib/python3.12/site-packages/airflow/example_dags/example_trigger_controller_dag.py for tasks to queue
[2024-11-28T14:22:13.984+0000] {logging_mixin.py:190} INFO - [2024-11-28T14:22:13.983+0000] {dagbag.py:588} INFO - Filling up the DagBag from /home/airflow/.local/lib/python3.12/site-packages/airflow/example_dags/example_trigger_controller_dag.py
[2024-11-28T14:22:13.994+0000] {processor.py:925} INFO - DAG(s) 'example_trigger_controller_dag' retrieved from /home/airflow/.local/lib/python3.12/site-packages/airflow/example_dags/example_trigger_controller_dag.py
[2024-11-28T14:22:14.104+0000] {logging_mixin.py:190} INFO - [2024-11-28T14:22:14.104+0000] {override.py:1911} INFO - Created Permission View: can delete on DAG:example_trigger_controller_dag
[2024-11-28T14:22:14.112+0000] {logging_mixin.py:190} INFO - [2024-11-28T14:22:14.112+0000] {override.py:1911} INFO - Created Permission View: can read on DAG:example_trigger_controller_dag
[2024-11-28T14:22:14.119+0000] {logging_mixin.py:190} INFO - [2024-11-28T14:22:14.118+0000] {override.py:1911} INFO - Created Permission View: can edit on DAG:example_trigger_controller_dag
[2024-11-28T14:22:14.124+0000] {logging_mixin.py:190} INFO - [2024-11-28T14:22:14.124+0000] {override.py:1911} INFO - Created Permission View: can delete on DAG Run:example_trigger_controller_dag
[2024-11-28T14:22:14.131+0000] {logging_mixin.py:190} INFO - [2024-11-28T14:22:14.131+0000] {override.py:1911} INFO - Created Permission View: can read on DAG Run:example_trigger_controller_dag
[2024-11-28T14:22:14.138+0000] {logging_mixin.py:190} INFO - [2024-11-28T14:22:14.138+0000] {override.py:1911} INFO - Created Permission View: can create on DAG Run:example_trigger_controller_dag
[2024-11-28T14:22:14.143+0000] {logging_mixin.py:190} INFO - [2024-11-28T14:22:14.142+0000] {override.py:1911} INFO - Created Permission View: menu access on DAG Run:example_trigger_controller_dag
[2024-11-28T14:22:14.143+0000] {logging_mixin.py:190} INFO - [2024-11-28T14:22:14.143+0000] {dag.py:3239} INFO - Sync 1 DAGs
[2024-11-28T14:22:14.155+0000] {logging_mixin.py:190} INFO - [2024-11-28T14:22:14.155+0000] {dag.py:3262} INFO - Creating ORM DAG for example_trigger_controller_dag
[2024-11-28T14:22:14.163+0000] {logging_mixin.py:190} INFO - [2024-11-28T14:22:14.162+0000] {dag.py:4180} INFO - Setting next_dagrun for example_trigger_controller_dag to 2021-01-01 00:00:00+00:00, run_after=2021-01-01 00:00:00+00:00
[2024-11-28T14:22:14.175+0000] {processor.py:208} INFO - Processing /home/airflow/.local/lib/python3.12/site-packages/airflow/example_dags/example_trigger_controller_dag.py took 0.201 seconds
[2024-11-28T14:22:44.509+0000] {processor.py:186} INFO - Started process (PID=153) to work on /home/airflow/.local/lib/python3.12/site-packages/airflow/example_dags/example_trigger_controller_dag.py
[2024-11-28T14:22:44.510+0000] {processor.py:914} INFO - Processing file /home/airflow/.local/lib/python3.12/site-packages/airflow/example_dags/example_trigger_controller_dag.py for tasks to queue
[2024-11-28T14:22:44.513+0000] {logging_mixin.py:190} INFO - [2024-11-28T14:22:44.513+0000] {dagbag.py:588} INFO - Filling up the DagBag from /home/airflow/.local/lib/python3.12/site-packages/airflow/example_dags/example_trigger_controller_dag.py
[2024-11-28T14:22:44.521+0000] {processor.py:925} INFO - DAG(s) 'example_trigger_controller_dag' retrieved from /home/airflow/.local/lib/python3.12/site-packages/airflow/example_dags/example_trigger_controller_dag.py
[2024-11-28T14:22:44.537+0000] {logging_mixin.py:190} INFO - [2024-11-28T14:22:44.537+0000] {dag.py:3239} INFO - Sync 1 DAGs
[2024-11-28T14:22:44.554+0000] {logging_mixin.py:190} INFO - [2024-11-28T14:22:44.554+0000] {dag.py:4180} INFO - Setting next_dagrun for example_trigger_controller_dag to 2021-01-01 00:00:00+00:00, run_after=2021-01-01 00:00:00+00:00
[2024-11-28T14:22:44.573+0000] {processor.py:208} INFO - Processing /home/airflow/.local/lib/python3.12/site-packages/airflow/example_dags/example_trigger_controller_dag.py took 0.070 seconds
[2024-11-28T14:23:15.670+0000] {processor.py:186} INFO - Started process (PID=216) to work on /home/airflow/.local/lib/python3.12/site-packages/airflow/example_dags/example_trigger_controller_dag.py
[2024-11-28T14:23:15.671+0000] {processor.py:914} INFO - Processing file /home/airflow/.local/lib/python3.12/site-packages/airflow/example_dags/example_trigger_controller_dag.py for tasks to queue
[2024-11-28T14:23:15.675+0000] {logging_mixin.py:190} INFO - [2024-11-28T14:23:15.675+0000] {dagbag.py:588} INFO - Filling up the DagBag from /home/airflow/.local/lib/python3.12/site-packages/airflow/example_dags/example_trigger_controller_dag.py
[2024-11-28T14:23:15.742+0000] {processor.py:925} INFO - DAG(s) 'example_trigger_controller_dag' retrieved from /home/airflow/.local/lib/python3.12/site-packages/airflow/example_dags/example_trigger_controller_dag.py
[2024-11-28T14:23:15.784+0000] {logging_mixin.py:190} INFO - [2024-11-28T14:23:15.784+0000] {dag.py:3239} INFO - Sync 1 DAGs
[2024-11-28T14:23:15.819+0000] {logging_mixin.py:190} INFO - [2024-11-28T14:23:15.819+0000] {dag.py:4180} INFO - Setting next_dagrun for example_trigger_controller_dag to 2021-01-01 00:00:00+00:00, run_after=2021-01-01 00:00:00+00:00
[2024-11-28T14:23:15.841+0000] {processor.py:208} INFO - Processing /home/airflow/.local/lib/python3.12/site-packages/airflow/example_dags/example_trigger_controller_dag.py took 0.180 seconds
[2024-11-28T14:23:47.290+0000] {processor.py:186} INFO - Started process (PID=279) to work on /home/airflow/.local/lib/python3.12/site-packages/airflow/example_dags/example_trigger_controller_dag.py
[2024-11-28T14:23:47.292+0000] {processor.py:914} INFO - Processing file /home/airflow/.local/lib/python3.12/site-packages/airflow/example_dags/example_trigger_controller_dag.py for tasks to queue
[2024-11-28T14:23:47.295+0000] {logging_mixin.py:190} INFO - [2024-11-28T14:23:47.295+0000] {dagbag.py:588} INFO - Filling up the DagBag from /home/airflow/.local/lib/python3.12/site-packages/airflow/example_dags/example_trigger_controller_dag.py
[2024-11-28T14:23:47.320+0000] {processor.py:925} INFO - DAG(s) 'example_trigger_controller_dag' retrieved from /home/airflow/.local/lib/python3.12/site-packages/airflow/example_dags/example_trigger_controller_dag.py
[2024-11-28T14:23:47.363+0000] {logging_mixin.py:190} INFO - [2024-11-28T14:23:47.362+0000] {dag.py:3239} INFO - Sync 1 DAGs
[2024-11-28T14:23:47.402+0000] {logging_mixin.py:190} INFO - [2024-11-28T14:23:47.401+0000] {dag.py:4180} INFO - Setting next_dagrun for example_trigger_controller_dag to 2021-01-01 00:00:00+00:00, run_after=2021-01-01 00:00:00+00:00
[2024-11-28T14:23:47.435+0000] {processor.py:208} INFO - Processing /home/airflow/.local/lib/python3.12/site-packages/airflow/example_dags/example_trigger_controller_dag.py took 0.157 seconds
[2024-11-28T14:24:19.613+0000] {processor.py:186} INFO - Started process (PID=342) to work on /home/airflow/.local/lib/python3.12/site-packages/airflow/example_dags/example_trigger_controller_dag.py
[2024-11-28T14:24:19.614+0000] {processor.py:914} INFO - Processing file /home/airflow/.local/lib/python3.12/site-packages/airflow/example_dags/example_trigger_controller_dag.py for tasks to queue
[2024-11-28T14:24:19.619+0000] {logging_mixin.py:190} INFO - [2024-11-28T14:24:19.619+0000] {dagbag.py:588} INFO - Filling up the DagBag from /home/airflow/.local/lib/python3.12/site-packages/airflow/example_dags/example_trigger_controller_dag.py
[2024-11-28T14:24:19.626+0000] {processor.py:925} INFO - DAG(s) 'example_trigger_controller_dag' retrieved from /home/airflow/.local/lib/python3.12/site-packages/airflow/example_dags/example_trigger_controller_dag.py
[2024-11-28T14:24:19.643+0000] {logging_mixin.py:190} INFO - [2024-11-28T14:24:19.642+0000] {dag.py:3239} INFO - Sync 1 DAGs
[2024-11-28T14:24:19.659+0000] {logging_mixin.py:190} INFO - [2024-11-28T14:24:19.659+0000] {dag.py:4180} INFO - Setting next_dagrun for example_trigger_controller_dag to 2021-01-01 00:00:00+00:00, run_after=2021-01-01 00:00:00+00:00
[2024-11-28T14:24:19.675+0000] {processor.py:208} INFO - Processing /home/airflow/.local/lib/python3.12/site-packages/airflow/example_dags/example_trigger_controller_dag.py took 0.068 seconds
[2024-11-28T14:24:51.563+0000] {processor.py:186} INFO - Started process (PID=405) to work on /home/airflow/.local/lib/python3.12/site-packages/airflow/example_dags/example_trigger_controller_dag.py
[2024-11-28T14:24:51.565+0000] {processor.py:914} INFO - Processing file /home/airflow/.local/lib/python3.12/site-packages/airflow/example_dags/example_trigger_controller_dag.py for tasks to queue
[2024-11-28T14:24:51.574+0000] {logging_mixin.py:190} INFO - [2024-11-28T14:24:51.573+0000] {dagbag.py:588} INFO - Filling up the DagBag from /home/airflow/.local/lib/python3.12/site-packages/airflow/example_dags/example_trigger_controller_dag.py
[2024-11-28T14:24:51.592+0000] {processor.py:925} INFO - DAG(s) 'example_trigger_controller_dag' retrieved from /home/airflow/.local/lib/python3.12/site-packages/airflow/example_dags/example_trigger_controller_dag.py
[2024-11-28T14:24:51.626+0000] {logging_mixin.py:190} INFO - [2024-11-28T14:24:51.625+0000] {dag.py:3239} INFO - Sync 1 DAGs
[2024-11-28T14:24:51.672+0000] {logging_mixin.py:190} INFO - [2024-11-28T14:24:51.671+0000] {dag.py:4180} INFO - Setting next_dagrun for example_trigger_controller_dag to 2021-01-01 00:00:00+00:00, run_after=2021-01-01 00:00:00+00:00
[2024-11-28T14:24:51.702+0000] {processor.py:208} INFO - Processing /home/airflow/.local/lib/python3.12/site-packages/airflow/example_dags/example_trigger_controller_dag.py took 0.163 seconds
