[2024-11-28T14:22:11.506+0000] {processor.py:186} INFO - Started process (PID=82) to work on /home/airflow/.local/lib/python3.12/site-packages/airflow/example_dags/example_setup_teardown.py
[2024-11-28T14:22:11.510+0000] {processor.py:914} INFO - Processing file /home/airflow/.local/lib/python3.12/site-packages/airflow/example_dags/example_setup_teardown.py for tasks to queue
[2024-11-28T14:22:11.518+0000] {logging_mixin.py:190} INFO - [2024-11-28T14:22:11.516+0000] {dagbag.py:588} INFO - Filling up the DagBag from /home/airflow/.local/lib/python3.12/site-packages/airflow/example_dags/example_setup_teardown.py
[2024-11-28T14:22:11.555+0000] {processor.py:925} INFO - DAG(s) 'example_setup_teardown' retrieved from /home/airflow/.local/lib/python3.12/site-packages/airflow/example_dags/example_setup_teardown.py
[2024-11-28T14:22:11.732+0000] {logging_mixin.py:190} INFO - [2024-11-28T14:22:11.732+0000] {override.py:1911} INFO - Created Permission View: can delete on DAG:example_setup_teardown
[2024-11-28T14:22:11.748+0000] {logging_mixin.py:190} INFO - [2024-11-28T14:22:11.747+0000] {override.py:1911} INFO - Created Permission View: can read on DAG:example_setup_teardown
[2024-11-28T14:22:11.756+0000] {logging_mixin.py:190} INFO - [2024-11-28T14:22:11.756+0000] {override.py:1911} INFO - Created Permission View: can edit on DAG:example_setup_teardown
[2024-11-28T14:22:11.769+0000] {logging_mixin.py:190} INFO - [2024-11-28T14:22:11.768+0000] {override.py:1911} INFO - Created Permission View: can delete on DAG Run:example_setup_teardown
[2024-11-28T14:22:11.823+0000] {logging_mixin.py:190} INFO - [2024-11-28T14:22:11.822+0000] {override.py:1911} INFO - Created Permission View: can read on DAG Run:example_setup_teardown
[2024-11-28T14:22:11.840+0000] {logging_mixin.py:190} INFO - [2024-11-28T14:22:11.840+0000] {override.py:1911} INFO - Created Permission View: can create on DAG Run:example_setup_teardown
[2024-11-28T14:22:11.849+0000] {logging_mixin.py:190} INFO - [2024-11-28T14:22:11.849+0000] {override.py:1911} INFO - Created Permission View: menu access on DAG Run:example_setup_teardown
[2024-11-28T14:22:11.850+0000] {logging_mixin.py:190} INFO - [2024-11-28T14:22:11.850+0000] {dag.py:3239} INFO - Sync 1 DAGs
[2024-11-28T14:22:11.871+0000] {logging_mixin.py:190} INFO - [2024-11-28T14:22:11.871+0000] {dag.py:3262} INFO - Creating ORM DAG for example_setup_teardown
[2024-11-28T14:22:11.873+0000] {logging_mixin.py:190} INFO - [2024-11-28T14:22:11.873+0000] {dag.py:4180} INFO - Setting next_dagrun for example_setup_teardown to None, run_after=None
[2024-11-28T14:22:11.901+0000] {processor.py:208} INFO - Processing /home/airflow/.local/lib/python3.12/site-packages/airflow/example_dags/example_setup_teardown.py took 0.405 seconds
[2024-11-28T14:22:42.088+0000] {processor.py:186} INFO - Started process (PID=143) to work on /home/airflow/.local/lib/python3.12/site-packages/airflow/example_dags/example_setup_teardown.py
[2024-11-28T14:22:42.089+0000] {processor.py:914} INFO - Processing file /home/airflow/.local/lib/python3.12/site-packages/airflow/example_dags/example_setup_teardown.py for tasks to queue
[2024-11-28T14:22:42.090+0000] {logging_mixin.py:190} INFO - [2024-11-28T14:22:42.090+0000] {dagbag.py:588} INFO - Filling up the DagBag from /home/airflow/.local/lib/python3.12/site-packages/airflow/example_dags/example_setup_teardown.py
[2024-11-28T14:22:42.097+0000] {processor.py:925} INFO - DAG(s) 'example_setup_teardown' retrieved from /home/airflow/.local/lib/python3.12/site-packages/airflow/example_dags/example_setup_teardown.py
[2024-11-28T14:22:42.111+0000] {logging_mixin.py:190} INFO - [2024-11-28T14:22:42.111+0000] {dag.py:3239} INFO - Sync 1 DAGs
[2024-11-28T14:22:42.121+0000] {logging_mixin.py:190} INFO - [2024-11-28T14:22:42.121+0000] {dag.py:4180} INFO - Setting next_dagrun for example_setup_teardown to None, run_after=None
[2024-11-28T14:22:42.132+0000] {processor.py:208} INFO - Processing /home/airflow/.local/lib/python3.12/site-packages/airflow/example_dags/example_setup_teardown.py took 0.048 seconds
[2024-11-28T14:23:13.013+0000] {processor.py:186} INFO - Started process (PID=206) to work on /home/airflow/.local/lib/python3.12/site-packages/airflow/example_dags/example_setup_teardown.py
[2024-11-28T14:23:13.014+0000] {processor.py:914} INFO - Processing file /home/airflow/.local/lib/python3.12/site-packages/airflow/example_dags/example_setup_teardown.py for tasks to queue
[2024-11-28T14:23:13.017+0000] {logging_mixin.py:190} INFO - [2024-11-28T14:23:13.016+0000] {dagbag.py:588} INFO - Filling up the DagBag from /home/airflow/.local/lib/python3.12/site-packages/airflow/example_dags/example_setup_teardown.py
[2024-11-28T14:23:13.023+0000] {processor.py:925} INFO - DAG(s) 'example_setup_teardown' retrieved from /home/airflow/.local/lib/python3.12/site-packages/airflow/example_dags/example_setup_teardown.py
[2024-11-28T14:23:13.038+0000] {logging_mixin.py:190} INFO - [2024-11-28T14:23:13.038+0000] {dag.py:3239} INFO - Sync 1 DAGs
[2024-11-28T14:23:13.050+0000] {logging_mixin.py:190} INFO - [2024-11-28T14:23:13.049+0000] {dag.py:4180} INFO - Setting next_dagrun for example_setup_teardown to None, run_after=None
[2024-11-28T14:23:13.065+0000] {processor.py:208} INFO - Processing /home/airflow/.local/lib/python3.12/site-packages/airflow/example_dags/example_setup_teardown.py took 0.056 seconds
[2024-11-28T14:23:43.855+0000] {processor.py:186} INFO - Started process (PID=269) to work on /home/airflow/.local/lib/python3.12/site-packages/airflow/example_dags/example_setup_teardown.py
[2024-11-28T14:23:43.856+0000] {processor.py:914} INFO - Processing file /home/airflow/.local/lib/python3.12/site-packages/airflow/example_dags/example_setup_teardown.py for tasks to queue
[2024-11-28T14:23:43.858+0000] {logging_mixin.py:190} INFO - [2024-11-28T14:23:43.858+0000] {dagbag.py:588} INFO - Filling up the DagBag from /home/airflow/.local/lib/python3.12/site-packages/airflow/example_dags/example_setup_teardown.py
[2024-11-28T14:23:43.865+0000] {processor.py:925} INFO - DAG(s) 'example_setup_teardown' retrieved from /home/airflow/.local/lib/python3.12/site-packages/airflow/example_dags/example_setup_teardown.py
[2024-11-28T14:23:43.882+0000] {logging_mixin.py:190} INFO - [2024-11-28T14:23:43.881+0000] {dag.py:3239} INFO - Sync 1 DAGs
[2024-11-28T14:23:43.894+0000] {logging_mixin.py:190} INFO - [2024-11-28T14:23:43.893+0000] {dag.py:4180} INFO - Setting next_dagrun for example_setup_teardown to None, run_after=None
[2024-11-28T14:23:43.914+0000] {processor.py:208} INFO - Processing /home/airflow/.local/lib/python3.12/site-packages/airflow/example_dags/example_setup_teardown.py took 0.063 seconds
[2024-11-28T14:24:14.001+0000] {processor.py:186} INFO - Started process (PID=331) to work on /home/airflow/.local/lib/python3.12/site-packages/airflow/example_dags/example_setup_teardown.py
[2024-11-28T14:24:14.006+0000] {processor.py:914} INFO - Processing file /home/airflow/.local/lib/python3.12/site-packages/airflow/example_dags/example_setup_teardown.py for tasks to queue
[2024-11-28T14:24:14.010+0000] {logging_mixin.py:190} INFO - [2024-11-28T14:24:14.009+0000] {dagbag.py:588} INFO - Filling up the DagBag from /home/airflow/.local/lib/python3.12/site-packages/airflow/example_dags/example_setup_teardown.py
[2024-11-28T14:24:14.023+0000] {processor.py:925} INFO - DAG(s) 'example_setup_teardown' retrieved from /home/airflow/.local/lib/python3.12/site-packages/airflow/example_dags/example_setup_teardown.py
[2024-11-28T14:24:14.054+0000] {logging_mixin.py:190} INFO - [2024-11-28T14:24:14.054+0000] {dag.py:3239} INFO - Sync 1 DAGs
[2024-11-28T14:24:14.080+0000] {logging_mixin.py:190} INFO - [2024-11-28T14:24:14.080+0000] {dag.py:4180} INFO - Setting next_dagrun for example_setup_teardown to None, run_after=None
[2024-11-28T14:24:14.112+0000] {processor.py:208} INFO - Processing /home/airflow/.local/lib/python3.12/site-packages/airflow/example_dags/example_setup_teardown.py took 0.124 seconds
[2024-11-28T14:24:44.622+0000] {processor.py:186} INFO - Started process (PID=394) to work on /home/airflow/.local/lib/python3.12/site-packages/airflow/example_dags/example_setup_teardown.py
[2024-11-28T14:24:44.623+0000] {processor.py:914} INFO - Processing file /home/airflow/.local/lib/python3.12/site-packages/airflow/example_dags/example_setup_teardown.py for tasks to queue
[2024-11-28T14:24:44.627+0000] {logging_mixin.py:190} INFO - [2024-11-28T14:24:44.626+0000] {dagbag.py:588} INFO - Filling up the DagBag from /home/airflow/.local/lib/python3.12/site-packages/airflow/example_dags/example_setup_teardown.py
[2024-11-28T14:24:44.642+0000] {processor.py:925} INFO - DAG(s) 'example_setup_teardown' retrieved from /home/airflow/.local/lib/python3.12/site-packages/airflow/example_dags/example_setup_teardown.py
[2024-11-28T14:24:44.665+0000] {logging_mixin.py:190} INFO - [2024-11-28T14:24:44.665+0000] {dag.py:3239} INFO - Sync 1 DAGs
[2024-11-28T14:24:44.676+0000] {logging_mixin.py:190} INFO - [2024-11-28T14:24:44.676+0000] {dag.py:4180} INFO - Setting next_dagrun for example_setup_teardown to None, run_after=None
[2024-11-28T14:24:44.699+0000] {processor.py:208} INFO - Processing /home/airflow/.local/lib/python3.12/site-packages/airflow/example_dags/example_setup_teardown.py took 0.085 seconds
