[2024-11-28T14:22:11.010+0000] {processor.py:186} INFO - Started process (PID=79) to work on /home/airflow/.local/lib/python3.12/site-packages/airflow/example_dags/example_datasets.py
[2024-11-28T14:22:11.011+0000] {processor.py:914} INFO - Processing file /home/airflow/.local/lib/python3.12/site-packages/airflow/example_dags/example_datasets.py for tasks to queue
[2024-11-28T14:22:11.013+0000] {logging_mixin.py:190} INFO - [2024-11-28T14:22:11.013+0000] {dagbag.py:588} INFO - Filling up the DagBag from /home/airflow/.local/lib/python3.12/site-packages/airflow/example_dags/example_datasets.py
[2024-11-28T14:22:11.733+0000] {processor.py:925} INFO - DAG(s) 'consume_1_or_2_with_dataset_expressions', 'conditional_dataset_and_time_based_timetable', 'dataset_consumes_unknown_never_scheduled', 'consume_1_and_2_with_dataset_expressions', 'dataset_produces_2', 'dataset_produces_1', 'dataset_consumes_1_and_2', 'consume_1_or_both_2_and_3_with_dataset_expressions', 'dataset_consumes_1_never_scheduled', 'dataset_consumes_1' retrieved from /home/airflow/.local/lib/python3.12/site-packages/airflow/example_dags/example_datasets.py
[2024-11-28T14:22:11.939+0000] {logging_mixin.py:190} INFO - [2024-11-28T14:22:11.937+0000] {override.py:1911} INFO - Created Permission View: can delete on DAG:consume_1_or_2_with_dataset_expressions
[2024-11-28T14:22:11.959+0000] {logging_mixin.py:190} INFO - [2024-11-28T14:22:11.959+0000] {override.py:1911} INFO - Created Permission View: can read on DAG:consume_1_or_2_with_dataset_expressions
[2024-11-28T14:22:11.973+0000] {logging_mixin.py:190} INFO - [2024-11-28T14:22:11.973+0000] {override.py:1911} INFO - Created Permission View: can edit on DAG:consume_1_or_2_with_dataset_expressions
[2024-11-28T14:22:11.990+0000] {logging_mixin.py:190} INFO - [2024-11-28T14:22:11.989+0000] {override.py:1911} INFO - Created Permission View: can delete on DAG Run:consume_1_or_2_with_dataset_expressions
[2024-11-28T14:22:11.998+0000] {logging_mixin.py:190} INFO - [2024-11-28T14:22:11.998+0000] {override.py:1911} INFO - Created Permission View: can read on DAG Run:consume_1_or_2_with_dataset_expressions
[2024-11-28T14:22:12.006+0000] {logging_mixin.py:190} INFO - [2024-11-28T14:22:12.006+0000] {override.py:1911} INFO - Created Permission View: can create on DAG Run:consume_1_or_2_with_dataset_expressions
[2024-11-28T14:22:12.018+0000] {logging_mixin.py:190} INFO - [2024-11-28T14:22:12.018+0000] {override.py:1911} INFO - Created Permission View: menu access on DAG Run:consume_1_or_2_with_dataset_expressions
[2024-11-28T14:22:12.032+0000] {logging_mixin.py:190} INFO - [2024-11-28T14:22:12.032+0000] {override.py:1911} INFO - Created Permission View: can delete on DAG:conditional_dataset_and_time_based_timetable
[2024-11-28T14:22:12.042+0000] {logging_mixin.py:190} INFO - [2024-11-28T14:22:12.041+0000] {override.py:1911} INFO - Created Permission View: can read on DAG:conditional_dataset_and_time_based_timetable
[2024-11-28T14:22:12.049+0000] {logging_mixin.py:190} INFO - [2024-11-28T14:22:12.049+0000] {override.py:1911} INFO - Created Permission View: can edit on DAG:conditional_dataset_and_time_based_timetable
[2024-11-28T14:22:12.057+0000] {logging_mixin.py:190} INFO - [2024-11-28T14:22:12.056+0000] {override.py:1911} INFO - Created Permission View: can delete on DAG Run:conditional_dataset_and_time_based_timetable
[2024-11-28T14:22:12.064+0000] {logging_mixin.py:190} INFO - [2024-11-28T14:22:12.063+0000] {override.py:1911} INFO - Created Permission View: can read on DAG Run:conditional_dataset_and_time_based_timetable
[2024-11-28T14:22:12.072+0000] {logging_mixin.py:190} INFO - [2024-11-28T14:22:12.071+0000] {override.py:1911} INFO - Created Permission View: can create on DAG Run:conditional_dataset_and_time_based_timetable
[2024-11-28T14:22:12.078+0000] {logging_mixin.py:190} INFO - [2024-11-28T14:22:12.078+0000] {override.py:1911} INFO - Created Permission View: menu access on DAG Run:conditional_dataset_and_time_based_timetable
[2024-11-28T14:22:12.088+0000] {logging_mixin.py:190} INFO - [2024-11-28T14:22:12.088+0000] {override.py:1911} INFO - Created Permission View: can delete on DAG:dataset_consumes_unknown_never_scheduled
[2024-11-28T14:22:12.094+0000] {logging_mixin.py:190} INFO - [2024-11-28T14:22:12.094+0000] {override.py:1911} INFO - Created Permission View: can read on DAG:dataset_consumes_unknown_never_scheduled
[2024-11-28T14:22:12.100+0000] {logging_mixin.py:190} INFO - [2024-11-28T14:22:12.100+0000] {override.py:1911} INFO - Created Permission View: can edit on DAG:dataset_consumes_unknown_never_scheduled
[2024-11-28T14:22:12.105+0000] {logging_mixin.py:190} INFO - [2024-11-28T14:22:12.105+0000] {override.py:1911} INFO - Created Permission View: can delete on DAG Run:dataset_consumes_unknown_never_scheduled
[2024-11-28T14:22:12.110+0000] {logging_mixin.py:190} INFO - [2024-11-28T14:22:12.109+0000] {override.py:1911} INFO - Created Permission View: can read on DAG Run:dataset_consumes_unknown_never_scheduled
[2024-11-28T14:22:12.114+0000] {logging_mixin.py:190} INFO - [2024-11-28T14:22:12.114+0000] {override.py:1911} INFO - Created Permission View: can create on DAG Run:dataset_consumes_unknown_never_scheduled
[2024-11-28T14:22:12.119+0000] {logging_mixin.py:190} INFO - [2024-11-28T14:22:12.119+0000] {override.py:1911} INFO - Created Permission View: menu access on DAG Run:dataset_consumes_unknown_never_scheduled
[2024-11-28T14:22:12.129+0000] {logging_mixin.py:190} INFO - [2024-11-28T14:22:12.129+0000] {override.py:1911} INFO - Created Permission View: can delete on DAG:consume_1_and_2_with_dataset_expressions
[2024-11-28T14:22:12.136+0000] {logging_mixin.py:190} INFO - [2024-11-28T14:22:12.136+0000] {override.py:1911} INFO - Created Permission View: can read on DAG:consume_1_and_2_with_dataset_expressions
[2024-11-28T14:22:12.143+0000] {logging_mixin.py:190} INFO - [2024-11-28T14:22:12.142+0000] {override.py:1911} INFO - Created Permission View: can edit on DAG:consume_1_and_2_with_dataset_expressions
[2024-11-28T14:22:12.173+0000] {logging_mixin.py:190} INFO - [2024-11-28T14:22:12.172+0000] {override.py:1911} INFO - Created Permission View: can delete on DAG Run:consume_1_and_2_with_dataset_expressions
[2024-11-28T14:22:12.186+0000] {logging_mixin.py:190} INFO - [2024-11-28T14:22:12.186+0000] {override.py:1911} INFO - Created Permission View: can read on DAG Run:consume_1_and_2_with_dataset_expressions
[2024-11-28T14:22:12.231+0000] {logging_mixin.py:190} INFO - [2024-11-28T14:22:12.230+0000] {override.py:1911} INFO - Created Permission View: can create on DAG Run:consume_1_and_2_with_dataset_expressions
[2024-11-28T14:22:12.249+0000] {logging_mixin.py:190} INFO - [2024-11-28T14:22:12.249+0000] {override.py:1911} INFO - Created Permission View: menu access on DAG Run:consume_1_and_2_with_dataset_expressions
[2024-11-28T14:22:12.270+0000] {logging_mixin.py:190} INFO - [2024-11-28T14:22:12.270+0000] {override.py:1911} INFO - Created Permission View: can delete on DAG:dataset_produces_2
[2024-11-28T14:22:12.282+0000] {logging_mixin.py:190} INFO - [2024-11-28T14:22:12.282+0000] {override.py:1911} INFO - Created Permission View: can read on DAG:dataset_produces_2
[2024-11-28T14:22:12.291+0000] {logging_mixin.py:190} INFO - [2024-11-28T14:22:12.291+0000] {override.py:1911} INFO - Created Permission View: can edit on DAG:dataset_produces_2
[2024-11-28T14:22:12.303+0000] {logging_mixin.py:190} INFO - [2024-11-28T14:22:12.302+0000] {override.py:1911} INFO - Created Permission View: can delete on DAG Run:dataset_produces_2
[2024-11-28T14:22:12.316+0000] {logging_mixin.py:190} INFO - [2024-11-28T14:22:12.315+0000] {override.py:1911} INFO - Created Permission View: can read on DAG Run:dataset_produces_2
[2024-11-28T14:22:12.349+0000] {logging_mixin.py:190} INFO - [2024-11-28T14:22:12.348+0000] {override.py:1911} INFO - Created Permission View: can create on DAG Run:dataset_produces_2
[2024-11-28T14:22:12.361+0000] {logging_mixin.py:190} INFO - [2024-11-28T14:22:12.361+0000] {override.py:1911} INFO - Created Permission View: menu access on DAG Run:dataset_produces_2
[2024-11-28T14:22:12.379+0000] {logging_mixin.py:190} INFO - [2024-11-28T14:22:12.378+0000] {override.py:1911} INFO - Created Permission View: can delete on DAG:dataset_produces_1
[2024-11-28T14:22:12.386+0000] {logging_mixin.py:190} INFO - [2024-11-28T14:22:12.386+0000] {override.py:1911} INFO - Created Permission View: can read on DAG:dataset_produces_1
[2024-11-28T14:22:12.393+0000] {logging_mixin.py:190} INFO - [2024-11-28T14:22:12.393+0000] {override.py:1911} INFO - Created Permission View: can edit on DAG:dataset_produces_1
[2024-11-28T14:22:12.400+0000] {logging_mixin.py:190} INFO - [2024-11-28T14:22:12.400+0000] {override.py:1911} INFO - Created Permission View: can delete on DAG Run:dataset_produces_1
[2024-11-28T14:22:12.406+0000] {logging_mixin.py:190} INFO - [2024-11-28T14:22:12.405+0000] {override.py:1911} INFO - Created Permission View: can read on DAG Run:dataset_produces_1
[2024-11-28T14:22:12.410+0000] {logging_mixin.py:190} INFO - [2024-11-28T14:22:12.410+0000] {override.py:1911} INFO - Created Permission View: can create on DAG Run:dataset_produces_1
[2024-11-28T14:22:12.414+0000] {logging_mixin.py:190} INFO - [2024-11-28T14:22:12.414+0000] {override.py:1911} INFO - Created Permission View: menu access on DAG Run:dataset_produces_1
[2024-11-28T14:22:12.424+0000] {logging_mixin.py:190} INFO - [2024-11-28T14:22:12.424+0000] {override.py:1911} INFO - Created Permission View: can delete on DAG:dataset_consumes_1_and_2
[2024-11-28T14:22:12.430+0000] {logging_mixin.py:190} INFO - [2024-11-28T14:22:12.430+0000] {override.py:1911} INFO - Created Permission View: can read on DAG:dataset_consumes_1_and_2
[2024-11-28T14:22:12.435+0000] {logging_mixin.py:190} INFO - [2024-11-28T14:22:12.435+0000] {override.py:1911} INFO - Created Permission View: can edit on DAG:dataset_consumes_1_and_2
[2024-11-28T14:22:12.444+0000] {logging_mixin.py:190} INFO - [2024-11-28T14:22:12.443+0000] {override.py:1911} INFO - Created Permission View: can delete on DAG Run:dataset_consumes_1_and_2
[2024-11-28T14:22:12.453+0000] {logging_mixin.py:190} INFO - [2024-11-28T14:22:12.452+0000] {override.py:1911} INFO - Created Permission View: can read on DAG Run:dataset_consumes_1_and_2
[2024-11-28T14:22:12.465+0000] {logging_mixin.py:190} INFO - [2024-11-28T14:22:12.465+0000] {override.py:1911} INFO - Created Permission View: can create on DAG Run:dataset_consumes_1_and_2
[2024-11-28T14:22:12.474+0000] {logging_mixin.py:190} INFO - [2024-11-28T14:22:12.473+0000] {override.py:1911} INFO - Created Permission View: menu access on DAG Run:dataset_consumes_1_and_2
[2024-11-28T14:22:12.486+0000] {logging_mixin.py:190} INFO - [2024-11-28T14:22:12.485+0000] {override.py:1911} INFO - Created Permission View: can delete on DAG:consume_1_or_both_2_and_3_with_dataset_expressions
[2024-11-28T14:22:12.492+0000] {logging_mixin.py:190} INFO - [2024-11-28T14:22:12.492+0000] {override.py:1911} INFO - Created Permission View: can read on DAG:consume_1_or_both_2_and_3_with_dataset_expressions
[2024-11-28T14:22:12.508+0000] {logging_mixin.py:190} INFO - [2024-11-28T14:22:12.508+0000] {override.py:1911} INFO - Created Permission View: can edit on DAG:consume_1_or_both_2_and_3_with_dataset_expressions
[2024-11-28T14:22:12.515+0000] {logging_mixin.py:190} INFO - [2024-11-28T14:22:12.514+0000] {override.py:1911} INFO - Created Permission View: can delete on DAG Run:consume_1_or_both_2_and_3_with_dataset_expressions
[2024-11-28T14:22:12.521+0000] {logging_mixin.py:190} INFO - [2024-11-28T14:22:12.520+0000] {override.py:1911} INFO - Created Permission View: can read on DAG Run:consume_1_or_both_2_and_3_with_dataset_expressions
[2024-11-28T14:22:12.526+0000] {logging_mixin.py:190} INFO - [2024-11-28T14:22:12.525+0000] {override.py:1911} INFO - Created Permission View: can create on DAG Run:consume_1_or_both_2_and_3_with_dataset_expressions
[2024-11-28T14:22:12.530+0000] {logging_mixin.py:190} INFO - [2024-11-28T14:22:12.530+0000] {override.py:1911} INFO - Created Permission View: menu access on DAG Run:consume_1_or_both_2_and_3_with_dataset_expressions
[2024-11-28T14:22:12.541+0000] {logging_mixin.py:190} INFO - [2024-11-28T14:22:12.540+0000] {override.py:1911} INFO - Created Permission View: can delete on DAG:dataset_consumes_1_never_scheduled
[2024-11-28T14:22:12.548+0000] {logging_mixin.py:190} INFO - [2024-11-28T14:22:12.547+0000] {override.py:1911} INFO - Created Permission View: can read on DAG:dataset_consumes_1_never_scheduled
[2024-11-28T14:22:12.557+0000] {logging_mixin.py:190} INFO - [2024-11-28T14:22:12.556+0000] {override.py:1911} INFO - Created Permission View: can edit on DAG:dataset_consumes_1_never_scheduled
[2024-11-28T14:22:12.563+0000] {logging_mixin.py:190} INFO - [2024-11-28T14:22:12.563+0000] {override.py:1911} INFO - Created Permission View: can delete on DAG Run:dataset_consumes_1_never_scheduled
[2024-11-28T14:22:12.569+0000] {logging_mixin.py:190} INFO - [2024-11-28T14:22:12.568+0000] {override.py:1911} INFO - Created Permission View: can read on DAG Run:dataset_consumes_1_never_scheduled
[2024-11-28T14:22:12.575+0000] {logging_mixin.py:190} INFO - [2024-11-28T14:22:12.574+0000] {override.py:1911} INFO - Created Permission View: can create on DAG Run:dataset_consumes_1_never_scheduled
[2024-11-28T14:22:12.580+0000] {logging_mixin.py:190} INFO - [2024-11-28T14:22:12.580+0000] {override.py:1911} INFO - Created Permission View: menu access on DAG Run:dataset_consumes_1_never_scheduled
[2024-11-28T14:22:12.590+0000] {logging_mixin.py:190} INFO - [2024-11-28T14:22:12.589+0000] {override.py:1911} INFO - Created Permission View: can delete on DAG:dataset_consumes_1
[2024-11-28T14:22:12.596+0000] {logging_mixin.py:190} INFO - [2024-11-28T14:22:12.596+0000] {override.py:1911} INFO - Created Permission View: can read on DAG:dataset_consumes_1
[2024-11-28T14:22:12.604+0000] {logging_mixin.py:190} INFO - [2024-11-28T14:22:12.603+0000] {override.py:1911} INFO - Created Permission View: can edit on DAG:dataset_consumes_1
[2024-11-28T14:22:12.612+0000] {logging_mixin.py:190} INFO - [2024-11-28T14:22:12.611+0000] {override.py:1911} INFO - Created Permission View: can delete on DAG Run:dataset_consumes_1
[2024-11-28T14:22:12.618+0000] {logging_mixin.py:190} INFO - [2024-11-28T14:22:12.618+0000] {override.py:1911} INFO - Created Permission View: can read on DAG Run:dataset_consumes_1
[2024-11-28T14:22:12.624+0000] {logging_mixin.py:190} INFO - [2024-11-28T14:22:12.623+0000] {override.py:1911} INFO - Created Permission View: can create on DAG Run:dataset_consumes_1
[2024-11-28T14:22:12.640+0000] {logging_mixin.py:190} INFO - [2024-11-28T14:22:12.639+0000] {override.py:1911} INFO - Created Permission View: menu access on DAG Run:dataset_consumes_1
[2024-11-28T14:22:12.642+0000] {logging_mixin.py:190} INFO - [2024-11-28T14:22:12.642+0000] {dag.py:3239} INFO - Sync 10 DAGs
[2024-11-28T14:22:12.667+0000] {logging_mixin.py:190} INFO - [2024-11-28T14:22:12.666+0000] {dag.py:3262} INFO - Creating ORM DAG for dataset_consumes_1_never_scheduled
[2024-11-28T14:22:12.669+0000] {logging_mixin.py:190} INFO - [2024-11-28T14:22:12.668+0000] {dag.py:3262} INFO - Creating ORM DAG for conditional_dataset_and_time_based_timetable
[2024-11-28T14:22:12.670+0000] {logging_mixin.py:190} INFO - [2024-11-28T14:22:12.670+0000] {dag.py:3262} INFO - Creating ORM DAG for dataset_consumes_unknown_never_scheduled
[2024-11-28T14:22:12.671+0000] {logging_mixin.py:190} INFO - [2024-11-28T14:22:12.671+0000] {dag.py:3262} INFO - Creating ORM DAG for consume_1_and_2_with_dataset_expressions
[2024-11-28T14:22:12.673+0000] {logging_mixin.py:190} INFO - [2024-11-28T14:22:12.672+0000] {dag.py:3262} INFO - Creating ORM DAG for dataset_consumes_1_and_2
[2024-11-28T14:22:12.673+0000] {logging_mixin.py:190} INFO - [2024-11-28T14:22:12.673+0000] {dag.py:3262} INFO - Creating ORM DAG for dataset_consumes_1
[2024-11-28T14:22:12.674+0000] {logging_mixin.py:190} INFO - [2024-11-28T14:22:12.674+0000] {dag.py:3262} INFO - Creating ORM DAG for dataset_produces_2
[2024-11-28T14:22:12.675+0000] {logging_mixin.py:190} INFO - [2024-11-28T14:22:12.675+0000] {dag.py:3262} INFO - Creating ORM DAG for consume_1_or_2_with_dataset_expressions
[2024-11-28T14:22:12.675+0000] {logging_mixin.py:190} INFO - [2024-11-28T14:22:12.675+0000] {dag.py:3262} INFO - Creating ORM DAG for consume_1_or_both_2_and_3_with_dataset_expressions
[2024-11-28T14:22:12.676+0000] {logging_mixin.py:190} INFO - [2024-11-28T14:22:12.676+0000] {dag.py:3262} INFO - Creating ORM DAG for dataset_produces_1
[2024-11-28T14:22:12.687+0000] {logging_mixin.py:190} INFO - [2024-11-28T14:22:12.687+0000] {dag.py:4180} INFO - Setting next_dagrun for conditional_dataset_and_time_based_timetable to 2024-11-27 01:00:00+00:00, run_after=2024-11-27 01:00:00+00:00
[2024-11-28T14:22:12.688+0000] {logging_mixin.py:190} INFO - [2024-11-28T14:22:12.688+0000] {dag.py:4180} INFO - Setting next_dagrun for consume_1_and_2_with_dataset_expressions to None, run_after=None
[2024-11-28T14:22:12.688+0000] {logging_mixin.py:190} INFO - [2024-11-28T14:22:12.688+0000] {dag.py:4180} INFO - Setting next_dagrun for consume_1_or_2_with_dataset_expressions to None, run_after=None
[2024-11-28T14:22:12.689+0000] {logging_mixin.py:190} INFO - [2024-11-28T14:22:12.689+0000] {dag.py:4180} INFO - Setting next_dagrun for consume_1_or_both_2_and_3_with_dataset_expressions to None, run_after=None
[2024-11-28T14:22:12.689+0000] {logging_mixin.py:190} INFO - [2024-11-28T14:22:12.689+0000] {dag.py:4180} INFO - Setting next_dagrun for dataset_consumes_1 to None, run_after=None
[2024-11-28T14:22:12.690+0000] {logging_mixin.py:190} INFO - [2024-11-28T14:22:12.690+0000] {dag.py:4180} INFO - Setting next_dagrun for dataset_consumes_1_and_2 to None, run_after=None
[2024-11-28T14:22:12.691+0000] {logging_mixin.py:190} INFO - [2024-11-28T14:22:12.690+0000] {dag.py:4180} INFO - Setting next_dagrun for dataset_consumes_1_never_scheduled to None, run_after=None
[2024-11-28T14:22:12.691+0000] {logging_mixin.py:190} INFO - [2024-11-28T14:22:12.691+0000] {dag.py:4180} INFO - Setting next_dagrun for dataset_consumes_unknown_never_scheduled to None, run_after=None
[2024-11-28T14:22:12.692+0000] {logging_mixin.py:190} INFO - [2024-11-28T14:22:12.692+0000] {dag.py:4180} INFO - Setting next_dagrun for dataset_produces_1 to 2024-11-27 00:00:00+00:00, run_after=2024-11-28 00:00:00+00:00
[2024-11-28T14:22:12.693+0000] {logging_mixin.py:190} INFO - [2024-11-28T14:22:12.693+0000] {dag.py:4180} INFO - Setting next_dagrun for dataset_produces_2 to None, run_after=None
[2024-11-28T14:22:12.752+0000] {processor.py:208} INFO - Processing /home/airflow/.local/lib/python3.12/site-packages/airflow/example_dags/example_datasets.py took 1.748 seconds
[2024-11-28T14:22:43.111+0000] {processor.py:186} INFO - Started process (PID=144) to work on /home/airflow/.local/lib/python3.12/site-packages/airflow/example_dags/example_datasets.py
[2024-11-28T14:22:43.112+0000] {processor.py:914} INFO - Processing file /home/airflow/.local/lib/python3.12/site-packages/airflow/example_dags/example_datasets.py for tasks to queue
[2024-11-28T14:22:43.114+0000] {logging_mixin.py:190} INFO - [2024-11-28T14:22:43.114+0000] {dagbag.py:588} INFO - Filling up the DagBag from /home/airflow/.local/lib/python3.12/site-packages/airflow/example_dags/example_datasets.py
[2024-11-28T14:22:43.693+0000] {processor.py:925} INFO - DAG(s) 'dataset_consumes_1_never_scheduled', 'consume_1_or_both_2_and_3_with_dataset_expressions', 'conditional_dataset_and_time_based_timetable', 'dataset_consumes_unknown_never_scheduled', 'dataset_produces_2', 'dataset_produces_1', 'dataset_consumes_1', 'consume_1_or_2_with_dataset_expressions', 'dataset_consumes_1_and_2', 'consume_1_and_2_with_dataset_expressions' retrieved from /home/airflow/.local/lib/python3.12/site-packages/airflow/example_dags/example_datasets.py
[2024-11-28T14:22:43.741+0000] {logging_mixin.py:190} INFO - [2024-11-28T14:22:43.741+0000] {dag.py:3239} INFO - Sync 10 DAGs
[2024-11-28T14:22:43.758+0000] {logging_mixin.py:190} INFO - [2024-11-28T14:22:43.758+0000] {dag.py:4180} INFO - Setting next_dagrun for conditional_dataset_and_time_based_timetable to 2024-11-27 01:00:00+00:00, run_after=2024-11-27 01:00:00+00:00
[2024-11-28T14:22:43.761+0000] {logging_mixin.py:190} INFO - [2024-11-28T14:22:43.761+0000] {dag.py:4180} INFO - Setting next_dagrun for consume_1_and_2_with_dataset_expressions to None, run_after=None
[2024-11-28T14:22:43.762+0000] {logging_mixin.py:190} INFO - [2024-11-28T14:22:43.762+0000] {dag.py:4180} INFO - Setting next_dagrun for consume_1_or_2_with_dataset_expressions to None, run_after=None
[2024-11-28T14:22:43.763+0000] {logging_mixin.py:190} INFO - [2024-11-28T14:22:43.763+0000] {dag.py:4180} INFO - Setting next_dagrun for consume_1_or_both_2_and_3_with_dataset_expressions to None, run_after=None
[2024-11-28T14:22:43.764+0000] {logging_mixin.py:190} INFO - [2024-11-28T14:22:43.764+0000] {dag.py:4180} INFO - Setting next_dagrun for dataset_consumes_1 to None, run_after=None
[2024-11-28T14:22:43.765+0000] {logging_mixin.py:190} INFO - [2024-11-28T14:22:43.765+0000] {dag.py:4180} INFO - Setting next_dagrun for dataset_consumes_1_and_2 to None, run_after=None
[2024-11-28T14:22:43.766+0000] {logging_mixin.py:190} INFO - [2024-11-28T14:22:43.765+0000] {dag.py:4180} INFO - Setting next_dagrun for dataset_consumes_1_never_scheduled to None, run_after=None
[2024-11-28T14:22:43.766+0000] {logging_mixin.py:190} INFO - [2024-11-28T14:22:43.766+0000] {dag.py:4180} INFO - Setting next_dagrun for dataset_consumes_unknown_never_scheduled to None, run_after=None
[2024-11-28T14:22:43.768+0000] {logging_mixin.py:190} INFO - [2024-11-28T14:22:43.768+0000] {dag.py:4180} INFO - Setting next_dagrun for dataset_produces_1 to 2024-11-27 00:00:00+00:00, run_after=2024-11-28 00:00:00+00:00
[2024-11-28T14:22:43.769+0000] {logging_mixin.py:190} INFO - [2024-11-28T14:22:43.769+0000] {dag.py:4180} INFO - Setting next_dagrun for dataset_produces_2 to None, run_after=None
[2024-11-28T14:22:43.790+0000] {processor.py:208} INFO - Processing /home/airflow/.local/lib/python3.12/site-packages/airflow/example_dags/example_datasets.py took 0.683 seconds
[2024-11-28T14:23:14.636+0000] {processor.py:186} INFO - Started process (PID=208) to work on /home/airflow/.local/lib/python3.12/site-packages/airflow/example_dags/example_datasets.py
[2024-11-28T14:23:14.638+0000] {processor.py:914} INFO - Processing file /home/airflow/.local/lib/python3.12/site-packages/airflow/example_dags/example_datasets.py for tasks to queue
[2024-11-28T14:23:14.641+0000] {logging_mixin.py:190} INFO - [2024-11-28T14:23:14.640+0000] {dagbag.py:588} INFO - Filling up the DagBag from /home/airflow/.local/lib/python3.12/site-packages/airflow/example_dags/example_datasets.py
[2024-11-28T14:23:15.351+0000] {processor.py:925} INFO - DAG(s) 'dataset_consumes_1_and_2', 'dataset_consumes_1_never_scheduled', 'dataset_produces_2', 'dataset_consumes_unknown_never_scheduled', 'consume_1_or_2_with_dataset_expressions', 'dataset_consumes_1', 'conditional_dataset_and_time_based_timetable', 'consume_1_or_both_2_and_3_with_dataset_expressions', 'dataset_produces_1', 'consume_1_and_2_with_dataset_expressions' retrieved from /home/airflow/.local/lib/python3.12/site-packages/airflow/example_dags/example_datasets.py
[2024-11-28T14:23:15.380+0000] {logging_mixin.py:190} INFO - [2024-11-28T14:23:15.380+0000] {dag.py:3239} INFO - Sync 10 DAGs
[2024-11-28T14:23:15.399+0000] {logging_mixin.py:190} INFO - [2024-11-28T14:23:15.399+0000] {dag.py:4180} INFO - Setting next_dagrun for conditional_dataset_and_time_based_timetable to 2024-11-27 01:00:00+00:00, run_after=2024-11-27 01:00:00+00:00
[2024-11-28T14:23:15.404+0000] {logging_mixin.py:190} INFO - [2024-11-28T14:23:15.404+0000] {dag.py:4180} INFO - Setting next_dagrun for consume_1_and_2_with_dataset_expressions to None, run_after=None
[2024-11-28T14:23:15.406+0000] {logging_mixin.py:190} INFO - [2024-11-28T14:23:15.406+0000] {dag.py:4180} INFO - Setting next_dagrun for consume_1_or_2_with_dataset_expressions to None, run_after=None
[2024-11-28T14:23:15.407+0000] {logging_mixin.py:190} INFO - [2024-11-28T14:23:15.407+0000] {dag.py:4180} INFO - Setting next_dagrun for consume_1_or_both_2_and_3_with_dataset_expressions to None, run_after=None
[2024-11-28T14:23:15.408+0000] {logging_mixin.py:190} INFO - [2024-11-28T14:23:15.408+0000] {dag.py:4180} INFO - Setting next_dagrun for dataset_consumes_1 to None, run_after=None
[2024-11-28T14:23:15.413+0000] {logging_mixin.py:190} INFO - [2024-11-28T14:23:15.413+0000] {dag.py:4180} INFO - Setting next_dagrun for dataset_consumes_1_and_2 to None, run_after=None
[2024-11-28T14:23:15.415+0000] {logging_mixin.py:190} INFO - [2024-11-28T14:23:15.414+0000] {dag.py:4180} INFO - Setting next_dagrun for dataset_consumes_1_never_scheduled to None, run_after=None
[2024-11-28T14:23:15.416+0000] {logging_mixin.py:190} INFO - [2024-11-28T14:23:15.415+0000] {dag.py:4180} INFO - Setting next_dagrun for dataset_consumes_unknown_never_scheduled to None, run_after=None
[2024-11-28T14:23:15.418+0000] {logging_mixin.py:190} INFO - [2024-11-28T14:23:15.418+0000] {dag.py:4180} INFO - Setting next_dagrun for dataset_produces_1 to 2024-11-27 00:00:00+00:00, run_after=2024-11-28 00:00:00+00:00
[2024-11-28T14:23:15.420+0000] {logging_mixin.py:190} INFO - [2024-11-28T14:23:15.420+0000] {dag.py:4180} INFO - Setting next_dagrun for dataset_produces_2 to None, run_after=None
[2024-11-28T14:23:15.441+0000] {processor.py:208} INFO - Processing /home/airflow/.local/lib/python3.12/site-packages/airflow/example_dags/example_datasets.py took 0.813 seconds
[2024-11-28T14:23:45.520+0000] {processor.py:186} INFO - Started process (PID=271) to work on /home/airflow/.local/lib/python3.12/site-packages/airflow/example_dags/example_datasets.py
[2024-11-28T14:23:45.522+0000] {processor.py:914} INFO - Processing file /home/airflow/.local/lib/python3.12/site-packages/airflow/example_dags/example_datasets.py for tasks to queue
[2024-11-28T14:23:45.525+0000] {logging_mixin.py:190} INFO - [2024-11-28T14:23:45.525+0000] {dagbag.py:588} INFO - Filling up the DagBag from /home/airflow/.local/lib/python3.12/site-packages/airflow/example_dags/example_datasets.py
[2024-11-28T14:23:46.273+0000] {processor.py:925} INFO - DAG(s) 'dataset_produces_2', 'consume_1_or_2_with_dataset_expressions', 'dataset_produces_1', 'dataset_consumes_1', 'consume_1_or_both_2_and_3_with_dataset_expressions', 'conditional_dataset_and_time_based_timetable', 'dataset_consumes_unknown_never_scheduled', 'consume_1_and_2_with_dataset_expressions', 'dataset_consumes_1_and_2', 'dataset_consumes_1_never_scheduled' retrieved from /home/airflow/.local/lib/python3.12/site-packages/airflow/example_dags/example_datasets.py
[2024-11-28T14:23:46.314+0000] {logging_mixin.py:190} INFO - [2024-11-28T14:23:46.314+0000] {dag.py:3239} INFO - Sync 10 DAGs
[2024-11-28T14:23:46.405+0000] {logging_mixin.py:190} INFO - [2024-11-28T14:23:46.398+0000] {dag.py:4180} INFO - Setting next_dagrun for conditional_dataset_and_time_based_timetable to 2024-11-27 01:00:00+00:00, run_after=2024-11-27 01:00:00+00:00
[2024-11-28T14:23:46.437+0000] {logging_mixin.py:190} INFO - [2024-11-28T14:23:46.435+0000] {dag.py:4180} INFO - Setting next_dagrun for consume_1_and_2_with_dataset_expressions to None, run_after=None
[2024-11-28T14:23:46.448+0000] {logging_mixin.py:190} INFO - [2024-11-28T14:23:46.448+0000] {dag.py:4180} INFO - Setting next_dagrun for consume_1_or_2_with_dataset_expressions to None, run_after=None
[2024-11-28T14:23:46.457+0000] {logging_mixin.py:190} INFO - [2024-11-28T14:23:46.453+0000] {dag.py:4180} INFO - Setting next_dagrun for consume_1_or_both_2_and_3_with_dataset_expressions to None, run_after=None
[2024-11-28T14:23:46.470+0000] {logging_mixin.py:190} INFO - [2024-11-28T14:23:46.469+0000] {dag.py:4180} INFO - Setting next_dagrun for dataset_consumes_1 to None, run_after=None
[2024-11-28T14:23:46.478+0000] {logging_mixin.py:190} INFO - [2024-11-28T14:23:46.477+0000] {dag.py:4180} INFO - Setting next_dagrun for dataset_consumes_1_and_2 to None, run_after=None
[2024-11-28T14:23:46.488+0000] {logging_mixin.py:190} INFO - [2024-11-28T14:23:46.487+0000] {dag.py:4180} INFO - Setting next_dagrun for dataset_consumes_1_never_scheduled to None, run_after=None
[2024-11-28T14:23:46.498+0000] {logging_mixin.py:190} INFO - [2024-11-28T14:23:46.497+0000] {dag.py:4180} INFO - Setting next_dagrun for dataset_consumes_unknown_never_scheduled to None, run_after=None
[2024-11-28T14:23:46.510+0000] {logging_mixin.py:190} INFO - [2024-11-28T14:23:46.510+0000] {dag.py:4180} INFO - Setting next_dagrun for dataset_produces_1 to 2024-11-27 00:00:00+00:00, run_after=2024-11-28 00:00:00+00:00
[2024-11-28T14:23:46.515+0000] {logging_mixin.py:190} INFO - [2024-11-28T14:23:46.515+0000] {dag.py:4180} INFO - Setting next_dagrun for dataset_produces_2 to None, run_after=None
[2024-11-28T14:23:46.616+0000] {processor.py:208} INFO - Processing /home/airflow/.local/lib/python3.12/site-packages/airflow/example_dags/example_datasets.py took 1.103 seconds
[2024-11-28T14:24:17.389+0000] {processor.py:186} INFO - Started process (PID=334) to work on /home/airflow/.local/lib/python3.12/site-packages/airflow/example_dags/example_datasets.py
[2024-11-28T14:24:17.394+0000] {processor.py:914} INFO - Processing file /home/airflow/.local/lib/python3.12/site-packages/airflow/example_dags/example_datasets.py for tasks to queue
[2024-11-28T14:24:17.410+0000] {logging_mixin.py:190} INFO - [2024-11-28T14:24:17.408+0000] {dagbag.py:588} INFO - Filling up the DagBag from /home/airflow/.local/lib/python3.12/site-packages/airflow/example_dags/example_datasets.py
[2024-11-28T14:24:18.934+0000] {processor.py:925} INFO - DAG(s) 'conditional_dataset_and_time_based_timetable', 'dataset_consumes_1_and_2', 'consume_1_or_2_with_dataset_expressions', 'dataset_produces_1', 'consume_1_or_both_2_and_3_with_dataset_expressions', 'dataset_consumes_1_never_scheduled', 'consume_1_and_2_with_dataset_expressions', 'dataset_consumes_unknown_never_scheduled', 'dataset_consumes_1', 'dataset_produces_2' retrieved from /home/airflow/.local/lib/python3.12/site-packages/airflow/example_dags/example_datasets.py
[2024-11-28T14:24:19.048+0000] {logging_mixin.py:190} INFO - [2024-11-28T14:24:19.048+0000] {dag.py:3239} INFO - Sync 10 DAGs
[2024-11-28T14:24:19.085+0000] {logging_mixin.py:190} INFO - [2024-11-28T14:24:19.085+0000] {dag.py:4180} INFO - Setting next_dagrun for conditional_dataset_and_time_based_timetable to 2024-11-27 01:00:00+00:00, run_after=2024-11-27 01:00:00+00:00
[2024-11-28T14:24:19.090+0000] {logging_mixin.py:190} INFO - [2024-11-28T14:24:19.090+0000] {dag.py:4180} INFO - Setting next_dagrun for consume_1_and_2_with_dataset_expressions to None, run_after=None
[2024-11-28T14:24:19.092+0000] {logging_mixin.py:190} INFO - [2024-11-28T14:24:19.091+0000] {dag.py:4180} INFO - Setting next_dagrun for consume_1_or_2_with_dataset_expressions to None, run_after=None
[2024-11-28T14:24:19.093+0000] {logging_mixin.py:190} INFO - [2024-11-28T14:24:19.093+0000] {dag.py:4180} INFO - Setting next_dagrun for consume_1_or_both_2_and_3_with_dataset_expressions to None, run_after=None
[2024-11-28T14:24:19.095+0000] {logging_mixin.py:190} INFO - [2024-11-28T14:24:19.095+0000] {dag.py:4180} INFO - Setting next_dagrun for dataset_consumes_1 to None, run_after=None
[2024-11-28T14:24:19.096+0000] {logging_mixin.py:190} INFO - [2024-11-28T14:24:19.096+0000] {dag.py:4180} INFO - Setting next_dagrun for dataset_consumes_1_and_2 to None, run_after=None
[2024-11-28T14:24:19.100+0000] {logging_mixin.py:190} INFO - [2024-11-28T14:24:19.099+0000] {dag.py:4180} INFO - Setting next_dagrun for dataset_consumes_1_never_scheduled to None, run_after=None
[2024-11-28T14:24:19.101+0000] {logging_mixin.py:190} INFO - [2024-11-28T14:24:19.101+0000] {dag.py:4180} INFO - Setting next_dagrun for dataset_consumes_unknown_never_scheduled to None, run_after=None
[2024-11-28T14:24:19.103+0000] {logging_mixin.py:190} INFO - [2024-11-28T14:24:19.103+0000] {dag.py:4180} INFO - Setting next_dagrun for dataset_produces_1 to 2024-11-27 00:00:00+00:00, run_after=2024-11-28 00:00:00+00:00
[2024-11-28T14:24:19.104+0000] {logging_mixin.py:190} INFO - [2024-11-28T14:24:19.104+0000] {dag.py:4180} INFO - Setting next_dagrun for dataset_produces_2 to None, run_after=None
[2024-11-28T14:24:19.153+0000] {processor.py:208} INFO - Processing /home/airflow/.local/lib/python3.12/site-packages/airflow/example_dags/example_datasets.py took 1.820 seconds
[2024-11-28T14:24:49.497+0000] {processor.py:186} INFO - Started process (PID=397) to work on /home/airflow/.local/lib/python3.12/site-packages/airflow/example_dags/example_datasets.py
[2024-11-28T14:24:49.498+0000] {processor.py:914} INFO - Processing file /home/airflow/.local/lib/python3.12/site-packages/airflow/example_dags/example_datasets.py for tasks to queue
[2024-11-28T14:24:49.502+0000] {logging_mixin.py:190} INFO - [2024-11-28T14:24:49.501+0000] {dagbag.py:588} INFO - Filling up the DagBag from /home/airflow/.local/lib/python3.12/site-packages/airflow/example_dags/example_datasets.py
[2024-11-28T14:24:50.877+0000] {processor.py:925} INFO - DAG(s) 'consume_1_or_2_with_dataset_expressions', 'dataset_consumes_unknown_never_scheduled', 'dataset_consumes_1_and_2', 'dataset_consumes_1', 'conditional_dataset_and_time_based_timetable', 'dataset_produces_2', 'consume_1_and_2_with_dataset_expressions', 'dataset_produces_1', 'dataset_consumes_1_never_scheduled', 'consume_1_or_both_2_and_3_with_dataset_expressions' retrieved from /home/airflow/.local/lib/python3.12/site-packages/airflow/example_dags/example_datasets.py
[2024-11-28T14:24:50.934+0000] {logging_mixin.py:190} INFO - [2024-11-28T14:24:50.934+0000] {dag.py:3239} INFO - Sync 10 DAGs
[2024-11-28T14:24:50.966+0000] {logging_mixin.py:190} INFO - [2024-11-28T14:24:50.966+0000] {dag.py:4180} INFO - Setting next_dagrun for conditional_dataset_and_time_based_timetable to 2024-11-27 01:00:00+00:00, run_after=2024-11-27 01:00:00+00:00
[2024-11-28T14:24:50.972+0000] {logging_mixin.py:190} INFO - [2024-11-28T14:24:50.972+0000] {dag.py:4180} INFO - Setting next_dagrun for consume_1_and_2_with_dataset_expressions to None, run_after=None
[2024-11-28T14:24:50.975+0000] {logging_mixin.py:190} INFO - [2024-11-28T14:24:50.974+0000] {dag.py:4180} INFO - Setting next_dagrun for consume_1_or_2_with_dataset_expressions to None, run_after=None
[2024-11-28T14:24:50.977+0000] {logging_mixin.py:190} INFO - [2024-11-28T14:24:50.977+0000] {dag.py:4180} INFO - Setting next_dagrun for consume_1_or_both_2_and_3_with_dataset_expressions to None, run_after=None
[2024-11-28T14:24:50.979+0000] {logging_mixin.py:190} INFO - [2024-11-28T14:24:50.979+0000] {dag.py:4180} INFO - Setting next_dagrun for dataset_consumes_1 to None, run_after=None
[2024-11-28T14:24:50.981+0000] {logging_mixin.py:190} INFO - [2024-11-28T14:24:50.981+0000] {dag.py:4180} INFO - Setting next_dagrun for dataset_consumes_1_and_2 to None, run_after=None
[2024-11-28T14:24:50.982+0000] {logging_mixin.py:190} INFO - [2024-11-28T14:24:50.982+0000] {dag.py:4180} INFO - Setting next_dagrun for dataset_consumes_1_never_scheduled to None, run_after=None
[2024-11-28T14:24:50.984+0000] {logging_mixin.py:190} INFO - [2024-11-28T14:24:50.983+0000] {dag.py:4180} INFO - Setting next_dagrun for dataset_consumes_unknown_never_scheduled to None, run_after=None
[2024-11-28T14:24:50.986+0000] {logging_mixin.py:190} INFO - [2024-11-28T14:24:50.986+0000] {dag.py:4180} INFO - Setting next_dagrun for dataset_produces_1 to 2024-11-27 00:00:00+00:00, run_after=2024-11-28 00:00:00+00:00
[2024-11-28T14:24:50.988+0000] {logging_mixin.py:190} INFO - [2024-11-28T14:24:50.988+0000] {dag.py:4180} INFO - Setting next_dagrun for dataset_produces_2 to None, run_after=None
[2024-11-28T14:24:51.060+0000] {processor.py:208} INFO - Processing /home/airflow/.local/lib/python3.12/site-packages/airflow/example_dags/example_datasets.py took 1.577 seconds
