[2024-11-28T14:22:16.754+0000] {processor.py:186} INFO - Started process (PID=114) to work on /home/airflow/.local/lib/python3.12/site-packages/airflow/example_dags/example_short_circuit_operator.py
[2024-11-28T14:22:16.755+0000] {processor.py:914} INFO - Processing file /home/airflow/.local/lib/python3.12/site-packages/airflow/example_dags/example_short_circuit_operator.py for tasks to queue
[2024-11-28T14:22:16.757+0000] {logging_mixin.py:190} INFO - [2024-11-28T14:22:16.757+0000] {dagbag.py:588} INFO - Filling up the DagBag from /home/airflow/.local/lib/python3.12/site-packages/airflow/example_dags/example_short_circuit_operator.py
[2024-11-28T14:22:16.766+0000] {processor.py:925} INFO - DAG(s) 'example_short_circuit_operator' retrieved from /home/airflow/.local/lib/python3.12/site-packages/airflow/example_dags/example_short_circuit_operator.py
[2024-11-28T14:22:16.857+0000] {logging_mixin.py:190} INFO - [2024-11-28T14:22:16.856+0000] {override.py:1911} INFO - Created Permission View: can delete on DAG:example_short_circuit_operator
[2024-11-28T14:22:16.864+0000] {logging_mixin.py:190} INFO - [2024-11-28T14:22:16.864+0000] {override.py:1911} INFO - Created Permission View: can read on DAG:example_short_circuit_operator
[2024-11-28T14:22:16.870+0000] {logging_mixin.py:190} INFO - [2024-11-28T14:22:16.870+0000] {override.py:1911} INFO - Created Permission View: can edit on DAG:example_short_circuit_operator
[2024-11-28T14:22:16.875+0000] {logging_mixin.py:190} INFO - [2024-11-28T14:22:16.874+0000] {override.py:1911} INFO - Created Permission View: can delete on DAG Run:example_short_circuit_operator
[2024-11-28T14:22:16.879+0000] {logging_mixin.py:190} INFO - [2024-11-28T14:22:16.879+0000] {override.py:1911} INFO - Created Permission View: can read on DAG Run:example_short_circuit_operator
[2024-11-28T14:22:16.883+0000] {logging_mixin.py:190} INFO - [2024-11-28T14:22:16.883+0000] {override.py:1911} INFO - Created Permission View: can create on DAG Run:example_short_circuit_operator
[2024-11-28T14:22:16.887+0000] {logging_mixin.py:190} INFO - [2024-11-28T14:22:16.887+0000] {override.py:1911} INFO - Created Permission View: menu access on DAG Run:example_short_circuit_operator
[2024-11-28T14:22:16.887+0000] {logging_mixin.py:190} INFO - [2024-11-28T14:22:16.887+0000] {dag.py:3239} INFO - Sync 1 DAGs
[2024-11-28T14:22:16.897+0000] {logging_mixin.py:190} INFO - [2024-11-28T14:22:16.897+0000] {dag.py:3262} INFO - Creating ORM DAG for example_short_circuit_operator
[2024-11-28T14:22:16.898+0000] {logging_mixin.py:190} INFO - [2024-11-28T14:22:16.898+0000] {dag.py:4180} INFO - Setting next_dagrun for example_short_circuit_operator to None, run_after=None
[2024-11-28T14:22:16.909+0000] {processor.py:208} INFO - Processing /home/airflow/.local/lib/python3.12/site-packages/airflow/example_dags/example_short_circuit_operator.py took 0.161 seconds
[2024-11-28T14:22:46.933+0000] {processor.py:186} INFO - Started process (PID=176) to work on /home/airflow/.local/lib/python3.12/site-packages/airflow/example_dags/example_short_circuit_operator.py
[2024-11-28T14:22:46.934+0000] {processor.py:914} INFO - Processing file /home/airflow/.local/lib/python3.12/site-packages/airflow/example_dags/example_short_circuit_operator.py for tasks to queue
[2024-11-28T14:22:46.936+0000] {logging_mixin.py:190} INFO - [2024-11-28T14:22:46.936+0000] {dagbag.py:588} INFO - Filling up the DagBag from /home/airflow/.local/lib/python3.12/site-packages/airflow/example_dags/example_short_circuit_operator.py
[2024-11-28T14:22:46.944+0000] {processor.py:925} INFO - DAG(s) 'example_short_circuit_operator' retrieved from /home/airflow/.local/lib/python3.12/site-packages/airflow/example_dags/example_short_circuit_operator.py
[2024-11-28T14:22:46.968+0000] {logging_mixin.py:190} INFO - [2024-11-28T14:22:46.967+0000] {dag.py:3239} INFO - Sync 1 DAGs
[2024-11-28T14:22:46.987+0000] {logging_mixin.py:190} INFO - [2024-11-28T14:22:46.987+0000] {dag.py:4180} INFO - Setting next_dagrun for example_short_circuit_operator to None, run_after=None
[2024-11-28T14:22:47.005+0000] {processor.py:208} INFO - Processing /home/airflow/.local/lib/python3.12/site-packages/airflow/example_dags/example_short_circuit_operator.py took 0.077 seconds
[2024-11-28T14:23:18.410+0000] {processor.py:186} INFO - Started process (PID=239) to work on /home/airflow/.local/lib/python3.12/site-packages/airflow/example_dags/example_short_circuit_operator.py
[2024-11-28T14:23:18.411+0000] {processor.py:914} INFO - Processing file /home/airflow/.local/lib/python3.12/site-packages/airflow/example_dags/example_short_circuit_operator.py for tasks to queue
[2024-11-28T14:23:18.415+0000] {logging_mixin.py:190} INFO - [2024-11-28T14:23:18.414+0000] {dagbag.py:588} INFO - Filling up the DagBag from /home/airflow/.local/lib/python3.12/site-packages/airflow/example_dags/example_short_circuit_operator.py
[2024-11-28T14:23:18.430+0000] {processor.py:925} INFO - DAG(s) 'example_short_circuit_operator' retrieved from /home/airflow/.local/lib/python3.12/site-packages/airflow/example_dags/example_short_circuit_operator.py
[2024-11-28T14:23:18.461+0000] {logging_mixin.py:190} INFO - [2024-11-28T14:23:18.461+0000] {dag.py:3239} INFO - Sync 1 DAGs
[2024-11-28T14:23:18.479+0000] {logging_mixin.py:190} INFO - [2024-11-28T14:23:18.479+0000] {dag.py:4180} INFO - Setting next_dagrun for example_short_circuit_operator to None, run_after=None
[2024-11-28T14:23:18.502+0000] {processor.py:208} INFO - Processing /home/airflow/.local/lib/python3.12/site-packages/airflow/example_dags/example_short_circuit_operator.py took 0.102 seconds
[2024-11-28T14:23:48.977+0000] {processor.py:186} INFO - Started process (PID=302) to work on /home/airflow/.local/lib/python3.12/site-packages/airflow/example_dags/example_short_circuit_operator.py
[2024-11-28T14:23:48.979+0000] {processor.py:914} INFO - Processing file /home/airflow/.local/lib/python3.12/site-packages/airflow/example_dags/example_short_circuit_operator.py for tasks to queue
[2024-11-28T14:23:48.980+0000] {logging_mixin.py:190} INFO - [2024-11-28T14:23:48.980+0000] {dagbag.py:588} INFO - Filling up the DagBag from /home/airflow/.local/lib/python3.12/site-packages/airflow/example_dags/example_short_circuit_operator.py
[2024-11-28T14:23:48.987+0000] {processor.py:925} INFO - DAG(s) 'example_short_circuit_operator' retrieved from /home/airflow/.local/lib/python3.12/site-packages/airflow/example_dags/example_short_circuit_operator.py
[2024-11-28T14:23:49.014+0000] {logging_mixin.py:190} INFO - [2024-11-28T14:23:49.014+0000] {dag.py:3239} INFO - Sync 1 DAGs
[2024-11-28T14:23:49.025+0000] {logging_mixin.py:190} INFO - [2024-11-28T14:23:49.024+0000] {dag.py:4180} INFO - Setting next_dagrun for example_short_circuit_operator to None, run_after=None
[2024-11-28T14:23:49.038+0000] {processor.py:208} INFO - Processing /home/airflow/.local/lib/python3.12/site-packages/airflow/example_dags/example_short_circuit_operator.py took 0.066 seconds
[2024-11-28T14:24:23.537+0000] {processor.py:186} INFO - Started process (PID=371) to work on /home/airflow/.local/lib/python3.12/site-packages/airflow/example_dags/example_short_circuit_operator.py
[2024-11-28T14:24:23.539+0000] {processor.py:914} INFO - Processing file /home/airflow/.local/lib/python3.12/site-packages/airflow/example_dags/example_short_circuit_operator.py for tasks to queue
[2024-11-28T14:24:23.545+0000] {logging_mixin.py:190} INFO - [2024-11-28T14:24:23.545+0000] {dagbag.py:588} INFO - Filling up the DagBag from /home/airflow/.local/lib/python3.12/site-packages/airflow/example_dags/example_short_circuit_operator.py
[2024-11-28T14:24:23.571+0000] {processor.py:925} INFO - DAG(s) 'example_short_circuit_operator' retrieved from /home/airflow/.local/lib/python3.12/site-packages/airflow/example_dags/example_short_circuit_operator.py
[2024-11-28T14:24:23.628+0000] {logging_mixin.py:190} INFO - [2024-11-28T14:24:23.627+0000] {dag.py:3239} INFO - Sync 1 DAGs
[2024-11-28T14:24:23.660+0000] {logging_mixin.py:190} INFO - [2024-11-28T14:24:23.659+0000] {dag.py:4180} INFO - Setting next_dagrun for example_short_circuit_operator to None, run_after=None
[2024-11-28T14:24:23.701+0000] {processor.py:208} INFO - Processing /home/airflow/.local/lib/python3.12/site-packages/airflow/example_dags/example_short_circuit_operator.py took 0.202 seconds
[2024-11-28T14:24:54.103+0000] {processor.py:186} INFO - Started process (PID=434) to work on /home/airflow/.local/lib/python3.12/site-packages/airflow/example_dags/example_short_circuit_operator.py
[2024-11-28T14:24:54.105+0000] {processor.py:914} INFO - Processing file /home/airflow/.local/lib/python3.12/site-packages/airflow/example_dags/example_short_circuit_operator.py for tasks to queue
[2024-11-28T14:24:54.110+0000] {logging_mixin.py:190} INFO - [2024-11-28T14:24:54.109+0000] {dagbag.py:588} INFO - Filling up the DagBag from /home/airflow/.local/lib/python3.12/site-packages/airflow/example_dags/example_short_circuit_operator.py
[2024-11-28T14:24:54.138+0000] {processor.py:925} INFO - DAG(s) 'example_short_circuit_operator' retrieved from /home/airflow/.local/lib/python3.12/site-packages/airflow/example_dags/example_short_circuit_operator.py
[2024-11-28T14:24:54.179+0000] {logging_mixin.py:190} INFO - [2024-11-28T14:24:54.179+0000] {dag.py:3239} INFO - Sync 1 DAGs
[2024-11-28T14:24:54.205+0000] {logging_mixin.py:190} INFO - [2024-11-28T14:24:54.205+0000] {dag.py:4180} INFO - Setting next_dagrun for example_short_circuit_operator to None, run_after=None
[2024-11-28T14:24:54.230+0000] {processor.py:208} INFO - Processing /home/airflow/.local/lib/python3.12/site-packages/airflow/example_dags/example_short_circuit_operator.py took 0.156 seconds
