[2024-11-28T14:22:13.165+0000] {processor.py:186} INFO - Started process (PID=85) to work on /home/airflow/.local/lib/python3.12/site-packages/airflow/example_dags/example_params_ui_tutorial.py
[2024-11-28T14:22:13.168+0000] {processor.py:914} INFO - Processing file /home/airflow/.local/lib/python3.12/site-packages/airflow/example_dags/example_params_ui_tutorial.py for tasks to queue
[2024-11-28T14:22:13.171+0000] {logging_mixin.py:190} INFO - [2024-11-28T14:22:13.170+0000] {dagbag.py:588} INFO - Filling up the DagBag from /home/airflow/.local/lib/python3.12/site-packages/airflow/example_dags/example_params_ui_tutorial.py
[2024-11-28T14:22:13.187+0000] {processor.py:925} INFO - DAG(s) 'example_params_ui_tutorial' retrieved from /home/airflow/.local/lib/python3.12/site-packages/airflow/example_dags/example_params_ui_tutorial.py
[2024-11-28T14:22:13.347+0000] {logging_mixin.py:190} INFO - [2024-11-28T14:22:13.346+0000] {override.py:1911} INFO - Created Permission View: can delete on DAG:example_params_ui_tutorial
[2024-11-28T14:22:13.357+0000] {logging_mixin.py:190} INFO - [2024-11-28T14:22:13.357+0000] {override.py:1911} INFO - Created Permission View: can read on DAG:example_params_ui_tutorial
[2024-11-28T14:22:13.363+0000] {logging_mixin.py:190} INFO - [2024-11-28T14:22:13.362+0000] {override.py:1911} INFO - Created Permission View: can edit on DAG:example_params_ui_tutorial
[2024-11-28T14:22:13.370+0000] {logging_mixin.py:190} INFO - [2024-11-28T14:22:13.370+0000] {override.py:1911} INFO - Created Permission View: can delete on DAG Run:example_params_ui_tutorial
[2024-11-28T14:22:13.377+0000] {logging_mixin.py:190} INFO - [2024-11-28T14:22:13.376+0000] {override.py:1911} INFO - Created Permission View: can read on DAG Run:example_params_ui_tutorial
[2024-11-28T14:22:13.383+0000] {logging_mixin.py:190} INFO - [2024-11-28T14:22:13.383+0000] {override.py:1911} INFO - Created Permission View: can create on DAG Run:example_params_ui_tutorial
[2024-11-28T14:22:13.390+0000] {logging_mixin.py:190} INFO - [2024-11-28T14:22:13.390+0000] {override.py:1911} INFO - Created Permission View: menu access on DAG Run:example_params_ui_tutorial
[2024-11-28T14:22:13.391+0000] {logging_mixin.py:190} INFO - [2024-11-28T14:22:13.391+0000] {dag.py:3239} INFO - Sync 1 DAGs
[2024-11-28T14:22:13.411+0000] {logging_mixin.py:190} INFO - [2024-11-28T14:22:13.411+0000] {dag.py:3262} INFO - Creating ORM DAG for example_params_ui_tutorial
[2024-11-28T14:22:13.412+0000] {logging_mixin.py:190} INFO - [2024-11-28T14:22:13.412+0000] {dag.py:4180} INFO - Setting next_dagrun for example_params_ui_tutorial to None, run_after=None
[2024-11-28T14:22:13.435+0000] {processor.py:208} INFO - Processing /home/airflow/.local/lib/python3.12/site-packages/airflow/example_dags/example_params_ui_tutorial.py took 0.283 seconds
[2024-11-28T14:22:43.818+0000] {processor.py:186} INFO - Started process (PID=147) to work on /home/airflow/.local/lib/python3.12/site-packages/airflow/example_dags/example_params_ui_tutorial.py
[2024-11-28T14:22:43.822+0000] {processor.py:914} INFO - Processing file /home/airflow/.local/lib/python3.12/site-packages/airflow/example_dags/example_params_ui_tutorial.py for tasks to queue
[2024-11-28T14:22:43.823+0000] {logging_mixin.py:190} INFO - [2024-11-28T14:22:43.823+0000] {dagbag.py:588} INFO - Filling up the DagBag from /home/airflow/.local/lib/python3.12/site-packages/airflow/example_dags/example_params_ui_tutorial.py
[2024-11-28T14:22:43.830+0000] {processor.py:925} INFO - DAG(s) 'example_params_ui_tutorial' retrieved from /home/airflow/.local/lib/python3.12/site-packages/airflow/example_dags/example_params_ui_tutorial.py
[2024-11-28T14:22:43.863+0000] {logging_mixin.py:190} INFO - [2024-11-28T14:22:43.863+0000] {dag.py:3239} INFO - Sync 1 DAGs
[2024-11-28T14:22:43.873+0000] {logging_mixin.py:190} INFO - [2024-11-28T14:22:43.873+0000] {dag.py:4180} INFO - Setting next_dagrun for example_params_ui_tutorial to None, run_after=None
[2024-11-28T14:22:43.885+0000] {processor.py:208} INFO - Processing /home/airflow/.local/lib/python3.12/site-packages/airflow/example_dags/example_params_ui_tutorial.py took 0.072 seconds
[2024-11-28T14:23:15.258+0000] {processor.py:186} INFO - Started process (PID=210) to work on /home/airflow/.local/lib/python3.12/site-packages/airflow/example_dags/example_params_ui_tutorial.py
[2024-11-28T14:23:15.259+0000] {processor.py:914} INFO - Processing file /home/airflow/.local/lib/python3.12/site-packages/airflow/example_dags/example_params_ui_tutorial.py for tasks to queue
[2024-11-28T14:23:15.261+0000] {logging_mixin.py:190} INFO - [2024-11-28T14:23:15.260+0000] {dagbag.py:588} INFO - Filling up the DagBag from /home/airflow/.local/lib/python3.12/site-packages/airflow/example_dags/example_params_ui_tutorial.py
[2024-11-28T14:23:15.269+0000] {processor.py:925} INFO - DAG(s) 'example_params_ui_tutorial' retrieved from /home/airflow/.local/lib/python3.12/site-packages/airflow/example_dags/example_params_ui_tutorial.py
[2024-11-28T14:23:15.303+0000] {logging_mixin.py:190} INFO - [2024-11-28T14:23:15.303+0000] {dag.py:3239} INFO - Sync 1 DAGs
[2024-11-28T14:23:15.315+0000] {logging_mixin.py:190} INFO - [2024-11-28T14:23:15.315+0000] {dag.py:4180} INFO - Setting next_dagrun for example_params_ui_tutorial to None, run_after=None
[2024-11-28T14:23:15.330+0000] {processor.py:208} INFO - Processing /home/airflow/.local/lib/python3.12/site-packages/airflow/example_dags/example_params_ui_tutorial.py took 0.090 seconds
[2024-11-28T14:23:46.549+0000] {processor.py:186} INFO - Started process (PID=273) to work on /home/airflow/.local/lib/python3.12/site-packages/airflow/example_dags/example_params_ui_tutorial.py
[2024-11-28T14:23:46.553+0000] {processor.py:914} INFO - Processing file /home/airflow/.local/lib/python3.12/site-packages/airflow/example_dags/example_params_ui_tutorial.py for tasks to queue
[2024-11-28T14:23:46.560+0000] {logging_mixin.py:190} INFO - [2024-11-28T14:23:46.559+0000] {dagbag.py:588} INFO - Filling up the DagBag from /home/airflow/.local/lib/python3.12/site-packages/airflow/example_dags/example_params_ui_tutorial.py
[2024-11-28T14:23:46.578+0000] {processor.py:925} INFO - DAG(s) 'example_params_ui_tutorial' retrieved from /home/airflow/.local/lib/python3.12/site-packages/airflow/example_dags/example_params_ui_tutorial.py
[2024-11-28T14:23:46.716+0000] {logging_mixin.py:190} INFO - [2024-11-28T14:23:46.715+0000] {dag.py:3239} INFO - Sync 1 DAGs
[2024-11-28T14:23:46.746+0000] {logging_mixin.py:190} INFO - [2024-11-28T14:23:46.746+0000] {dag.py:4180} INFO - Setting next_dagrun for example_params_ui_tutorial to None, run_after=None
[2024-11-28T14:23:46.781+0000] {processor.py:208} INFO - Processing /home/airflow/.local/lib/python3.12/site-packages/airflow/example_dags/example_params_ui_tutorial.py took 0.258 seconds
[2024-11-28T14:24:19.160+0000] {processor.py:186} INFO - Started process (PID=336) to work on /home/airflow/.local/lib/python3.12/site-packages/airflow/example_dags/example_params_ui_tutorial.py
[2024-11-28T14:24:19.166+0000] {processor.py:914} INFO - Processing file /home/airflow/.local/lib/python3.12/site-packages/airflow/example_dags/example_params_ui_tutorial.py for tasks to queue
[2024-11-28T14:24:19.170+0000] {logging_mixin.py:190} INFO - [2024-11-28T14:24:19.170+0000] {dagbag.py:588} INFO - Filling up the DagBag from /home/airflow/.local/lib/python3.12/site-packages/airflow/example_dags/example_params_ui_tutorial.py
[2024-11-28T14:24:19.206+0000] {processor.py:925} INFO - DAG(s) 'example_params_ui_tutorial' retrieved from /home/airflow/.local/lib/python3.12/site-packages/airflow/example_dags/example_params_ui_tutorial.py
[2024-11-28T14:24:19.256+0000] {logging_mixin.py:190} INFO - [2024-11-28T14:24:19.255+0000] {dag.py:3239} INFO - Sync 1 DAGs
[2024-11-28T14:24:19.282+0000] {logging_mixin.py:190} INFO - [2024-11-28T14:24:19.281+0000] {dag.py:4180} INFO - Setting next_dagrun for example_params_ui_tutorial to None, run_after=None
[2024-11-28T14:24:19.322+0000] {processor.py:208} INFO - Processing /home/airflow/.local/lib/python3.12/site-packages/airflow/example_dags/example_params_ui_tutorial.py took 0.171 seconds
[2024-11-28T14:24:51.034+0000] {processor.py:186} INFO - Started process (PID=399) to work on /home/airflow/.local/lib/python3.12/site-packages/airflow/example_dags/example_params_ui_tutorial.py
[2024-11-28T14:24:51.035+0000] {processor.py:914} INFO - Processing file /home/airflow/.local/lib/python3.12/site-packages/airflow/example_dags/example_params_ui_tutorial.py for tasks to queue
[2024-11-28T14:24:51.042+0000] {logging_mixin.py:190} INFO - [2024-11-28T14:24:51.041+0000] {dagbag.py:588} INFO - Filling up the DagBag from /home/airflow/.local/lib/python3.12/site-packages/airflow/example_dags/example_params_ui_tutorial.py
[2024-11-28T14:24:51.060+0000] {processor.py:925} INFO - DAG(s) 'example_params_ui_tutorial' retrieved from /home/airflow/.local/lib/python3.12/site-packages/airflow/example_dags/example_params_ui_tutorial.py
[2024-11-28T14:24:51.118+0000] {logging_mixin.py:190} INFO - [2024-11-28T14:24:51.117+0000] {dag.py:3239} INFO - Sync 1 DAGs
[2024-11-28T14:24:51.136+0000] {logging_mixin.py:190} INFO - [2024-11-28T14:24:51.135+0000] {dag.py:4180} INFO - Setting next_dagrun for example_params_ui_tutorial to None, run_after=None
[2024-11-28T14:24:51.155+0000] {processor.py:208} INFO - Processing /home/airflow/.local/lib/python3.12/site-packages/airflow/example_dags/example_params_ui_tutorial.py took 0.136 seconds
