[2024-11-28T14:22:13.646+0000] {processor.py:186} INFO - Started process (PID=88) to work on /home/airflow/.local/lib/python3.12/site-packages/airflow/example_dags/example_python_operator.py
[2024-11-28T14:22:13.647+0000] {processor.py:914} INFO - Processing file /home/airflow/.local/lib/python3.12/site-packages/airflow/example_dags/example_python_operator.py for tasks to queue
[2024-11-28T14:22:13.649+0000] {logging_mixin.py:190} INFO - [2024-11-28T14:22:13.648+0000] {dagbag.py:588} INFO - Filling up the DagBag from /home/airflow/.local/lib/python3.12/site-packages/airflow/example_dags/example_python_operator.py
[2024-11-28T14:22:13.663+0000] {processor.py:925} INFO - DAG(s) 'example_python_operator' retrieved from /home/airflow/.local/lib/python3.12/site-packages/airflow/example_dags/example_python_operator.py
[2024-11-28T14:22:13.770+0000] {logging_mixin.py:190} INFO - [2024-11-28T14:22:13.769+0000] {override.py:1911} INFO - Created Permission View: can delete on DAG:example_python_operator
[2024-11-28T14:22:13.783+0000] {logging_mixin.py:190} INFO - [2024-11-28T14:22:13.783+0000] {override.py:1911} INFO - Created Permission View: can read on DAG:example_python_operator
[2024-11-28T14:22:13.789+0000] {logging_mixin.py:190} INFO - [2024-11-28T14:22:13.789+0000] {override.py:1911} INFO - Created Permission View: can edit on DAG:example_python_operator
[2024-11-28T14:22:13.796+0000] {logging_mixin.py:190} INFO - [2024-11-28T14:22:13.795+0000] {override.py:1911} INFO - Created Permission View: can delete on DAG Run:example_python_operator
[2024-11-28T14:22:13.803+0000] {logging_mixin.py:190} INFO - [2024-11-28T14:22:13.803+0000] {override.py:1911} INFO - Created Permission View: can read on DAG Run:example_python_operator
[2024-11-28T14:22:13.811+0000] {logging_mixin.py:190} INFO - [2024-11-28T14:22:13.810+0000] {override.py:1911} INFO - Created Permission View: can create on DAG Run:example_python_operator
[2024-11-28T14:22:13.818+0000] {logging_mixin.py:190} INFO - [2024-11-28T14:22:13.817+0000] {override.py:1911} INFO - Created Permission View: menu access on DAG Run:example_python_operator
[2024-11-28T14:22:13.818+0000] {logging_mixin.py:190} INFO - [2024-11-28T14:22:13.818+0000] {dag.py:3239} INFO - Sync 1 DAGs
[2024-11-28T14:22:13.832+0000] {logging_mixin.py:190} INFO - [2024-11-28T14:22:13.832+0000] {dag.py:3262} INFO - Creating ORM DAG for example_python_operator
[2024-11-28T14:22:13.833+0000] {logging_mixin.py:190} INFO - [2024-11-28T14:22:13.833+0000] {dag.py:4180} INFO - Setting next_dagrun for example_python_operator to None, run_after=None
[2024-11-28T14:22:13.847+0000] {processor.py:208} INFO - Processing /home/airflow/.local/lib/python3.12/site-packages/airflow/example_dags/example_python_operator.py took 0.206 seconds
[2024-11-28T14:22:44.134+0000] {processor.py:186} INFO - Started process (PID=150) to work on /home/airflow/.local/lib/python3.12/site-packages/airflow/example_dags/example_python_operator.py
[2024-11-28T14:22:44.135+0000] {processor.py:914} INFO - Processing file /home/airflow/.local/lib/python3.12/site-packages/airflow/example_dags/example_python_operator.py for tasks to queue
[2024-11-28T14:22:44.137+0000] {logging_mixin.py:190} INFO - [2024-11-28T14:22:44.137+0000] {dagbag.py:588} INFO - Filling up the DagBag from /home/airflow/.local/lib/python3.12/site-packages/airflow/example_dags/example_python_operator.py
[2024-11-28T14:22:44.147+0000] {processor.py:925} INFO - DAG(s) 'example_python_operator' retrieved from /home/airflow/.local/lib/python3.12/site-packages/airflow/example_dags/example_python_operator.py
[2024-11-28T14:22:44.165+0000] {logging_mixin.py:190} INFO - [2024-11-28T14:22:44.165+0000] {dag.py:3239} INFO - Sync 1 DAGs
[2024-11-28T14:22:44.175+0000] {logging_mixin.py:190} INFO - [2024-11-28T14:22:44.175+0000] {dag.py:4180} INFO - Setting next_dagrun for example_python_operator to None, run_after=None
[2024-11-28T14:22:44.195+0000] {processor.py:208} INFO - Processing /home/airflow/.local/lib/python3.12/site-packages/airflow/example_dags/example_python_operator.py took 0.066 seconds
[2024-11-28T14:23:15.469+0000] {processor.py:186} INFO - Started process (PID=213) to work on /home/airflow/.local/lib/python3.12/site-packages/airflow/example_dags/example_python_operator.py
[2024-11-28T14:23:15.472+0000] {processor.py:914} INFO - Processing file /home/airflow/.local/lib/python3.12/site-packages/airflow/example_dags/example_python_operator.py for tasks to queue
[2024-11-28T14:23:15.474+0000] {logging_mixin.py:190} INFO - [2024-11-28T14:23:15.473+0000] {dagbag.py:588} INFO - Filling up the DagBag from /home/airflow/.local/lib/python3.12/site-packages/airflow/example_dags/example_python_operator.py
[2024-11-28T14:23:15.484+0000] {processor.py:925} INFO - DAG(s) 'example_python_operator' retrieved from /home/airflow/.local/lib/python3.12/site-packages/airflow/example_dags/example_python_operator.py
[2024-11-28T14:23:15.502+0000] {logging_mixin.py:190} INFO - [2024-11-28T14:23:15.502+0000] {dag.py:3239} INFO - Sync 1 DAGs
[2024-11-28T14:23:15.514+0000] {logging_mixin.py:190} INFO - [2024-11-28T14:23:15.514+0000] {dag.py:4180} INFO - Setting next_dagrun for example_python_operator to None, run_after=None
[2024-11-28T14:23:15.528+0000] {processor.py:208} INFO - Processing /home/airflow/.local/lib/python3.12/site-packages/airflow/example_dags/example_python_operator.py took 0.064 seconds
[2024-11-28T14:23:46.890+0000] {processor.py:186} INFO - Started process (PID=276) to work on /home/airflow/.local/lib/python3.12/site-packages/airflow/example_dags/example_python_operator.py
[2024-11-28T14:23:46.891+0000] {processor.py:914} INFO - Processing file /home/airflow/.local/lib/python3.12/site-packages/airflow/example_dags/example_python_operator.py for tasks to queue
[2024-11-28T14:23:46.894+0000] {logging_mixin.py:190} INFO - [2024-11-28T14:23:46.894+0000] {dagbag.py:588} INFO - Filling up the DagBag from /home/airflow/.local/lib/python3.12/site-packages/airflow/example_dags/example_python_operator.py
[2024-11-28T14:23:46.917+0000] {processor.py:925} INFO - DAG(s) 'example_python_operator' retrieved from /home/airflow/.local/lib/python3.12/site-packages/airflow/example_dags/example_python_operator.py
[2024-11-28T14:23:46.959+0000] {logging_mixin.py:190} INFO - [2024-11-28T14:23:46.958+0000] {dag.py:3239} INFO - Sync 1 DAGs
[2024-11-28T14:23:46.985+0000] {logging_mixin.py:190} INFO - [2024-11-28T14:23:46.985+0000] {dag.py:4180} INFO - Setting next_dagrun for example_python_operator to None, run_after=None
[2024-11-28T14:23:47.006+0000] {processor.py:208} INFO - Processing /home/airflow/.local/lib/python3.12/site-packages/airflow/example_dags/example_python_operator.py took 0.123 seconds
[2024-11-28T14:24:19.382+0000] {processor.py:186} INFO - Started process (PID=339) to work on /home/airflow/.local/lib/python3.12/site-packages/airflow/example_dags/example_python_operator.py
[2024-11-28T14:24:19.384+0000] {processor.py:914} INFO - Processing file /home/airflow/.local/lib/python3.12/site-packages/airflow/example_dags/example_python_operator.py for tasks to queue
[2024-11-28T14:24:19.388+0000] {logging_mixin.py:190} INFO - [2024-11-28T14:24:19.387+0000] {dagbag.py:588} INFO - Filling up the DagBag from /home/airflow/.local/lib/python3.12/site-packages/airflow/example_dags/example_python_operator.py
[2024-11-28T14:24:19.422+0000] {processor.py:925} INFO - DAG(s) 'example_python_operator' retrieved from /home/airflow/.local/lib/python3.12/site-packages/airflow/example_dags/example_python_operator.py
[2024-11-28T14:24:19.456+0000] {logging_mixin.py:190} INFO - [2024-11-28T14:24:19.455+0000] {dag.py:3239} INFO - Sync 1 DAGs
[2024-11-28T14:24:19.471+0000] {logging_mixin.py:190} INFO - [2024-11-28T14:24:19.470+0000] {dag.py:4180} INFO - Setting next_dagrun for example_python_operator to None, run_after=None
[2024-11-28T14:24:19.493+0000] {processor.py:208} INFO - Processing /home/airflow/.local/lib/python3.12/site-packages/airflow/example_dags/example_python_operator.py took 0.120 seconds
[2024-11-28T14:24:51.244+0000] {processor.py:186} INFO - Started process (PID=402) to work on /home/airflow/.local/lib/python3.12/site-packages/airflow/example_dags/example_python_operator.py
[2024-11-28T14:24:51.246+0000] {processor.py:914} INFO - Processing file /home/airflow/.local/lib/python3.12/site-packages/airflow/example_dags/example_python_operator.py for tasks to queue
[2024-11-28T14:24:51.251+0000] {logging_mixin.py:190} INFO - [2024-11-28T14:24:51.251+0000] {dagbag.py:588} INFO - Filling up the DagBag from /home/airflow/.local/lib/python3.12/site-packages/airflow/example_dags/example_python_operator.py
[2024-11-28T14:24:51.278+0000] {processor.py:925} INFO - DAG(s) 'example_python_operator' retrieved from /home/airflow/.local/lib/python3.12/site-packages/airflow/example_dags/example_python_operator.py
[2024-11-28T14:24:51.311+0000] {logging_mixin.py:190} INFO - [2024-11-28T14:24:51.311+0000] {dag.py:3239} INFO - Sync 1 DAGs
[2024-11-28T14:24:51.334+0000] {logging_mixin.py:190} INFO - [2024-11-28T14:24:51.333+0000] {dag.py:4180} INFO - Setting next_dagrun for example_python_operator to None, run_after=None
[2024-11-28T14:24:51.354+0000] {processor.py:208} INFO - Processing /home/airflow/.local/lib/python3.12/site-packages/airflow/example_dags/example_python_operator.py took 0.117 seconds
