[2024-11-28T14:22:10.438+0000] {processor.py:186} INFO - Started process (PID=78) to work on /home/airflow/.local/lib/python3.12/site-packages/airflow/example_dags/example_time_delta_sensor_async.py
[2024-11-28T14:22:10.443+0000] {processor.py:914} INFO - Processing file /home/airflow/.local/lib/python3.12/site-packages/airflow/example_dags/example_time_delta_sensor_async.py for tasks to queue
[2024-11-28T14:22:10.454+0000] {logging_mixin.py:190} INFO - [2024-11-28T14:22:10.453+0000] {dagbag.py:588} INFO - Filling up the DagBag from /home/airflow/.local/lib/python3.12/site-packages/airflow/example_dags/example_time_delta_sensor_async.py
[2024-11-28T14:22:10.475+0000] {processor.py:925} INFO - DAG(s) 'example_time_delta_sensor_async' retrieved from /home/airflow/.local/lib/python3.12/site-packages/airflow/example_dags/example_time_delta_sensor_async.py
[2024-11-28T14:22:10.742+0000] {logging_mixin.py:190} INFO - [2024-11-28T14:22:10.740+0000] {override.py:1911} INFO - Created Permission View: can delete on DAG:example_time_delta_sensor_async
[2024-11-28T14:22:10.755+0000] {logging_mixin.py:190} INFO - [2024-11-28T14:22:10.754+0000] {override.py:1911} INFO - Created Permission View: can read on DAG:example_time_delta_sensor_async
[2024-11-28T14:22:10.762+0000] {logging_mixin.py:190} INFO - [2024-11-28T14:22:10.761+0000] {override.py:1911} INFO - Created Permission View: can edit on DAG:example_time_delta_sensor_async
[2024-11-28T14:22:10.771+0000] {logging_mixin.py:190} INFO - [2024-11-28T14:22:10.770+0000] {override.py:1911} INFO - Created Permission View: can delete on DAG Run:example_time_delta_sensor_async
[2024-11-28T14:22:10.779+0000] {logging_mixin.py:190} INFO - [2024-11-28T14:22:10.778+0000] {override.py:1911} INFO - Created Permission View: can read on DAG Run:example_time_delta_sensor_async
[2024-11-28T14:22:10.787+0000] {logging_mixin.py:190} INFO - [2024-11-28T14:22:10.787+0000] {override.py:1911} INFO - Created Permission View: can create on DAG Run:example_time_delta_sensor_async
[2024-11-28T14:22:10.793+0000] {logging_mixin.py:190} INFO - [2024-11-28T14:22:10.793+0000] {override.py:1911} INFO - Created Permission View: menu access on DAG Run:example_time_delta_sensor_async
[2024-11-28T14:22:10.794+0000] {logging_mixin.py:190} INFO - [2024-11-28T14:22:10.794+0000] {dag.py:3239} INFO - Sync 1 DAGs
[2024-11-28T14:22:10.810+0000] {logging_mixin.py:190} INFO - [2024-11-28T14:22:10.810+0000] {dag.py:3262} INFO - Creating ORM DAG for example_time_delta_sensor_async
[2024-11-28T14:22:10.811+0000] {logging_mixin.py:190} INFO - [2024-11-28T14:22:10.811+0000] {dag.py:4180} INFO - Setting next_dagrun for example_time_delta_sensor_async to None, run_after=None
[2024-11-28T14:22:10.844+0000] {processor.py:208} INFO - Processing /home/airflow/.local/lib/python3.12/site-packages/airflow/example_dags/example_time_delta_sensor_async.py took 0.435 seconds
[2024-11-28T14:22:40.991+0000] {processor.py:186} INFO - Started process (PID=139) to work on /home/airflow/.local/lib/python3.12/site-packages/airflow/example_dags/example_time_delta_sensor_async.py
[2024-11-28T14:22:40.995+0000] {processor.py:914} INFO - Processing file /home/airflow/.local/lib/python3.12/site-packages/airflow/example_dags/example_time_delta_sensor_async.py for tasks to queue
[2024-11-28T14:22:40.997+0000] {logging_mixin.py:190} INFO - [2024-11-28T14:22:40.997+0000] {dagbag.py:588} INFO - Filling up the DagBag from /home/airflow/.local/lib/python3.12/site-packages/airflow/example_dags/example_time_delta_sensor_async.py
[2024-11-28T14:22:41.004+0000] {processor.py:925} INFO - DAG(s) 'example_time_delta_sensor_async' retrieved from /home/airflow/.local/lib/python3.12/site-packages/airflow/example_dags/example_time_delta_sensor_async.py
[2024-11-28T14:22:41.021+0000] {logging_mixin.py:190} INFO - [2024-11-28T14:22:41.021+0000] {dag.py:3239} INFO - Sync 1 DAGs
[2024-11-28T14:22:41.033+0000] {logging_mixin.py:190} INFO - [2024-11-28T14:22:41.033+0000] {dag.py:4180} INFO - Setting next_dagrun for example_time_delta_sensor_async to None, run_after=None
[2024-11-28T14:22:41.053+0000] {processor.py:208} INFO - Processing /home/airflow/.local/lib/python3.12/site-packages/airflow/example_dags/example_time_delta_sensor_async.py took 0.070 seconds
[2024-11-28T14:23:11.791+0000] {processor.py:186} INFO - Started process (PID=202) to work on /home/airflow/.local/lib/python3.12/site-packages/airflow/example_dags/example_time_delta_sensor_async.py
[2024-11-28T14:23:11.792+0000] {processor.py:914} INFO - Processing file /home/airflow/.local/lib/python3.12/site-packages/airflow/example_dags/example_time_delta_sensor_async.py for tasks to queue
[2024-11-28T14:23:11.794+0000] {logging_mixin.py:190} INFO - [2024-11-28T14:23:11.794+0000] {dagbag.py:588} INFO - Filling up the DagBag from /home/airflow/.local/lib/python3.12/site-packages/airflow/example_dags/example_time_delta_sensor_async.py
[2024-11-28T14:23:11.800+0000] {processor.py:925} INFO - DAG(s) 'example_time_delta_sensor_async' retrieved from /home/airflow/.local/lib/python3.12/site-packages/airflow/example_dags/example_time_delta_sensor_async.py
[2024-11-28T14:23:11.814+0000] {logging_mixin.py:190} INFO - [2024-11-28T14:23:11.814+0000] {dag.py:3239} INFO - Sync 1 DAGs
[2024-11-28T14:23:11.823+0000] {logging_mixin.py:190} INFO - [2024-11-28T14:23:11.823+0000] {dag.py:4180} INFO - Setting next_dagrun for example_time_delta_sensor_async to None, run_after=None
[2024-11-28T14:23:11.836+0000] {processor.py:208} INFO - Processing /home/airflow/.local/lib/python3.12/site-packages/airflow/example_dags/example_time_delta_sensor_async.py took 0.049 seconds
[2024-11-28T14:23:42.578+0000] {processor.py:186} INFO - Started process (PID=265) to work on /home/airflow/.local/lib/python3.12/site-packages/airflow/example_dags/example_time_delta_sensor_async.py
[2024-11-28T14:23:42.579+0000] {processor.py:914} INFO - Processing file /home/airflow/.local/lib/python3.12/site-packages/airflow/example_dags/example_time_delta_sensor_async.py for tasks to queue
[2024-11-28T14:23:42.581+0000] {logging_mixin.py:190} INFO - [2024-11-28T14:23:42.581+0000] {dagbag.py:588} INFO - Filling up the DagBag from /home/airflow/.local/lib/python3.12/site-packages/airflow/example_dags/example_time_delta_sensor_async.py
[2024-11-28T14:23:42.590+0000] {processor.py:925} INFO - DAG(s) 'example_time_delta_sensor_async' retrieved from /home/airflow/.local/lib/python3.12/site-packages/airflow/example_dags/example_time_delta_sensor_async.py
[2024-11-28T14:23:42.613+0000] {logging_mixin.py:190} INFO - [2024-11-28T14:23:42.612+0000] {dag.py:3239} INFO - Sync 1 DAGs
[2024-11-28T14:23:42.627+0000] {logging_mixin.py:190} INFO - [2024-11-28T14:23:42.627+0000] {dag.py:4180} INFO - Setting next_dagrun for example_time_delta_sensor_async to None, run_after=None
[2024-11-28T14:23:42.644+0000] {processor.py:208} INFO - Processing /home/airflow/.local/lib/python3.12/site-packages/airflow/example_dags/example_time_delta_sensor_async.py took 0.071 seconds
[2024-11-28T14:24:12.800+0000] {processor.py:186} INFO - Started process (PID=328) to work on /home/airflow/.local/lib/python3.12/site-packages/airflow/example_dags/example_time_delta_sensor_async.py
[2024-11-28T14:24:12.806+0000] {processor.py:914} INFO - Processing file /home/airflow/.local/lib/python3.12/site-packages/airflow/example_dags/example_time_delta_sensor_async.py for tasks to queue
[2024-11-28T14:24:12.811+0000] {logging_mixin.py:190} INFO - [2024-11-28T14:24:12.811+0000] {dagbag.py:588} INFO - Filling up the DagBag from /home/airflow/.local/lib/python3.12/site-packages/airflow/example_dags/example_time_delta_sensor_async.py
[2024-11-28T14:24:12.838+0000] {processor.py:925} INFO - DAG(s) 'example_time_delta_sensor_async' retrieved from /home/airflow/.local/lib/python3.12/site-packages/airflow/example_dags/example_time_delta_sensor_async.py
[2024-11-28T14:24:12.896+0000] {logging_mixin.py:190} INFO - [2024-11-28T14:24:12.895+0000] {dag.py:3239} INFO - Sync 1 DAGs
[2024-11-28T14:24:12.926+0000] {logging_mixin.py:190} INFO - [2024-11-28T14:24:12.926+0000] {dag.py:4180} INFO - Setting next_dagrun for example_time_delta_sensor_async to None, run_after=None
[2024-11-28T14:24:12.976+0000] {processor.py:208} INFO - Processing /home/airflow/.local/lib/python3.12/site-packages/airflow/example_dags/example_time_delta_sensor_async.py took 0.194 seconds
[2024-11-28T14:24:43.426+0000] {processor.py:186} INFO - Started process (PID=391) to work on /home/airflow/.local/lib/python3.12/site-packages/airflow/example_dags/example_time_delta_sensor_async.py
[2024-11-28T14:24:43.427+0000] {processor.py:914} INFO - Processing file /home/airflow/.local/lib/python3.12/site-packages/airflow/example_dags/example_time_delta_sensor_async.py for tasks to queue
[2024-11-28T14:24:43.429+0000] {logging_mixin.py:190} INFO - [2024-11-28T14:24:43.429+0000] {dagbag.py:588} INFO - Filling up the DagBag from /home/airflow/.local/lib/python3.12/site-packages/airflow/example_dags/example_time_delta_sensor_async.py
[2024-11-28T14:24:43.434+0000] {processor.py:925} INFO - DAG(s) 'example_time_delta_sensor_async' retrieved from /home/airflow/.local/lib/python3.12/site-packages/airflow/example_dags/example_time_delta_sensor_async.py
[2024-11-28T14:24:43.449+0000] {logging_mixin.py:190} INFO - [2024-11-28T14:24:43.448+0000] {dag.py:3239} INFO - Sync 1 DAGs
[2024-11-28T14:24:43.459+0000] {logging_mixin.py:190} INFO - [2024-11-28T14:24:43.458+0000] {dag.py:4180} INFO - Setting next_dagrun for example_time_delta_sensor_async to None, run_after=None
[2024-11-28T14:24:43.470+0000] {processor.py:208} INFO - Processing /home/airflow/.local/lib/python3.12/site-packages/airflow/example_dags/example_time_delta_sensor_async.py took 0.049 seconds
