[2024-11-28T14:22:09.256+0000] {processor.py:186} INFO - Started process (PID=75) to work on /home/airflow/.local/lib/python3.12/site-packages/airflow/example_dags/example_task_group_decorator.py
[2024-11-28T14:22:09.259+0000] {processor.py:914} INFO - Processing file /home/airflow/.local/lib/python3.12/site-packages/airflow/example_dags/example_task_group_decorator.py for tasks to queue
[2024-11-28T14:22:09.262+0000] {logging_mixin.py:190} INFO - [2024-11-28T14:22:09.261+0000] {dagbag.py:588} INFO - Filling up the DagBag from /home/airflow/.local/lib/python3.12/site-packages/airflow/example_dags/example_task_group_decorator.py
[2024-11-28T14:22:09.281+0000] {processor.py:925} INFO - DAG(s) 'example_task_group_decorator' retrieved from /home/airflow/.local/lib/python3.12/site-packages/airflow/example_dags/example_task_group_decorator.py
[2024-11-28T14:22:09.394+0000] {logging_mixin.py:190} INFO - [2024-11-28T14:22:09.394+0000] {override.py:1911} INFO - Created Permission View: can delete on DAG:example_task_group_decorator
[2024-11-28T14:22:09.402+0000] {logging_mixin.py:190} INFO - [2024-11-28T14:22:09.402+0000] {override.py:1911} INFO - Created Permission View: can read on DAG:example_task_group_decorator
[2024-11-28T14:22:09.407+0000] {logging_mixin.py:190} INFO - [2024-11-28T14:22:09.406+0000] {override.py:1911} INFO - Created Permission View: can edit on DAG:example_task_group_decorator
[2024-11-28T14:22:09.411+0000] {logging_mixin.py:190} INFO - [2024-11-28T14:22:09.411+0000] {override.py:1911} INFO - Created Permission View: can delete on DAG Run:example_task_group_decorator
[2024-11-28T14:22:09.415+0000] {logging_mixin.py:190} INFO - [2024-11-28T14:22:09.415+0000] {override.py:1911} INFO - Created Permission View: can read on DAG Run:example_task_group_decorator
[2024-11-28T14:22:09.419+0000] {logging_mixin.py:190} INFO - [2024-11-28T14:22:09.419+0000] {override.py:1911} INFO - Created Permission View: can create on DAG Run:example_task_group_decorator
[2024-11-28T14:22:09.424+0000] {logging_mixin.py:190} INFO - [2024-11-28T14:22:09.423+0000] {override.py:1911} INFO - Created Permission View: menu access on DAG Run:example_task_group_decorator
[2024-11-28T14:22:09.425+0000] {logging_mixin.py:190} INFO - [2024-11-28T14:22:09.424+0000] {dag.py:3239} INFO - Sync 1 DAGs
[2024-11-28T14:22:09.442+0000] {logging_mixin.py:190} INFO - [2024-11-28T14:22:09.441+0000] {dag.py:3262} INFO - Creating ORM DAG for example_task_group_decorator
[2024-11-28T14:22:09.443+0000] {logging_mixin.py:190} INFO - [2024-11-28T14:22:09.442+0000] {dag.py:4180} INFO - Setting next_dagrun for example_task_group_decorator to None, run_after=None
[2024-11-28T14:22:09.456+0000] {processor.py:208} INFO - Processing /home/airflow/.local/lib/python3.12/site-packages/airflow/example_dags/example_task_group_decorator.py took 0.239 seconds
[2024-11-28T14:22:39.861+0000] {processor.py:186} INFO - Started process (PID=136) to work on /home/airflow/.local/lib/python3.12/site-packages/airflow/example_dags/example_task_group_decorator.py
[2024-11-28T14:22:39.862+0000] {processor.py:914} INFO - Processing file /home/airflow/.local/lib/python3.12/site-packages/airflow/example_dags/example_task_group_decorator.py for tasks to queue
[2024-11-28T14:22:39.868+0000] {logging_mixin.py:190} INFO - [2024-11-28T14:22:39.868+0000] {dagbag.py:588} INFO - Filling up the DagBag from /home/airflow/.local/lib/python3.12/site-packages/airflow/example_dags/example_task_group_decorator.py
[2024-11-28T14:22:39.884+0000] {processor.py:925} INFO - DAG(s) 'example_task_group_decorator' retrieved from /home/airflow/.local/lib/python3.12/site-packages/airflow/example_dags/example_task_group_decorator.py
[2024-11-28T14:22:39.907+0000] {logging_mixin.py:190} INFO - [2024-11-28T14:22:39.907+0000] {dag.py:3239} INFO - Sync 1 DAGs
[2024-11-28T14:22:39.920+0000] {logging_mixin.py:190} INFO - [2024-11-28T14:22:39.920+0000] {dag.py:4180} INFO - Setting next_dagrun for example_task_group_decorator to None, run_after=None
[2024-11-28T14:22:39.936+0000] {processor.py:208} INFO - Processing /home/airflow/.local/lib/python3.12/site-packages/airflow/example_dags/example_task_group_decorator.py took 0.081 seconds
[2024-11-28T14:23:10.681+0000] {processor.py:186} INFO - Started process (PID=199) to work on /home/airflow/.local/lib/python3.12/site-packages/airflow/example_dags/example_task_group_decorator.py
[2024-11-28T14:23:10.684+0000] {processor.py:914} INFO - Processing file /home/airflow/.local/lib/python3.12/site-packages/airflow/example_dags/example_task_group_decorator.py for tasks to queue
[2024-11-28T14:23:10.687+0000] {logging_mixin.py:190} INFO - [2024-11-28T14:23:10.687+0000] {dagbag.py:588} INFO - Filling up the DagBag from /home/airflow/.local/lib/python3.12/site-packages/airflow/example_dags/example_task_group_decorator.py
[2024-11-28T14:23:10.701+0000] {processor.py:925} INFO - DAG(s) 'example_task_group_decorator' retrieved from /home/airflow/.local/lib/python3.12/site-packages/airflow/example_dags/example_task_group_decorator.py
[2024-11-28T14:23:10.721+0000] {logging_mixin.py:190} INFO - [2024-11-28T14:23:10.720+0000] {dag.py:3239} INFO - Sync 1 DAGs
[2024-11-28T14:23:10.732+0000] {logging_mixin.py:190} INFO - [2024-11-28T14:23:10.732+0000] {dag.py:4180} INFO - Setting next_dagrun for example_task_group_decorator to None, run_after=None
[2024-11-28T14:23:10.747+0000] {processor.py:208} INFO - Processing /home/airflow/.local/lib/python3.12/site-packages/airflow/example_dags/example_task_group_decorator.py took 0.073 seconds
[2024-11-28T14:23:41.278+0000] {processor.py:186} INFO - Started process (PID=262) to work on /home/airflow/.local/lib/python3.12/site-packages/airflow/example_dags/example_task_group_decorator.py
[2024-11-28T14:23:41.284+0000] {processor.py:914} INFO - Processing file /home/airflow/.local/lib/python3.12/site-packages/airflow/example_dags/example_task_group_decorator.py for tasks to queue
[2024-11-28T14:23:41.295+0000] {logging_mixin.py:190} INFO - [2024-11-28T14:23:41.294+0000] {dagbag.py:588} INFO - Filling up the DagBag from /home/airflow/.local/lib/python3.12/site-packages/airflow/example_dags/example_task_group_decorator.py
[2024-11-28T14:23:41.402+0000] {processor.py:925} INFO - DAG(s) 'example_task_group_decorator' retrieved from /home/airflow/.local/lib/python3.12/site-packages/airflow/example_dags/example_task_group_decorator.py
[2024-11-28T14:23:41.446+0000] {logging_mixin.py:190} INFO - [2024-11-28T14:23:41.445+0000] {dag.py:3239} INFO - Sync 1 DAGs
[2024-11-28T14:23:41.461+0000] {logging_mixin.py:190} INFO - [2024-11-28T14:23:41.461+0000] {dag.py:4180} INFO - Setting next_dagrun for example_task_group_decorator to None, run_after=None
[2024-11-28T14:23:41.479+0000] {processor.py:208} INFO - Processing /home/airflow/.local/lib/python3.12/site-packages/airflow/example_dags/example_task_group_decorator.py took 0.220 seconds
[2024-11-28T14:24:12.038+0000] {processor.py:186} INFO - Started process (PID=325) to work on /home/airflow/.local/lib/python3.12/site-packages/airflow/example_dags/example_task_group_decorator.py
[2024-11-28T14:24:12.049+0000] {processor.py:914} INFO - Processing file /home/airflow/.local/lib/python3.12/site-packages/airflow/example_dags/example_task_group_decorator.py for tasks to queue
[2024-11-28T14:24:12.058+0000] {logging_mixin.py:190} INFO - [2024-11-28T14:24:12.058+0000] {dagbag.py:588} INFO - Filling up the DagBag from /home/airflow/.local/lib/python3.12/site-packages/airflow/example_dags/example_task_group_decorator.py
[2024-11-28T14:24:12.134+0000] {processor.py:925} INFO - DAG(s) 'example_task_group_decorator' retrieved from /home/airflow/.local/lib/python3.12/site-packages/airflow/example_dags/example_task_group_decorator.py
[2024-11-28T14:24:12.223+0000] {logging_mixin.py:190} INFO - [2024-11-28T14:24:12.223+0000] {dag.py:3239} INFO - Sync 1 DAGs
[2024-11-28T14:24:12.274+0000] {logging_mixin.py:190} INFO - [2024-11-28T14:24:12.273+0000] {dag.py:4180} INFO - Setting next_dagrun for example_task_group_decorator to None, run_after=None
[2024-11-28T14:24:12.324+0000] {processor.py:208} INFO - Processing /home/airflow/.local/lib/python3.12/site-packages/airflow/example_dags/example_task_group_decorator.py took 0.336 seconds
[2024-11-28T14:24:43.257+0000] {processor.py:186} INFO - Started process (PID=388) to work on /home/airflow/.local/lib/python3.12/site-packages/airflow/example_dags/example_task_group_decorator.py
[2024-11-28T14:24:43.259+0000] {processor.py:914} INFO - Processing file /home/airflow/.local/lib/python3.12/site-packages/airflow/example_dags/example_task_group_decorator.py for tasks to queue
[2024-11-28T14:24:43.263+0000] {logging_mixin.py:190} INFO - [2024-11-28T14:24:43.262+0000] {dagbag.py:588} INFO - Filling up the DagBag from /home/airflow/.local/lib/python3.12/site-packages/airflow/example_dags/example_task_group_decorator.py
[2024-11-28T14:24:43.280+0000] {processor.py:925} INFO - DAG(s) 'example_task_group_decorator' retrieved from /home/airflow/.local/lib/python3.12/site-packages/airflow/example_dags/example_task_group_decorator.py
[2024-11-28T14:24:43.303+0000] {logging_mixin.py:190} INFO - [2024-11-28T14:24:43.303+0000] {dag.py:3239} INFO - Sync 1 DAGs
[2024-11-28T14:24:43.318+0000] {logging_mixin.py:190} INFO - [2024-11-28T14:24:43.318+0000] {dag.py:4180} INFO - Setting next_dagrun for example_task_group_decorator to None, run_after=None
[2024-11-28T14:24:43.333+0000] {processor.py:208} INFO - Processing /home/airflow/.local/lib/python3.12/site-packages/airflow/example_dags/example_task_group_decorator.py took 0.089 seconds
