[2024-11-28T14:22:17.026+0000] {processor.py:186} INFO - Started process (PID=117) to work on /home/airflow/.local/lib/python3.12/site-packages/airflow/example_dags/example_branch_datetime_operator.py
[2024-11-28T14:22:17.026+0000] {processor.py:914} INFO - Processing file /home/airflow/.local/lib/python3.12/site-packages/airflow/example_dags/example_branch_datetime_operator.py for tasks to queue
[2024-11-28T14:22:17.028+0000] {logging_mixin.py:190} INFO - [2024-11-28T14:22:17.028+0000] {dagbag.py:588} INFO - Filling up the DagBag from /home/airflow/.local/lib/python3.12/site-packages/airflow/example_dags/example_branch_datetime_operator.py
[2024-11-28T14:22:17.039+0000] {processor.py:925} INFO - DAG(s) 'example_branch_datetime_operator', 'example_branch_datetime_operator_2', 'example_branch_datetime_operator_3' retrieved from /home/airflow/.local/lib/python3.12/site-packages/airflow/example_dags/example_branch_datetime_operator.py
[2024-11-28T14:22:17.127+0000] {logging_mixin.py:190} INFO - [2024-11-28T14:22:17.127+0000] {override.py:1911} INFO - Created Permission View: can delete on DAG:example_branch_datetime_operator
[2024-11-28T14:22:17.140+0000] {logging_mixin.py:190} INFO - [2024-11-28T14:22:17.139+0000] {override.py:1911} INFO - Created Permission View: can read on DAG:example_branch_datetime_operator
[2024-11-28T14:22:17.146+0000] {logging_mixin.py:190} INFO - [2024-11-28T14:22:17.146+0000] {override.py:1911} INFO - Created Permission View: can edit on DAG:example_branch_datetime_operator
[2024-11-28T14:22:17.154+0000] {logging_mixin.py:190} INFO - [2024-11-28T14:22:17.154+0000] {override.py:1911} INFO - Created Permission View: can delete on DAG Run:example_branch_datetime_operator
[2024-11-28T14:22:17.161+0000] {logging_mixin.py:190} INFO - [2024-11-28T14:22:17.161+0000] {override.py:1911} INFO - Created Permission View: can read on DAG Run:example_branch_datetime_operator
[2024-11-28T14:22:17.166+0000] {logging_mixin.py:190} INFO - [2024-11-28T14:22:17.166+0000] {override.py:1911} INFO - Created Permission View: can create on DAG Run:example_branch_datetime_operator
[2024-11-28T14:22:17.172+0000] {logging_mixin.py:190} INFO - [2024-11-28T14:22:17.172+0000] {override.py:1911} INFO - Created Permission View: menu access on DAG Run:example_branch_datetime_operator
[2024-11-28T14:22:17.185+0000] {logging_mixin.py:190} INFO - [2024-11-28T14:22:17.184+0000] {override.py:1911} INFO - Created Permission View: can delete on DAG:example_branch_datetime_operator_2
[2024-11-28T14:22:17.189+0000] {logging_mixin.py:190} INFO - [2024-11-28T14:22:17.189+0000] {override.py:1911} INFO - Created Permission View: can read on DAG:example_branch_datetime_operator_2
[2024-11-28T14:22:17.195+0000] {logging_mixin.py:190} INFO - [2024-11-28T14:22:17.195+0000] {override.py:1911} INFO - Created Permission View: can edit on DAG:example_branch_datetime_operator_2
[2024-11-28T14:22:17.204+0000] {logging_mixin.py:190} INFO - [2024-11-28T14:22:17.204+0000] {override.py:1911} INFO - Created Permission View: can delete on DAG Run:example_branch_datetime_operator_2
[2024-11-28T14:22:17.209+0000] {logging_mixin.py:190} INFO - [2024-11-28T14:22:17.209+0000] {override.py:1911} INFO - Created Permission View: can read on DAG Run:example_branch_datetime_operator_2
[2024-11-28T14:22:17.214+0000] {logging_mixin.py:190} INFO - [2024-11-28T14:22:17.214+0000] {override.py:1911} INFO - Created Permission View: can create on DAG Run:example_branch_datetime_operator_2
[2024-11-28T14:22:17.223+0000] {logging_mixin.py:190} INFO - [2024-11-28T14:22:17.222+0000] {override.py:1911} INFO - Created Permission View: menu access on DAG Run:example_branch_datetime_operator_2
[2024-11-28T14:22:17.235+0000] {logging_mixin.py:190} INFO - [2024-11-28T14:22:17.235+0000] {override.py:1911} INFO - Created Permission View: can delete on DAG:example_branch_datetime_operator_3
[2024-11-28T14:22:17.240+0000] {logging_mixin.py:190} INFO - [2024-11-28T14:22:17.240+0000] {override.py:1911} INFO - Created Permission View: can read on DAG:example_branch_datetime_operator_3
[2024-11-28T14:22:17.245+0000] {logging_mixin.py:190} INFO - [2024-11-28T14:22:17.245+0000] {override.py:1911} INFO - Created Permission View: can edit on DAG:example_branch_datetime_operator_3
[2024-11-28T14:22:17.252+0000] {logging_mixin.py:190} INFO - [2024-11-28T14:22:17.252+0000] {override.py:1911} INFO - Created Permission View: can delete on DAG Run:example_branch_datetime_operator_3
[2024-11-28T14:22:17.257+0000] {logging_mixin.py:190} INFO - [2024-11-28T14:22:17.257+0000] {override.py:1911} INFO - Created Permission View: can read on DAG Run:example_branch_datetime_operator_3
[2024-11-28T14:22:17.263+0000] {logging_mixin.py:190} INFO - [2024-11-28T14:22:17.263+0000] {override.py:1911} INFO - Created Permission View: can create on DAG Run:example_branch_datetime_operator_3
[2024-11-28T14:22:17.269+0000] {logging_mixin.py:190} INFO - [2024-11-28T14:22:17.269+0000] {override.py:1911} INFO - Created Permission View: menu access on DAG Run:example_branch_datetime_operator_3
[2024-11-28T14:22:17.270+0000] {logging_mixin.py:190} INFO - [2024-11-28T14:22:17.270+0000] {dag.py:3239} INFO - Sync 3 DAGs
[2024-11-28T14:22:17.282+0000] {logging_mixin.py:190} INFO - [2024-11-28T14:22:17.281+0000] {dag.py:3262} INFO - Creating ORM DAG for example_branch_datetime_operator_2
[2024-11-28T14:22:17.283+0000] {logging_mixin.py:190} INFO - [2024-11-28T14:22:17.283+0000] {dag.py:3262} INFO - Creating ORM DAG for example_branch_datetime_operator
[2024-11-28T14:22:17.284+0000] {logging_mixin.py:190} INFO - [2024-11-28T14:22:17.284+0000] {dag.py:3262} INFO - Creating ORM DAG for example_branch_datetime_operator_3
[2024-11-28T14:22:17.294+0000] {logging_mixin.py:190} INFO - [2024-11-28T14:22:17.293+0000] {dag.py:4180} INFO - Setting next_dagrun for example_branch_datetime_operator to 2024-11-27 00:00:00+00:00, run_after=2024-11-28 00:00:00+00:00
[2024-11-28T14:22:17.295+0000] {logging_mixin.py:190} INFO - [2024-11-28T14:22:17.295+0000] {dag.py:4180} INFO - Setting next_dagrun for example_branch_datetime_operator_2 to 2024-11-27 00:00:00+00:00, run_after=2024-11-28 00:00:00+00:00
[2024-11-28T14:22:17.296+0000] {logging_mixin.py:190} INFO - [2024-11-28T14:22:17.296+0000] {dag.py:4180} INFO - Setting next_dagrun for example_branch_datetime_operator_3 to 2024-11-27 00:00:00+00:00, run_after=2024-11-28 00:00:00+00:00
[2024-11-28T14:22:17.313+0000] {processor.py:208} INFO - Processing /home/airflow/.local/lib/python3.12/site-packages/airflow/example_dags/example_branch_datetime_operator.py took 0.293 seconds
[2024-11-28T14:22:48.140+0000] {processor.py:186} INFO - Started process (PID=179) to work on /home/airflow/.local/lib/python3.12/site-packages/airflow/example_dags/example_branch_datetime_operator.py
[2024-11-28T14:22:48.142+0000] {processor.py:914} INFO - Processing file /home/airflow/.local/lib/python3.12/site-packages/airflow/example_dags/example_branch_datetime_operator.py for tasks to queue
[2024-11-28T14:22:48.148+0000] {logging_mixin.py:190} INFO - [2024-11-28T14:22:48.147+0000] {dagbag.py:588} INFO - Filling up the DagBag from /home/airflow/.local/lib/python3.12/site-packages/airflow/example_dags/example_branch_datetime_operator.py
[2024-11-28T14:22:48.158+0000] {processor.py:925} INFO - DAG(s) 'example_branch_datetime_operator', 'example_branch_datetime_operator_2', 'example_branch_datetime_operator_3' retrieved from /home/airflow/.local/lib/python3.12/site-packages/airflow/example_dags/example_branch_datetime_operator.py
[2024-11-28T14:22:48.179+0000] {logging_mixin.py:190} INFO - [2024-11-28T14:22:48.179+0000] {dag.py:3239} INFO - Sync 3 DAGs
[2024-11-28T14:22:48.200+0000] {logging_mixin.py:190} INFO - [2024-11-28T14:22:48.200+0000] {dag.py:4180} INFO - Setting next_dagrun for example_branch_datetime_operator to 2024-11-27 00:00:00+00:00, run_after=2024-11-28 00:00:00+00:00
[2024-11-28T14:22:48.205+0000] {logging_mixin.py:190} INFO - [2024-11-28T14:22:48.205+0000] {dag.py:4180} INFO - Setting next_dagrun for example_branch_datetime_operator_2 to 2024-11-27 00:00:00+00:00, run_after=2024-11-28 00:00:00+00:00
[2024-11-28T14:22:48.207+0000] {logging_mixin.py:190} INFO - [2024-11-28T14:22:48.206+0000] {dag.py:4180} INFO - Setting next_dagrun for example_branch_datetime_operator_3 to 2024-11-27 00:00:00+00:00, run_after=2024-11-28 00:00:00+00:00
[2024-11-28T14:22:48.219+0000] {processor.py:208} INFO - Processing /home/airflow/.local/lib/python3.12/site-packages/airflow/example_dags/example_branch_datetime_operator.py took 0.085 seconds
[2024-11-28T14:23:18.602+0000] {processor.py:186} INFO - Started process (PID=242) to work on /home/airflow/.local/lib/python3.12/site-packages/airflow/example_dags/example_branch_datetime_operator.py
[2024-11-28T14:23:18.603+0000] {processor.py:914} INFO - Processing file /home/airflow/.local/lib/python3.12/site-packages/airflow/example_dags/example_branch_datetime_operator.py for tasks to queue
[2024-11-28T14:23:18.605+0000] {logging_mixin.py:190} INFO - [2024-11-28T14:23:18.605+0000] {dagbag.py:588} INFO - Filling up the DagBag from /home/airflow/.local/lib/python3.12/site-packages/airflow/example_dags/example_branch_datetime_operator.py
[2024-11-28T14:23:18.617+0000] {processor.py:925} INFO - DAG(s) 'example_branch_datetime_operator_2', 'example_branch_datetime_operator', 'example_branch_datetime_operator_3' retrieved from /home/airflow/.local/lib/python3.12/site-packages/airflow/example_dags/example_branch_datetime_operator.py
[2024-11-28T14:23:18.639+0000] {logging_mixin.py:190} INFO - [2024-11-28T14:23:18.639+0000] {dag.py:3239} INFO - Sync 3 DAGs
[2024-11-28T14:23:18.659+0000] {logging_mixin.py:190} INFO - [2024-11-28T14:23:18.659+0000] {dag.py:4180} INFO - Setting next_dagrun for example_branch_datetime_operator to 2024-11-27 00:00:00+00:00, run_after=2024-11-28 00:00:00+00:00
[2024-11-28T14:23:18.662+0000] {logging_mixin.py:190} INFO - [2024-11-28T14:23:18.662+0000] {dag.py:4180} INFO - Setting next_dagrun for example_branch_datetime_operator_2 to 2024-11-27 00:00:00+00:00, run_after=2024-11-28 00:00:00+00:00
[2024-11-28T14:23:18.664+0000] {logging_mixin.py:190} INFO - [2024-11-28T14:23:18.664+0000] {dag.py:4180} INFO - Setting next_dagrun for example_branch_datetime_operator_3 to 2024-11-27 00:00:00+00:00, run_after=2024-11-28 00:00:00+00:00
[2024-11-28T14:23:18.675+0000] {processor.py:208} INFO - Processing /home/airflow/.local/lib/python3.12/site-packages/airflow/example_dags/example_branch_datetime_operator.py took 0.080 seconds
[2024-11-28T14:23:49.104+0000] {processor.py:186} INFO - Started process (PID=305) to work on /home/airflow/.local/lib/python3.12/site-packages/airflow/example_dags/example_branch_datetime_operator.py
[2024-11-28T14:23:49.105+0000] {processor.py:914} INFO - Processing file /home/airflow/.local/lib/python3.12/site-packages/airflow/example_dags/example_branch_datetime_operator.py for tasks to queue
[2024-11-28T14:23:49.107+0000] {logging_mixin.py:190} INFO - [2024-11-28T14:23:49.106+0000] {dagbag.py:588} INFO - Filling up the DagBag from /home/airflow/.local/lib/python3.12/site-packages/airflow/example_dags/example_branch_datetime_operator.py
[2024-11-28T14:23:49.116+0000] {processor.py:925} INFO - DAG(s) 'example_branch_datetime_operator_2', 'example_branch_datetime_operator', 'example_branch_datetime_operator_3' retrieved from /home/airflow/.local/lib/python3.12/site-packages/airflow/example_dags/example_branch_datetime_operator.py
[2024-11-28T14:23:49.139+0000] {logging_mixin.py:190} INFO - [2024-11-28T14:23:49.139+0000] {dag.py:3239} INFO - Sync 3 DAGs
[2024-11-28T14:23:49.157+0000] {logging_mixin.py:190} INFO - [2024-11-28T14:23:49.157+0000] {dag.py:4180} INFO - Setting next_dagrun for example_branch_datetime_operator to 2024-11-27 00:00:00+00:00, run_after=2024-11-28 00:00:00+00:00
[2024-11-28T14:23:49.161+0000] {logging_mixin.py:190} INFO - [2024-11-28T14:23:49.160+0000] {dag.py:4180} INFO - Setting next_dagrun for example_branch_datetime_operator_2 to 2024-11-27 00:00:00+00:00, run_after=2024-11-28 00:00:00+00:00
[2024-11-28T14:23:49.162+0000] {logging_mixin.py:190} INFO - [2024-11-28T14:23:49.162+0000] {dag.py:4180} INFO - Setting next_dagrun for example_branch_datetime_operator_3 to 2024-11-27 00:00:00+00:00, run_after=2024-11-28 00:00:00+00:00
[2024-11-28T14:23:49.172+0000] {processor.py:208} INFO - Processing /home/airflow/.local/lib/python3.12/site-packages/airflow/example_dags/example_branch_datetime_operator.py took 0.073 seconds
[2024-11-28T14:24:23.835+0000] {processor.py:186} INFO - Started process (PID=374) to work on /home/airflow/.local/lib/python3.12/site-packages/airflow/example_dags/example_branch_datetime_operator.py
[2024-11-28T14:24:23.837+0000] {processor.py:914} INFO - Processing file /home/airflow/.local/lib/python3.12/site-packages/airflow/example_dags/example_branch_datetime_operator.py for tasks to queue
[2024-11-28T14:24:23.848+0000] {logging_mixin.py:190} INFO - [2024-11-28T14:24:23.847+0000] {dagbag.py:588} INFO - Filling up the DagBag from /home/airflow/.local/lib/python3.12/site-packages/airflow/example_dags/example_branch_datetime_operator.py
[2024-11-28T14:24:23.873+0000] {processor.py:925} INFO - DAG(s) 'example_branch_datetime_operator_2', 'example_branch_datetime_operator_3', 'example_branch_datetime_operator' retrieved from /home/airflow/.local/lib/python3.12/site-packages/airflow/example_dags/example_branch_datetime_operator.py
[2024-11-28T14:24:23.935+0000] {logging_mixin.py:190} INFO - [2024-11-28T14:24:23.934+0000] {dag.py:3239} INFO - Sync 3 DAGs
[2024-11-28T14:24:24.018+0000] {logging_mixin.py:190} INFO - [2024-11-28T14:24:24.018+0000] {dag.py:4180} INFO - Setting next_dagrun for example_branch_datetime_operator to 2024-11-27 00:00:00+00:00, run_after=2024-11-28 00:00:00+00:00
[2024-11-28T14:24:24.026+0000] {logging_mixin.py:190} INFO - [2024-11-28T14:24:24.025+0000] {dag.py:4180} INFO - Setting next_dagrun for example_branch_datetime_operator_2 to 2024-11-27 00:00:00+00:00, run_after=2024-11-28 00:00:00+00:00
[2024-11-28T14:24:24.030+0000] {logging_mixin.py:190} INFO - [2024-11-28T14:24:24.030+0000] {dag.py:4180} INFO - Setting next_dagrun for example_branch_datetime_operator_3 to 2024-11-27 00:00:00+00:00, run_after=2024-11-28 00:00:00+00:00
[2024-11-28T14:24:24.067+0000] {processor.py:208} INFO - Processing /home/airflow/.local/lib/python3.12/site-packages/airflow/example_dags/example_branch_datetime_operator.py took 0.252 seconds
[2024-11-28T14:24:54.287+0000] {processor.py:186} INFO - Started process (PID=437) to work on /home/airflow/.local/lib/python3.12/site-packages/airflow/example_dags/example_branch_datetime_operator.py
[2024-11-28T14:24:54.289+0000] {processor.py:914} INFO - Processing file /home/airflow/.local/lib/python3.12/site-packages/airflow/example_dags/example_branch_datetime_operator.py for tasks to queue
[2024-11-28T14:24:54.292+0000] {logging_mixin.py:190} INFO - [2024-11-28T14:24:54.292+0000] {dagbag.py:588} INFO - Filling up the DagBag from /home/airflow/.local/lib/python3.12/site-packages/airflow/example_dags/example_branch_datetime_operator.py
[2024-11-28T14:24:54.305+0000] {processor.py:925} INFO - DAG(s) 'example_branch_datetime_operator_3', 'example_branch_datetime_operator_2', 'example_branch_datetime_operator' retrieved from /home/airflow/.local/lib/python3.12/site-packages/airflow/example_dags/example_branch_datetime_operator.py
[2024-11-28T14:24:54.330+0000] {logging_mixin.py:190} INFO - [2024-11-28T14:24:54.330+0000] {dag.py:3239} INFO - Sync 3 DAGs
[2024-11-28T14:24:54.364+0000] {logging_mixin.py:190} INFO - [2024-11-28T14:24:54.363+0000] {dag.py:4180} INFO - Setting next_dagrun for example_branch_datetime_operator to 2024-11-27 00:00:00+00:00, run_after=2024-11-28 00:00:00+00:00
[2024-11-28T14:24:54.371+0000] {logging_mixin.py:190} INFO - [2024-11-28T14:24:54.371+0000] {dag.py:4180} INFO - Setting next_dagrun for example_branch_datetime_operator_2 to 2024-11-27 00:00:00+00:00, run_after=2024-11-28 00:00:00+00:00
[2024-11-28T14:24:54.379+0000] {logging_mixin.py:190} INFO - [2024-11-28T14:24:54.378+0000] {dag.py:4180} INFO - Setting next_dagrun for example_branch_datetime_operator_3 to 2024-11-27 00:00:00+00:00, run_after=2024-11-28 00:00:00+00:00
[2024-11-28T14:24:54.407+0000] {processor.py:208} INFO - Processing /home/airflow/.local/lib/python3.12/site-packages/airflow/example_dags/example_branch_datetime_operator.py took 0.127 seconds
