[2024-11-28T14:22:16.393+0000] {processor.py:186} INFO - Started process (PID=110) to work on /home/airflow/.local/lib/python3.12/site-packages/airflow/example_dags/example_latest_only.py
[2024-11-28T14:22:16.394+0000] {processor.py:914} INFO - Processing file /home/airflow/.local/lib/python3.12/site-packages/airflow/example_dags/example_latest_only.py for tasks to queue
[2024-11-28T14:22:16.396+0000] {logging_mixin.py:190} INFO - [2024-11-28T14:22:16.396+0000] {dagbag.py:588} INFO - Filling up the DagBag from /home/airflow/.local/lib/python3.12/site-packages/airflow/example_dags/example_latest_only.py
[2024-11-28T14:22:16.403+0000] {processor.py:925} INFO - DAG(s) 'latest_only' retrieved from /home/airflow/.local/lib/python3.12/site-packages/airflow/example_dags/example_latest_only.py
[2024-11-28T14:22:16.494+0000] {logging_mixin.py:190} INFO - [2024-11-28T14:22:16.493+0000] {override.py:1911} INFO - Created Permission View: can delete on DAG:latest_only
[2024-11-28T14:22:16.502+0000] {logging_mixin.py:190} INFO - [2024-11-28T14:22:16.502+0000] {override.py:1911} INFO - Created Permission View: can read on DAG:latest_only
[2024-11-28T14:22:16.507+0000] {logging_mixin.py:190} INFO - [2024-11-28T14:22:16.506+0000] {override.py:1911} INFO - Created Permission View: can edit on DAG:latest_only
[2024-11-28T14:22:16.511+0000] {logging_mixin.py:190} INFO - [2024-11-28T14:22:16.510+0000] {override.py:1911} INFO - Created Permission View: can delete on DAG Run:latest_only
[2024-11-28T14:22:16.516+0000] {logging_mixin.py:190} INFO - [2024-11-28T14:22:16.515+0000] {override.py:1911} INFO - Created Permission View: can read on DAG Run:latest_only
[2024-11-28T14:22:16.520+0000] {logging_mixin.py:190} INFO - [2024-11-28T14:22:16.520+0000] {override.py:1911} INFO - Created Permission View: can create on DAG Run:latest_only
[2024-11-28T14:22:16.525+0000] {logging_mixin.py:190} INFO - [2024-11-28T14:22:16.524+0000] {override.py:1911} INFO - Created Permission View: menu access on DAG Run:latest_only
[2024-11-28T14:22:16.525+0000] {logging_mixin.py:190} INFO - [2024-11-28T14:22:16.525+0000] {dag.py:3239} INFO - Sync 1 DAGs
[2024-11-28T14:22:16.536+0000] {logging_mixin.py:190} INFO - [2024-11-28T14:22:16.536+0000] {dag.py:3262} INFO - Creating ORM DAG for latest_only
[2024-11-28T14:22:16.544+0000] {logging_mixin.py:190} INFO - [2024-11-28T14:22:16.543+0000] {dag.py:4180} INFO - Setting next_dagrun for latest_only to 2024-11-28 08:00:00+00:00, run_after=2024-11-28 12:00:00+00:00
[2024-11-28T14:22:16.557+0000] {processor.py:208} INFO - Processing /home/airflow/.local/lib/python3.12/site-packages/airflow/example_dags/example_latest_only.py took 0.169 seconds
[2024-11-28T14:22:46.726+0000] {processor.py:186} INFO - Started process (PID=172) to work on /home/airflow/.local/lib/python3.12/site-packages/airflow/example_dags/example_latest_only.py
[2024-11-28T14:22:46.728+0000] {processor.py:914} INFO - Processing file /home/airflow/.local/lib/python3.12/site-packages/airflow/example_dags/example_latest_only.py for tasks to queue
[2024-11-28T14:22:46.731+0000] {logging_mixin.py:190} INFO - [2024-11-28T14:22:46.731+0000] {dagbag.py:588} INFO - Filling up the DagBag from /home/airflow/.local/lib/python3.12/site-packages/airflow/example_dags/example_latest_only.py
[2024-11-28T14:22:46.738+0000] {processor.py:925} INFO - DAG(s) 'latest_only' retrieved from /home/airflow/.local/lib/python3.12/site-packages/airflow/example_dags/example_latest_only.py
[2024-11-28T14:22:46.755+0000] {logging_mixin.py:190} INFO - [2024-11-28T14:22:46.755+0000] {dag.py:3239} INFO - Sync 1 DAGs
[2024-11-28T14:22:46.776+0000] {logging_mixin.py:190} INFO - [2024-11-28T14:22:46.776+0000] {dag.py:4180} INFO - Setting next_dagrun for latest_only to 2024-11-28 08:00:00+00:00, run_after=2024-11-28 12:00:00+00:00
[2024-11-28T14:22:46.791+0000] {processor.py:208} INFO - Processing /home/airflow/.local/lib/python3.12/site-packages/airflow/example_dags/example_latest_only.py took 0.070 seconds
[2024-11-28T14:23:17.925+0000] {processor.py:186} INFO - Started process (PID=235) to work on /home/airflow/.local/lib/python3.12/site-packages/airflow/example_dags/example_latest_only.py
[2024-11-28T14:23:17.926+0000] {processor.py:914} INFO - Processing file /home/airflow/.local/lib/python3.12/site-packages/airflow/example_dags/example_latest_only.py for tasks to queue
[2024-11-28T14:23:17.929+0000] {logging_mixin.py:190} INFO - [2024-11-28T14:23:17.929+0000] {dagbag.py:588} INFO - Filling up the DagBag from /home/airflow/.local/lib/python3.12/site-packages/airflow/example_dags/example_latest_only.py
[2024-11-28T14:23:17.937+0000] {processor.py:925} INFO - DAG(s) 'latest_only' retrieved from /home/airflow/.local/lib/python3.12/site-packages/airflow/example_dags/example_latest_only.py
[2024-11-28T14:23:17.956+0000] {logging_mixin.py:190} INFO - [2024-11-28T14:23:17.956+0000] {dag.py:3239} INFO - Sync 1 DAGs
[2024-11-28T14:23:17.981+0000] {logging_mixin.py:190} INFO - [2024-11-28T14:23:17.980+0000] {dag.py:4180} INFO - Setting next_dagrun for latest_only to 2024-11-28 08:00:00+00:00, run_after=2024-11-28 12:00:00+00:00
[2024-11-28T14:23:18.094+0000] {processor.py:208} INFO - Processing /home/airflow/.local/lib/python3.12/site-packages/airflow/example_dags/example_latest_only.py took 0.176 seconds
[2024-11-28T14:23:48.823+0000] {processor.py:186} INFO - Started process (PID=298) to work on /home/airflow/.local/lib/python3.12/site-packages/airflow/example_dags/example_latest_only.py
[2024-11-28T14:23:48.823+0000] {processor.py:914} INFO - Processing file /home/airflow/.local/lib/python3.12/site-packages/airflow/example_dags/example_latest_only.py for tasks to queue
[2024-11-28T14:23:48.825+0000] {logging_mixin.py:190} INFO - [2024-11-28T14:23:48.825+0000] {dagbag.py:588} INFO - Filling up the DagBag from /home/airflow/.local/lib/python3.12/site-packages/airflow/example_dags/example_latest_only.py
[2024-11-28T14:23:48.831+0000] {processor.py:925} INFO - DAG(s) 'latest_only' retrieved from /home/airflow/.local/lib/python3.12/site-packages/airflow/example_dags/example_latest_only.py
[2024-11-28T14:23:48.846+0000] {logging_mixin.py:190} INFO - [2024-11-28T14:23:48.846+0000] {dag.py:3239} INFO - Sync 1 DAGs
[2024-11-28T14:23:48.864+0000] {logging_mixin.py:190} INFO - [2024-11-28T14:23:48.864+0000] {dag.py:4180} INFO - Setting next_dagrun for latest_only to 2024-11-28 08:00:00+00:00, run_after=2024-11-28 12:00:00+00:00
[2024-11-28T14:23:48.883+0000] {processor.py:208} INFO - Processing /home/airflow/.local/lib/python3.12/site-packages/airflow/example_dags/example_latest_only.py took 0.066 seconds
[2024-11-28T14:24:22.067+0000] {processor.py:186} INFO - Started process (PID=361) to work on /home/airflow/.local/lib/python3.12/site-packages/airflow/example_dags/example_latest_only.py
[2024-11-28T14:24:22.076+0000] {processor.py:914} INFO - Processing file /home/airflow/.local/lib/python3.12/site-packages/airflow/example_dags/example_latest_only.py for tasks to queue
[2024-11-28T14:24:22.090+0000] {logging_mixin.py:190} INFO - [2024-11-28T14:24:22.090+0000] {dagbag.py:588} INFO - Filling up the DagBag from /home/airflow/.local/lib/python3.12/site-packages/airflow/example_dags/example_latest_only.py
[2024-11-28T14:24:22.104+0000] {processor.py:925} INFO - DAG(s) 'latest_only' retrieved from /home/airflow/.local/lib/python3.12/site-packages/airflow/example_dags/example_latest_only.py
[2024-11-28T14:24:22.141+0000] {logging_mixin.py:190} INFO - [2024-11-28T14:24:22.140+0000] {dag.py:3239} INFO - Sync 1 DAGs
[2024-11-28T14:24:22.301+0000] {logging_mixin.py:190} INFO - [2024-11-28T14:24:22.301+0000] {dag.py:4180} INFO - Setting next_dagrun for latest_only to 2024-11-28 08:00:00+00:00, run_after=2024-11-28 12:00:00+00:00
[2024-11-28T14:24:22.333+0000] {processor.py:208} INFO - Processing /home/airflow/.local/lib/python3.12/site-packages/airflow/example_dags/example_latest_only.py took 0.289 seconds
[2024-11-28T14:24:53.710+0000] {processor.py:186} INFO - Started process (PID=430) to work on /home/airflow/.local/lib/python3.12/site-packages/airflow/example_dags/example_latest_only.py
[2024-11-28T14:24:53.712+0000] {processor.py:914} INFO - Processing file /home/airflow/.local/lib/python3.12/site-packages/airflow/example_dags/example_latest_only.py for tasks to queue
[2024-11-28T14:24:53.717+0000] {logging_mixin.py:190} INFO - [2024-11-28T14:24:53.716+0000] {dagbag.py:588} INFO - Filling up the DagBag from /home/airflow/.local/lib/python3.12/site-packages/airflow/example_dags/example_latest_only.py
[2024-11-28T14:24:53.734+0000] {processor.py:925} INFO - DAG(s) 'latest_only' retrieved from /home/airflow/.local/lib/python3.12/site-packages/airflow/example_dags/example_latest_only.py
[2024-11-28T14:24:53.756+0000] {logging_mixin.py:190} INFO - [2024-11-28T14:24:53.756+0000] {dag.py:3239} INFO - Sync 1 DAGs
[2024-11-28T14:24:53.782+0000] {logging_mixin.py:190} INFO - [2024-11-28T14:24:53.781+0000] {dag.py:4180} INFO - Setting next_dagrun for latest_only to 2024-11-28 08:00:00+00:00, run_after=2024-11-28 12:00:00+00:00
[2024-11-28T14:24:53.802+0000] {processor.py:208} INFO - Processing /home/airflow/.local/lib/python3.12/site-packages/airflow/example_dags/example_latest_only.py took 0.097 seconds
