[2024-11-28T14:22:14.853+0000] {processor.py:186} INFO - Started process (PID=97) to work on /home/airflow/.local/lib/python3.12/site-packages/airflow/example_dags/example_external_task_marker_dag.py
[2024-11-28T14:22:14.855+0000] {processor.py:914} INFO - Processing file /home/airflow/.local/lib/python3.12/site-packages/airflow/example_dags/example_external_task_marker_dag.py for tasks to queue
[2024-11-28T14:22:14.858+0000] {logging_mixin.py:190} INFO - [2024-11-28T14:22:14.858+0000] {dagbag.py:588} INFO - Filling up the DagBag from /home/airflow/.local/lib/python3.12/site-packages/airflow/example_dags/example_external_task_marker_dag.py
[2024-11-28T14:22:14.870+0000] {processor.py:925} INFO - DAG(s) 'example_external_task_marker_child', 'example_external_task_marker_parent' retrieved from /home/airflow/.local/lib/python3.12/site-packages/airflow/example_dags/example_external_task_marker_dag.py
[2024-11-28T14:22:14.972+0000] {logging_mixin.py:190} INFO - [2024-11-28T14:22:14.971+0000] {override.py:1911} INFO - Created Permission View: can delete on DAG:example_external_task_marker_child
[2024-11-28T14:22:14.980+0000] {logging_mixin.py:190} INFO - [2024-11-28T14:22:14.980+0000] {override.py:1911} INFO - Created Permission View: can read on DAG:example_external_task_marker_child
[2024-11-28T14:22:14.984+0000] {logging_mixin.py:190} INFO - [2024-11-28T14:22:14.984+0000] {override.py:1911} INFO - Created Permission View: can edit on DAG:example_external_task_marker_child
[2024-11-28T14:22:14.989+0000] {logging_mixin.py:190} INFO - [2024-11-28T14:22:14.989+0000] {override.py:1911} INFO - Created Permission View: can delete on DAG Run:example_external_task_marker_child
[2024-11-28T14:22:14.993+0000] {logging_mixin.py:190} INFO - [2024-11-28T14:22:14.993+0000] {override.py:1911} INFO - Created Permission View: can read on DAG Run:example_external_task_marker_child
[2024-11-28T14:22:14.997+0000] {logging_mixin.py:190} INFO - [2024-11-28T14:22:14.997+0000] {override.py:1911} INFO - Created Permission View: can create on DAG Run:example_external_task_marker_child
[2024-11-28T14:22:15.001+0000] {logging_mixin.py:190} INFO - [2024-11-28T14:22:15.001+0000] {override.py:1911} INFO - Created Permission View: menu access on DAG Run:example_external_task_marker_child
[2024-11-28T14:22:15.011+0000] {logging_mixin.py:190} INFO - [2024-11-28T14:22:15.011+0000] {override.py:1911} INFO - Created Permission View: can delete on DAG:example_external_task_marker_parent
[2024-11-28T14:22:15.017+0000] {logging_mixin.py:190} INFO - [2024-11-28T14:22:15.017+0000] {override.py:1911} INFO - Created Permission View: can read on DAG:example_external_task_marker_parent
[2024-11-28T14:22:15.022+0000] {logging_mixin.py:190} INFO - [2024-11-28T14:22:15.022+0000] {override.py:1911} INFO - Created Permission View: can edit on DAG:example_external_task_marker_parent
[2024-11-28T14:22:15.028+0000] {logging_mixin.py:190} INFO - [2024-11-28T14:22:15.028+0000] {override.py:1911} INFO - Created Permission View: can delete on DAG Run:example_external_task_marker_parent
[2024-11-28T14:22:15.037+0000] {logging_mixin.py:190} INFO - [2024-11-28T14:22:15.037+0000] {override.py:1911} INFO - Created Permission View: can read on DAG Run:example_external_task_marker_parent
[2024-11-28T14:22:15.042+0000] {logging_mixin.py:190} INFO - [2024-11-28T14:22:15.042+0000] {override.py:1911} INFO - Created Permission View: can create on DAG Run:example_external_task_marker_parent
[2024-11-28T14:22:15.046+0000] {logging_mixin.py:190} INFO - [2024-11-28T14:22:15.046+0000] {override.py:1911} INFO - Created Permission View: menu access on DAG Run:example_external_task_marker_parent
[2024-11-28T14:22:15.047+0000] {logging_mixin.py:190} INFO - [2024-11-28T14:22:15.046+0000] {dag.py:3239} INFO - Sync 2 DAGs
[2024-11-28T14:22:15.058+0000] {logging_mixin.py:190} INFO - [2024-11-28T14:22:15.058+0000] {dag.py:3262} INFO - Creating ORM DAG for example_external_task_marker_child
[2024-11-28T14:22:15.059+0000] {logging_mixin.py:190} INFO - [2024-11-28T14:22:15.059+0000] {dag.py:3262} INFO - Creating ORM DAG for example_external_task_marker_parent
[2024-11-28T14:22:15.060+0000] {logging_mixin.py:190} INFO - [2024-11-28T14:22:15.060+0000] {dag.py:4180} INFO - Setting next_dagrun for example_external_task_marker_child to None, run_after=None
[2024-11-28T14:22:15.060+0000] {logging_mixin.py:190} INFO - [2024-11-28T14:22:15.060+0000] {dag.py:4180} INFO - Setting next_dagrun for example_external_task_marker_parent to None, run_after=None
[2024-11-28T14:22:15.073+0000] {processor.py:208} INFO - Processing /home/airflow/.local/lib/python3.12/site-packages/airflow/example_dags/example_external_task_marker_dag.py took 0.227 seconds
[2024-11-28T14:22:45.785+0000] {processor.py:186} INFO - Started process (PID=159) to work on /home/airflow/.local/lib/python3.12/site-packages/airflow/example_dags/example_external_task_marker_dag.py
[2024-11-28T14:22:45.786+0000] {processor.py:914} INFO - Processing file /home/airflow/.local/lib/python3.12/site-packages/airflow/example_dags/example_external_task_marker_dag.py for tasks to queue
[2024-11-28T14:22:45.787+0000] {logging_mixin.py:190} INFO - [2024-11-28T14:22:45.787+0000] {dagbag.py:588} INFO - Filling up the DagBag from /home/airflow/.local/lib/python3.12/site-packages/airflow/example_dags/example_external_task_marker_dag.py
[2024-11-28T14:22:45.793+0000] {processor.py:925} INFO - DAG(s) 'example_external_task_marker_child', 'example_external_task_marker_parent' retrieved from /home/airflow/.local/lib/python3.12/site-packages/airflow/example_dags/example_external_task_marker_dag.py
[2024-11-28T14:22:45.810+0000] {logging_mixin.py:190} INFO - [2024-11-28T14:22:45.810+0000] {dag.py:3239} INFO - Sync 2 DAGs
[2024-11-28T14:22:45.827+0000] {logging_mixin.py:190} INFO - [2024-11-28T14:22:45.827+0000] {dag.py:4180} INFO - Setting next_dagrun for example_external_task_marker_child to None, run_after=None
[2024-11-28T14:22:45.831+0000] {logging_mixin.py:190} INFO - [2024-11-28T14:22:45.831+0000] {dag.py:4180} INFO - Setting next_dagrun for example_external_task_marker_parent to None, run_after=None
[2024-11-28T14:22:45.843+0000] {processor.py:208} INFO - Processing /home/airflow/.local/lib/python3.12/site-packages/airflow/example_dags/example_external_task_marker_dag.py took 0.062 seconds
[2024-11-28T14:23:16.066+0000] {processor.py:186} INFO - Started process (PID=221) to work on /home/airflow/.local/lib/python3.12/site-packages/airflow/example_dags/example_external_task_marker_dag.py
[2024-11-28T14:23:16.067+0000] {processor.py:914} INFO - Processing file /home/airflow/.local/lib/python3.12/site-packages/airflow/example_dags/example_external_task_marker_dag.py for tasks to queue
[2024-11-28T14:23:16.070+0000] {logging_mixin.py:190} INFO - [2024-11-28T14:23:16.069+0000] {dagbag.py:588} INFO - Filling up the DagBag from /home/airflow/.local/lib/python3.12/site-packages/airflow/example_dags/example_external_task_marker_dag.py
[2024-11-28T14:23:16.078+0000] {processor.py:925} INFO - DAG(s) 'example_external_task_marker_parent', 'example_external_task_marker_child' retrieved from /home/airflow/.local/lib/python3.12/site-packages/airflow/example_dags/example_external_task_marker_dag.py
[2024-11-28T14:23:16.102+0000] {logging_mixin.py:190} INFO - [2024-11-28T14:23:16.102+0000] {dag.py:3239} INFO - Sync 2 DAGs
[2024-11-28T14:23:16.118+0000] {logging_mixin.py:190} INFO - [2024-11-28T14:23:16.117+0000] {dag.py:4180} INFO - Setting next_dagrun for example_external_task_marker_child to None, run_after=None
[2024-11-28T14:23:16.122+0000] {logging_mixin.py:190} INFO - [2024-11-28T14:23:16.122+0000] {dag.py:4180} INFO - Setting next_dagrun for example_external_task_marker_parent to None, run_after=None
[2024-11-28T14:23:16.137+0000] {processor.py:208} INFO - Processing /home/airflow/.local/lib/python3.12/site-packages/airflow/example_dags/example_external_task_marker_dag.py took 0.077 seconds
[2024-11-28T14:23:47.731+0000] {processor.py:186} INFO - Started process (PID=284) to work on /home/airflow/.local/lib/python3.12/site-packages/airflow/example_dags/example_external_task_marker_dag.py
[2024-11-28T14:23:47.733+0000] {processor.py:914} INFO - Processing file /home/airflow/.local/lib/python3.12/site-packages/airflow/example_dags/example_external_task_marker_dag.py for tasks to queue
[2024-11-28T14:23:47.741+0000] {logging_mixin.py:190} INFO - [2024-11-28T14:23:47.740+0000] {dagbag.py:588} INFO - Filling up the DagBag from /home/airflow/.local/lib/python3.12/site-packages/airflow/example_dags/example_external_task_marker_dag.py
[2024-11-28T14:23:47.759+0000] {processor.py:925} INFO - DAG(s) 'example_external_task_marker_child', 'example_external_task_marker_parent' retrieved from /home/airflow/.local/lib/python3.12/site-packages/airflow/example_dags/example_external_task_marker_dag.py
[2024-11-28T14:23:47.802+0000] {logging_mixin.py:190} INFO - [2024-11-28T14:23:47.802+0000] {dag.py:3239} INFO - Sync 2 DAGs
[2024-11-28T14:23:47.820+0000] {logging_mixin.py:190} INFO - [2024-11-28T14:23:47.820+0000] {dag.py:4180} INFO - Setting next_dagrun for example_external_task_marker_child to None, run_after=None
[2024-11-28T14:23:47.825+0000] {logging_mixin.py:190} INFO - [2024-11-28T14:23:47.825+0000] {dag.py:4180} INFO - Setting next_dagrun for example_external_task_marker_parent to None, run_after=None
[2024-11-28T14:23:47.845+0000] {processor.py:208} INFO - Processing /home/airflow/.local/lib/python3.12/site-packages/airflow/example_dags/example_external_task_marker_dag.py took 0.124 seconds
[2024-11-28T14:24:20.053+0000] {processor.py:186} INFO - Started process (PID=348) to work on /home/airflow/.local/lib/python3.12/site-packages/airflow/example_dags/example_external_task_marker_dag.py
[2024-11-28T14:24:20.055+0000] {processor.py:914} INFO - Processing file /home/airflow/.local/lib/python3.12/site-packages/airflow/example_dags/example_external_task_marker_dag.py for tasks to queue
[2024-11-28T14:24:20.057+0000] {logging_mixin.py:190} INFO - [2024-11-28T14:24:20.057+0000] {dagbag.py:588} INFO - Filling up the DagBag from /home/airflow/.local/lib/python3.12/site-packages/airflow/example_dags/example_external_task_marker_dag.py
[2024-11-28T14:24:20.073+0000] {processor.py:925} INFO - DAG(s) 'example_external_task_marker_parent', 'example_external_task_marker_child' retrieved from /home/airflow/.local/lib/python3.12/site-packages/airflow/example_dags/example_external_task_marker_dag.py
[2024-11-28T14:24:20.116+0000] {logging_mixin.py:190} INFO - [2024-11-28T14:24:20.115+0000] {dag.py:3239} INFO - Sync 2 DAGs
[2024-11-28T14:24:20.136+0000] {logging_mixin.py:190} INFO - [2024-11-28T14:24:20.136+0000] {dag.py:4180} INFO - Setting next_dagrun for example_external_task_marker_child to None, run_after=None
[2024-11-28T14:24:20.142+0000] {logging_mixin.py:190} INFO - [2024-11-28T14:24:20.142+0000] {dag.py:4180} INFO - Setting next_dagrun for example_external_task_marker_parent to None, run_after=None
[2024-11-28T14:24:20.166+0000] {processor.py:208} INFO - Processing /home/airflow/.local/lib/python3.12/site-packages/airflow/example_dags/example_external_task_marker_dag.py took 0.121 seconds
[2024-11-28T14:24:52.232+0000] {processor.py:186} INFO - Started process (PID=411) to work on /home/airflow/.local/lib/python3.12/site-packages/airflow/example_dags/example_external_task_marker_dag.py
[2024-11-28T14:24:52.234+0000] {processor.py:914} INFO - Processing file /home/airflow/.local/lib/python3.12/site-packages/airflow/example_dags/example_external_task_marker_dag.py for tasks to queue
[2024-11-28T14:24:52.242+0000] {logging_mixin.py:190} INFO - [2024-11-28T14:24:52.241+0000] {dagbag.py:588} INFO - Filling up the DagBag from /home/airflow/.local/lib/python3.12/site-packages/airflow/example_dags/example_external_task_marker_dag.py
[2024-11-28T14:24:52.273+0000] {processor.py:925} INFO - DAG(s) 'example_external_task_marker_child', 'example_external_task_marker_parent' retrieved from /home/airflow/.local/lib/python3.12/site-packages/airflow/example_dags/example_external_task_marker_dag.py
[2024-11-28T14:24:52.334+0000] {logging_mixin.py:190} INFO - [2024-11-28T14:24:52.333+0000] {dag.py:3239} INFO - Sync 2 DAGs
[2024-11-28T14:24:52.370+0000] {logging_mixin.py:190} INFO - [2024-11-28T14:24:52.369+0000] {dag.py:4180} INFO - Setting next_dagrun for example_external_task_marker_child to None, run_after=None
[2024-11-28T14:24:52.381+0000] {logging_mixin.py:190} INFO - [2024-11-28T14:24:52.380+0000] {dag.py:4180} INFO - Setting next_dagrun for example_external_task_marker_parent to None, run_after=None
[2024-11-28T14:24:52.422+0000] {processor.py:208} INFO - Processing /home/airflow/.local/lib/python3.12/site-packages/airflow/example_dags/example_external_task_marker_dag.py took 0.211 seconds
