[2024-11-28T14:22:13.430+0000] {processor.py:186} INFO - Started process (PID=86) to work on /home/airflow/.local/lib/python3.12/site-packages/airflow/example_dags/example_nested_branch_dag.py
[2024-11-28T14:22:13.431+0000] {processor.py:914} INFO - Processing file /home/airflow/.local/lib/python3.12/site-packages/airflow/example_dags/example_nested_branch_dag.py for tasks to queue
[2024-11-28T14:22:13.435+0000] {logging_mixin.py:190} INFO - [2024-11-28T14:22:13.434+0000] {dagbag.py:588} INFO - Filling up the DagBag from /home/airflow/.local/lib/python3.12/site-packages/airflow/example_dags/example_nested_branch_dag.py
[2024-11-28T14:22:13.448+0000] {processor.py:925} INFO - DAG(s) 'example_nested_branch_dag' retrieved from /home/airflow/.local/lib/python3.12/site-packages/airflow/example_dags/example_nested_branch_dag.py
[2024-11-28T14:22:13.556+0000] {logging_mixin.py:190} INFO - [2024-11-28T14:22:13.555+0000] {override.py:1911} INFO - Created Permission View: can delete on DAG:example_nested_branch_dag
[2024-11-28T14:22:13.563+0000] {logging_mixin.py:190} INFO - [2024-11-28T14:22:13.562+0000] {override.py:1911} INFO - Created Permission View: can read on DAG:example_nested_branch_dag
[2024-11-28T14:22:13.567+0000] {logging_mixin.py:190} INFO - [2024-11-28T14:22:13.567+0000] {override.py:1911} INFO - Created Permission View: can edit on DAG:example_nested_branch_dag
[2024-11-28T14:22:13.571+0000] {logging_mixin.py:190} INFO - [2024-11-28T14:22:13.570+0000] {override.py:1911} INFO - Created Permission View: can delete on DAG Run:example_nested_branch_dag
[2024-11-28T14:22:13.575+0000] {logging_mixin.py:190} INFO - [2024-11-28T14:22:13.575+0000] {override.py:1911} INFO - Created Permission View: can read on DAG Run:example_nested_branch_dag
[2024-11-28T14:22:13.580+0000] {logging_mixin.py:190} INFO - [2024-11-28T14:22:13.579+0000] {override.py:1911} INFO - Created Permission View: can create on DAG Run:example_nested_branch_dag
[2024-11-28T14:22:13.584+0000] {logging_mixin.py:190} INFO - [2024-11-28T14:22:13.584+0000] {override.py:1911} INFO - Created Permission View: menu access on DAG Run:example_nested_branch_dag
[2024-11-28T14:22:13.585+0000] {logging_mixin.py:190} INFO - [2024-11-28T14:22:13.585+0000] {dag.py:3239} INFO - Sync 1 DAGs
[2024-11-28T14:22:13.595+0000] {logging_mixin.py:190} INFO - [2024-11-28T14:22:13.595+0000] {dag.py:3262} INFO - Creating ORM DAG for example_nested_branch_dag
[2024-11-28T14:22:13.604+0000] {logging_mixin.py:190} INFO - [2024-11-28T14:22:13.603+0000] {dag.py:4180} INFO - Setting next_dagrun for example_nested_branch_dag to 2024-11-27 00:00:00+00:00, run_after=2024-11-28 00:00:00+00:00
[2024-11-28T14:22:13.616+0000] {processor.py:208} INFO - Processing /home/airflow/.local/lib/python3.12/site-packages/airflow/example_dags/example_nested_branch_dag.py took 0.192 seconds
[2024-11-28T14:22:43.913+0000] {processor.py:186} INFO - Started process (PID=148) to work on /home/airflow/.local/lib/python3.12/site-packages/airflow/example_dags/example_nested_branch_dag.py
[2024-11-28T14:22:43.914+0000] {processor.py:914} INFO - Processing file /home/airflow/.local/lib/python3.12/site-packages/airflow/example_dags/example_nested_branch_dag.py for tasks to queue
[2024-11-28T14:22:43.917+0000] {logging_mixin.py:190} INFO - [2024-11-28T14:22:43.916+0000] {dagbag.py:588} INFO - Filling up the DagBag from /home/airflow/.local/lib/python3.12/site-packages/airflow/example_dags/example_nested_branch_dag.py
[2024-11-28T14:22:43.929+0000] {processor.py:925} INFO - DAG(s) 'example_nested_branch_dag' retrieved from /home/airflow/.local/lib/python3.12/site-packages/airflow/example_dags/example_nested_branch_dag.py
[2024-11-28T14:22:43.948+0000] {logging_mixin.py:190} INFO - [2024-11-28T14:22:43.948+0000] {dag.py:3239} INFO - Sync 1 DAGs
[2024-11-28T14:22:43.979+0000] {logging_mixin.py:190} INFO - [2024-11-28T14:22:43.979+0000] {dag.py:4180} INFO - Setting next_dagrun for example_nested_branch_dag to 2024-11-27 00:00:00+00:00, run_after=2024-11-28 00:00:00+00:00
[2024-11-28T14:22:44.001+0000] {processor.py:208} INFO - Processing /home/airflow/.local/lib/python3.12/site-packages/airflow/example_dags/example_nested_branch_dag.py took 0.093 seconds
[2024-11-28T14:23:15.351+0000] {processor.py:186} INFO - Started process (PID=211) to work on /home/airflow/.local/lib/python3.12/site-packages/airflow/example_dags/example_nested_branch_dag.py
[2024-11-28T14:23:15.352+0000] {processor.py:914} INFO - Processing file /home/airflow/.local/lib/python3.12/site-packages/airflow/example_dags/example_nested_branch_dag.py for tasks to queue
[2024-11-28T14:23:15.354+0000] {logging_mixin.py:190} INFO - [2024-11-28T14:23:15.353+0000] {dagbag.py:588} INFO - Filling up the DagBag from /home/airflow/.local/lib/python3.12/site-packages/airflow/example_dags/example_nested_branch_dag.py
[2024-11-28T14:23:15.362+0000] {processor.py:925} INFO - DAG(s) 'example_nested_branch_dag' retrieved from /home/airflow/.local/lib/python3.12/site-packages/airflow/example_dags/example_nested_branch_dag.py
[2024-11-28T14:23:15.378+0000] {logging_mixin.py:190} INFO - [2024-11-28T14:23:15.378+0000] {dag.py:3239} INFO - Sync 1 DAGs
[2024-11-28T14:23:15.395+0000] {logging_mixin.py:190} INFO - [2024-11-28T14:23:15.395+0000] {dag.py:4180} INFO - Setting next_dagrun for example_nested_branch_dag to 2024-11-27 00:00:00+00:00, run_after=2024-11-28 00:00:00+00:00
[2024-11-28T14:23:15.408+0000] {processor.py:208} INFO - Processing /home/airflow/.local/lib/python3.12/site-packages/airflow/example_dags/example_nested_branch_dag.py took 0.063 seconds
[2024-11-28T14:23:46.719+0000] {processor.py:186} INFO - Started process (PID=274) to work on /home/airflow/.local/lib/python3.12/site-packages/airflow/example_dags/example_nested_branch_dag.py
[2024-11-28T14:23:46.728+0000] {processor.py:914} INFO - Processing file /home/airflow/.local/lib/python3.12/site-packages/airflow/example_dags/example_nested_branch_dag.py for tasks to queue
[2024-11-28T14:23:46.733+0000] {logging_mixin.py:190} INFO - [2024-11-28T14:23:46.732+0000] {dagbag.py:588} INFO - Filling up the DagBag from /home/airflow/.local/lib/python3.12/site-packages/airflow/example_dags/example_nested_branch_dag.py
[2024-11-28T14:23:46.756+0000] {processor.py:925} INFO - DAG(s) 'example_nested_branch_dag' retrieved from /home/airflow/.local/lib/python3.12/site-packages/airflow/example_dags/example_nested_branch_dag.py
[2024-11-28T14:23:46.798+0000] {logging_mixin.py:190} INFO - [2024-11-28T14:23:46.797+0000] {dag.py:3239} INFO - Sync 1 DAGs
[2024-11-28T14:23:46.834+0000] {logging_mixin.py:190} INFO - [2024-11-28T14:23:46.834+0000] {dag.py:4180} INFO - Setting next_dagrun for example_nested_branch_dag to 2024-11-27 00:00:00+00:00, run_after=2024-11-28 00:00:00+00:00
[2024-11-28T14:23:46.858+0000] {processor.py:208} INFO - Processing /home/airflow/.local/lib/python3.12/site-packages/airflow/example_dags/example_nested_branch_dag.py took 0.163 seconds
[2024-11-28T14:24:19.220+0000] {processor.py:186} INFO - Started process (PID=337) to work on /home/airflow/.local/lib/python3.12/site-packages/airflow/example_dags/example_nested_branch_dag.py
[2024-11-28T14:24:19.222+0000] {processor.py:914} INFO - Processing file /home/airflow/.local/lib/python3.12/site-packages/airflow/example_dags/example_nested_branch_dag.py for tasks to queue
[2024-11-28T14:24:19.224+0000] {logging_mixin.py:190} INFO - [2024-11-28T14:24:19.224+0000] {dagbag.py:588} INFO - Filling up the DagBag from /home/airflow/.local/lib/python3.12/site-packages/airflow/example_dags/example_nested_branch_dag.py
[2024-11-28T14:24:19.238+0000] {processor.py:925} INFO - DAG(s) 'example_nested_branch_dag' retrieved from /home/airflow/.local/lib/python3.12/site-packages/airflow/example_dags/example_nested_branch_dag.py
[2024-11-28T14:24:19.276+0000] {logging_mixin.py:190} INFO - [2024-11-28T14:24:19.275+0000] {dag.py:3239} INFO - Sync 1 DAGs
[2024-11-28T14:24:19.332+0000] {logging_mixin.py:190} INFO - [2024-11-28T14:24:19.331+0000] {dag.py:4180} INFO - Setting next_dagrun for example_nested_branch_dag to 2024-11-27 00:00:00+00:00, run_after=2024-11-28 00:00:00+00:00
[2024-11-28T14:24:19.353+0000] {processor.py:208} INFO - Processing /home/airflow/.local/lib/python3.12/site-packages/airflow/example_dags/example_nested_branch_dag.py took 0.141 seconds
[2024-11-28T14:24:51.109+0000] {processor.py:186} INFO - Started process (PID=400) to work on /home/airflow/.local/lib/python3.12/site-packages/airflow/example_dags/example_nested_branch_dag.py
[2024-11-28T14:24:51.110+0000] {processor.py:914} INFO - Processing file /home/airflow/.local/lib/python3.12/site-packages/airflow/example_dags/example_nested_branch_dag.py for tasks to queue
[2024-11-28T14:24:51.113+0000] {logging_mixin.py:190} INFO - [2024-11-28T14:24:51.112+0000] {dagbag.py:588} INFO - Filling up the DagBag from /home/airflow/.local/lib/python3.12/site-packages/airflow/example_dags/example_nested_branch_dag.py
[2024-11-28T14:24:51.127+0000] {processor.py:925} INFO - DAG(s) 'example_nested_branch_dag' retrieved from /home/airflow/.local/lib/python3.12/site-packages/airflow/example_dags/example_nested_branch_dag.py
[2024-11-28T14:24:51.154+0000] {logging_mixin.py:190} INFO - [2024-11-28T14:24:51.154+0000] {dag.py:3239} INFO - Sync 1 DAGs
[2024-11-28T14:24:51.185+0000] {logging_mixin.py:190} INFO - [2024-11-28T14:24:51.185+0000] {dag.py:4180} INFO - Setting next_dagrun for example_nested_branch_dag to 2024-11-27 00:00:00+00:00, run_after=2024-11-28 00:00:00+00:00
[2024-11-28T14:24:51.205+0000] {processor.py:208} INFO - Processing /home/airflow/.local/lib/python3.12/site-packages/airflow/example_dags/example_nested_branch_dag.py took 0.102 seconds
