[2024-11-28T14:22:14.142+0000] {processor.py:186} INFO - Started process (PID=92) to work on /home/airflow/.local/lib/python3.12/site-packages/airflow/example_dags/example_bash_operator.py
[2024-11-28T14:22:14.143+0000] {processor.py:914} INFO - Processing file /home/airflow/.local/lib/python3.12/site-packages/airflow/example_dags/example_bash_operator.py for tasks to queue
[2024-11-28T14:22:14.145+0000] {logging_mixin.py:190} INFO - [2024-11-28T14:22:14.145+0000] {dagbag.py:588} INFO - Filling up the DagBag from /home/airflow/.local/lib/python3.12/site-packages/airflow/example_dags/example_bash_operator.py
[2024-11-28T14:22:14.159+0000] {processor.py:925} INFO - DAG(s) 'example_bash_operator' retrieved from /home/airflow/.local/lib/python3.12/site-packages/airflow/example_dags/example_bash_operator.py
[2024-11-28T14:22:14.253+0000] {logging_mixin.py:190} INFO - [2024-11-28T14:22:14.252+0000] {override.py:1911} INFO - Created Permission View: can delete on DAG:example_bash_operator
[2024-11-28T14:22:14.263+0000] {logging_mixin.py:190} INFO - [2024-11-28T14:22:14.263+0000] {override.py:1911} INFO - Created Permission View: can read on DAG:example_bash_operator
[2024-11-28T14:22:14.268+0000] {logging_mixin.py:190} INFO - [2024-11-28T14:22:14.268+0000] {override.py:1911} INFO - Created Permission View: can edit on DAG:example_bash_operator
[2024-11-28T14:22:14.273+0000] {logging_mixin.py:190} INFO - [2024-11-28T14:22:14.273+0000] {override.py:1911} INFO - Created Permission View: can delete on DAG Run:example_bash_operator
[2024-11-28T14:22:14.278+0000] {logging_mixin.py:190} INFO - [2024-11-28T14:22:14.277+0000] {override.py:1911} INFO - Created Permission View: can read on DAG Run:example_bash_operator
[2024-11-28T14:22:14.282+0000] {logging_mixin.py:190} INFO - [2024-11-28T14:22:14.282+0000] {override.py:1911} INFO - Created Permission View: can create on DAG Run:example_bash_operator
[2024-11-28T14:22:14.286+0000] {logging_mixin.py:190} INFO - [2024-11-28T14:22:14.286+0000] {override.py:1911} INFO - Created Permission View: menu access on DAG Run:example_bash_operator
[2024-11-28T14:22:14.287+0000] {logging_mixin.py:190} INFO - [2024-11-28T14:22:14.287+0000] {dag.py:3239} INFO - Sync 1 DAGs
[2024-11-28T14:22:14.297+0000] {logging_mixin.py:190} INFO - [2024-11-28T14:22:14.297+0000] {dag.py:3262} INFO - Creating ORM DAG for example_bash_operator
[2024-11-28T14:22:14.310+0000] {logging_mixin.py:190} INFO - [2024-11-28T14:22:14.309+0000] {dag.py:4180} INFO - Setting next_dagrun for example_bash_operator to 2024-11-27 00:00:00+00:00, run_after=2024-11-28 00:00:00+00:00
[2024-11-28T14:22:14.326+0000] {processor.py:208} INFO - Processing /home/airflow/.local/lib/python3.12/site-packages/airflow/example_dags/example_bash_operator.py took 0.188 seconds
[2024-11-28T14:22:44.575+0000] {processor.py:186} INFO - Started process (PID=154) to work on /home/airflow/.local/lib/python3.12/site-packages/airflow/example_dags/example_bash_operator.py
[2024-11-28T14:22:44.578+0000] {processor.py:914} INFO - Processing file /home/airflow/.local/lib/python3.12/site-packages/airflow/example_dags/example_bash_operator.py for tasks to queue
[2024-11-28T14:22:44.580+0000] {logging_mixin.py:190} INFO - [2024-11-28T14:22:44.580+0000] {dagbag.py:588} INFO - Filling up the DagBag from /home/airflow/.local/lib/python3.12/site-packages/airflow/example_dags/example_bash_operator.py
[2024-11-28T14:22:44.592+0000] {processor.py:925} INFO - DAG(s) 'example_bash_operator' retrieved from /home/airflow/.local/lib/python3.12/site-packages/airflow/example_dags/example_bash_operator.py
[2024-11-28T14:22:44.610+0000] {logging_mixin.py:190} INFO - [2024-11-28T14:22:44.610+0000] {dag.py:3239} INFO - Sync 1 DAGs
[2024-11-28T14:22:44.628+0000] {logging_mixin.py:190} INFO - [2024-11-28T14:22:44.627+0000] {dag.py:4180} INFO - Setting next_dagrun for example_bash_operator to 2024-11-27 00:00:00+00:00, run_after=2024-11-28 00:00:00+00:00
[2024-11-28T14:22:44.640+0000] {processor.py:208} INFO - Processing /home/airflow/.local/lib/python3.12/site-packages/airflow/example_dags/example_bash_operator.py took 0.069 seconds
[2024-11-28T14:23:15.736+0000] {processor.py:186} INFO - Started process (PID=217) to work on /home/airflow/.local/lib/python3.12/site-packages/airflow/example_dags/example_bash_operator.py
[2024-11-28T14:23:15.741+0000] {processor.py:914} INFO - Processing file /home/airflow/.local/lib/python3.12/site-packages/airflow/example_dags/example_bash_operator.py for tasks to queue
[2024-11-28T14:23:15.749+0000] {logging_mixin.py:190} INFO - [2024-11-28T14:23:15.748+0000] {dagbag.py:588} INFO - Filling up the DagBag from /home/airflow/.local/lib/python3.12/site-packages/airflow/example_dags/example_bash_operator.py
[2024-11-28T14:23:15.778+0000] {processor.py:925} INFO - DAG(s) 'example_bash_operator' retrieved from /home/airflow/.local/lib/python3.12/site-packages/airflow/example_dags/example_bash_operator.py
[2024-11-28T14:23:15.819+0000] {logging_mixin.py:190} INFO - [2024-11-28T14:23:15.819+0000] {dag.py:3239} INFO - Sync 1 DAGs
[2024-11-28T14:23:15.851+0000] {logging_mixin.py:190} INFO - [2024-11-28T14:23:15.850+0000] {dag.py:4180} INFO - Setting next_dagrun for example_bash_operator to 2024-11-27 00:00:00+00:00, run_after=2024-11-28 00:00:00+00:00
[2024-11-28T14:23:15.889+0000] {processor.py:208} INFO - Processing /home/airflow/.local/lib/python3.12/site-packages/airflow/example_dags/example_bash_operator.py took 0.211 seconds
[2024-11-28T14:23:47.316+0000] {processor.py:186} INFO - Started process (PID=280) to work on /home/airflow/.local/lib/python3.12/site-packages/airflow/example_dags/example_bash_operator.py
[2024-11-28T14:23:47.319+0000] {processor.py:914} INFO - Processing file /home/airflow/.local/lib/python3.12/site-packages/airflow/example_dags/example_bash_operator.py for tasks to queue
[2024-11-28T14:23:47.326+0000] {logging_mixin.py:190} INFO - [2024-11-28T14:23:47.325+0000] {dagbag.py:588} INFO - Filling up the DagBag from /home/airflow/.local/lib/python3.12/site-packages/airflow/example_dags/example_bash_operator.py
[2024-11-28T14:23:47.355+0000] {processor.py:925} INFO - DAG(s) 'example_bash_operator' retrieved from /home/airflow/.local/lib/python3.12/site-packages/airflow/example_dags/example_bash_operator.py
[2024-11-28T14:23:47.405+0000] {logging_mixin.py:190} INFO - [2024-11-28T14:23:47.405+0000] {dag.py:3239} INFO - Sync 1 DAGs
[2024-11-28T14:23:47.461+0000] {logging_mixin.py:190} INFO - [2024-11-28T14:23:47.460+0000] {dag.py:4180} INFO - Setting next_dagrun for example_bash_operator to 2024-11-27 00:00:00+00:00, run_after=2024-11-28 00:00:00+00:00
[2024-11-28T14:23:47.493+0000] {processor.py:208} INFO - Processing /home/airflow/.local/lib/python3.12/site-packages/airflow/example_dags/example_bash_operator.py took 0.193 seconds
[2024-11-28T14:24:19.637+0000] {processor.py:186} INFO - Started process (PID=343) to work on /home/airflow/.local/lib/python3.12/site-packages/airflow/example_dags/example_bash_operator.py
[2024-11-28T14:24:19.638+0000] {processor.py:914} INFO - Processing file /home/airflow/.local/lib/python3.12/site-packages/airflow/example_dags/example_bash_operator.py for tasks to queue
[2024-11-28T14:24:19.639+0000] {logging_mixin.py:190} INFO - [2024-11-28T14:24:19.639+0000] {dagbag.py:588} INFO - Filling up the DagBag from /home/airflow/.local/lib/python3.12/site-packages/airflow/example_dags/example_bash_operator.py
[2024-11-28T14:24:19.649+0000] {processor.py:925} INFO - DAG(s) 'example_bash_operator' retrieved from /home/airflow/.local/lib/python3.12/site-packages/airflow/example_dags/example_bash_operator.py
[2024-11-28T14:24:19.671+0000] {logging_mixin.py:190} INFO - [2024-11-28T14:24:19.670+0000] {dag.py:3239} INFO - Sync 1 DAGs
[2024-11-28T14:24:19.717+0000] {logging_mixin.py:190} INFO - [2024-11-28T14:24:19.717+0000] {dag.py:4180} INFO - Setting next_dagrun for example_bash_operator to 2024-11-27 00:00:00+00:00, run_after=2024-11-28 00:00:00+00:00
[2024-11-28T14:24:19.734+0000] {processor.py:208} INFO - Processing /home/airflow/.local/lib/python3.12/site-packages/airflow/example_dags/example_bash_operator.py took 0.102 seconds
[2024-11-28T14:24:51.597+0000] {processor.py:186} INFO - Started process (PID=406) to work on /home/airflow/.local/lib/python3.12/site-packages/airflow/example_dags/example_bash_operator.py
[2024-11-28T14:24:51.599+0000] {processor.py:914} INFO - Processing file /home/airflow/.local/lib/python3.12/site-packages/airflow/example_dags/example_bash_operator.py for tasks to queue
[2024-11-28T14:24:51.603+0000] {logging_mixin.py:190} INFO - [2024-11-28T14:24:51.603+0000] {dagbag.py:588} INFO - Filling up the DagBag from /home/airflow/.local/lib/python3.12/site-packages/airflow/example_dags/example_bash_operator.py
[2024-11-28T14:24:51.625+0000] {processor.py:925} INFO - DAG(s) 'example_bash_operator' retrieved from /home/airflow/.local/lib/python3.12/site-packages/airflow/example_dags/example_bash_operator.py
[2024-11-28T14:24:51.677+0000] {logging_mixin.py:190} INFO - [2024-11-28T14:24:51.676+0000] {dag.py:3239} INFO - Sync 1 DAGs
[2024-11-28T14:24:51.718+0000] {logging_mixin.py:190} INFO - [2024-11-28T14:24:51.717+0000] {dag.py:4180} INFO - Setting next_dagrun for example_bash_operator to 2024-11-27 00:00:00+00:00, run_after=2024-11-28 00:00:00+00:00
[2024-11-28T14:24:51.751+0000] {processor.py:208} INFO - Processing /home/airflow/.local/lib/python3.12/site-packages/airflow/example_dags/example_bash_operator.py took 0.169 seconds
