[2024-11-28T14:22:16.248+0000] {processor.py:186} INFO - Started process (PID=109) to work on /home/airflow/.local/lib/python3.12/site-packages/airflow/example_dags/tutorial.py
[2024-11-28T14:22:16.249+0000] {processor.py:914} INFO - Processing file /home/airflow/.local/lib/python3.12/site-packages/airflow/example_dags/tutorial.py for tasks to queue
[2024-11-28T14:22:16.251+0000] {logging_mixin.py:190} INFO - [2024-11-28T14:22:16.251+0000] {dagbag.py:588} INFO - Filling up the DagBag from /home/airflow/.local/lib/python3.12/site-packages/airflow/example_dags/tutorial.py
[2024-11-28T14:22:16.259+0000] {processor.py:925} INFO - DAG(s) 'tutorial' retrieved from /home/airflow/.local/lib/python3.12/site-packages/airflow/example_dags/tutorial.py
[2024-11-28T14:22:16.354+0000] {logging_mixin.py:190} INFO - [2024-11-28T14:22:16.353+0000] {override.py:1911} INFO - Created Permission View: can delete on DAG:tutorial
[2024-11-28T14:22:16.362+0000] {logging_mixin.py:190} INFO - [2024-11-28T14:22:16.362+0000] {override.py:1911} INFO - Created Permission View: can read on DAG:tutorial
[2024-11-28T14:22:16.368+0000] {logging_mixin.py:190} INFO - [2024-11-28T14:22:16.367+0000] {override.py:1911} INFO - Created Permission View: can edit on DAG:tutorial
[2024-11-28T14:22:16.377+0000] {logging_mixin.py:190} INFO - [2024-11-28T14:22:16.377+0000] {override.py:1911} INFO - Created Permission View: can delete on DAG Run:tutorial
[2024-11-28T14:22:16.387+0000] {logging_mixin.py:190} INFO - [2024-11-28T14:22:16.386+0000] {override.py:1911} INFO - Created Permission View: can read on DAG Run:tutorial
[2024-11-28T14:22:16.392+0000] {logging_mixin.py:190} INFO - [2024-11-28T14:22:16.391+0000] {override.py:1911} INFO - Created Permission View: can create on DAG Run:tutorial
[2024-11-28T14:22:16.396+0000] {logging_mixin.py:190} INFO - [2024-11-28T14:22:16.396+0000] {override.py:1911} INFO - Created Permission View: menu access on DAG Run:tutorial
[2024-11-28T14:22:16.396+0000] {logging_mixin.py:190} INFO - [2024-11-28T14:22:16.396+0000] {dag.py:3239} INFO - Sync 1 DAGs
[2024-11-28T14:22:16.409+0000] {logging_mixin.py:190} INFO - [2024-11-28T14:22:16.409+0000] {dag.py:3262} INFO - Creating ORM DAG for tutorial
[2024-11-28T14:22:16.418+0000] {logging_mixin.py:190} INFO - [2024-11-28T14:22:16.418+0000] {dag.py:4180} INFO - Setting next_dagrun for tutorial to 2024-11-27 00:00:00+00:00, run_after=2024-11-28 00:00:00+00:00
[2024-11-28T14:22:16.431+0000] {processor.py:208} INFO - Processing /home/airflow/.local/lib/python3.12/site-packages/airflow/example_dags/tutorial.py took 0.188 seconds
[2024-11-28T14:22:46.642+0000] {processor.py:186} INFO - Started process (PID=171) to work on /home/airflow/.local/lib/python3.12/site-packages/airflow/example_dags/tutorial.py
[2024-11-28T14:22:46.644+0000] {processor.py:914} INFO - Processing file /home/airflow/.local/lib/python3.12/site-packages/airflow/example_dags/tutorial.py for tasks to queue
[2024-11-28T14:22:46.646+0000] {logging_mixin.py:190} INFO - [2024-11-28T14:22:46.646+0000] {dagbag.py:588} INFO - Filling up the DagBag from /home/airflow/.local/lib/python3.12/site-packages/airflow/example_dags/tutorial.py
[2024-11-28T14:22:46.655+0000] {processor.py:925} INFO - DAG(s) 'tutorial' retrieved from /home/airflow/.local/lib/python3.12/site-packages/airflow/example_dags/tutorial.py
[2024-11-28T14:22:46.675+0000] {logging_mixin.py:190} INFO - [2024-11-28T14:22:46.675+0000] {dag.py:3239} INFO - Sync 1 DAGs
[2024-11-28T14:22:46.699+0000] {logging_mixin.py:190} INFO - [2024-11-28T14:22:46.699+0000] {dag.py:4180} INFO - Setting next_dagrun for tutorial to 2024-11-27 00:00:00+00:00, run_after=2024-11-28 00:00:00+00:00
[2024-11-28T14:22:46.716+0000] {processor.py:208} INFO - Processing /home/airflow/.local/lib/python3.12/site-packages/airflow/example_dags/tutorial.py took 0.080 seconds
[2024-11-28T14:23:17.858+0000] {processor.py:186} INFO - Started process (PID=234) to work on /home/airflow/.local/lib/python3.12/site-packages/airflow/example_dags/tutorial.py
[2024-11-28T14:23:17.859+0000] {processor.py:914} INFO - Processing file /home/airflow/.local/lib/python3.12/site-packages/airflow/example_dags/tutorial.py for tasks to queue
[2024-11-28T14:23:17.861+0000] {logging_mixin.py:190} INFO - [2024-11-28T14:23:17.860+0000] {dagbag.py:588} INFO - Filling up the DagBag from /home/airflow/.local/lib/python3.12/site-packages/airflow/example_dags/tutorial.py
[2024-11-28T14:23:17.873+0000] {processor.py:925} INFO - DAG(s) 'tutorial' retrieved from /home/airflow/.local/lib/python3.12/site-packages/airflow/example_dags/tutorial.py
[2024-11-28T14:23:17.895+0000] {logging_mixin.py:190} INFO - [2024-11-28T14:23:17.894+0000] {dag.py:3239} INFO - Sync 1 DAGs
[2024-11-28T14:23:17.918+0000] {logging_mixin.py:190} INFO - [2024-11-28T14:23:17.918+0000] {dag.py:4180} INFO - Setting next_dagrun for tutorial to 2024-11-27 00:00:00+00:00, run_after=2024-11-28 00:00:00+00:00
[2024-11-28T14:23:17.936+0000] {processor.py:208} INFO - Processing /home/airflow/.local/lib/python3.12/site-packages/airflow/example_dags/tutorial.py took 0.084 seconds
[2024-11-28T14:23:48.753+0000] {processor.py:186} INFO - Started process (PID=297) to work on /home/airflow/.local/lib/python3.12/site-packages/airflow/example_dags/tutorial.py
[2024-11-28T14:23:48.754+0000] {processor.py:914} INFO - Processing file /home/airflow/.local/lib/python3.12/site-packages/airflow/example_dags/tutorial.py for tasks to queue
[2024-11-28T14:23:48.756+0000] {logging_mixin.py:190} INFO - [2024-11-28T14:23:48.756+0000] {dagbag.py:588} INFO - Filling up the DagBag from /home/airflow/.local/lib/python3.12/site-packages/airflow/example_dags/tutorial.py
[2024-11-28T14:23:48.762+0000] {processor.py:925} INFO - DAG(s) 'tutorial' retrieved from /home/airflow/.local/lib/python3.12/site-packages/airflow/example_dags/tutorial.py
[2024-11-28T14:23:48.777+0000] {logging_mixin.py:190} INFO - [2024-11-28T14:23:48.777+0000] {dag.py:3239} INFO - Sync 1 DAGs
[2024-11-28T14:23:48.793+0000] {logging_mixin.py:190} INFO - [2024-11-28T14:23:48.792+0000] {dag.py:4180} INFO - Setting next_dagrun for tutorial to 2024-11-27 00:00:00+00:00, run_after=2024-11-28 00:00:00+00:00
[2024-11-28T14:23:48.804+0000] {processor.py:208} INFO - Processing /home/airflow/.local/lib/python3.12/site-packages/airflow/example_dags/tutorial.py took 0.056 seconds
[2024-11-28T14:24:22.047+0000] {processor.py:186} INFO - Started process (PID=360) to work on /home/airflow/.local/lib/python3.12/site-packages/airflow/example_dags/tutorial.py
[2024-11-28T14:24:22.053+0000] {processor.py:914} INFO - Processing file /home/airflow/.local/lib/python3.12/site-packages/airflow/example_dags/tutorial.py for tasks to queue
[2024-11-28T14:24:22.071+0000] {logging_mixin.py:190} INFO - [2024-11-28T14:24:22.067+0000] {dagbag.py:588} INFO - Filling up the DagBag from /home/airflow/.local/lib/python3.12/site-packages/airflow/example_dags/tutorial.py
[2024-11-28T14:24:22.105+0000] {processor.py:925} INFO - DAG(s) 'tutorial' retrieved from /home/airflow/.local/lib/python3.12/site-packages/airflow/example_dags/tutorial.py
[2024-11-28T14:24:22.141+0000] {logging_mixin.py:190} INFO - [2024-11-28T14:24:22.140+0000] {dag.py:3239} INFO - Sync 1 DAGs
[2024-11-28T14:24:22.301+0000] {logging_mixin.py:190} INFO - [2024-11-28T14:24:22.301+0000] {dag.py:4180} INFO - Setting next_dagrun for tutorial to 2024-11-27 00:00:00+00:00, run_after=2024-11-28 00:00:00+00:00
[2024-11-28T14:24:22.333+0000] {processor.py:208} INFO - Processing /home/airflow/.local/lib/python3.12/site-packages/airflow/example_dags/tutorial.py took 0.306 seconds
[2024-11-28T14:24:53.705+0000] {processor.py:186} INFO - Started process (PID=429) to work on /home/airflow/.local/lib/python3.12/site-packages/airflow/example_dags/tutorial.py
[2024-11-28T14:24:53.706+0000] {processor.py:914} INFO - Processing file /home/airflow/.local/lib/python3.12/site-packages/airflow/example_dags/tutorial.py for tasks to queue
[2024-11-28T14:24:53.708+0000] {logging_mixin.py:190} INFO - [2024-11-28T14:24:53.707+0000] {dagbag.py:588} INFO - Filling up the DagBag from /home/airflow/.local/lib/python3.12/site-packages/airflow/example_dags/tutorial.py
[2024-11-28T14:24:53.717+0000] {processor.py:925} INFO - DAG(s) 'tutorial' retrieved from /home/airflow/.local/lib/python3.12/site-packages/airflow/example_dags/tutorial.py
[2024-11-28T14:24:53.738+0000] {logging_mixin.py:190} INFO - [2024-11-28T14:24:53.737+0000] {dag.py:3239} INFO - Sync 1 DAGs
[2024-11-28T14:24:53.762+0000] {logging_mixin.py:190} INFO - [2024-11-28T14:24:53.762+0000] {dag.py:4180} INFO - Setting next_dagrun for tutorial to 2024-11-27 00:00:00+00:00, run_after=2024-11-28 00:00:00+00:00
[2024-11-28T14:24:53.782+0000] {processor.py:208} INFO - Processing /home/airflow/.local/lib/python3.12/site-packages/airflow/example_dags/tutorial.py took 0.084 seconds
