[2024-11-28T14:22:17.341+0000] {processor.py:186} INFO - Started process (PID=119) to work on /home/airflow/.local/lib/python3.12/site-packages/airflow/example_dags/tutorial_taskflow_templates.py
[2024-11-28T14:22:17.345+0000] {processor.py:914} INFO - Processing file /home/airflow/.local/lib/python3.12/site-packages/airflow/example_dags/tutorial_taskflow_templates.py for tasks to queue
[2024-11-28T14:22:17.349+0000] {logging_mixin.py:190} INFO - [2024-11-28T14:22:17.348+0000] {dagbag.py:588} INFO - Filling up the DagBag from /home/airflow/.local/lib/python3.12/site-packages/airflow/example_dags/tutorial_taskflow_templates.py
[2024-11-28T14:22:17.371+0000] {processor.py:925} INFO - DAG(s) 'tutorial_taskflow_templates' retrieved from /home/airflow/.local/lib/python3.12/site-packages/airflow/example_dags/tutorial_taskflow_templates.py
[2024-11-28T14:22:17.470+0000] {logging_mixin.py:190} INFO - [2024-11-28T14:22:17.470+0000] {override.py:1911} INFO - Created Permission View: can delete on DAG:tutorial_taskflow_templates
[2024-11-28T14:22:17.479+0000] {logging_mixin.py:190} INFO - [2024-11-28T14:22:17.478+0000] {override.py:1911} INFO - Created Permission View: can read on DAG:tutorial_taskflow_templates
[2024-11-28T14:22:17.483+0000] {logging_mixin.py:190} INFO - [2024-11-28T14:22:17.483+0000] {override.py:1911} INFO - Created Permission View: can edit on DAG:tutorial_taskflow_templates
[2024-11-28T14:22:17.488+0000] {logging_mixin.py:190} INFO - [2024-11-28T14:22:17.488+0000] {override.py:1911} INFO - Created Permission View: can delete on DAG Run:tutorial_taskflow_templates
[2024-11-28T14:22:17.494+0000] {logging_mixin.py:190} INFO - [2024-11-28T14:22:17.494+0000] {override.py:1911} INFO - Created Permission View: can read on DAG Run:tutorial_taskflow_templates
[2024-11-28T14:22:17.499+0000] {logging_mixin.py:190} INFO - [2024-11-28T14:22:17.499+0000] {override.py:1911} INFO - Created Permission View: can create on DAG Run:tutorial_taskflow_templates
[2024-11-28T14:22:17.504+0000] {logging_mixin.py:190} INFO - [2024-11-28T14:22:17.504+0000] {override.py:1911} INFO - Created Permission View: menu access on DAG Run:tutorial_taskflow_templates
[2024-11-28T14:22:17.505+0000] {logging_mixin.py:190} INFO - [2024-11-28T14:22:17.504+0000] {dag.py:3239} INFO - Sync 1 DAGs
[2024-11-28T14:22:17.515+0000] {logging_mixin.py:190} INFO - [2024-11-28T14:22:17.515+0000] {dag.py:3262} INFO - Creating ORM DAG for tutorial_taskflow_templates
[2024-11-28T14:22:17.525+0000] {logging_mixin.py:190} INFO - [2024-11-28T14:22:17.525+0000] {dag.py:4180} INFO - Setting next_dagrun for tutorial_taskflow_templates to 2024-11-27 00:00:00+00:00, run_after=2024-11-28 00:00:00+00:00
[2024-11-28T14:22:17.539+0000] {processor.py:208} INFO - Processing /home/airflow/.local/lib/python3.12/site-packages/airflow/example_dags/tutorial_taskflow_templates.py took 0.204 seconds
[2024-11-28T14:22:48.240+0000] {processor.py:186} INFO - Started process (PID=181) to work on /home/airflow/.local/lib/python3.12/site-packages/airflow/example_dags/tutorial_taskflow_templates.py
[2024-11-28T14:22:48.241+0000] {processor.py:914} INFO - Processing file /home/airflow/.local/lib/python3.12/site-packages/airflow/example_dags/tutorial_taskflow_templates.py for tasks to queue
[2024-11-28T14:22:48.243+0000] {logging_mixin.py:190} INFO - [2024-11-28T14:22:48.243+0000] {dagbag.py:588} INFO - Filling up the DagBag from /home/airflow/.local/lib/python3.12/site-packages/airflow/example_dags/tutorial_taskflow_templates.py
[2024-11-28T14:22:48.254+0000] {processor.py:925} INFO - DAG(s) 'tutorial_taskflow_templates' retrieved from /home/airflow/.local/lib/python3.12/site-packages/airflow/example_dags/tutorial_taskflow_templates.py
[2024-11-28T14:22:48.268+0000] {logging_mixin.py:190} INFO - [2024-11-28T14:22:48.267+0000] {dag.py:3239} INFO - Sync 1 DAGs
[2024-11-28T14:22:48.289+0000] {logging_mixin.py:190} INFO - [2024-11-28T14:22:48.289+0000] {dag.py:4180} INFO - Setting next_dagrun for tutorial_taskflow_templates to 2024-11-27 00:00:00+00:00, run_after=2024-11-28 00:00:00+00:00
[2024-11-28T14:22:48.310+0000] {processor.py:208} INFO - Processing /home/airflow/.local/lib/python3.12/site-packages/airflow/example_dags/tutorial_taskflow_templates.py took 0.074 seconds
[2024-11-28T14:23:18.700+0000] {processor.py:186} INFO - Started process (PID=244) to work on /home/airflow/.local/lib/python3.12/site-packages/airflow/example_dags/tutorial_taskflow_templates.py
[2024-11-28T14:23:18.701+0000] {processor.py:914} INFO - Processing file /home/airflow/.local/lib/python3.12/site-packages/airflow/example_dags/tutorial_taskflow_templates.py for tasks to queue
[2024-11-28T14:23:18.706+0000] {logging_mixin.py:190} INFO - [2024-11-28T14:23:18.706+0000] {dagbag.py:588} INFO - Filling up the DagBag from /home/airflow/.local/lib/python3.12/site-packages/airflow/example_dags/tutorial_taskflow_templates.py
[2024-11-28T14:23:18.716+0000] {processor.py:925} INFO - DAG(s) 'tutorial_taskflow_templates' retrieved from /home/airflow/.local/lib/python3.12/site-packages/airflow/example_dags/tutorial_taskflow_templates.py
[2024-11-28T14:23:18.730+0000] {logging_mixin.py:190} INFO - [2024-11-28T14:23:18.730+0000] {dag.py:3239} INFO - Sync 1 DAGs
[2024-11-28T14:23:18.747+0000] {logging_mixin.py:190} INFO - [2024-11-28T14:23:18.747+0000] {dag.py:4180} INFO - Setting next_dagrun for tutorial_taskflow_templates to 2024-11-27 00:00:00+00:00, run_after=2024-11-28 00:00:00+00:00
[2024-11-28T14:23:18.759+0000] {processor.py:208} INFO - Processing /home/airflow/.local/lib/python3.12/site-packages/airflow/example_dags/tutorial_taskflow_templates.py took 0.064 seconds
[2024-11-28T14:23:49.190+0000] {processor.py:186} INFO - Started process (PID=307) to work on /home/airflow/.local/lib/python3.12/site-packages/airflow/example_dags/tutorial_taskflow_templates.py
[2024-11-28T14:23:49.191+0000] {processor.py:914} INFO - Processing file /home/airflow/.local/lib/python3.12/site-packages/airflow/example_dags/tutorial_taskflow_templates.py for tasks to queue
[2024-11-28T14:23:49.194+0000] {logging_mixin.py:190} INFO - [2024-11-28T14:23:49.194+0000] {dagbag.py:588} INFO - Filling up the DagBag from /home/airflow/.local/lib/python3.12/site-packages/airflow/example_dags/tutorial_taskflow_templates.py
[2024-11-28T14:23:49.204+0000] {processor.py:925} INFO - DAG(s) 'tutorial_taskflow_templates' retrieved from /home/airflow/.local/lib/python3.12/site-packages/airflow/example_dags/tutorial_taskflow_templates.py
[2024-11-28T14:23:49.219+0000] {logging_mixin.py:190} INFO - [2024-11-28T14:23:49.219+0000] {dag.py:3239} INFO - Sync 1 DAGs
[2024-11-28T14:23:49.238+0000] {logging_mixin.py:190} INFO - [2024-11-28T14:23:49.237+0000] {dag.py:4180} INFO - Setting next_dagrun for tutorial_taskflow_templates to 2024-11-27 00:00:00+00:00, run_after=2024-11-28 00:00:00+00:00
[2024-11-28T14:23:49.249+0000] {processor.py:208} INFO - Processing /home/airflow/.local/lib/python3.12/site-packages/airflow/example_dags/tutorial_taskflow_templates.py took 0.064 seconds
[2024-11-28T14:24:24.153+0000] {processor.py:186} INFO - Started process (PID=376) to work on /home/airflow/.local/lib/python3.12/site-packages/airflow/example_dags/tutorial_taskflow_templates.py
[2024-11-28T14:24:24.155+0000] {processor.py:914} INFO - Processing file /home/airflow/.local/lib/python3.12/site-packages/airflow/example_dags/tutorial_taskflow_templates.py for tasks to queue
[2024-11-28T14:24:24.159+0000] {logging_mixin.py:190} INFO - [2024-11-28T14:24:24.158+0000] {dagbag.py:588} INFO - Filling up the DagBag from /home/airflow/.local/lib/python3.12/site-packages/airflow/example_dags/tutorial_taskflow_templates.py
[2024-11-28T14:24:24.232+0000] {processor.py:925} INFO - DAG(s) 'tutorial_taskflow_templates' retrieved from /home/airflow/.local/lib/python3.12/site-packages/airflow/example_dags/tutorial_taskflow_templates.py
[2024-11-28T14:24:24.404+0000] {logging_mixin.py:190} INFO - [2024-11-28T14:24:24.403+0000] {dag.py:3239} INFO - Sync 1 DAGs
[2024-11-28T14:24:24.532+0000] {logging_mixin.py:190} INFO - [2024-11-28T14:24:24.531+0000] {dag.py:4180} INFO - Setting next_dagrun for tutorial_taskflow_templates to 2024-11-27 00:00:00+00:00, run_after=2024-11-28 00:00:00+00:00
[2024-11-28T14:24:24.635+0000] {processor.py:208} INFO - Processing /home/airflow/.local/lib/python3.12/site-packages/airflow/example_dags/tutorial_taskflow_templates.py took 0.506 seconds
[2024-11-28T14:24:55.394+0000] {processor.py:186} INFO - Started process (PID=439) to work on /home/airflow/.local/lib/python3.12/site-packages/airflow/example_dags/tutorial_taskflow_templates.py
[2024-11-28T14:24:55.396+0000] {processor.py:914} INFO - Processing file /home/airflow/.local/lib/python3.12/site-packages/airflow/example_dags/tutorial_taskflow_templates.py for tasks to queue
[2024-11-28T14:24:55.400+0000] {logging_mixin.py:190} INFO - [2024-11-28T14:24:55.400+0000] {dagbag.py:588} INFO - Filling up the DagBag from /home/airflow/.local/lib/python3.12/site-packages/airflow/example_dags/tutorial_taskflow_templates.py
[2024-11-28T14:24:55.415+0000] {processor.py:925} INFO - DAG(s) 'tutorial_taskflow_templates' retrieved from /home/airflow/.local/lib/python3.12/site-packages/airflow/example_dags/tutorial_taskflow_templates.py
[2024-11-28T14:24:55.437+0000] {logging_mixin.py:190} INFO - [2024-11-28T14:24:55.437+0000] {dag.py:3239} INFO - Sync 1 DAGs
[2024-11-28T14:24:55.459+0000] {logging_mixin.py:190} INFO - [2024-11-28T14:24:55.459+0000] {dag.py:4180} INFO - Setting next_dagrun for tutorial_taskflow_templates to 2024-11-27 00:00:00+00:00, run_after=2024-11-28 00:00:00+00:00
[2024-11-28T14:24:55.477+0000] {processor.py:208} INFO - Processing /home/airflow/.local/lib/python3.12/site-packages/airflow/example_dags/tutorial_taskflow_templates.py took 0.092 seconds
