[2024-11-28T14:22:15.623+0000] {processor.py:186} INFO - Started process (PID=103) to work on /home/airflow/.local/lib/python3.12/site-packages/airflow/example_dags/tutorial_objectstorage.py
[2024-11-28T14:22:15.628+0000] {processor.py:914} INFO - Processing file /home/airflow/.local/lib/python3.12/site-packages/airflow/example_dags/tutorial_objectstorage.py for tasks to queue
[2024-11-28T14:22:15.632+0000] {logging_mixin.py:190} INFO - [2024-11-28T14:22:15.632+0000] {dagbag.py:588} INFO - Filling up the DagBag from /home/airflow/.local/lib/python3.12/site-packages/airflow/example_dags/tutorial_objectstorage.py
[2024-11-28T14:22:15.647+0000] {processor.py:925} INFO - DAG(s) 'tutorial_objectstorage' retrieved from /home/airflow/.local/lib/python3.12/site-packages/airflow/example_dags/tutorial_objectstorage.py
[2024-11-28T14:22:15.740+0000] {logging_mixin.py:190} INFO - [2024-11-28T14:22:15.739+0000] {override.py:1911} INFO - Created Permission View: can delete on DAG:tutorial_objectstorage
[2024-11-28T14:22:15.748+0000] {logging_mixin.py:190} INFO - [2024-11-28T14:22:15.748+0000] {override.py:1911} INFO - Created Permission View: can read on DAG:tutorial_objectstorage
[2024-11-28T14:22:15.755+0000] {logging_mixin.py:190} INFO - [2024-11-28T14:22:15.755+0000] {override.py:1911} INFO - Created Permission View: can edit on DAG:tutorial_objectstorage
[2024-11-28T14:22:15.760+0000] {logging_mixin.py:190} INFO - [2024-11-28T14:22:15.759+0000] {override.py:1911} INFO - Created Permission View: can delete on DAG Run:tutorial_objectstorage
[2024-11-28T14:22:15.765+0000] {logging_mixin.py:190} INFO - [2024-11-28T14:22:15.765+0000] {override.py:1911} INFO - Created Permission View: can read on DAG Run:tutorial_objectstorage
[2024-11-28T14:22:15.770+0000] {logging_mixin.py:190} INFO - [2024-11-28T14:22:15.770+0000] {override.py:1911} INFO - Created Permission View: can create on DAG Run:tutorial_objectstorage
[2024-11-28T14:22:15.774+0000] {logging_mixin.py:190} INFO - [2024-11-28T14:22:15.774+0000] {override.py:1911} INFO - Created Permission View: menu access on DAG Run:tutorial_objectstorage
[2024-11-28T14:22:15.775+0000] {logging_mixin.py:190} INFO - [2024-11-28T14:22:15.775+0000] {dag.py:3239} INFO - Sync 1 DAGs
[2024-11-28T14:22:15.786+0000] {logging_mixin.py:190} INFO - [2024-11-28T14:22:15.786+0000] {dag.py:3262} INFO - Creating ORM DAG for tutorial_objectstorage
[2024-11-28T14:22:15.787+0000] {logging_mixin.py:190} INFO - [2024-11-28T14:22:15.787+0000] {dag.py:4180} INFO - Setting next_dagrun for tutorial_objectstorage to None, run_after=None
[2024-11-28T14:22:15.800+0000] {processor.py:208} INFO - Processing /home/airflow/.local/lib/python3.12/site-packages/airflow/example_dags/tutorial_objectstorage.py took 0.186 seconds
[2024-11-28T14:22:46.318+0000] {processor.py:186} INFO - Started process (PID=165) to work on /home/airflow/.local/lib/python3.12/site-packages/airflow/example_dags/tutorial_objectstorage.py
[2024-11-28T14:22:46.319+0000] {processor.py:914} INFO - Processing file /home/airflow/.local/lib/python3.12/site-packages/airflow/example_dags/tutorial_objectstorage.py for tasks to queue
[2024-11-28T14:22:46.321+0000] {logging_mixin.py:190} INFO - [2024-11-28T14:22:46.321+0000] {dagbag.py:588} INFO - Filling up the DagBag from /home/airflow/.local/lib/python3.12/site-packages/airflow/example_dags/tutorial_objectstorage.py
[2024-11-28T14:22:46.330+0000] {processor.py:925} INFO - DAG(s) 'tutorial_objectstorage' retrieved from /home/airflow/.local/lib/python3.12/site-packages/airflow/example_dags/tutorial_objectstorage.py
[2024-11-28T14:22:46.345+0000] {logging_mixin.py:190} INFO - [2024-11-28T14:22:46.344+0000] {dag.py:3239} INFO - Sync 1 DAGs
[2024-11-28T14:22:46.356+0000] {logging_mixin.py:190} INFO - [2024-11-28T14:22:46.356+0000] {dag.py:4180} INFO - Setting next_dagrun for tutorial_objectstorage to None, run_after=None
[2024-11-28T14:22:46.373+0000] {processor.py:208} INFO - Processing /home/airflow/.local/lib/python3.12/site-packages/airflow/example_dags/tutorial_objectstorage.py took 0.060 seconds
[2024-11-28T14:23:16.645+0000] {processor.py:186} INFO - Started process (PID=228) to work on /home/airflow/.local/lib/python3.12/site-packages/airflow/example_dags/tutorial_objectstorage.py
[2024-11-28T14:23:16.648+0000] {processor.py:914} INFO - Processing file /home/airflow/.local/lib/python3.12/site-packages/airflow/example_dags/tutorial_objectstorage.py for tasks to queue
[2024-11-28T14:23:16.656+0000] {logging_mixin.py:190} INFO - [2024-11-28T14:23:16.654+0000] {dagbag.py:588} INFO - Filling up the DagBag from /home/airflow/.local/lib/python3.12/site-packages/airflow/example_dags/tutorial_objectstorage.py
[2024-11-28T14:23:16.694+0000] {processor.py:925} INFO - DAG(s) 'tutorial_objectstorage' retrieved from /home/airflow/.local/lib/python3.12/site-packages/airflow/example_dags/tutorial_objectstorage.py
[2024-11-28T14:23:16.740+0000] {logging_mixin.py:190} INFO - [2024-11-28T14:23:16.739+0000] {dag.py:3239} INFO - Sync 1 DAGs
[2024-11-28T14:23:16.766+0000] {logging_mixin.py:190} INFO - [2024-11-28T14:23:16.765+0000] {dag.py:4180} INFO - Setting next_dagrun for tutorial_objectstorage to None, run_after=None
[2024-11-28T14:23:16.864+0000] {processor.py:208} INFO - Processing /home/airflow/.local/lib/python3.12/site-packages/airflow/example_dags/tutorial_objectstorage.py took 0.241 seconds
[2024-11-28T14:23:48.167+0000] {processor.py:186} INFO - Started process (PID=291) to work on /home/airflow/.local/lib/python3.12/site-packages/airflow/example_dags/tutorial_objectstorage.py
[2024-11-28T14:23:48.169+0000] {processor.py:914} INFO - Processing file /home/airflow/.local/lib/python3.12/site-packages/airflow/example_dags/tutorial_objectstorage.py for tasks to queue
[2024-11-28T14:23:48.173+0000] {logging_mixin.py:190} INFO - [2024-11-28T14:23:48.172+0000] {dagbag.py:588} INFO - Filling up the DagBag from /home/airflow/.local/lib/python3.12/site-packages/airflow/example_dags/tutorial_objectstorage.py
[2024-11-28T14:23:48.183+0000] {processor.py:925} INFO - DAG(s) 'tutorial_objectstorage' retrieved from /home/airflow/.local/lib/python3.12/site-packages/airflow/example_dags/tutorial_objectstorage.py
[2024-11-28T14:23:48.201+0000] {logging_mixin.py:190} INFO - [2024-11-28T14:23:48.201+0000] {dag.py:3239} INFO - Sync 1 DAGs
[2024-11-28T14:23:48.212+0000] {logging_mixin.py:190} INFO - [2024-11-28T14:23:48.212+0000] {dag.py:4180} INFO - Setting next_dagrun for tutorial_objectstorage to None, run_after=None
[2024-11-28T14:23:48.226+0000] {processor.py:208} INFO - Processing /home/airflow/.local/lib/python3.12/site-packages/airflow/example_dags/tutorial_objectstorage.py took 0.064 seconds
[2024-11-28T14:24:21.162+0000] {processor.py:186} INFO - Started process (PID=354) to work on /home/airflow/.local/lib/python3.12/site-packages/airflow/example_dags/tutorial_objectstorage.py
[2024-11-28T14:24:21.165+0000] {processor.py:914} INFO - Processing file /home/airflow/.local/lib/python3.12/site-packages/airflow/example_dags/tutorial_objectstorage.py for tasks to queue
[2024-11-28T14:24:21.170+0000] {logging_mixin.py:190} INFO - [2024-11-28T14:24:21.169+0000] {dagbag.py:588} INFO - Filling up the DagBag from /home/airflow/.local/lib/python3.12/site-packages/airflow/example_dags/tutorial_objectstorage.py
[2024-11-28T14:24:21.183+0000] {processor.py:925} INFO - DAG(s) 'tutorial_objectstorage' retrieved from /home/airflow/.local/lib/python3.12/site-packages/airflow/example_dags/tutorial_objectstorage.py
[2024-11-28T14:24:21.209+0000] {logging_mixin.py:190} INFO - [2024-11-28T14:24:21.209+0000] {dag.py:3239} INFO - Sync 1 DAGs
[2024-11-28T14:24:21.245+0000] {logging_mixin.py:190} INFO - [2024-11-28T14:24:21.244+0000] {dag.py:4180} INFO - Setting next_dagrun for tutorial_objectstorage to None, run_after=None
[2024-11-28T14:24:21.281+0000] {processor.py:208} INFO - Processing /home/airflow/.local/lib/python3.12/site-packages/airflow/example_dags/tutorial_objectstorage.py took 0.128 seconds
[2024-11-28T14:24:53.187+0000] {processor.py:186} INFO - Started process (PID=417) to work on /home/airflow/.local/lib/python3.12/site-packages/airflow/example_dags/tutorial_objectstorage.py
[2024-11-28T14:24:53.188+0000] {processor.py:914} INFO - Processing file /home/airflow/.local/lib/python3.12/site-packages/airflow/example_dags/tutorial_objectstorage.py for tasks to queue
[2024-11-28T14:24:53.190+0000] {logging_mixin.py:190} INFO - [2024-11-28T14:24:53.190+0000] {dagbag.py:588} INFO - Filling up the DagBag from /home/airflow/.local/lib/python3.12/site-packages/airflow/example_dags/tutorial_objectstorage.py
[2024-11-28T14:24:53.199+0000] {processor.py:925} INFO - DAG(s) 'tutorial_objectstorage' retrieved from /home/airflow/.local/lib/python3.12/site-packages/airflow/example_dags/tutorial_objectstorage.py
[2024-11-28T14:24:53.215+0000] {logging_mixin.py:190} INFO - [2024-11-28T14:24:53.215+0000] {dag.py:3239} INFO - Sync 1 DAGs
[2024-11-28T14:24:53.229+0000] {logging_mixin.py:190} INFO - [2024-11-28T14:24:53.229+0000] {dag.py:4180} INFO - Setting next_dagrun for tutorial_objectstorage to None, run_after=None
[2024-11-28T14:24:53.250+0000] {processor.py:208} INFO - Processing /home/airflow/.local/lib/python3.12/site-packages/airflow/example_dags/tutorial_objectstorage.py took 0.068 seconds
