[2024-11-28T14:22:15.096+0000] {processor.py:186} INFO - Started process (PID=98) to work on /home/airflow/.local/lib/python3.12/site-packages/airflow/example_dags/tutorial_dag.py
[2024-11-28T14:22:15.096+0000] {processor.py:914} INFO - Processing file /home/airflow/.local/lib/python3.12/site-packages/airflow/example_dags/tutorial_dag.py for tasks to queue
[2024-11-28T14:22:15.098+0000] {logging_mixin.py:190} INFO - [2024-11-28T14:22:15.098+0000] {dagbag.py:588} INFO - Filling up the DagBag from /home/airflow/.local/lib/python3.12/site-packages/airflow/example_dags/tutorial_dag.py
[2024-11-28T14:22:15.105+0000] {processor.py:925} INFO - DAG(s) 'tutorial_dag' retrieved from /home/airflow/.local/lib/python3.12/site-packages/airflow/example_dags/tutorial_dag.py
[2024-11-28T14:22:15.182+0000] {logging_mixin.py:190} INFO - [2024-11-28T14:22:15.181+0000] {override.py:1911} INFO - Created Permission View: can delete on DAG:tutorial_dag
[2024-11-28T14:22:15.189+0000] {logging_mixin.py:190} INFO - [2024-11-28T14:22:15.188+0000] {override.py:1911} INFO - Created Permission View: can read on DAG:tutorial_dag
[2024-11-28T14:22:15.194+0000] {logging_mixin.py:190} INFO - [2024-11-28T14:22:15.194+0000] {override.py:1911} INFO - Created Permission View: can edit on DAG:tutorial_dag
[2024-11-28T14:22:15.199+0000] {logging_mixin.py:190} INFO - [2024-11-28T14:22:15.199+0000] {override.py:1911} INFO - Created Permission View: can delete on DAG Run:tutorial_dag
[2024-11-28T14:22:15.204+0000] {logging_mixin.py:190} INFO - [2024-11-28T14:22:15.203+0000] {override.py:1911} INFO - Created Permission View: can read on DAG Run:tutorial_dag
[2024-11-28T14:22:15.207+0000] {logging_mixin.py:190} INFO - [2024-11-28T14:22:15.207+0000] {override.py:1911} INFO - Created Permission View: can create on DAG Run:tutorial_dag
[2024-11-28T14:22:15.212+0000] {logging_mixin.py:190} INFO - [2024-11-28T14:22:15.212+0000] {override.py:1911} INFO - Created Permission View: menu access on DAG Run:tutorial_dag
[2024-11-28T14:22:15.212+0000] {logging_mixin.py:190} INFO - [2024-11-28T14:22:15.212+0000] {dag.py:3239} INFO - Sync 1 DAGs
[2024-11-28T14:22:15.223+0000] {logging_mixin.py:190} INFO - [2024-11-28T14:22:15.223+0000] {dag.py:3262} INFO - Creating ORM DAG for tutorial_dag
[2024-11-28T14:22:15.224+0000] {logging_mixin.py:190} INFO - [2024-11-28T14:22:15.224+0000] {dag.py:4180} INFO - Setting next_dagrun for tutorial_dag to None, run_after=None
[2024-11-28T14:22:15.236+0000] {processor.py:208} INFO - Processing /home/airflow/.local/lib/python3.12/site-packages/airflow/example_dags/tutorial_dag.py took 0.145 seconds
[2024-11-28T14:22:45.865+0000] {processor.py:186} INFO - Started process (PID=160) to work on /home/airflow/.local/lib/python3.12/site-packages/airflow/example_dags/tutorial_dag.py
[2024-11-28T14:22:45.866+0000] {processor.py:914} INFO - Processing file /home/airflow/.local/lib/python3.12/site-packages/airflow/example_dags/tutorial_dag.py for tasks to queue
[2024-11-28T14:22:45.867+0000] {logging_mixin.py:190} INFO - [2024-11-28T14:22:45.867+0000] {dagbag.py:588} INFO - Filling up the DagBag from /home/airflow/.local/lib/python3.12/site-packages/airflow/example_dags/tutorial_dag.py
[2024-11-28T14:22:45.874+0000] {processor.py:925} INFO - DAG(s) 'tutorial_dag' retrieved from /home/airflow/.local/lib/python3.12/site-packages/airflow/example_dags/tutorial_dag.py
[2024-11-28T14:22:45.889+0000] {logging_mixin.py:190} INFO - [2024-11-28T14:22:45.889+0000] {dag.py:3239} INFO - Sync 1 DAGs
[2024-11-28T14:22:45.900+0000] {logging_mixin.py:190} INFO - [2024-11-28T14:22:45.900+0000] {dag.py:4180} INFO - Setting next_dagrun for tutorial_dag to None, run_after=None
[2024-11-28T14:22:45.912+0000] {processor.py:208} INFO - Processing /home/airflow/.local/lib/python3.12/site-packages/airflow/example_dags/tutorial_dag.py took 0.053 seconds
[2024-11-28T14:23:16.138+0000] {processor.py:186} INFO - Started process (PID=222) to work on /home/airflow/.local/lib/python3.12/site-packages/airflow/example_dags/tutorial_dag.py
[2024-11-28T14:23:16.141+0000] {processor.py:914} INFO - Processing file /home/airflow/.local/lib/python3.12/site-packages/airflow/example_dags/tutorial_dag.py for tasks to queue
[2024-11-28T14:23:16.144+0000] {logging_mixin.py:190} INFO - [2024-11-28T14:23:16.143+0000] {dagbag.py:588} INFO - Filling up the DagBag from /home/airflow/.local/lib/python3.12/site-packages/airflow/example_dags/tutorial_dag.py
[2024-11-28T14:23:16.150+0000] {processor.py:925} INFO - DAG(s) 'tutorial_dag' retrieved from /home/airflow/.local/lib/python3.12/site-packages/airflow/example_dags/tutorial_dag.py
[2024-11-28T14:23:16.167+0000] {logging_mixin.py:190} INFO - [2024-11-28T14:23:16.167+0000] {dag.py:3239} INFO - Sync 1 DAGs
[2024-11-28T14:23:16.178+0000] {logging_mixin.py:190} INFO - [2024-11-28T14:23:16.178+0000] {dag.py:4180} INFO - Setting next_dagrun for tutorial_dag to None, run_after=None
[2024-11-28T14:23:16.192+0000] {processor.py:208} INFO - Processing /home/airflow/.local/lib/python3.12/site-packages/airflow/example_dags/tutorial_dag.py took 0.059 seconds
[2024-11-28T14:23:47.786+0000] {processor.py:186} INFO - Started process (PID=285) to work on /home/airflow/.local/lib/python3.12/site-packages/airflow/example_dags/tutorial_dag.py
[2024-11-28T14:23:47.788+0000] {processor.py:914} INFO - Processing file /home/airflow/.local/lib/python3.12/site-packages/airflow/example_dags/tutorial_dag.py for tasks to queue
[2024-11-28T14:23:47.795+0000] {logging_mixin.py:190} INFO - [2024-11-28T14:23:47.794+0000] {dagbag.py:588} INFO - Filling up the DagBag from /home/airflow/.local/lib/python3.12/site-packages/airflow/example_dags/tutorial_dag.py
[2024-11-28T14:23:47.805+0000] {processor.py:925} INFO - DAG(s) 'tutorial_dag' retrieved from /home/airflow/.local/lib/python3.12/site-packages/airflow/example_dags/tutorial_dag.py
[2024-11-28T14:23:47.829+0000] {logging_mixin.py:190} INFO - [2024-11-28T14:23:47.828+0000] {dag.py:3239} INFO - Sync 1 DAGs
[2024-11-28T14:23:47.847+0000] {logging_mixin.py:190} INFO - [2024-11-28T14:23:47.846+0000] {dag.py:4180} INFO - Setting next_dagrun for tutorial_dag to None, run_after=None
[2024-11-28T14:23:47.881+0000] {processor.py:208} INFO - Processing /home/airflow/.local/lib/python3.12/site-packages/airflow/example_dags/tutorial_dag.py took 0.108 seconds
[2024-11-28T14:24:20.211+0000] {processor.py:186} INFO - Started process (PID=349) to work on /home/airflow/.local/lib/python3.12/site-packages/airflow/example_dags/tutorial_dag.py
[2024-11-28T14:24:20.213+0000] {processor.py:914} INFO - Processing file /home/airflow/.local/lib/python3.12/site-packages/airflow/example_dags/tutorial_dag.py for tasks to queue
[2024-11-28T14:24:20.216+0000] {logging_mixin.py:190} INFO - [2024-11-28T14:24:20.216+0000] {dagbag.py:588} INFO - Filling up the DagBag from /home/airflow/.local/lib/python3.12/site-packages/airflow/example_dags/tutorial_dag.py
[2024-11-28T14:24:20.231+0000] {processor.py:925} INFO - DAG(s) 'tutorial_dag' retrieved from /home/airflow/.local/lib/python3.12/site-packages/airflow/example_dags/tutorial_dag.py
[2024-11-28T14:24:20.299+0000] {logging_mixin.py:190} INFO - [2024-11-28T14:24:20.299+0000] {dag.py:3239} INFO - Sync 1 DAGs
[2024-11-28T14:24:20.324+0000] {logging_mixin.py:190} INFO - [2024-11-28T14:24:20.323+0000] {dag.py:4180} INFO - Setting next_dagrun for tutorial_dag to None, run_after=None
[2024-11-28T14:24:20.362+0000] {processor.py:208} INFO - Processing /home/airflow/.local/lib/python3.12/site-packages/airflow/example_dags/tutorial_dag.py took 0.160 seconds
[2024-11-28T14:24:52.488+0000] {processor.py:186} INFO - Started process (PID=412) to work on /home/airflow/.local/lib/python3.12/site-packages/airflow/example_dags/tutorial_dag.py
[2024-11-28T14:24:52.490+0000] {processor.py:914} INFO - Processing file /home/airflow/.local/lib/python3.12/site-packages/airflow/example_dags/tutorial_dag.py for tasks to queue
[2024-11-28T14:24:52.493+0000] {logging_mixin.py:190} INFO - [2024-11-28T14:24:52.492+0000] {dagbag.py:588} INFO - Filling up the DagBag from /home/airflow/.local/lib/python3.12/site-packages/airflow/example_dags/tutorial_dag.py
[2024-11-28T14:24:52.505+0000] {processor.py:925} INFO - DAG(s) 'tutorial_dag' retrieved from /home/airflow/.local/lib/python3.12/site-packages/airflow/example_dags/tutorial_dag.py
[2024-11-28T14:24:52.537+0000] {logging_mixin.py:190} INFO - [2024-11-28T14:24:52.537+0000] {dag.py:3239} INFO - Sync 1 DAGs
[2024-11-28T14:24:52.560+0000] {logging_mixin.py:190} INFO - [2024-11-28T14:24:52.559+0000] {dag.py:4180} INFO - Setting next_dagrun for tutorial_dag to None, run_after=None
[2024-11-28T14:24:52.594+0000] {processor.py:208} INFO - Processing /home/airflow/.local/lib/python3.12/site-packages/airflow/example_dags/tutorial_dag.py took 0.120 seconds
